#
# There is insufficient memory for the Java Runtime Environment to continue.
# Native memory allocation (malloc) failed to allocate 635632 bytes for Chunk::new
# Possible reasons:
#   The system is out of physical RAM or swap space
#   In 32 bit mode, the process size limit was hit
# Possible solutions:
#   Reduce memory load on the system
#   Increase physical memory or swap space
#   Check if swap backing store is full
#   Use 64 bit Java on a 64 bit OS
#   Decrease Java heap size (-Xmx/-Xms)
#   Decrease number of Java threads
#   Decrease Java thread stack sizes (-Xss)
#   Set larger code cache with -XX:ReservedCodeCacheSize=
# This output file may be truncated or incomplete.
#
#  Out of Memory Error (allocation.cpp:389), pid=7124, tid=0x000008c4
#
# JRE version: OpenJDK Runtime Environment (8.0_212-b04) (build 1.8.0_212-release-1586-b04)
# Java VM: OpenJDK Server VM (25.212-b04 mixed mode windows-x86 )
# Failed to write core dump. Minidumps are not enabled by default on client versions of Windows
#

---------------  T H R E A D  ---------------

Current thread (0x538aa400):  JavaThread "C2 CompilerThread0" daemon [_thread_in_native, id=2244, stack(0x53c10000,0x53c60000)]

Stack: [0x53c10000,0x53c60000],  sp=0x53c5dcd8,  free space=311k
Native frames: (J=compiled Java code, j=interpreted, Vv=VM code, C=native code)
V  [jvm.dll+0x1a67db]
V  [jvm.dll+0x19ed58]
V  [jvm.dll+0x7d871]
V  [jvm.dll+0x7dd77]
V  [jvm.dll+0x95314]
V  [jvm.dll+0x309330]
V  [jvm.dll+0x340888]
V  [jvm.dll+0x2fac25]
V  [jvm.dll+0x300026]
V  [jvm.dll+0x300875]
V  [jvm.dll+0x2ea216]
V  [jvm.dll+0x60e47]
V  [jvm.dll+0x615ef]
V  [jvm.dll+0x177ab0]
V  [jvm.dll+0x1782eb]
V  [jvm.dll+0x1b8e46]
C  [msvcr100.dll+0x5c556]
C  [msvcr100.dll+0x5c600]
C  [KERNEL32.DLL+0x223d9]
C  [ntdll.dll+0x5e6cb]
C  [ntdll.dll+0x5e69f]
C  0x00000000


Current CompileTask:
C2:   9441 2364       4       java.net.URLClassLoader$1::run (5 bytes)


---------------  P R O C E S S  ---------------

Java Threads: ( => current thread )
  0x54d52c00 JavaThread "Cache worker for execution history cache (C:\Users\TOSHIBA\.gradle\caches\5.6.4\executionHistory)" [_thread_blocked, id=6668, stack(0x58370000,0x583c0000)]
  0x54d52400 JavaThread "Cache worker for cache directory md-rule (C:\Users\TOSHIBA\.gradle\caches\5.6.4\md-rule)" [_thread_blocked, id=2480, stack(0x58320000,0x58370000)]
  0x54d52000 JavaThread "Cache worker for cache directory md-supplier (C:\Users\TOSHIBA\.gradle\caches\5.6.4\md-supplier)" [_thread_blocked, id=1420, stack(0x582d0000,0x58320000)]
  0x54d50400 JavaThread "Cache worker for file hash cache (C:\Users\TOSHIBA\AndroidStudioProjects\TaguigHealthConsult\.gradle\5.6.4\fileHashes)" [_thread_blocked, id=728, stack(0x57980000,0x579d0000)]
  0x54d53c00 JavaThread "Cache worker for journal cache (C:\Users\TOSHIBA\.gradle\caches\journal-1)" [_thread_blocked, id=6376, stack(0x56760000,0x567b0000)]
  0x54d51000 JavaThread "File lock request listener" [_thread_in_native, id=5456, stack(0x56710000,0x56760000)]
  0x54d51800 JavaThread "Cache worker for file hash cache (C:\Users\TOSHIBA\.gradle\caches\5.6.4\fileHashes)" [_thread_blocked, id=7912, stack(0x566c0000,0x56710000)]
  0x553a2800 JavaThread "Thread-9" [_thread_blocked, id=6108, stack(0x56470000,0x564c0000)]
  0x553a8000 JavaThread "Stdin handler" [_thread_blocked, id=5976, stack(0x56420000,0x56470000)]
  0x553a7800 JavaThread "Asynchronous log dispatcher for DefaultDaemonConnection: socket connection from /127.0.0.1:52653 to /127.0.0.1:52654" [_thread_blocked, id=3256, stack(0x563d0000,0x56420000)]
  0x553a6400 JavaThread "Daemon worker" [_thread_blocked, id=3304, stack(0x56380000,0x563d0000)]
  0x553c6c00 JavaThread "Cancel handler" [_thread_blocked, id=2432, stack(0x56330000,0x56380000)]
  0x5538c400 JavaThread "Handler for socket connection from /127.0.0.1:52653 to /127.0.0.1:52654" [_thread_in_native, id=5460, stack(0x562e0000,0x56330000)]
  0x5538bc00 JavaThread "Daemon" [_thread_blocked, id=6396, stack(0x56290000,0x562e0000)]
  0x5533c400 JavaThread "Daemon periodic checks" [_thread_blocked, id=7268, stack(0x56140000,0x56190000)]
  0x5533c000 JavaThread "Incoming local TCP Connector on port 52653" [_thread_in_native, id=6176, stack(0x55fb0000,0x56000000)]
  0x552da400 JavaThread "Daemon health stats" [_thread_blocked, id=3504, stack(0x55b20000,0x55b70000)]
  0x53905000 JavaThread "Service Thread" daemon [_thread_blocked, id=6208, stack(0x53cb0000,0x53d00000)]
  0x538af000 JavaThread "C1 CompilerThread1" daemon [_thread_blocked, id=7428, stack(0x53c60000,0x53cb0000)]
=>0x538aa400 JavaThread "C2 CompilerThread0" daemon [_thread_in_native, id=2244, stack(0x53c10000,0x53c60000)]
  0x538a6c00 JavaThread "Attach Listener" daemon [_thread_blocked, id=7952, stack(0x53bc0000,0x53c10000)]
  0x538a5c00 JavaThread "Signal Dispatcher" daemon [_thread_blocked, id=7056, stack(0x53b70000,0x53bc0000)]
  0x53896800 JavaThread "Finalizer" daemon [_thread_blocked, id=1364, stack(0x53a20000,0x53a70000)]
  0x5388fc00 JavaThread "Reference Handler" daemon [_thread_blocked, id=7496, stack(0x539d0000,0x53a20000)]
  0x0182c400 JavaThread "main" [_thread_blocked, id=5796, stack(0x00730000,0x00780000)]

Other Threads:
  0x5387a000 VMThread [stack: 0x017a0000,0x017f0000] [id=3028]
  0x53906400 WatcherThread [stack: 0x53d00000,0x53d50000] [id=6936]

VM state:at safepoint (normal execution)

VM Mutex/Monitor currently owned by a thread:  ([mutex/lock_event])
[0x0182a818] Threads_lock - owner thread: 0x5387a000
[0x0182bb88] Heap_lock - owner thread: 0x553a6400

Heap:
 PSYoungGen      total 110848K, used 102912K [0x3b6c0000, 0x42bc0000, 0x50c00000)
  eden space 102912K, 100% used [0x3b6c0000,0x41b40000,0x41b40000)
  from space 7936K, 0% used [0x42400000,0x42400000,0x42bc0000)
  to   space 8448K, 16% used [0x41b40000,0x41ca3bc0,0x42380000)
 ParOldGen       total 21504K, used 7852K [0x10c00000, 0x12100000, 0x3b6c0000)
  object space 21504K, 36% used [0x10c00000,0x113ab128,0x12100000)
 Metaspace       used 21368K, capacity 21716K, committed 21760K, reserved 21888K

Card table byte_map: [0x50c00000,0x50e10000] byte_map_base: 0x50b7a000

Marking Bits: (ParMarkBitMap*) 0x79778620
 Begin Bits: [0x50f70000, 0x51f70000)
 End Bits:   [0x51f70000, 0x52f70000)

Polling page: 0x00690000

CodeCache: size=245760Kb used=7339Kb max_used=7339Kb free=238421Kb
 bounds [0x01830000, 0x01f60000, 0x10830000]
 total_blobs=2828 nmethods=2376 adapters=366
 compilation: enabled

Compilation events (10 events):
Event: 9.363 Thread 0x538af000 2379       3       org.objectweb.asm.ClassWriter::visitField (53 bytes)
Event: 9.363 Thread 0x538af000 nmethod 2379 0x01f58648 code [0x01f58760, 0x01f5894c]
Event: 9.363 Thread 0x538af000 2380       3       org.objectweb.asm.FieldVisitor::<init> (7 bytes)
Event: 9.363 Thread 0x538af000 nmethod 2380 0x01f4fa88 code [0x01f4fba0, 0x01f4fc8c]
Event: 9.364 Thread 0x538af000 2381       3       org.objectweb.asm.MethodWriter::visitJumpInsn (495 bytes)
Event: 9.367 Thread 0x538af000 nmethod 2381 0x01f58a48 code [0x01f58d20, 0x01f59fc8]
Event: 9.370 Thread 0x538af000 2382       3       org.objectweb.asm.FieldWriter::computeFieldInfoSize (86 bytes)
Event: 9.371 Thread 0x538af000 nmethod 2382 0x01f5ab88 code [0x01f5ace0, 0x01f5b0d0]
Event: 9.371 Thread 0x538af000 2383       3       org.objectweb.asm.FieldWriter::putFieldInfo (269 bytes)
Event: 9.372 Thread 0x538af000 nmethod 2383 0x01f5b248 code [0x01f5b440, 0x01f5bde4]

GC Heap History (10 events):
Event: 4.299 GC heap before
{Heap before GC invocations=7 (full 0):
 PSYoungGen      total 35584K, used 35105K [0x3b6c0000, 0x3dc40000, 0x50c00000)
  eden space 32768K, 100% used [0x3b6c0000,0x3d6c0000,0x3d6c0000)
  from space 2816K, 83% used [0x3d980000,0x3dbc8708,0x3dc40000)
  to   space 2816K, 0% used [0x3d6c0000,0x3d6c0000,0x3d980000)
 ParOldGen       total 22016K, used 2712K [0x10c00000, 0x12180000, 0x3b6c0000)
  object space 22016K, 12% used [0x10c00000,0x10ea6110,0x12180000)
 Metaspace       used 8382K, capacity 8667K, committed 8704K, reserved 9600K
Event: 4.317 GC heap after
Heap after GC invocations=7 (full 0):
 PSYoungGen      total 35584K, used 2810K [0x3b6c0000, 0x3ffc0000, 0x50c00000)
  eden space 32768K, 0% used [0x3b6c0000,0x3b6c0000,0x3d6c0000)
  from space 2816K, 99% used [0x3d6c0000,0x3d97eb38,0x3d980000)
  to   space 4608K, 0% used [0x3fb40000,0x3fb40000,0x3ffc0000)
 ParOldGen       total 22016K, used 5443K [0x10c00000, 0x12180000, 0x3b6c0000)
  object space 22016K, 24% used [0x10c00000,0x11150cb8,0x12180000)
 Metaspace       used 8382K, capacity 8667K, committed 8704K, reserved 9600K
}
Event: 5.040 GC heap before
{Heap before GC invocations=8 (full 0):
 PSYoungGen      total 35584K, used 35578K [0x3b6c0000, 0x3ffc0000, 0x50c00000)
  eden space 32768K, 100% used [0x3b6c0000,0x3d6c0000,0x3d6c0000)
  from space 2816K, 99% used [0x3d6c0000,0x3d97eb38,0x3d980000)
  to   space 4608K, 0% used [0x3fb40000,0x3fb40000,0x3ffc0000)
 ParOldGen       total 22016K, used 5443K [0x10c00000, 0x12180000, 0x3b6c0000)
  object space 22016K, 24% used [0x10c00000,0x11150cb8,0x12180000)
 Metaspace       used 9965K, capacity 10250K, committed 10368K, reserved 10624K
Event: 5.070 GC heap after
Heap after GC invocations=8 (full 0):
 PSYoungGen      total 68864K, used 4606K [0x3b6c0000, 0x40240000, 0x50c00000)
  eden space 64256K, 0% used [0x3b6c0000,0x3b6c0000,0x3f580000)
  from space 4608K, 99% used [0x3fb40000,0x3ffbf888,0x3ffc0000)
  to   space 5888K, 0% used [0x3f580000,0x3f580000,0x3fb40000)
 ParOldGen       total 22016K, used 6456K [0x10c00000, 0x12180000, 0x3b6c0000)
  object space 22016K, 29% used [0x10c00000,0x1124e2e8,0x12180000)
 Metaspace       used 9965K, capacity 10250K, committed 10368K, reserved 10624K
}
Event: 6.884 GC heap before
{Heap before GC invocations=9 (full 0):
 PSYoungGen      total 68864K, used 68862K [0x3b6c0000, 0x40240000, 0x50c00000)
  eden space 64256K, 100% used [0x3b6c0000,0x3f580000,0x3f580000)
  from space 4608K, 99% used [0x3fb40000,0x3ffbf888,0x3ffc0000)
  to   space 5888K, 0% used [0x3f580000,0x3f580000,0x3fb40000)
 ParOldGen       total 22016K, used 6456K [0x10c00000, 0x12180000, 0x3b6c0000)
  object space 22016K, 29% used [0x10c00000,0x1124e2e8,0x12180000)
 Metaspace       used 15967K, capacity 16272K, committed 16384K, reserved 16768K
Event: 6.918 GC heap after
Heap after GC invocations=9 (full 0):
 PSYoungGen      total 70144K, used 5879K [0x3b6c0000, 0x42cc0000, 0x50c00000)
  eden space 64256K, 0% used [0x3b6c0000,0x3b6c0000,0x3f580000)
  from space 5888K, 99% used [0x3f580000,0x3fb3dd98,0x3fb40000)
  to   space 8960K, 0% used [0x42400000,0x42400000,0x42cc0000)
 ParOldGen       total 22016K, used 12199K [0x10c00000, 0x12180000, 0x3b6c0000)
  object space 22016K, 55% used [0x10c00000,0x117e9d10,0x12180000)
 Metaspace       used 15967K, capacity 16272K, committed 16384K, reserved 16768K
}
Event: 6.963 GC heap before
{Heap before GC invocations=10 (full 0):
 PSYoungGen      total 70144K, used 8056K [0x3b6c0000, 0x42cc0000, 0x50c00000)
  eden space 64256K, 3% used [0x3b6c0000,0x3b8e04c8,0x3f580000)
  from space 5888K, 99% used [0x3f580000,0x3fb3dd98,0x3fb40000)
  to   space 8960K, 0% used [0x42400000,0x42400000,0x42cc0000)
 ParOldGen       total 22016K, used 12199K [0x10c00000, 0x12180000, 0x3b6c0000)
  object space 22016K, 55% used [0x10c00000,0x117e9d10,0x12180000)
 Metaspace       used 16094K, capacity 16368K, committed 16384K, reserved 16768K
Event: 6.982 GC heap after
Heap after GC invocations=10 (full 0):
 PSYoungGen      total 110848K, used 3593K [0x3b6c0000, 0x42bc0000, 0x50c00000)
  eden space 102912K, 0% used [0x3b6c0000,0x3b6c0000,0x41b40000)
  from space 7936K, 45% used [0x42400000,0x427827c8,0x42bc0000)
  to   space 8448K, 0% used [0x41b40000,0x41b40000,0x42380000)
 ParOldGen       total 22016K, used 14287K [0x10c00000, 0x12180000, 0x3b6c0000)
  object space 22016K, 64% used [0x10c00000,0x119f3e98,0x12180000)
 Metaspace       used 16094K, capacity 16368K, committed 16384K, reserved 16768K
}
Event: 6.982 GC heap before
{Heap before GC invocations=11 (full 1):
 PSYoungGen      total 110848K, used 3593K [0x3b6c0000, 0x42bc0000, 0x50c00000)
  eden space 102912K, 0% used [0x3b6c0000,0x3b6c0000,0x41b40000)
  from space 7936K, 45% used [0x42400000,0x427827c8,0x42bc0000)
  to   space 8448K, 0% used [0x41b40000,0x41b40000,0x42380000)
 ParOldGen       total 22016K, used 14287K [0x10c00000, 0x12180000, 0x3b6c0000)
  object space 22016K, 64% used [0x10c00000,0x119f3e98,0x12180000)
 Metaspace       used 16094K, capacity 16368K, committed 16384K, reserved 16768K
Event: 7.087 GC heap after
Heap after GC invocations=11 (full 1):
 PSYoungGen      total 110848K, used 0K [0x3b6c0000, 0x42bc0000, 0x50c00000)
  eden space 102912K, 0% used [0x3b6c0000,0x3b6c0000,0x41b40000)
  from space 7936K, 0% used [0x42400000,0x42400000,0x42bc0000)
  to   space 8448K, 0% used [0x41b40000,0x41b40000,0x42380000)
 ParOldGen       total 21504K, used 7852K [0x10c00000, 0x12100000, 0x3b6c0000)
  object space 21504K, 36% used [0x10c00000,0x113ab128,0x12100000)
 Metaspace       used 16094K, capacity 16368K, committed 16384K, reserved 16768K
}

Deoptimization events (10 events):
Event: 7.266 Thread 0x553a6400 Uncommon trap: reason=unstable_if action=reinterpret pc=0x01ca5f58 method=java.lang.ClassLoader.getClassLoadingLock(Ljava/lang/String;)Ljava/lang/Object; @ 6
Event: 7.317 Thread 0x553a6400 Uncommon trap: reason=class_check action=maybe_recompile pc=0x01cf6a80 method=sun.misc.URLClassPath.getLoader(I)Lsun/misc/URLClassPath$Loader; @ 239
Event: 7.352 Thread 0x553a6400 Uncommon trap: reason=class_check action=maybe_recompile pc=0x01cf6a80 method=sun.misc.URLClassPath.getLoader(I)Lsun/misc/URLClassPath$Loader; @ 239
Event: 7.798 Thread 0x553a6400 Uncommon trap: reason=unstable_if action=reinterpret pc=0x01be5550 method=java.util.HashMap.hash(Ljava/lang/Object;)I @ 1
Event: 7.934 Thread 0x553a6400 Uncommon trap: reason=unstable_if action=reinterpret pc=0x01a3e228 method=java.util.HashMap.getNode(ILjava/lang/Object;)Ljava/util/HashMap$Node; @ 53
Event: 7.934 Thread 0x553a6400 Uncommon trap: reason=unstable_if action=reinterpret pc=0x01a37ff0 method=java.util.HashMap.hash(Ljava/lang/Object;)I @ 1
Event: 7.934 Thread 0x553a6400 Uncommon trap: reason=unstable_if action=reinterpret pc=0x01d2a0d0 method=java.util.HashMap.putVal(ILjava/lang/Object;Ljava/lang/Object;ZZ)Ljava/lang/Object; @ 85
Event: 8.039 Thread 0x553a6400 Uncommon trap: reason=unstable_if action=reinterpret pc=0x01a43d7c method=java.util.LinkedHashMap.afterNodeInsertion(Z)V @ 1
Event: 8.424 Thread 0x553a6400 Uncommon trap: reason=class_check action=maybe_recompile pc=0x01cf69c0 method=sun.misc.URLClassPath.getLoader(I)Lsun/misc/URLClassPath$Loader; @ 94
Event: 8.605 Thread 0x553a6400 Uncommon trap: reason=unstable_if action=reinterpret pc=0x01a21a00 method=java.io.WinNTFileSystem.resolve(Ljava/lang/String;Ljava/lang/String;)Ljava/lang/String; @ 49

Classes redefined (0 events):
No events

Internal exceptions (10 events):
Event: 8.743 Thread 0x553a6400 Exception <a 'java/lang/ClassNotFoundException': org/gradle/api/internal/DefaultNamedDomainObjectCollectionBeanInfo> (0x3fbd1ab8) thrown at [D:\src\AOSP-openjdk-cygwin\jdk8u\hotspot\src\share\vm\classfile\systemDictionary.cpp, line 210]
Event: 8.745 Thread 0x553a6400 Exception <a 'java/lang/ClassNotFoundException': org/gradle/api/internal/DefaultDomainObjectCollectionBeanInfo> (0x3fc03f10) thrown at [D:\src\AOSP-openjdk-cygwin\jdk8u\hotspot\src\share\vm\classfile\systemDictionary.cpp, line 210]
Event: 8.745 Thread 0x553a6400 Exception <a 'java/lang/ClassNotFoundException': java/util/AbstractCollectionBeanInfo> (0x3fc08468) thrown at [D:\src\AOSP-openjdk-cygwin\jdk8u\hotspot\src\share\vm\classfile\systemDictionary.cpp, line 210]
Event: 8.746 Thread 0x553a6400 Exception <a 'java/lang/ClassNotFoundException': java/util/AbstractCollectionCustomizer> (0x3fc0c990) thrown at [D:\src\AOSP-openjdk-cygwin\jdk8u\hotspot\src\share\vm\classfile\systemDictionary.cpp, line 210]
Event: 8.753 Thread 0x553a6400 Exception <a 'java/lang/ClassNotFoundException': org/gradle/api/internal/DefaultDomainObjectCollectionCustomizer> (0x3fc49a50) thrown at [D:\src\AOSP-openjdk-cygwin\jdk8u\hotspot\src\share\vm\classfile\systemDictionary.cpp, line 210]
Event: 8.759 Thread 0x553a6400 Exception <a 'java/lang/ClassNotFoundException': org/gradle/api/internal/DefaultNamedDomainObjectCollectionCustomizer> (0x3fca17c0) thrown at [D:\src\AOSP-openjdk-cygwin\jdk8u\hotspot\src\share\vm\classfile\systemDictionary.cpp, line 210]
Event: 8.766 Thread 0x553a6400 Exception <a 'java/lang/ClassNotFoundException': org/gradle/api/internal/DefaultNamedDomainObjectListCustomizer> (0x3fd0ed28) thrown at [D:\src\AOSP-openjdk-cygwin\jdk8u\hotspot\src\share\vm\classfile\systemDictionary.cpp, line 210]
Event: 8.773 Thread 0x553a6400 Exception <a 'java/lang/ClassNotFoundException': org/gradle/api/internal/artifacts/DefaultArtifactRepositoryContainerCustomizer> (0x3fd7e918) thrown at [D:\src\AOSP-openjdk-cygwin\jdk8u\hotspot\src\share\vm\classfile\systemDictionary.cpp, line 210]
Event: 8.777 Thread 0x553a6400 Exception <a 'java/lang/ClassNotFoundException': org/gradle/api/internal/artifacts/dsl/DefaultRepositoryHandlerCustomizer> (0x3fde00a8) thrown at [D:\src\AOSP-openjdk-cygwin\jdk8u\hotspot\src\share\vm\classfile\systemDictionary.cpp, line 210]
Event: 8.786 Thread 0x553a6400 Exception <a 'java/lang/ClassNotFoundException': org/gradle/api/internal/artifacts/dsl/DefaultRepositoryHandler_DecoratedCustomizer> (0x3fe58600) thrown at [D:\src\AOSP-openjdk-cygwin\jdk8u\hotspot\src\share\vm\classfile\systemDictionary.cpp, line 210]

Events (10 events):
Event: 9.394 loading class org/gradle/api/internal/artifacts/dsl/CapabilityNotationParserFactory
Event: 9.394 loading class org/gradle/api/internal/artifacts/dsl/CapabilityNotationParserFactory done
Event: 9.396 loading class org/gradle/api/internal/artifacts/dsl/CapabilityNotationParserFactory$StringNotationParser
Event: 9.396 loading class org/gradle/api/internal/artifacts/dsl/CapabilityNotationParserFactory$StringNotationParser done
Event: 9.397 loading class org/gradle/api/internal/artifacts/dsl/CapabilityNotationParserFactory$StrictCapabilityMapNotationParser
Event: 9.397 loading class org/gradle/api/internal/artifacts/dsl/CapabilityNotationParserFactory$StrictCapabilityMapNotationParser done
Event: 9.398 loading class org/gradle/api/internal/artifacts/dsl/CapabilityNotationParserFactory$LenientCapabilityMapNotationParser
Event: 9.398 loading class org/gradle/api/internal/artifacts/dsl/CapabilityNotationParserFactory$LenientCapabilityMapNotationParser done
Event: 9.400 loading class org/gradle/api/internal/artifacts/configurations/DefaultConfigurationContainer$1
Event: 9.400 loading class org/gradle/api/internal/artifacts/configurations/DefaultConfigurationContainer$1 done


Dynamic libraries:
0x006b0000 - 0x006dd000 	C:\Program Files\android-studio\jre\bin\java.exe
0x772e0000 - 0x77479000 	C:\WINDOWS\SYSTEM32\ntdll.dll
0x75cc0000 - 0x75d58000 	C:\WINDOWS\System32\KERNEL32.DLL
0x74ad0000 - 0x74ccd000 	C:\WINDOWS\System32\KERNELBASE.dll
0x72980000 - 0x72a1f000 	C:\WINDOWS\SYSTEM32\apphelp.dll
0x76550000 - 0x765c9000 	C:\WINDOWS\System32\ADVAPI32.dll
0x760d0000 - 0x7618f000 	C:\WINDOWS\System32\msvcrt.dll
0x75c40000 - 0x75cb6000 	C:\WINDOWS\System32\sechost.dll
0x76190000 - 0x76250000 	C:\WINDOWS\System32\RPCRT4.dll
0x763d0000 - 0x76548000 	C:\WINDOWS\System32\USER32.dll
0x75090000 - 0x750ac000 	C:\WINDOWS\System32\win32u.dll
0x75310000 - 0x75331000 	C:\WINDOWS\System32\GDI32.dll
0x74380000 - 0x744e0000 	C:\WINDOWS\System32\gdi32full.dll
0x750b0000 - 0x7512c000 	C:\WINDOWS\System32\msvcp_win.dll
0x74d40000 - 0x74e60000 	C:\WINDOWS\System32\ucrtbase.dll
0x67ea0000 - 0x680af000 	C:\WINDOWS\WinSxS\x86_microsoft.windows.common-controls_6595b64144ccf1df_6.0.18362.1139_none_e62929aaf8dc83cc\COMCTL32.dll
0x759c0000 - 0x75c35000 	C:\WINDOWS\System32\combase.dll
0x75030000 - 0x7508f000 	C:\WINDOWS\System32\bcryptPrimitives.dll
0x75130000 - 0x75156000 	C:\WINDOWS\System32\IMM32.DLL
0x66a90000 - 0x66b4f000 	C:\Program Files\android-studio\jre\jre\bin\msvcr100.dll
0x79200000 - 0x797e9000 	C:\Program Files\android-studio\jre\jre\bin\server\jvm.dll
0x77150000 - 0x77156000 	C:\WINDOWS\System32\PSAPI.DLL
0x661e0000 - 0x661e8000 	C:\WINDOWS\SYSTEM32\WSOCK32.dll
0x75f60000 - 0x75fbe000 	C:\WINDOWS\System32\WS2_32.dll
0x72890000 - 0x728b4000 	C:\WINDOWS\SYSTEM32\WINMM.dll
0x6e040000 - 0x6e048000 	C:\WINDOWS\SYSTEM32\VERSION.dll
0x72860000 - 0x72883000 	C:\WINDOWS\SYSTEM32\WINMMBASE.dll
0x74f60000 - 0x74f9b000 	C:\WINDOWS\System32\cfgmgr32.dll
0x715a0000 - 0x715ac000 	C:\Program Files\android-studio\jre\jre\bin\verify.dll
0x70a40000 - 0x70a61000 	C:\Program Files\android-studio\jre\jre\bin\java.dll
0x70a20000 - 0x70a34000 	C:\Program Files\android-studio\jre\jre\bin\zip.dll
0x76630000 - 0x76baa000 	C:\WINDOWS\System32\SHELL32.dll
0x75ed0000 - 0x75f54000 	C:\WINDOWS\System32\shcore.dll
0x744e0000 - 0x74aa1000 	C:\WINDOWS\System32\windows.storage.dll
0x74340000 - 0x7435b000 	C:\WINDOWS\System32\profapi.dll
0x742f0000 - 0x74333000 	C:\WINDOWS\System32\powrprof.dll
0x742e0000 - 0x742ed000 	C:\WINDOWS\System32\UMPDC.dll
0x76250000 - 0x76294000 	C:\WINDOWS\System32\shlwapi.dll
0x74370000 - 0x7437f000 	C:\WINDOWS\System32\kernel.appcore.dll
0x74ab0000 - 0x74ac3000 	C:\WINDOWS\System32\cryptsp.dll
0x702b0000 - 0x702c5000 	C:\Program Files\android-studio\jre\jre\bin\net.dll
0x75160000 - 0x7530a000 	C:\WINDOWS\System32\urlmon.dll
0x75790000 - 0x759ba000 	C:\WINDOWS\System32\iertutil.dll
0x73e10000 - 0x73e1a000 	C:\WINDOWS\SYSTEM32\CRYPTBASE.DLL
0x73c90000 - 0x73ce7000 	C:\WINDOWS\system32\mswsock.dll
0x709f0000 - 0x709ff000 	C:\Program Files\android-studio\jre\jre\bin\nio.dll
0x6ba00000 - 0x6ba21000 	C:\Users\TOSHIBA\.gradle\native\30\windows-i386\native-platform.dll
0x70440000 - 0x7044a000 	C:\Program Files\android-studio\jre\jre\bin\management.dll
0x738c0000 - 0x738ef000 	C:\WINDOWS\system32\rsaenh.dll
0x74cd0000 - 0x74ceb000 	C:\WINDOWS\System32\bcrypt.dll
0x74230000 - 0x7424e000 	C:\WINDOWS\SYSTEM32\USERENV.dll
0x73a20000 - 0x73a52000 	C:\WINDOWS\SYSTEM32\IPHLPAPI.DLL
0x77120000 - 0x77127000 	C:\WINDOWS\System32\NSI.dll
0x6cf00000 - 0x6cf13000 	C:\WINDOWS\SYSTEM32\dhcpcsvc6.DLL
0x6d050000 - 0x6d065000 	C:\WINDOWS\SYSTEM32\dhcpcsvc.DLL
0x73a70000 - 0x73b04000 	C:\WINDOWS\SYSTEM32\DNSAPI.dll
0x65bf0000 - 0x65d7f000 	C:\WINDOWS\SYSTEM32\dbghelp.dll

VM Arguments:
jvm_args: -Xmx1024m -Dfile.encoding=windows-1252 -Duser.country=US -Duser.language=en -Duser.variant 
java_command: org.gradle.launcher.daemon.bootstrap.GradleDaemon 5.6.4
java_class_path (initial): C:\Users\TOSHIBA\.gradle\wrapper\dists\gradle-5.6.4-all\ankdp27end7byghfw1q2sw75f\gradle-5.6.4\lib\gradle-launcher-5.6.4.jar
Launcher Type: SUN_STANDARD

Environment Variables:
JAVA_HOME=C:\Program Files\Java;C:\Program Files\Java\jdk1.8.0_211;C:\Program Files\Java\jdk1.8.0_211\bin
PATH=C:\WINDOWS\System32;C:\Users\TOSHIBA\AppData\Roaming\npm;%USERPROFILE%\AppData\Local\Microsoft\WindowsApps;
USERNAME=TOSHIBA
OS=Windows_NT
PROCESSOR_IDENTIFIER=x86 Family 6 Model 23 Stepping 10, GenuineIntel



---------------  S Y S T E M  ---------------

OS: Windows 10.0 Build 18362 (10.0.18362.1110)

CPU:total 2 (initial active 2) (2 cores per cpu, 1 threads per core) family 6 model 23 stepping 10, cmov, cx8, fxsr, mmx, sse, sse2, sse3, ssse3, sse4.1, tsc

Memory: 4k page, physical 2095092k(274120k free), swap 3119092k(4352k free)

vm_info: OpenJDK Server VM (25.212-b04) for windows-x86 JRE (1.8.0_212-release-1586-b04), built by "builder" with MS VC++ 10.0 (VS2010)

time: Fri Mar 12 12:29:02 2021
timezone: China Standard Time
elapsed time: 9 seconds (0d 0h 0m 9s)

