#
# There is insufficient memory for the Java Runtime Environment to continue.
# Native memory allocation (malloc) failed to allocate 856296 bytes for Chunk::new
# Possible reasons:
#   The system is out of physical RAM or swap space
#   In 32 bit mode, the process size limit was hit
# Possible solutions:
#   Reduce memory load on the system
#   Increase physical memory or swap space
#   Check if swap backing store is full
#   Use 64 bit Java on a 64 bit OS
#   Decrease Java heap size (-Xmx/-Xms)
#   Decrease number of Java threads
#   Decrease Java thread stack sizes (-Xss)
#   Set larger code cache with -XX:ReservedCodeCacheSize=
# This output file may be truncated or incomplete.
#
#  Out of Memory Error (allocation.cpp:389), pid=6280, tid=0x00001940
#
# JRE version: OpenJDK Runtime Environment (8.0_212-b04) (build 1.8.0_212-release-1586-b04)
# Java VM: OpenJDK Server VM (25.212-b04 mixed mode windows-x86 )
# Failed to write core dump. Minidumps are not enabled by default on client versions of Windows
#

---------------  T H R E A D  ---------------

Current thread (0x53cb5c00):  JavaThread "C2 CompilerThread0" daemon [_thread_in_native, id=6464, stack(0x53fc0000,0x54010000)]

Stack: [0x53fc0000,0x54010000],  sp=0x5400dfd8,  free space=311k
Native frames: (J=compiled Java code, j=interpreted, Vv=VM code, C=native code)
V  [jvm.dll+0x1a67db]
V  [jvm.dll+0x19ed58]
V  [jvm.dll+0x7d871]
V  [jvm.dll+0x7dd77]
V  [jvm.dll+0x95314]
V  [jvm.dll+0x309330]
V  [jvm.dll+0x340888]
V  [jvm.dll+0x2fac25]
V  [jvm.dll+0x300026]
V  [jvm.dll+0x300875]
V  [jvm.dll+0x2ea216]
V  [jvm.dll+0x60e47]
V  [jvm.dll+0x615ef]
V  [jvm.dll+0x177ab0]
V  [jvm.dll+0x1782eb]
V  [jvm.dll+0x1b8e46]
C  [msvcr100.dll+0x5c556]
C  [msvcr100.dll+0x5c600]
C  [KERNEL32.DLL+0x223d9]
C  [ntdll.dll+0x5e6cb]
C  [ntdll.dll+0x5e69f]
C  0x00000000


Current CompileTask:
C2:  19663 2123       4       java.net.URLClassLoader$1::run (5 bytes)


---------------  P R O C E S S  ---------------

Java Threads: ( => current thread )
  0x54921400 JavaThread "Cache worker for file hash cache (C:\Users\TOSHIBA\AndroidStudioProjects\TaguigHealthConsult\.gradle\5.6.4\fileHashes)" [_thread_blocked, id=9688, stack(0x57d30000,0x57d80000)]
  0x54920c00 JavaThread "Cache worker for journal cache (C:\Users\TOSHIBA\.gradle\caches\journal-1)" [_thread_blocked, id=7648, stack(0x56b10000,0x56b60000)]
  0x54922000 JavaThread "File lock request listener" [_thread_in_native, id=2180, stack(0x56ac0000,0x56b10000)]
  0x54921800 JavaThread "Cache worker for file hash cache (C:\Users\TOSHIBA\.gradle\caches\5.6.4\fileHashes)" [_thread_blocked, id=7996, stack(0x56a70000,0x56ac0000)]
  0x54ca3000 JavaThread "Thread-9" [_thread_blocked, id=6556, stack(0x56820000,0x56870000)]
  0x54ca2400 JavaThread "Stdin handler" [_thread_blocked, id=6704, stack(0x567d0000,0x56820000)]
  0x54ca1c00 JavaThread "Asynchronous log dispatcher for DefaultDaemonConnection: socket connection from /127.0.0.1:58849 to /127.0.0.1:58850" [_thread_blocked, id=3524, stack(0x56780000,0x567d0000)]
  0x548c0000 JavaThread "Daemon worker" [_thread_in_native, id=5708, stack(0x56730000,0x56780000)]
  0x548bfc00 JavaThread "Cancel handler" [_thread_blocked, id=5216, stack(0x566e0000,0x56730000)]
  0x55632800 JavaThread "Handler for socket connection from /127.0.0.1:58849 to /127.0.0.1:58850" [_thread_in_native, id=3880, stack(0x56690000,0x566e0000)]
  0x54953000 JavaThread "Daemon" [_thread_blocked, id=7604, stack(0x56640000,0x56690000)]
  0x5416f000 JavaThread "Daemon periodic checks" [_thread_blocked, id=8652, stack(0x565f0000,0x56640000)]
  0x5416c400 JavaThread "Incoming local TCP Connector on port 58849" [_thread_in_native, id=4896, stack(0x56360000,0x563b0000)]
  0x555b4400 JavaThread "Daemon health stats" [_thread_blocked, id=4908, stack(0x55ed0000,0x55f20000)]
  0x53cb0c00 JavaThread "Service Thread" daemon [_thread_blocked, id=6632, stack(0x54060000,0x540b0000)]
  0x53ca7c00 JavaThread "C1 CompilerThread1" daemon [_thread_blocked, id=1508, stack(0x54010000,0x54060000)]
=>0x53cb5c00 JavaThread "C2 CompilerThread0" daemon [_thread_in_native, id=6464, stack(0x53fc0000,0x54010000)]
  0x53cb2400 JavaThread "Attach Listener" daemon [_thread_blocked, id=5468, stack(0x53f70000,0x53fc0000)]
  0x53cb1400 JavaThread "Signal Dispatcher" daemon [_thread_blocked, id=9048, stack(0x53f20000,0x53f70000)]
  0x53c95800 JavaThread "Finalizer" daemon [_thread_blocked, id=7748, stack(0x53dd0000,0x53e20000)]
  0x53c8f000 JavaThread "Reference Handler" daemon [_thread_blocked, id=8148, stack(0x10fa0000,0x10ff0000)]
  0x01a4c400 JavaThread "main" [_thread_blocked, id=3388, stack(0x00be0000,0x00c30000)]

Other Threads:
  0x53c79400 VMThread [stack: 0x01a70000,0x01ac0000] [id=6220]
  0x53d0bc00 WatcherThread [stack: 0x540b0000,0x54100000] [id=8572]

VM state:not at safepoint (normal execution)

VM Mutex/Monitor currently owned by a thread: None

Heap:
 PSYoungGen      total 35584K, used 25065K [0x3bac0000, 0x3e040000, 0x51000000)
  eden space 32768K, 76% used [0x3bac0000,0x3d33a610,0x3dac0000)
  from space 2816K, 0% used [0x3dd80000,0x3dd80000,0x3e040000)
  to   space 2816K, 0% used [0x3dac0000,0x3dac0000,0x3dd80000)
 ParOldGen       total 26624K, used 10386K [0x11000000, 0x12a00000, 0x3bac0000)
  object space 26624K, 39% used [0x11000000,0x11a24a20,0x12a00000)
 Metaspace       used 18059K, capacity 18398K, committed 18432K, reserved 18816K

Card table byte_map: [0x51000000,0x51210000] byte_map_base: 0x50f78000

Marking Bits: (ParMarkBitMap*) 0x7b9c8620
 Begin Bits: [0x51370000, 0x52370000)
 End Bits:   [0x52370000, 0x53370000)

Polling page: 0x00c30000

CodeCache: size=245760Kb used=6255Kb max_used=6255Kb free=239504Kb
 bounds [0x01be0000, 0x02200000, 0x10be0000]
 total_blobs=2482 nmethods=2032 adapters=364
 compilation: enabled

Compilation events (10 events):
Event: 18.987 Thread 0x53ca7c00 2164       3       org.objectweb.asm.Attribute::computeAttributesSize (62 bytes)
Event: 18.987 Thread 0x53ca7c00 nmethod 2164 0x021f9dc8 code [0x021f9f00, 0x021fa304]
Event: 18.987 Thread 0x53ca7c00 2165       3       org.objectweb.asm.AnnotationWriter::computeAnnotationsSize (66 bytes)
Event: 18.988 Thread 0x53ca7c00 nmethod 2165 0x021fa448 code [0x021fa5a0, 0x021fa990]
Event: 18.988 Thread 0x53ca7c00 2166       3       org.objectweb.asm.Attribute::putAttributes (78 bytes)
Event: 18.989 Thread 0x53ca7c00 nmethod 2166 0x021fab48 code [0x021fad00, 0x021fb278]
Event: 18.990 Thread 0x53ca7c00 2167       3       com.google.common.collect.ImmutableCollection$ArrayBasedBuilder::getReadyToExpandTo (64 bytes)
Event: 18.990 Thread 0x53ca7c00 nmethod 2167 0x021fb5c8 code [0x021fb720, 0x021fbb24]
Event: 19.026 Thread 0x53ca7c00 2169       3       org.gradle.internal.service.DefaultServiceRegistry$InstanceUnpackingVisitor::visit (24 bytes)
Event: 19.026 Thread 0x53ca7c00 nmethod 2169 0x021fbf08 code [0x021fc060, 0x021fc4d0]

GC Heap History (10 events):
Event: 7.874 GC heap before
{Heap before GC invocations=7 (full 0):
 PSYoungGen      total 35584K, used 35092K [0x3bac0000, 0x3e040000, 0x51000000)
  eden space 32768K, 100% used [0x3bac0000,0x3dac0000,0x3dac0000)
  from space 2816K, 82% used [0x3dd80000,0x3dfc53d8,0x3e040000)
  to   space 2816K, 0% used [0x3dac0000,0x3dac0000,0x3dd80000)
 ParOldGen       total 22016K, used 2697K [0x11000000, 0x12580000, 0x3bac0000)
  object space 22016K, 12% used [0x11000000,0x112a2640,0x12580000)
 Metaspace       used 8384K, capacity 8635K, committed 8704K, reserved 9600K
Event: 7.896 GC heap after
Heap after GC invocations=7 (full 0):
 PSYoungGen      total 35584K, used 2803K [0x3bac0000, 0x3e040000, 0x51000000)
  eden space 32768K, 0% used [0x3bac0000,0x3bac0000,0x3dac0000)
  from space 2816K, 99% used [0x3dac0000,0x3dd7cd98,0x3dd80000)
  to   space 2816K, 0% used [0x3dd80000,0x3dd80000,0x3e040000)
 ParOldGen       total 22016K, used 5389K [0x11000000, 0x12580000, 0x3bac0000)
  object space 22016K, 24% used [0x11000000,0x115436b0,0x12580000)
 Metaspace       used 8384K, capacity 8635K, committed 8704K, reserved 9600K
}
Event: 10.408 GC heap before
{Heap before GC invocations=8 (full 0):
 PSYoungGen      total 35584K, used 35571K [0x3bac0000, 0x3e040000, 0x51000000)
  eden space 32768K, 100% used [0x3bac0000,0x3dac0000,0x3dac0000)
  from space 2816K, 99% used [0x3dac0000,0x3dd7cd98,0x3dd80000)
  to   space 2816K, 0% used [0x3dd80000,0x3dd80000,0x3e040000)
 ParOldGen       total 22016K, used 5389K [0x11000000, 0x12580000, 0x3bac0000)
  object space 22016K, 24% used [0x11000000,0x115436b0,0x12580000)
 Metaspace       used 9967K, capacity 10218K, committed 10368K, reserved 10624K
Event: 10.426 GC heap after
Heap after GC invocations=8 (full 0):
 PSYoungGen      total 35584K, used 2809K [0x3bac0000, 0x3e040000, 0x51000000)
  eden space 32768K, 0% used [0x3bac0000,0x3bac0000,0x3dac0000)
  from space 2816K, 99% used [0x3dd80000,0x3e03e570,0x3e040000)
  to   space 2816K, 0% used [0x3dac0000,0x3dac0000,0x3dd80000)
 ParOldGen       total 22016K, used 8150K [0x11000000, 0x12580000, 0x3bac0000)
  object space 22016K, 37% used [0x11000000,0x117f5990,0x12580000)
 Metaspace       used 9967K, capacity 10218K, committed 10368K, reserved 10624K
}
Event: 13.172 GC heap before
{Heap before GC invocations=9 (full 0):
 PSYoungGen      total 35584K, used 35577K [0x3bac0000, 0x3e040000, 0x51000000)
  eden space 32768K, 100% used [0x3bac0000,0x3dac0000,0x3dac0000)
  from space 2816K, 99% used [0x3dd80000,0x3e03e570,0x3e040000)
  to   space 2816K, 0% used [0x3dac0000,0x3dac0000,0x3dd80000)
 ParOldGen       total 22016K, used 8150K [0x11000000, 0x12580000, 0x3bac0000)
  object space 22016K, 37% used [0x11000000,0x117f5990,0x12580000)
 Metaspace       used 12128K, capacity 12424K, committed 12544K, reserved 12672K
Event: 13.192 GC heap after
Heap after GC invocations=9 (full 0):
 PSYoungGen      total 35584K, used 2809K [0x3bac0000, 0x3e040000, 0x51000000)
  eden space 32768K, 0% used [0x3bac0000,0x3bac0000,0x3dac0000)
  from space 2816K, 99% used [0x3dac0000,0x3dd7e778,0x3dd80000)
  to   space 2816K, 0% used [0x3dd80000,0x3dd80000,0x3e040000)
 ParOldGen       total 22016K, used 11881K [0x11000000, 0x12580000, 0x3bac0000)
  object space 22016K, 53% used [0x11000000,0x11b9a6a8,0x12580000)
 Metaspace       used 12128K, capacity 12424K, committed 12544K, reserved 12672K
}
Event: 17.506 GC heap before
{Heap before GC invocations=10 (full 0):
 PSYoungGen      total 35584K, used 35577K [0x3bac0000, 0x3e040000, 0x51000000)
  eden space 32768K, 100% used [0x3bac0000,0x3dac0000,0x3dac0000)
  from space 2816K, 99% used [0x3dac0000,0x3dd7e778,0x3dd80000)
  to   space 2816K, 0% used [0x3dd80000,0x3dd80000,0x3e040000)
 ParOldGen       total 22016K, used 11881K [0x11000000, 0x12580000, 0x3bac0000)
  object space 22016K, 53% used [0x11000000,0x11b9a6a8,0x12580000)
 Metaspace       used 16081K, capacity 16368K, committed 16384K, reserved 16768K
Event: 17.533 GC heap after
Heap after GC invocations=10 (full 0):
 PSYoungGen      total 35584K, used 2814K [0x3bac0000, 0x3e040000, 0x51000000)
  eden space 32768K, 0% used [0x3bac0000,0x3bac0000,0x3dac0000)
  from space 2816K, 99% used [0x3dd80000,0x3e03fa98,0x3e040000)
  to   space 2816K, 0% used [0x3dac0000,0x3dac0000,0x3dd80000)
 ParOldGen       total 22016K, used 17055K [0x11000000, 0x12580000, 0x3bac0000)
  object space 22016K, 77% used [0x11000000,0x120a7fb0,0x12580000)
 Metaspace       used 16081K, capacity 16368K, committed 16384K, reserved 16768K
}
Event: 17.533 GC heap before
{Heap before GC invocations=11 (full 1):
 PSYoungGen      total 35584K, used 2814K [0x3bac0000, 0x3e040000, 0x51000000)
  eden space 32768K, 0% used [0x3bac0000,0x3bac0000,0x3dac0000)
  from space 2816K, 99% used [0x3dd80000,0x3e03fa98,0x3e040000)
  to   space 2816K, 0% used [0x3dac0000,0x3dac0000,0x3dd80000)
 ParOldGen       total 22016K, used 17055K [0x11000000, 0x12580000, 0x3bac0000)
  object space 22016K, 77% used [0x11000000,0x120a7fb0,0x12580000)
 Metaspace       used 16081K, capacity 16368K, committed 16384K, reserved 16768K
Event: 17.658 GC heap after
Heap after GC invocations=11 (full 1):
 PSYoungGen      total 35584K, used 0K [0x3bac0000, 0x3e040000, 0x51000000)
  eden space 32768K, 0% used [0x3bac0000,0x3bac0000,0x3dac0000)
  from space 2816K, 0% used [0x3dd80000,0x3dd80000,0x3e040000)
  to   space 2816K, 0% used [0x3dac0000,0x3dac0000,0x3dd80000)
 ParOldGen       total 26624K, used 10386K [0x11000000, 0x12a00000, 0x3bac0000)
  object space 26624K, 39% used [0x11000000,0x11a24a20,0x12a00000)
 Metaspace       used 16081K, capacity 16368K, committed 16384K, reserved 16768K
}

Deoptimization events (10 events):
Event: 16.061 Thread 0x548c0000 Uncommon trap: reason=bimorphic action=maybe_recompile pc=0x01c96960 method=java.io.BufferedInputStream.read([BII)I @ 101
Event: 16.062 Thread 0x548c0000 Uncommon trap: reason=bimorphic action=maybe_recompile pc=0x01c96960 method=java.io.BufferedInputStream.read([BII)I @ 101
Event: 17.658 Thread 0x53c8f000 Uncommon trap: reason=unstable_if action=reinterpret pc=0x0200e294 method=java.lang.ref.Reference.tryHandlePending(Z)Z @ 104
Event: 18.193 Thread 0x548c0000 Uncommon trap: reason=class_check action=maybe_recompile pc=0x0207bf50 method=sun.misc.URLClassPath.getLoader(I)Lsun/misc/URLClassPath$Loader; @ 94
Event: 18.193 Thread 0x548c0000 Uncommon trap: reason=class_check action=maybe_recompile pc=0x01e5aefc method=sun.misc.URLClassPath.getResource(Ljava/lang/String;Z)Lsun/misc/Resource; @ 62
Event: 18.193 Thread 0x548c0000 Uncommon trap: reason=unstable_if action=reinterpret pc=0x01cac66c method=java.lang.String.regionMatches(ZILjava/lang/String;II)Z @ 41
Event: 18.230 Thread 0x548c0000 Uncommon trap: reason=unstable_if action=reinterpret pc=0x01caec54 method=java.lang.ClassLoader.getClassLoadingLock(Ljava/lang/String;)Ljava/lang/Object; @ 6
Event: 18.317 Thread 0x548c0000 Uncommon trap: reason=class_check action=maybe_recompile pc=0x0207c038 method=sun.misc.URLClassPath.getLoader(I)Lsun/misc/URLClassPath$Loader; @ 239
Event: 18.317 Thread 0x548c0000 Uncommon trap: reason=unstable_if action=reinterpret pc=0x020bbe54 method=java.lang.String.regionMatches(ZILjava/lang/String;II)Z @ 41
Event: 18.349 Thread 0x548c0000 Uncommon trap: reason=class_check action=maybe_recompile pc=0x0207c038 method=sun.misc.URLClassPath.getLoader(I)Lsun/misc/URLClassPath$Loader; @ 239

Classes redefined (0 events):
No events

Internal exceptions (10 events):
Event: 18.348 Thread 0x548c0000 Exception <a 'java/lang/ClassNotFoundException': org/gradle/initialization/SettingsScriptCustomizer> (0x3c3041c8) thrown at [D:\src\AOSP-openjdk-cygwin\jdk8u\hotspot\src\share\vm\classfile\systemDictionary.cpp, line 210]
Event: 18.349 Thread 0x548c0000 Exception <a 'java/lang/ClassNotFoundException': settings_16ckaa0l49b8xz8hvfecaeec7Customizer> (0x3c317ae0) thrown at [D:\src\AOSP-openjdk-cygwin\jdk8u\hotspot\src\share\vm\classfile\systemDictionary.cpp, line 210]
Event: 18.411 Thread 0x548c0000 Exception <a 'java/lang/ClassNotFoundException': org/gradle/initialization/DefaultSettings_DecoratedBeanInfo> (0x3c45ca78) thrown at [D:\src\AOSP-openjdk-cygwin\jdk8u\hotspot\src\share\vm\classfile\systemDictionary.cpp, line 210]
Event: 18.412 Thread 0x548c0000 Exception <a 'java/lang/ClassNotFoundException': org/gradle/initialization/DefaultSettingsBeanInfo> (0x3c48bae8) thrown at [D:\src\AOSP-openjdk-cygwin\jdk8u\hotspot\src\share\vm\classfile\systemDictionary.cpp, line 210]
Event: 18.414 Thread 0x548c0000 Exception <a 'java/lang/ClassNotFoundException': org/gradle/api/internal/project/AbstractPluginAwareBeanInfo> (0x3c4bf100) thrown at [D:\src\AOSP-openjdk-cygwin\jdk8u\hotspot\src\share\vm\classfile\systemDictionary.cpp, line 210]
Event: 18.416 Thread 0x548c0000 Exception <a 'java/lang/ClassNotFoundException': org/gradle/api/internal/project/AbstractPluginAwareCustomizer> (0x3c4f3ea0) thrown at [D:\src\AOSP-openjdk-cygwin\jdk8u\hotspot\src\share\vm\classfile\systemDictionary.cpp, line 210]
Event: 18.420 Thread 0x548c0000 Exception <a 'java/lang/ClassNotFoundException': org/gradle/initialization/DefaultSettingsCustomizer> (0x3c52a0a8) thrown at [D:\src\AOSP-openjdk-cygwin\jdk8u\hotspot\src\share\vm\classfile\systemDictionary.cpp, line 210]
Event: 18.426 Thread 0x548c0000 Exception <a 'java/lang/ClassNotFoundException': org/gradle/initialization/DefaultSettings_DecoratedCustomizer> (0x3c5925b8) thrown at [D:\src\AOSP-openjdk-cygwin\jdk8u\hotspot\src\share\vm\classfile\systemDictionary.cpp, line 210]
Event: 18.485 Thread 0x548c0000 Exception <a 'java/lang/ClassNotFoundException': org/gradle/initialization/DefaultProjectDescriptorBeanInfo> (0x3c65a018) thrown at [D:\src\AOSP-openjdk-cygwin\jdk8u\hotspot\src\share\vm\classfile\systemDictionary.cpp, line 210]
Event: 18.487 Thread 0x548c0000 Exception <a 'java/lang/ClassNotFoundException': org/gradle/initialization/DefaultProjectDescriptorCustomizer> (0x3c68c5a0) thrown at [D:\src\AOSP-openjdk-cygwin\jdk8u\hotspot\src\share\vm\classfile\systemDictionary.cpp, line 210]

Events (10 events):
Event: 19.067 loading class org/gradle/api/internal/tasks/compile/JavaCompilerFactory
Event: 19.067 loading class org/gradle/api/internal/tasks/compile/JavaCompilerFactory done
Event: 19.075 loading class org/gradle/api/internal/tasks/JavaToolChainFactory
Event: 19.075 loading class org/gradle/api/internal/tasks/JavaToolChainFactory done
Event: 19.090 loading class org/gradle/language/java/internal/JavaLanguagePluginServiceRegistry$JavaProjectScopeServices
Event: 19.090 loading class org/gradle/language/java/internal/JavaLanguagePluginServiceRegistry$JavaProjectScopeServices done
Event: 19.091 loading class org/gradle/api/internal/tasks/compile/incremental/IncrementalCompilerFactory
Event: 19.091 loading class org/gradle/api/internal/tasks/compile/incremental/IncrementalCompilerFactory done
Event: 19.114 loading class org/gradle/buildinit/plugins/internal/services/BuildInitServices$ProjectScopeBuildInitServices
Event: 19.114 loading class org/gradle/buildinit/plugins/internal/services/BuildInitServices$ProjectScopeBuildInitServices done


Dynamic libraries:
0x002f0000 - 0x0031d000 	C:\Program Files\android-studio\jre\bin\java.exe
0x77b00000 - 0x77c99000 	C:\WINDOWS\SYSTEM32\ntdll.dll
0x76c20000 - 0x76cb8000 	C:\WINDOWS\System32\KERNEL32.DLL
0x74d10000 - 0x74f0d000 	C:\WINDOWS\System32\KERNELBASE.dll
0x731a0000 - 0x7323f000 	C:\WINDOWS\SYSTEM32\apphelp.dll
0x763d0000 - 0x76449000 	C:\WINDOWS\System32\ADVAPI32.dll
0x76b00000 - 0x76bbf000 	C:\WINDOWS\System32\msvcrt.dll
0x76620000 - 0x76696000 	C:\WINDOWS\System32\sechost.dll
0x76cc0000 - 0x76d80000 	C:\WINDOWS\System32\RPCRT4.dll
0x77980000 - 0x77af8000 	C:\WINDOWS\System32\USER32.dll
0x74f10000 - 0x74f2c000 	C:\WINDOWS\System32\win32u.dll
0x75ce0000 - 0x75d01000 	C:\WINDOWS\System32\GDI32.dll
0x74fb0000 - 0x75110000 	C:\WINDOWS\System32\gdi32full.dll
0x74f30000 - 0x74fac000 	C:\WINDOWS\System32\msvcp_win.dll
0x75110000 - 0x75230000 	C:\WINDOWS\System32\ucrtbase.dll
0x5c170000 - 0x5c37f000 	C:\WINDOWS\WinSxS\x86_microsoft.windows.common-controls_6595b64144ccf1df_6.0.18362.1139_none_e62929aaf8dc83cc\COMCTL32.dll
0x75a00000 - 0x75c75000 	C:\WINDOWS\System32\combase.dll
0x758d0000 - 0x7592f000 	C:\WINDOWS\System32\bcryptPrimitives.dll
0x77950000 - 0x77976000 	C:\WINDOWS\System32\IMM32.DLL
0x64e20000 - 0x64edf000 	C:\Program Files\android-studio\jre\jre\bin\msvcr100.dll
0x7b450000 - 0x7ba39000 	C:\Program Files\android-studio\jre\jre\bin\server\jvm.dll
0x75d90000 - 0x75d96000 	C:\WINDOWS\System32\PSAPI.DLL
0x612b0000 - 0x612b8000 	C:\WINDOWS\SYSTEM32\WSOCK32.dll
0x75da0000 - 0x75dfe000 	C:\WINDOWS\System32\WS2_32.dll
0x72040000 - 0x72064000 	C:\WINDOWS\SYSTEM32\WINMM.dll
0x6eaa0000 - 0x6eaa8000 	C:\WINDOWS\SYSTEM32\VERSION.dll
0x72010000 - 0x72033000 	C:\WINDOWS\SYSTEM32\WINMMBASE.dll
0x75800000 - 0x7583b000 	C:\WINDOWS\System32\cfgmgr32.dll
0x70ea0000 - 0x70eac000 	C:\Program Files\android-studio\jre\jre\bin\verify.dll
0x6df60000 - 0x6df81000 	C:\Program Files\android-studio\jre\jre\bin\java.dll
0x702a0000 - 0x702b4000 	C:\Program Files\android-studio\jre\jre\bin\zip.dll
0x75e00000 - 0x7637a000 	C:\WINDOWS\System32\SHELL32.dll
0x778a0000 - 0x77924000 	C:\WINDOWS\System32\shcore.dll
0x75230000 - 0x757f1000 	C:\WINDOWS\System32\windows.storage.dll
0x74b70000 - 0x74b8b000 	C:\WINDOWS\System32\profapi.dll
0x74b20000 - 0x74b63000 	C:\WINDOWS\System32\powrprof.dll
0x74b00000 - 0x74b0d000 	C:\WINDOWS\System32\UMPDC.dll
0x76380000 - 0x763c4000 	C:\WINDOWS\System32\shlwapi.dll
0x74b10000 - 0x74b1f000 	C:\WINDOWS\System32\kernel.appcore.dll
0x74bf0000 - 0x74c03000 	C:\WINDOWS\System32\cryptsp.dll
0x6ead0000 - 0x6eae5000 	C:\Program Files\android-studio\jre\jre\bin\net.dll
0x77290000 - 0x7743a000 	C:\WINDOWS\System32\urlmon.dll
0x76f60000 - 0x7718a000 	C:\WINDOWS\System32\iertutil.dll
0x74630000 - 0x7463a000 	C:\WINDOWS\SYSTEM32\CRYPTBASE.DLL
0x744b0000 - 0x74507000 	C:\WINDOWS\system32\mswsock.dll
0x70140000 - 0x7014f000 	C:\Program Files\android-studio\jre\jre\bin\nio.dll
0x6a1a0000 - 0x6a1c1000 	C:\Users\TOSHIBA\.gradle\native\30\windows-i386\native-platform.dll
0x6fb10000 - 0x6fb1a000 	C:\Program Files\android-studio\jre\jre\bin\management.dll
0x740e0000 - 0x7410f000 	C:\WINDOWS\system32\rsaenh.dll
0x75930000 - 0x7594b000 	C:\WINDOWS\System32\bcrypt.dll
0x74a20000 - 0x74a3e000 	C:\WINDOWS\SYSTEM32\USERENV.dll
0x74240000 - 0x74272000 	C:\WINDOWS\SYSTEM32\IPHLPAPI.DLL
0x77890000 - 0x77897000 	C:\WINDOWS\System32\NSI.dll
0x6d1b0000 - 0x6d1c3000 	C:\WINDOWS\SYSTEM32\dhcpcsvc6.DLL
0x6d8e0000 - 0x6d8f5000 	C:\WINDOWS\SYSTEM32\dhcpcsvc.DLL
0x74290000 - 0x74324000 	C:\WINDOWS\SYSTEM32\DNSAPI.dll
0x6d990000 - 0x6db1f000 	C:\WINDOWS\SYSTEM32\dbghelp.dll

VM Arguments:
jvm_args: -Xmx1024m -Dfile.encoding=windows-1252 -Duser.country=US -Duser.language=en -Duser.variant 
java_command: org.gradle.launcher.daemon.bootstrap.GradleDaemon 5.6.4
java_class_path (initial): C:\Users\TOSHIBA\.gradle\wrapper\dists\gradle-5.6.4-all\ankdp27end7byghfw1q2sw75f\gradle-5.6.4\lib\gradle-launcher-5.6.4.jar
Launcher Type: SUN_STANDARD

Environment Variables:
JAVA_HOME=C:\Program Files\Java;C:\Program Files\Java\jdk1.8.0_211;C:\Program Files\Java\jdk1.8.0_211\bin
PATH=C:\WINDOWS\System32;C:\Users\TOSHIBA\AppData\Roaming\npm;%USERPROFILE%\AppData\Local\Microsoft\WindowsApps;
USERNAME=TOSHIBA
OS=Windows_NT
PROCESSOR_IDENTIFIER=x86 Family 6 Model 23 Stepping 10, GenuineIntel



---------------  S Y S T E M  ---------------

OS: Windows 10.0 Build 18362 (10.0.18362.1110)

CPU:total 2 (initial active 2) (2 cores per cpu, 1 threads per core) family 6 model 23 stepping 10, cmov, cx8, fxsr, mmx, sse, sse2, sse3, ssse3, sse4.1, tsc

Memory: 4k page, physical 2095092k(148988k free), swap 3119092k(2944k free)

vm_info: OpenJDK Server VM (25.212-b04) for windows-x86 JRE (1.8.0_212-release-1586-b04), built by "builder" with MS VC++ 10.0 (VS2010)

time: Sun Mar 28 18:29:27 2021
timezone: China Standard Time
elapsed time: 19 seconds (0d 0h 0m 19s)

