#
# There is insufficient memory for the Java Runtime Environment to continue.
# Native memory allocation (malloc) failed to allocate 187584 bytes for Chunk::new
# Possible reasons:
#   The system is out of physical RAM or swap space
#   In 32 bit mode, the process size limit was hit
# Possible solutions:
#   Reduce memory load on the system
#   Increase physical memory or swap space
#   Check if swap backing store is full
#   Use 64 bit Java on a 64 bit OS
#   Decrease Java heap size (-Xmx/-Xms)
#   Decrease number of Java threads
#   Decrease Java thread stack sizes (-Xss)
#   Set larger code cache with -XX:ReservedCodeCacheSize=
# This output file may be truncated or incomplete.
#
#  Out of Memory Error (allocation.cpp:389), pid=7376, tid=0x00000ed8
#
# JRE version: OpenJDK Runtime Environment (8.0_212-b04) (build 1.8.0_212-release-1586-b04)
# Java VM: OpenJDK Server VM (25.212-b04 mixed mode windows-x86 )
# Failed to write core dump. Minidumps are not enabled by default on client versions of Windows
#

---------------  T H R E A D  ---------------

Current thread (0x542b5400):  JavaThread "C2 CompilerThread0" daemon [_thread_in_native, id=3800, stack(0x54520000,0x54570000)]

Stack: [0x54520000,0x54570000],  sp=0x5456db48,  free space=310k
Native frames: (J=compiled Java code, j=interpreted, Vv=VM code, C=native code)
V  [jvm.dll+0x1a67db]
V  [jvm.dll+0x19ed58]
V  [jvm.dll+0x7d871]
V  [jvm.dll+0x7dd77]
V  [jvm.dll+0x95314]
V  [jvm.dll+0x309330]
V  [jvm.dll+0x340888]
V  [jvm.dll+0x2fac25]
V  [jvm.dll+0x2ffd4b]
V  [jvm.dll+0x300875]
V  [jvm.dll+0x2ea216]
V  [jvm.dll+0x60e47]
V  [jvm.dll+0x615ef]
V  [jvm.dll+0x177ab0]
V  [jvm.dll+0x1782eb]
V  [jvm.dll+0x1b8e46]
C  [msvcr100.dll+0x5c556]
C  [msvcr100.dll+0x5c600]
C  [KERNEL32.DLL+0x223d9]
C  [ntdll.dll+0x5e6cb]
C  [ntdll.dll+0x5e69f]
C  0x00000000


Current CompileTask:
C2: 145112 10533   !   4       java.io.ObjectOutputStream::writeObject0 (619 bytes)


---------------  P R O C E S S  ---------------

Java Threads: ( => current thread )
  0x57722c00 JavaThread "ForkJoinPool.commonPool-worker-1" daemon [_thread_blocked, id=5168, stack(0x56d00000,0x56d50000)]
  0x562d2000 JavaThread "Cache worker for execution history cache (C:\Users\TOSHIBA\AndroidStudioProjects\TaguigHealthConsult\.gradle\5.6.4\executionHistory)" [_thread_blocked, id=3956, stack(0x59f80000,0x59fd0000)]
  0x5689ec00 JavaThread "Cache worker for file content cache (C:\Users\TOSHIBA\.gradle\caches\5.6.4\fileContent)" [_thread_blocked, id=1544, stack(0x59580000,0x595d0000)]
  0x568a0c00 JavaThread "Memory manager" [_thread_blocked, id=7764, stack(0x59330000,0x59380000)]
  0x568a4400 JavaThread "Cancel handler" [_thread_blocked, id=3992, stack(0x00ed0000,0x00f20000)]
  0x568a4000 JavaThread "Handler for socket connection from /127.0.0.1:51191 to /127.0.0.1:51197" [_thread_in_native, id=6240, stack(0x00b70000,0x00bc0000)]
  0x568a0000 JavaThread "Cache worker for execution history cache (C:\Users\TOSHIBA\.gradle\caches\5.6.4\executionHistory)" [_thread_blocked, id=2656, stack(0x58d40000,0x58d90000)]
  0x562d0c00 JavaThread "Cache worker for journal cache (C:\Users\TOSHIBA\.gradle\caches\journal-1)" [_thread_blocked, id=6508, stack(0x57130000,0x57180000)]
  0x562d1400 JavaThread "File lock request listener" [_thread_in_native, id=5380, stack(0x570e0000,0x57130000)]
  0x562d2400 JavaThread "Cache worker for file hash cache (C:\Users\TOSHIBA\.gradle\caches\5.6.4\fileHashes)" [_thread_blocked, id=6324, stack(0x56f90000,0x56fe0000)]
  0x54c43800 JavaThread "Daemon worker" [_thread_blocked, id=7408, stack(0x56d50000,0x56da0000)]
  0x55d22800 JavaThread "Daemon" [_thread_in_Java, id=3308, stack(0x55ad0000,0x55b20000)]
  0x55e06c00 JavaThread "Daemon periodic checks" [_thread_blocked, id=2056, stack(0x55a80000,0x55ad0000)]
  0x55e08800 JavaThread "Incoming local TCP Connector on port 51191" [_thread_in_native, id=6560, stack(0x558f0000,0x55940000)]
  0x54319400 JavaThread "Daemon health stats" [_thread_blocked, id=7644, stack(0x55460000,0x554b0000)]
  0x54309400 JavaThread "Service Thread" daemon [_thread_blocked, id=6664, stack(0x545c0000,0x54610000)]
  0x542eac00 JavaThread "C1 CompilerThread1" daemon [_thread_blocked, id=2424, stack(0x54570000,0x545c0000)]
=>0x542b5400 JavaThread "C2 CompilerThread0" daemon [_thread_in_native, id=3800, stack(0x54520000,0x54570000)]
  0x542b2000 JavaThread "Attach Listener" daemon [_thread_blocked, id=3840, stack(0x544d0000,0x54520000)]
  0x542b1000 JavaThread "Signal Dispatcher" daemon [_thread_blocked, id=8080, stack(0x115b0000,0x11600000)]
  0x54295800 JavaThread "Finalizer" daemon [_thread_blocked, id=4260, stack(0x11560000,0x115b0000)]
  0x5428f000 JavaThread "Reference Handler" daemon [_thread_blocked, id=5244, stack(0x02140000,0x02190000)]
  0x0219c400 JavaThread "main" [_thread_blocked, id=1984, stack(0x00f30000,0x00f80000)]

Other Threads:
  0x54279400 VMThread [stack: 0x020f0000,0x02140000] [id=1484]
  0x542fbc00 WatcherThread [stack: 0x54610000,0x54660000] [id=1460]

VM state:not at safepoint (normal execution)

VM Mutex/Monitor currently owned by a thread:  ([mutex/lock_event])
[0x0219b368] CompiledIC_lock - owner thread: 0x542eac00

OutOfMemory and StackOverflow Exception counts:
OutOfMemoryError java_heap_errors=2

Heap:
 PSYoungGen      total 161536K, used 42083K [0x3c0c0000, 0x48f40000, 0x51600000)
  eden space 140800K, 29% used [0x3c0c0000,0x3e9d8ce8,0x44a40000)
  from space 20736K, 0% used [0x44a40000,0x44a40000,0x45e80000)
  to   space 22272K, 0% used [0x47980000,0x47980000,0x48f40000)
 ParOldGen       total 88832K, used 47316K [0x11600000, 0x16cc0000, 0x3c0c0000)
  object space 88832K, 53% used [0x11600000,0x14435120,0x16cc0000)
 Metaspace       used 46929K, capacity 48154K, committed 48256K, reserved 50560K

Card table byte_map: [0x51600000,0x51810000] byte_map_base: 0x51575000

Marking Bits: (ParMarkBitMap*) 0x7c548620
 Begin Bits: [0x51970000, 0x52970000)
 End Bits:   [0x52970000, 0x53970000)

Polling page: 0x00f80000

CodeCache: size=245760Kb used=24226Kb max_used=24651Kb free=221533Kb
 bounds [0x021a0000, 0x039c8000, 0x111a0000]
 total_blobs=9609 nmethods=9137 adapters=385
 compilation: enabled

Compilation events (10 events):
Event: 144.384 Thread 0x542b5400 10529       4       java.io.ObjectOutputStream$BlockDataOutputStream::getUTFLength (124 bytes)
Event: 144.385 Thread 0x542eac00 nmethod 10532 0x039c28c8 code [0x039c2a60, 0x039c3010]
Event: 144.394 Thread 0x542b5400 nmethod 10529 0x039bb648 code [0x039bb760, 0x039bbbf0]
Event: 144.395 Thread 0x542b5400 10533   !   4       java.io.ObjectOutputStream::writeObject0 (619 bytes)
Event: 144.395 Thread 0x542eac00 10534   !   3       sun.reflect.annotation.AnnotationParser::parseEnumValue (152 bytes)
Event: 144.397 Thread 0x542eac00 nmethod 10534 0x039c4ec8 code [0x039c51c0, 0x039c65d0]
Event: 144.399 Thread 0x542eac00 10535       1       java.lang.StackTraceElement::getLineNumber (5 bytes)
Event: 144.400 Thread 0x542eac00 nmethod 10535 0x02286e48 code [0x02286f40, 0x02286fe0]
Event: 144.400 Thread 0x542eac00 10536       1       java.lang.StackTraceElement::getFileName (5 bytes)
Event: 144.401 Thread 0x542eac00 nmethod 10536 0x023072c8 code [0x023073c0, 0x02307460]

GC Heap History (10 events):
Event: 86.955 GC heap before
{Heap before GC invocations=22 (full 3):
 PSYoungGen      total 134144K, used 134138K [0x3c0c0000, 0x47080000, 0x51600000)
  eden space 122624K, 100% used [0x3c0c0000,0x43880000,0x43880000)
  from space 11520K, 99% used [0x44640000,0x4517ebb0,0x45180000)
  to   space 14080K, 0% used [0x43880000,0x43880000,0x44640000)
 ParOldGen       total 36352K, used 29800K [0x11600000, 0x13980000, 0x3c0c0000)
  object space 36352K, 81% used [0x11600000,0x1331a0e0,0x13980000)
 Metaspace       used 43218K, capacity 44359K, committed 44416K, reserved 44416K
Event: 87.023 GC heap after
Heap after GC invocations=22 (full 3):
 PSYoungGen      total 136704K, used 9040K [0x3c0c0000, 0x46cc0000, 0x51600000)
  eden space 122624K, 0% used [0x3c0c0000,0x3c0c0000,0x43880000)
  from space 14080K, 64% used [0x43880000,0x44154100,0x44640000)
  to   space 14592K, 0% used [0x45e80000,0x45e80000,0x46cc0000)
 ParOldGen       total 37376K, used 37297K [0x11600000, 0x13a80000, 0x3c0c0000)
  object space 37376K, 99% used [0x11600000,0x13a6c6c0,0x13a80000)
 Metaspace       used 43218K, capacity 44359K, committed 44416K, reserved 44416K
}
Event: 87.023 GC heap before
{Heap before GC invocations=23 (full 4):
 PSYoungGen      total 136704K, used 9040K [0x3c0c0000, 0x46cc0000, 0x51600000)
  eden space 122624K, 0% used [0x3c0c0000,0x3c0c0000,0x43880000)
  from space 14080K, 64% used [0x43880000,0x44154100,0x44640000)
  to   space 14592K, 0% used [0x45e80000,0x45e80000,0x46cc0000)
 ParOldGen       total 37376K, used 37297K [0x11600000, 0x13a80000, 0x3c0c0000)
  object space 37376K, 99% used [0x11600000,0x13a6c6c0,0x13a80000)
 Metaspace       used 43218K, capacity 44359K, committed 44416K, reserved 44416K
Event: 87.578 GC heap after
Heap after GC invocations=23 (full 4):
 PSYoungGen      total 136704K, used 1006K [0x3c0c0000, 0x46cc0000, 0x51600000)
  eden space 122624K, 0% used [0x3c0c0000,0x3c0c0000,0x43880000)
  from space 14080K, 7% used [0x43880000,0x4397bb88,0x44640000)
  to   space 14592K, 0% used [0x45e80000,0x45e80000,0x46cc0000)
 ParOldGen       total 66048K, used 37263K [0x11600000, 0x15680000, 0x3c0c0000)
  object space 66048K, 56% used [0x11600000,0x13a63f20,0x15680000)
 Metaspace       used 43202K, capacity 44319K, committed 44416K, reserved 44416K
}
Event: 94.423 GC heap before
{Heap before GC invocations=24 (full 4):
 PSYoungGen      total 136704K, used 121684K [0x3c0c0000, 0x46cc0000, 0x51600000)
  eden space 122624K, 98% used [0x3c0c0000,0x43699590,0x43880000)
  from space 14080K, 7% used [0x43880000,0x4397bb88,0x44640000)
  to   space 14592K, 0% used [0x45e80000,0x45e80000,0x46cc0000)
 ParOldGen       total 66048K, used 37263K [0x11600000, 0x15680000, 0x3c0c0000)
  object space 66048K, 56% used [0x11600000,0x13a63f20,0x15680000)
 Metaspace       used 43665K, capacity 44809K, committed 44928K, reserved 45440K
Event: 94.585 GC heap after
Heap after GC invocations=24 (full 4):
 PSYoungGen      total 155392K, used 14577K [0x3c0c0000, 0x47a40000, 0x51600000)
  eden space 140800K, 0% used [0x3c0c0000,0x3c0c0000,0x44a40000)
  from space 14592K, 99% used [0x45e80000,0x46cbc558,0x46cc0000)
  to   space 20736K, 0% used [0x44a40000,0x44a40000,0x45e80000)
 ParOldGen       total 66048K, used 47986K [0x11600000, 0x15680000, 0x3c0c0000)
  object space 66048K, 72% used [0x11600000,0x144dcaf8,0x15680000)
 Metaspace       used 43665K, capacity 44809K, committed 44928K, reserved 45440K
}
Event: 142.708 GC heap before
{Heap before GC invocations=25 (full 4):
 PSYoungGen      total 155392K, used 155377K [0x3c0c0000, 0x47a40000, 0x51600000)
  eden space 140800K, 100% used [0x3c0c0000,0x44a40000,0x44a40000)
  from space 14592K, 99% used [0x45e80000,0x46cbc558,0x46cc0000)
  to   space 20736K, 0% used [0x44a40000,0x44a40000,0x45e80000)
 ParOldGen       total 66048K, used 47986K [0x11600000, 0x15680000, 0x3c0c0000)
  object space 66048K, 72% used [0x11600000,0x144dcaf8,0x15680000)
 Metaspace       used 46452K, capacity 47634K, committed 47744K, reserved 48512K
Event: 142.799 GC heap after
Heap after GC invocations=25 (full 4):
 PSYoungGen      total 161536K, used 14937K [0x3c0c0000, 0x48f40000, 0x51600000)
  eden space 140800K, 0% used [0x3c0c0000,0x3c0c0000,0x44a40000)
  from space 20736K, 72% used [0x44a40000,0x458d65a8,0x45e80000)
  to   space 22272K, 0% used [0x47980000,0x47980000,0x48f40000)
 ParOldGen       total 66048K, used 62578K [0x11600000, 0x15680000, 0x3c0c0000)
  object space 66048K, 94% used [0x11600000,0x1531c8d0,0x15680000)
 Metaspace       used 46452K, capacity 47634K, committed 47744K, reserved 48512K
}
Event: 142.799 GC heap before
{Heap before GC invocations=26 (full 5):
 PSYoungGen      total 161536K, used 14937K [0x3c0c0000, 0x48f40000, 0x51600000)
  eden space 140800K, 0% used [0x3c0c0000,0x3c0c0000,0x44a40000)
  from space 20736K, 72% used [0x44a40000,0x458d65a8,0x45e80000)
  to   space 22272K, 0% used [0x47980000,0x47980000,0x48f40000)
 ParOldGen       total 66048K, used 62578K [0x11600000, 0x15680000, 0x3c0c0000)
  object space 66048K, 94% used [0x11600000,0x1531c8d0,0x15680000)
 Metaspace       used 46452K, capacity 47634K, committed 47744K, reserved 48512K
Event: 143.111 GC heap after
Heap after GC invocations=26 (full 5):
 PSYoungGen      total 161536K, used 0K [0x3c0c0000, 0x48f40000, 0x51600000)
  eden space 140800K, 0% used [0x3c0c0000,0x3c0c0000,0x44a40000)
  from space 20736K, 0% used [0x44a40000,0x44a40000,0x45e80000)
  to   space 22272K, 0% used [0x47980000,0x47980000,0x48f40000)
 ParOldGen       total 88832K, used 47316K [0x11600000, 0x16cc0000, 0x3c0c0000)
  object space 88832K, 53% used [0x11600000,0x14435120,0x16cc0000)
 Metaspace       used 46452K, capacity 47634K, committed 47744K, reserved 48512K
}

Deoptimization events (10 events):
Event: 143.948 Thread 0x57725800 Uncommon trap: reason=class_check action=maybe_recompile pc=0x0358594c method=com.android.ide.common.symbols.SymbolTable$getSymbolByResourceType$$inlined$compareBy$1.compare(Ljava/lang/Object;Ljava/lang/Object;)I @ 3
Event: 143.977 Thread 0x57725800 Uncommon trap: reason=bimorphic action=maybe_recompile pc=0x033b921c method=com.android.ide.common.symbols.SymbolTable$getSymbolByResourceType$$inlined$compareBy$1.compare(Ljava/lang/Object;Ljava/lang/Object;)I @ 13
Event: 143.977 Thread 0x57725800 Uncommon trap: reason=bimorphic action=maybe_recompile pc=0x033b921c method=com.android.ide.common.symbols.SymbolTable$getSymbolByResourceType$$inlined$compareBy$1.compare(Ljava/lang/Object;Ljava/lang/Object;)I @ 13
Event: 143.977 Thread 0x57725800 Uncommon trap: reason=bimorphic action=maybe_recompile pc=0x033b921c method=com.android.ide.common.symbols.SymbolTable$getSymbolByResourceType$$inlined$compareBy$1.compare(Ljava/lang/Object;Ljava/lang/Object;)I @ 13
Event: 143.977 Thread 0x57725800 Uncommon trap: reason=bimorphic action=maybe_recompile pc=0x033b921c method=com.android.ide.common.symbols.SymbolTable$getSymbolByResourceType$$inlined$compareBy$1.compare(Ljava/lang/Object;Ljava/lang/Object;)I @ 13
Event: 144.061 Thread 0x57725800 Uncommon trap: reason=unstable_if action=reinterpret pc=0x034baa3c method=org.objectweb.asm.ByteVector.putShort(I)Lorg/objectweb/asm/ByteVector; @ 13
Event: 144.085 Thread 0x57725800 Uncommon trap: reason=unstable_if action=reinterpret pc=0x033b41d4 method=org.objectweb.asm.ByteVector.putByte(I)Lorg/objectweb/asm/ByteVector; @ 13
Event: 144.296 Thread 0x5689f800 Uncommon trap: reason=class_check action=maybe_recompile pc=0x02a86e58 method=java.lang.Throwable.<init>(Ljava/lang/String;Ljava/lang/Throwable;)V @ 24
Event: 144.301 Thread 0x5689f800 Uncommon trap: reason=unstable_if action=reinterpret pc=0x03903a4c method=org.gradle.api.internal.changedetection.state.CachingFileHasher.snapshot(Ljava/io/File;JJ)Lorg/gradle/api/internal/changedetection/state/CachingFileHasher$FileInfo; @ 48
Event: 144.389 Thread 0x568a2000 Uncommon trap: reason=predicate action=maybe_recompile pc=0x033ba514 method=java.util.TimSort.binarySort([Ljava/lang/Object;IIILjava/util/Comparator;)V @ 37

Classes redefined (0 events):
No events

Internal exceptions (10 events):
Event: 112.239 Thread 0x5689f800 Exception <a 'java/lang/NoSuchMethodError': <clinit>> (0x435f9e20) thrown at [D:\src\AOSP-openjdk-cygwin\jdk8u\hotspot\src\share\vm\prims\jni.cpp, line 1614]
Event: 112.464 Thread 0x57725800 Exception <a 'java/lang/NoSuchMethodError': java.lang.Object.lambda$negate$1(Ljava/lang/Object;)Z> (0x437f3f20) thrown at [D:\src\AOSP-openjdk-cygwin\jdk8u\hotspot\src\share\vm\interpreter\linkResolver.cpp, line 620]
Event: 143.669 Thread 0x57725800 Exception <a 'sun/nio/fs/WindowsException'> (0x3cd3d9b0) thrown at [D:\src\AOSP-openjdk-cygwin\jdk8u\hotspot\src\share\vm\prims\jni.cpp, line 710]
Event: 143.678 Thread 0x57725800 Exception <a 'sun/nio/fs/WindowsException'> (0x3cd656c8) thrown at [D:\src\AOSP-openjdk-cygwin\jdk8u\hotspot\src\share\vm\prims\jni.cpp, line 710]
Event: 143.678 Thread 0x57725800 Exception <a 'sun/nio/fs/WindowsException'> (0x3cd65b50) thrown at [D:\src\AOSP-openjdk-cygwin\jdk8u\hotspot\src\share\vm\prims\jni.cpp, line 710]
Event: 144.293 Thread 0x57725800 Exception <a 'java/lang/OutOfMemoryError'> (0x3dff3c60) thrown at [D:\src\AOSP-openjdk-cygwin\jdk8u\hotspot\src\share\vm\prims\jni.cpp, line 736]
Event: 144.300 Thread 0x5689f800 Exception <a 'java/lang/reflect/InvocationTargetException'> (0x3e19d990) thrown at [D:\src\AOSP-openjdk-cygwin\jdk8u\hotspot\src\share\vm\runtime\reflection.cpp, line 1092]
Event: 144.344 Thread 0x562d2000 Exception <a 'java/lang/OutOfMemoryError'> (0x3e2ef1c8) thrown at [D:\src\AOSP-openjdk-cygwin\jdk8u\hotspot\src\share\vm\prims\jni.cpp, line 736]
Event: 144.383 Thread 0x568a2000 Exception <a 'java/lang/NoSuchMethodError': <clinit>> (0x3c0cb168) thrown at [D:\src\AOSP-openjdk-cygwin\jdk8u\hotspot\src\share\vm\prims\jni.cpp, line 1614]
Event: 144.389 Thread 0x568a2000 Exception <a 'java/lang/NoSuchMethodError': <clinit>> (0x3e4bee30) thrown at [D:\src\AOSP-openjdk-cygwin\jdk8u\hotspot\src\share\vm\prims\jni.cpp, line 1614]

Events (10 events):
Event: 144.394 Executing VM operation: RevokeBias
Event: 144.394 Executing VM operation: RevokeBias done
Event: 144.394 Executing VM operation: RevokeBias
Event: 144.394 Executing VM operation: RevokeBias done
Event: 144.394 Thread 0x542b5400 flushing nmethod 0x02286d08
Event: 144.394 loading class org/gradle/internal/exceptions/Contextual
Event: 144.394 loading class org/gradle/internal/exceptions/Contextual done
Event: 144.397 Thread 0x542eac00 flushing nmethod 0x02306e48
Event: 144.402 loading class org/gradle/internal/exceptions/LocationAwareException$1
Event: 144.402 loading class org/gradle/internal/exceptions/LocationAwareException$1 done


Dynamic libraries:
0x008d0000 - 0x008fd000 	C:\Program Files\android-studio\jre\bin\java.exe
0x776f0000 - 0x77889000 	C:\WINDOWS\SYSTEM32\ntdll.dll
0x76db0000 - 0x76e48000 	C:\WINDOWS\System32\KERNEL32.DLL
0x74d10000 - 0x74f0d000 	C:\WINDOWS\System32\KERNELBASE.dll
0x72a30000 - 0x72acf000 	C:\WINDOWS\SYSTEM32\apphelp.dll
0x755c0000 - 0x75639000 	C:\WINDOWS\System32\ADVAPI32.dll
0x76c20000 - 0x76cdf000 	C:\WINDOWS\System32\msvcrt.dll
0x76d30000 - 0x76da6000 	C:\WINDOWS\System32\sechost.dll
0x756f0000 - 0x757b0000 	C:\WINDOWS\System32\RPCRT4.dll
0x77570000 - 0x776e8000 	C:\WINDOWS\System32\USER32.dll
0x74b00000 - 0x74b1c000 	C:\WINDOWS\System32\win32u.dll
0x76bf0000 - 0x76c11000 	C:\WINDOWS\System32\GDI32.dll
0x74b20000 - 0x74c80000 	C:\WINDOWS\System32\gdi32full.dll
0x74980000 - 0x749fc000 	C:\WINDOWS\System32\msvcp_win.dll
0x747f0000 - 0x74910000 	C:\WINDOWS\System32\ucrtbase.dll
0x5ee30000 - 0x5f03f000 	C:\WINDOWS\WinSxS\x86_microsoft.windows.common-controls_6595b64144ccf1df_6.0.18362.1139_none_e62929aaf8dc83cc\COMCTL32.dll
0x76410000 - 0x76685000 	C:\WINDOWS\System32\combase.dll
0x74f10000 - 0x74f6f000 	C:\WINDOWS\System32\bcryptPrimitives.dll
0x756c0000 - 0x756e6000 	C:\WINDOWS\System32\IMM32.DLL
0x69ce0000 - 0x69d9f000 	C:\Program Files\android-studio\jre\jre\bin\msvcr100.dll
0x7bfd0000 - 0x7c5b9000 	C:\Program Files\android-studio\jre\jre\bin\server\jvm.dll
0x757b0000 - 0x757b6000 	C:\WINDOWS\System32\PSAPI.DLL
0x60020000 - 0x60028000 	C:\WINDOWS\SYSTEM32\WSOCK32.dll
0x75560000 - 0x755be000 	C:\WINDOWS\System32\WS2_32.dll
0x72d40000 - 0x72d64000 	C:\WINDOWS\SYSTEM32\WINMM.dll
0x6df40000 - 0x6df48000 	C:\WINDOWS\SYSTEM32\VERSION.dll
0x72d10000 - 0x72d33000 	C:\WINDOWS\SYSTEM32\WINMMBASE.dll
0x747b0000 - 0x747eb000 	C:\WINDOWS\System32\cfgmgr32.dll
0x5a000000 - 0x5a00c000 	C:\Program Files\android-studio\jre\jre\bin\verify.dll
0x55b50000 - 0x55b71000 	C:\Program Files\android-studio\jre\jre\bin\java.dll
0x56ce0000 - 0x56cf4000 	C:\Program Files\android-studio\jre\jre\bin\zip.dll
0x75ce0000 - 0x7625a000 	C:\WINDOWS\System32\SHELL32.dll
0x76690000 - 0x76714000 	C:\WINDOWS\System32\shcore.dll
0x74f70000 - 0x75531000 	C:\WINDOWS\System32\windows.storage.dll
0x74770000 - 0x7478b000 	C:\WINDOWS\System32\profapi.dll
0x74710000 - 0x74753000 	C:\WINDOWS\System32\powrprof.dll
0x746f0000 - 0x746fd000 	C:\WINDOWS\System32\UMPDC.dll
0x76ce0000 - 0x76d24000 	C:\WINDOWS\System32\shlwapi.dll
0x74700000 - 0x7470f000 	C:\WINDOWS\System32\kernel.appcore.dll
0x74790000 - 0x747a3000 	C:\WINDOWS\System32\cryptsp.dll
0x56bb0000 - 0x56bc5000 	C:\Program Files\android-studio\jre\jre\bin\net.dll
0x773c0000 - 0x7756a000 	C:\WINDOWS\System32\urlmon.dll
0x75840000 - 0x75a6a000 	C:\WINDOWS\System32\iertutil.dll
0x74220000 - 0x7422a000 	C:\WINDOWS\SYSTEM32\CRYPTBASE.DLL
0x740a0000 - 0x740f7000 	C:\WINDOWS\system32\mswsock.dll
0x59dd0000 - 0x59ddf000 	C:\Program Files\android-studio\jre\jre\bin\nio.dll
0x6c4a0000 - 0x6c4c1000 	C:\Users\TOSHIBA\.gradle\native\30\windows-i386\native-platform.dll
0x59bf0000 - 0x59bfa000 	C:\Program Files\android-studio\jre\jre\bin\management.dll
0x73cd0000 - 0x73cff000 	C:\WINDOWS\system32\rsaenh.dll
0x74910000 - 0x7492b000 	C:\WINDOWS\System32\bcrypt.dll
0x74640000 - 0x7465e000 	C:\WINDOWS\SYSTEM32\USERENV.dll
0x73e30000 - 0x73e62000 	C:\WINDOWS\SYSTEM32\IPHLPAPI.DLL
0x76730000 - 0x76737000 	C:\WINDOWS\System32\NSI.dll
0x6d400000 - 0x6d413000 	C:\WINDOWS\SYSTEM32\dhcpcsvc6.DLL
0x6d4a0000 - 0x6d4b5000 	C:\WINDOWS\SYSTEM32\dhcpcsvc.DLL
0x73e80000 - 0x73f14000 	C:\WINDOWS\SYSTEM32\DNSAPI.dll
0x608b0000 - 0x60a3f000 	C:\WINDOWS\SYSTEM32\dbghelp.dll

VM Arguments:
jvm_args: -Xmx1024m -Dfile.encoding=windows-1252 -Duser.country=US -Duser.language=en -Duser.variant 
java_command: org.gradle.launcher.daemon.bootstrap.GradleDaemon 5.6.4
java_class_path (initial): C:\Users\TOSHIBA\.gradle\wrapper\dists\gradle-5.6.4-all\ankdp27end7byghfw1q2sw75f\gradle-5.6.4\lib\gradle-launcher-5.6.4.jar
Launcher Type: SUN_STANDARD

Environment Variables:
JAVA_HOME=C:\Program Files\Java;C:\Program Files\Java\jdk1.8.0_211;C:\Program Files\Java\jdk1.8.0_211\bin
PATH=C:\WINDOWS\System32;C:\Users\TOSHIBA\AppData\Roaming\npm;%USERPROFILE%\AppData\Local\Microsoft\WindowsApps;
USERNAME=TOSHIBA
OS=Windows_NT
PROCESSOR_IDENTIFIER=x86 Family 6 Model 23 Stepping 10, GenuineIntel



---------------  S Y S T E M  ---------------

OS: Windows 10.0 Build 18362 (10.0.18362.1110)

CPU:total 2 (initial active 2) (2 cores per cpu, 1 threads per core) family 6 model 23 stepping 10, cmov, cx8, fxsr, mmx, sse, sse2, sse3, ssse3, sse4.1, tsc

Memory: 4k page, physical 2095092k(153252k free), swap 3119092k(21780k free)

vm_info: OpenJDK Server VM (25.212-b04) for windows-x86 JRE (1.8.0_212-release-1586-b04), built by "builder" with MS VC++ 10.0 (VS2010)

time: Thu Apr 01 11:34:25 2021
timezone: China Standard Time
elapsed time: 145 seconds (0d 0h 2m 25s)

