#
# There is insufficient memory for the Java Runtime Environment to continue.
# Native memory allocation (malloc) failed to allocate 451976 bytes for Chunk::new
# Possible reasons:
#   The system is out of physical RAM or swap space
#   In 32 bit mode, the process size limit was hit
# Possible solutions:
#   Reduce memory load on the system
#   Increase physical memory or swap space
#   Check if swap backing store is full
#   Use 64 bit Java on a 64 bit OS
#   Decrease Java heap size (-Xmx/-Xms)
#   Decrease number of Java threads
#   Decrease Java thread stack sizes (-Xss)
#   Set larger code cache with -XX:ReservedCodeCacheSize=
# This output file may be truncated or incomplete.
#
#  Out of Memory Error (allocation.cpp:389), pid=108, tid=0x00001258
#
# JRE version: OpenJDK Runtime Environment (8.0_212-b04) (build 1.8.0_212-release-1586-b04)
# Java VM: OpenJDK Server VM (25.212-b04 mixed mode windows-x86 )
# Failed to write core dump. Minidumps are not enabled by default on client versions of Windows
#

---------------  T H R E A D  ---------------

Current thread (0x54806400):  JavaThread "C2 CompilerThread0" daemon [_thread_in_native, id=4696, stack(0x54ac0000,0x54b10000)]

Stack: [0x54ac0000,0x54b10000],  sp=0x54b0dc88,  free space=311k
Native frames: (J=compiled Java code, j=interpreted, Vv=VM code, C=native code)
V  [jvm.dll+0x1a67db]
V  [jvm.dll+0x19ed58]
V  [jvm.dll+0x7d871]
V  [jvm.dll+0x7dd77]
V  [jvm.dll+0x95314]
V  [jvm.dll+0x309330]
V  [jvm.dll+0x340888]
V  [jvm.dll+0x2fac25]
V  [jvm.dll+0x300026]
V  [jvm.dll+0x300875]
V  [jvm.dll+0x2ea216]
V  [jvm.dll+0x60e47]
V  [jvm.dll+0x615ef]
V  [jvm.dll+0x177ab0]
V  [jvm.dll+0x1782eb]
V  [jvm.dll+0x1b8e46]
C  [msvcr100.dll+0x5c556]
C  [msvcr100.dll+0x5c600]
C  [KERNEL32.DLL+0x223d9]
C  [ntdll.dll+0x5e6cb]
C  [ntdll.dll+0x5e69f]
C  0x00000000


Current CompileTask:
C2:  83514 5966       4       org.gradle.internal.instantiation.AbstractClassGenerator::inspectType (559 bytes)


---------------  P R O C E S S  ---------------

Java Threads: ( => current thread )
  0x54e11800 JavaThread "Execution worker for ':'" [_thread_blocked, id=276, stack(0x572d0000,0x57320000)]
  0x54e15c00 JavaThread "Cache worker for file content cache (C:\Users\TOSHIBA\AndroidStudioProjects\TaguigHealthConsult\.gradle\5.6.4\fileContent)" [_thread_blocked, id=1660, stack(0x5b320000,0x5b370000)]
  0x54e11000 JavaThread "Cache worker for file content cache (C:\Users\TOSHIBA\.gradle\caches\5.6.4\fileContent)" [_thread_blocked, id=3480, stack(0x00e00000,0x00e50000)]
  0x54e13800 JavaThread "Memory manager" [_thread_blocked, id=3664, stack(0x00b90000,0x00be0000)]
  0x54e15800 JavaThread "Cache worker for Build Output Cleanup Cache (C:\Users\TOSHIBA\AndroidStudioProjects\TaguigHealthConsult\.gradle\buildOutputCleanup)" [_thread_blocked, id=6632, stack(0x59b00000,0x59b50000)]
  0x54e10000 JavaThread "pool-1-thread-1" [_thread_blocked, id=7772, stack(0x598b0000,0x59900000)]
  0x54e15000 JavaThread "Build operations Thread 2" [_thread_blocked, id=4620, stack(0x594c0000,0x59510000)]
  0x54e16400 JavaThread "Build operations" [_thread_blocked, id=7588, stack(0x59470000,0x594c0000)]
  0x54e10c00 JavaThread "Cache worker for execution history cache (C:\Users\TOSHIBA\.gradle\caches\5.6.4\executionHistory)" [_thread_blocked, id=6292, stack(0x59220000,0x59270000)]
  0x54e12000 JavaThread "Cache worker for cache directory md-rule (C:\Users\TOSHIBA\.gradle\caches\5.6.4\md-rule)" [_thread_blocked, id=5920, stack(0x591d0000,0x59220000)]
  0x54e12400 JavaThread "Cache worker for cache directory md-supplier (C:\Users\TOSHIBA\.gradle\caches\5.6.4\md-supplier)" [_thread_blocked, id=4252, stack(0x59180000,0x591d0000)]
  0x54d2b800 JavaThread "Cache worker for file hash cache (C:\Users\TOSHIBA\AndroidStudioProjects\TaguigHealthConsult\.gradle\5.6.4\fileHashes)" [_thread_blocked, id=8144, stack(0x58830000,0x58880000)]
  0x54d2bc00 JavaThread "Cache worker for journal cache (C:\Users\TOSHIBA\.gradle\caches\journal-1)" [_thread_blocked, id=1396, stack(0x57610000,0x57660000)]
  0x54d2b000 JavaThread "File lock request listener" [_thread_in_native, id=6512, stack(0x575c0000,0x57610000)]
  0x54d2ac00 JavaThread "Cache worker for file hash cache (C:\Users\TOSHIBA\.gradle\caches\5.6.4\fileHashes)" [_thread_blocked, id=6112, stack(0x57570000,0x575c0000)]
  0x54c17800 JavaThread "Thread-9" [_thread_blocked, id=7880, stack(0x57320000,0x57370000)]
  0x54c48000 JavaThread "Asynchronous log dispatcher for DefaultDaemonConnection: socket connection from /127.0.0.1:51562 to /127.0.0.1:51563" [_thread_blocked, id=6496, stack(0x57280000,0x572d0000)]
  0x54c17400 JavaThread "Daemon worker" [_thread_in_native, id=6492, stack(0x57230000,0x57280000)]
  0x55a1f800 JavaThread "Cancel handler" [_thread_blocked, id=5816, stack(0x571e0000,0x57230000)]
  0x551fb000 JavaThread "Handler for socket connection from /127.0.0.1:51562 to /127.0.0.1:51563" [_thread_in_native, id=7112, stack(0x57190000,0x571e0000)]
  0x551c3400 JavaThread "Daemon" [_thread_blocked, id=6628, stack(0x57140000,0x57190000)]
  0x5480ec00 JavaThread "Daemon periodic checks" [_thread_blocked, id=1504, stack(0x570f0000,0x57140000)]
  0x5480e400 JavaThread "Incoming local TCP Connector on port 51562" [_thread_in_native, id=6528, stack(0x56e60000,0x56eb0000)]
  0x561bd800 JavaThread "Daemon health stats" [_thread_blocked, id=4668, stack(0x569d0000,0x56a20000)]
  0x54847800 JavaThread "Service Thread" daemon [_thread_blocked, id=4296, stack(0x54b60000,0x54bb0000)]
  0x54844000 JavaThread "C1 CompilerThread1" daemon [_thread_blocked, id=232, stack(0x54b10000,0x54b60000)]
=>0x54806400 JavaThread "C2 CompilerThread0" daemon [_thread_in_native, id=4696, stack(0x54ac0000,0x54b10000)]
  0x54802000 JavaThread "Attach Listener" daemon [_thread_blocked, id=6504, stack(0x54a70000,0x54ac0000)]
  0x54801000 JavaThread "Signal Dispatcher" daemon [_thread_blocked, id=2068, stack(0x54a20000,0x54a70000)]
  0x547e5800 JavaThread "Finalizer" daemon [_thread_blocked, id=3848, stack(0x53c60000,0x53cb0000)]
  0x547df000 JavaThread "Reference Handler" daemon [_thread_blocked, id=7732, stack(0x53c10000,0x53c60000)]
  0x01fac400 JavaThread "main" [_thread_blocked, id=5548, stack(0x00e60000,0x00eb0000)]

Other Threads:
  0x547c9400 VMThread [stack: 0x53bc0000,0x53c10000] [id=4952]
  0x54849800 WatcherThread [stack: 0x54bb0000,0x54c00000] [id=5000]

VM state:not at safepoint (normal execution)

VM Mutex/Monitor currently owned by a thread: None

Heap:
 PSYoungGen      total 134144K, used 108992K [0x3bec0000, 0x44b80000, 0x51400000)
  eden space 125696K, 79% used [0x3bec0000,0x420f2da8,0x43980000)
  from space 8448K, 99% used [0x44340000,0x44b7d550,0x44b80000)
  to   space 9216K, 0% used [0x43980000,0x43980000,0x44280000)
 ParOldGen       total 31744K, used 24984K [0x11400000, 0x13300000, 0x3bec0000)
  object space 31744K, 78% used [0x11400000,0x12c662b0,0x13300000)
 Metaspace       used 38569K, capacity 39611K, committed 39680K, reserved 40320K

Card table byte_map: [0x51400000,0x51610000] byte_map_base: 0x51376000

Marking Bits: (ParMarkBitMap*) 0x54248620
 Begin Bits: [0x517c0000, 0x527c0000)
 End Bits:   [0x527c0000, 0x537c0000)

Polling page: 0x00ec0000

CodeCache: size=245760Kb used=14987Kb max_used=14987Kb free=230772Kb
 bounds [0x02000000, 0x02ea8000, 0x11000000]
 total_blobs=6097 nmethods=5634 adapters=376
 compilation: enabled

Compilation events (10 events):
Event: 81.935 Thread 0x54844000 5993       3       com.google.common.collect.RegularImmutableSortedSet::iterator (8 bytes)
Event: 81.935 Thread 0x54844000 nmethod 5993 0x02e84348 code [0x02e84460, 0x02e8474c]
Event: 81.935 Thread 0x54844000 5994       3       org.gradle.api.internal.tasks.properties.bean.AbstractNestedRuntimeBeanNode$BeanPropertyValue::isProvider (13 bytes)
Event: 81.936 Thread 0x54844000 nmethod 5994 0x02e84848 code [0x02e84960, 0x02e84b4c]
Event: 81.936 Thread 0x54844000 5995       1       com.android.build.gradle.internal.core.VariantConfiguration::getBuildType (5 bytes)
Event: 81.936 Thread 0x54844000 nmethod 5995 0x02e84c08 code [0x02e84d00, 0x02e84da0]
Event: 81.985 Thread 0x54844000 5996       3       org.gradle.api.internal.provider.DefaultProperty::get (14 bytes)
Event: 81.985 Thread 0x54844000 nmethod 5996 0x02e84e08 code [0x02e84f60, 0x02e85418]
Event: 81.987 Thread 0x54844000 5997       1       org.gradle.api.internal.tasks.properties.AbstractPropertyNode::getPropertyName (5 bytes)
Event: 81.988 Thread 0x54844000 nmethod 5997 0x02e85608 code [0x02e85700, 0x02e857a0]

GC Heap History (10 events):
Event: 29.375 GC heap before
{Heap before GC invocations=14 (full 1):
 PSYoungGen      total 88832K, used 81152K [0x3bec0000, 0x41d00000, 0x51400000)
  eden space 81152K, 100% used [0x3bec0000,0x40e00000,0x40e00000)
  from space 7680K, 0% used [0x41580000,0x41580000,0x41d00000)
  to   space 7680K, 0% used [0x40e00000,0x40e00000,0x41580000)
 ParOldGen       total 19968K, used 7643K [0x11400000, 0x12780000, 0x3bec0000)
  object space 19968K, 38% used [0x11400000,0x11b76e50,0x12780000)
 Metaspace       used 20661K, capacity 21012K, committed 21120K, reserved 21888K
Event: 29.403 GC heap after
Heap after GC invocations=14 (full 1):
 PSYoungGen      total 88832K, used 7230K [0x3bec0000, 0x44c00000, 0x51400000)
  eden space 81152K, 0% used [0x3bec0000,0x3bec0000,0x40e00000)
  from space 7680K, 94% used [0x40e00000,0x4150f978,0x41580000)
  to   space 8960K, 0% used [0x44340000,0x44340000,0x44c00000)
 ParOldGen       total 19968K, used 7647K [0x11400000, 0x12780000, 0x3bec0000)
  object space 19968K, 38% used [0x11400000,0x11b77e50,0x12780000)
 Metaspace       used 20661K, capacity 21012K, committed 21120K, reserved 21888K
}
Event: 35.009 GC heap before
{Heap before GC invocations=15 (full 1):
 PSYoungGen      total 88832K, used 88382K [0x3bec0000, 0x44c00000, 0x51400000)
  eden space 81152K, 100% used [0x3bec0000,0x40e00000,0x40e00000)
  from space 7680K, 94% used [0x40e00000,0x4150f978,0x41580000)
  to   space 8960K, 0% used [0x44340000,0x44340000,0x44c00000)
 ParOldGen       total 19968K, used 7647K [0x11400000, 0x12780000, 0x3bec0000)
  object space 19968K, 38% used [0x11400000,0x11b77e50,0x12780000)
 Metaspace       used 23356K, capacity 23779K, committed 23808K, reserved 23936K
Event: 35.038 GC heap after
Heap after GC invocations=15 (full 1):
 PSYoungGen      total 134144K, used 5483K [0x3bec0000, 0x44b80000, 0x51400000)
  eden space 125696K, 0% used [0x3bec0000,0x3bec0000,0x43980000)
  from space 8448K, 64% used [0x44340000,0x4489aeb8,0x44b80000)
  to   space 9216K, 0% used [0x43980000,0x43980000,0x44280000)
 ParOldGen       total 19968K, used 10310K [0x11400000, 0x12780000, 0x3bec0000)
  object space 19968K, 51% used [0x11400000,0x11e11958,0x12780000)
 Metaspace       used 23356K, capacity 23779K, committed 23808K, reserved 23936K
}
Event: 47.918 GC heap before
{Heap before GC invocations=16 (full 1):
 PSYoungGen      total 134144K, used 61430K [0x3bec0000, 0x44b80000, 0x51400000)
  eden space 125696K, 44% used [0x3bec0000,0x3f5629d0,0x43980000)
  from space 8448K, 64% used [0x44340000,0x4489aeb8,0x44b80000)
  to   space 9216K, 0% used [0x43980000,0x43980000,0x44280000)
 ParOldGen       total 19968K, used 10310K [0x11400000, 0x12780000, 0x3bec0000)
  object space 19968K, 51% used [0x11400000,0x11e11958,0x12780000)
 Metaspace       used 26682K, capacity 27248K, committed 27308K, reserved 28032K
Event: 47.955 GC heap after
Heap after GC invocations=16 (full 1):
 PSYoungGen      total 134912K, used 6268K [0x3bec0000, 0x44b80000, 0x51400000)
  eden space 125696K, 0% used [0x3bec0000,0x3bec0000,0x43980000)
  from space 9216K, 68% used [0x43980000,0x43f9f130,0x44280000)
  to   space 8448K, 0% used [0x44340000,0x44340000,0x44b80000)
 ParOldGen       total 19968K, used 11891K [0x11400000, 0x12780000, 0x3bec0000)
  object space 19968K, 59% used [0x11400000,0x11f9cfd0,0x12780000)
 Metaspace       used 26682K, capacity 27248K, committed 27308K, reserved 28032K
}
Event: 47.955 GC heap before
{Heap before GC invocations=17 (full 2):
 PSYoungGen      total 134912K, used 6268K [0x3bec0000, 0x44b80000, 0x51400000)
  eden space 125696K, 0% used [0x3bec0000,0x3bec0000,0x43980000)
  from space 9216K, 68% used [0x43980000,0x43f9f130,0x44280000)
  to   space 8448K, 0% used [0x44340000,0x44340000,0x44b80000)
 ParOldGen       total 19968K, used 11891K [0x11400000, 0x12780000, 0x3bec0000)
  object space 19968K, 59% used [0x11400000,0x11f9cfd0,0x12780000)
 Metaspace       used 26682K, capacity 27248K, committed 27308K, reserved 28032K
Event: 48.216 GC heap after
Heap after GC invocations=17 (full 2):
 PSYoungGen      total 134912K, used 0K [0x3bec0000, 0x44b80000, 0x51400000)
  eden space 125696K, 0% used [0x3bec0000,0x3bec0000,0x43980000)
  from space 9216K, 0% used [0x43980000,0x43980000,0x44280000)
  to   space 8448K, 0% used [0x44340000,0x44340000,0x44b80000)
 ParOldGen       total 31744K, used 17724K [0x11400000, 0x13300000, 0x3bec0000)
  object space 31744K, 55% used [0x11400000,0x1254f378,0x13300000)
 Metaspace       used 26682K, capacity 27248K, committed 27308K, reserved 28032K
}
Event: 62.507 GC heap before
{Heap before GC invocations=18 (full 2):
 PSYoungGen      total 134912K, used 125696K [0x3bec0000, 0x44b80000, 0x51400000)
  eden space 125696K, 100% used [0x3bec0000,0x43980000,0x43980000)
  from space 9216K, 0% used [0x43980000,0x43980000,0x44280000)
  to   space 8448K, 0% used [0x44340000,0x44340000,0x44b80000)
 ParOldGen       total 31744K, used 17724K [0x11400000, 0x13300000, 0x3bec0000)
  object space 31744K, 55% used [0x11400000,0x1254f378,0x13300000)
 Metaspace       used 34584K, capacity 35532K, committed 35584K, reserved 36224K
Event: 62.564 GC heap after
Heap after GC invocations=18 (full 2):
 PSYoungGen      total 134144K, used 8437K [0x3bec0000, 0x44b80000, 0x51400000)
  eden space 125696K, 0% used [0x3bec0000,0x3bec0000,0x43980000)
  from space 8448K, 99% used [0x44340000,0x44b7d550,0x44b80000)
  to   space 9216K, 0% used [0x43980000,0x43980000,0x44280000)
 ParOldGen       total 31744K, used 24984K [0x11400000, 0x13300000, 0x3bec0000)
  object space 31744K, 78% used [0x11400000,0x12c662b0,0x13300000)
 Metaspace       used 34584K, capacity 35532K, committed 35584K, reserved 36224K
}

Deoptimization events (10 events):
Event: 66.285 Thread 0x54c17400 Uncommon trap: reason=bimorphic action=maybe_recompile pc=0x02c00da4 method=java.util.regex.Pattern$5.isSatisfiedBy(I)Z @ 16
Event: 66.285 Thread 0x54c17400 Uncommon trap: reason=bimorphic action=maybe_recompile pc=0x02c00da4 method=java.util.regex.Pattern$5.isSatisfiedBy(I)Z @ 16
Event: 66.285 Thread 0x54c17400 Uncommon trap: reason=bimorphic action=maybe_recompile pc=0x02c00da4 method=java.util.regex.Pattern$5.isSatisfiedBy(I)Z @ 16
Event: 75.782 Thread 0x54c17400 Uncommon trap: reason=unstable_if action=reinterpret pc=0x02436fa4 method=java.util.regex.Pattern$BmpCharProperty.match(Ljava/util/regex/Matcher;ILjava/lang/CharSequence;)Z @ 34
Event: 76.057 Thread 0x54c17400 Uncommon trap: reason=unstable_if action=reinterpret pc=0x02aa9358 method=com.sun.org.apache.xerces.internal.impl.XMLEntityScanner.scanLiteral(ILcom/sun/org/apache/xerces/internal/xni/XMLString;Z)I @ 660
Event: 76.208 Thread 0x54c17400 Uncommon trap: reason=unstable_if action=reinterpret pc=0x02aa76c8 method=com.sun.org.apache.xerces.internal.util.SymbolTable.addSymbol([CII)Ljava/lang/String; @ 38
Event: 77.850 Thread 0x54c17400 Uncommon trap: reason=unstable_if action=reinterpret pc=0x02612a14 method=java.lang.String.lastIndexOf([CII[CIII)I @ 118
Event: 78.190 Thread 0x54c17400 Uncommon trap: reason=predicate action=maybe_recompile pc=0x02789f98 method=java.util.AbstractCollection.toArray([Ljava/lang/Object;)[Ljava/lang/Object; @ 49
Event: 78.395 Thread 0x54c17400 Uncommon trap: reason=unstable_if action=reinterpret pc=0x02a2bde8 method=org.objectweb.asm.ByteVector.putInt(I)Lorg/objectweb/asm/ByteVector; @ 13
Event: 80.401 Thread 0x54c17400 Uncommon trap: reason=unstable_if action=reinterpret pc=0x02d421e0 method=com.esotericsoftware.kryo.io.Input.readString()Ljava/lang/String; @ 38

Classes redefined (0 events):
No events

Internal exceptions (10 events):
Event: 63.172 Thread 0x54c17400 Exception <a 'java/lang/ClassNotFoundException': org/gradle/api/tasks/compile/AbstractOptionsBeanInfo> (0x3cd8b8c0) thrown at [D:\src\AOSP-openjdk-cygwin\jdk8u\hotspot\src\share\vm\classfile\systemDictionary.cpp, line 210]
Event: 63.173 Thread 0x54c17400 Exception <a 'java/lang/ClassNotFoundException': org/gradle/api/tasks/compile/AbstractOptionsCustomizer> (0x3cdb57b0) thrown at [D:\src\AOSP-openjdk-cygwin\jdk8u\hotspot\src\share\vm\classfile\systemDictionary.cpp, line 210]
Event: 63.174 Thread 0x54c17400 Exception <a 'java/lang/ClassNotFoundException': org/gradle/api/tasks/compile/CompileOptionsCustomizer> (0x3cde31c0) thrown at [D:\src\AOSP-openjdk-cygwin\jdk8u\hotspot\src\share\vm\classfile\systemDictionary.cpp, line 210]
Event: 63.180 Thread 0x54c17400 Exception <a 'java/lang/ClassNotFoundException': org/gradle/api/tasks/compile/CompileOptions_DecoratedCustomizer> (0x3ce57c18) thrown at [D:\src\AOSP-openjdk-cygwin\jdk8u\hotspot\src\share\vm\classfile\systemDictionary.cpp, line 210]
Event: 63.187 Thread 0x54c17400 Exception <a 'java/lang/ClassNotFoundException': java/util/ArrayListBeanInfo> (0x3cfcab38) thrown at [D:\src\AOSP-openjdk-cygwin\jdk8u\hotspot\src\share\vm\classfile\systemDictionary.cpp, line 210]
Event: 63.188 Thread 0x54c17400 Exception <a 'java/lang/ClassNotFoundException': java/util/AbstractListBeanInfo> (0x3cfd4140) thrown at [D:\src\AOSP-openjdk-cygwin\jdk8u\hotspot\src\share\vm\classfile\systemDictionary.cpp, line 210]
Event: 63.188 Thread 0x54c17400 Exception <a 'java/lang/ClassNotFoundException': java/util/AbstractListCustomizer> (0x3cfddd10) thrown at [D:\src\AOSP-openjdk-cygwin\jdk8u\hotspot\src\share\vm\classfile\systemDictionary.cpp, line 210]
Event: 63.191 Thread 0x54c17400 Exception <a 'java/lang/ClassNotFoundException': java/util/ArrayListCustomizer> (0x3cff2b08) thrown at [D:\src\AOSP-openjdk-cygwin\jdk8u\hotspot\src\share\vm\classfile\systemDictionary.cpp, line 210]
Event: 67.167 Thread 0x54c17400 Exception <a 'java/lang/ClassNotFoundException': com/sun/org/glassfish/hk2/osgiresourcelocator/ServiceLoader> (0x3e1153a0) thrown at [D:\src\AOSP-openjdk-cygwin\jdk8u\hotspot\src\share\vm\classfile\systemDictionary.cpp, line 210]
Event: 71.838 Thread 0x54c17400 Exception <a 'java/lang/NullPointerException'> (0x3e5ba498) thrown at [D:\src\AOSP-openjdk-cygwin\jdk8u\hotspot\src\share\vm\interpreter\linkResolver.cpp, line 1287]

Events (10 events):
Event: 81.967 loading class com/google/common/collect/Sets$ImprovedAbstractSet
Event: 81.967 loading class com/google/common/collect/Sets$ImprovedAbstractSet done
Event: 81.983 loading class com/google/common/collect/AbstractMapBasedMultimap$KeySet$1
Event: 81.983 loading class com/google/common/collect/AbstractMapBasedMultimap$KeySet$1 done
Event: 81.988 loading class com/android/build/gradle/tasks/MergeSourceSetFolders$MergeShaderSourceFoldersCreationAction$configure$assetDirFunction$1
Event: 81.988 loading class com/android/build/gradle/tasks/MergeSourceSetFolders$MergeShaderSourceFoldersCreationAction$configure$assetDirFunction$1 done
Event: 81.989 loading class com/android/build/gradle/tasks/MergeSourceSetFolders$MergeShaderSourceFoldersCreationAction$configure$1
Event: 81.989 loading class com/android/build/gradle/tasks/MergeSourceSetFolders$MergeShaderSourceFoldersCreationAction$configure$1 done
Event: 82.015 loading class com/android/build/gradle/tasks/MergeSourceSetFolders$MergeShaderSourceFoldersCreationAction$configure$2
Event: 82.015 loading class com/android/build/gradle/tasks/MergeSourceSetFolders$MergeShaderSourceFoldersCreationAction$configure$2 done


Dynamic libraries:
0x00a90000 - 0x00abd000 	C:\Program Files\android-studio\jre\bin\java.exe
0x77540000 - 0x776d9000 	C:\WINDOWS\SYSTEM32\ntdll.dll
0x76ba0000 - 0x76c38000 	C:\WINDOWS\System32\KERNEL32.DLL
0x750e0000 - 0x752dd000 	C:\WINDOWS\System32\KERNELBASE.dll
0x72bf0000 - 0x72c8f000 	C:\WINDOWS\SYSTEM32\apphelp.dll
0x75690000 - 0x75709000 	C:\WINDOWS\System32\ADVAPI32.dll
0x76030000 - 0x760ef000 	C:\WINDOWS\System32\msvcrt.dll
0x75bc0000 - 0x75c36000 	C:\WINDOWS\System32\sechost.dll
0x75c40000 - 0x75d00000 	C:\WINDOWS\System32\RPCRT4.dll
0x75510000 - 0x75688000 	C:\WINDOWS\System32\USER32.dll
0x75370000 - 0x7538c000 	C:\WINDOWS\System32\win32u.dll
0x76c40000 - 0x76c61000 	C:\WINDOWS\System32\GDI32.dll
0x74ea0000 - 0x75000000 	C:\WINDOWS\System32\gdi32full.dll
0x75000000 - 0x7507c000 	C:\WINDOWS\System32\msvcp_win.dll
0x74d80000 - 0x74ea0000 	C:\WINDOWS\System32\ucrtbase.dll
0x69030000 - 0x6923f000 	C:\WINDOWS\WinSxS\x86_microsoft.windows.common-controls_6595b64144ccf1df_6.0.18362.1139_none_e62929aaf8dc83cc\COMCTL32.dll
0x770e0000 - 0x77355000 	C:\WINDOWS\System32\combase.dll
0x75080000 - 0x750df000 	C:\WINDOWS\System32\bcryptPrimitives.dll
0x76c70000 - 0x76c96000 	C:\WINDOWS\System32\IMM32.DLL
0x5ed00000 - 0x5edbf000 	C:\Program Files\android-studio\jre\jre\bin\msvcr100.dll
0x53cd0000 - 0x542b9000 	C:\Program Files\android-studio\jre\jre\bin\server\jvm.dll
0x76cb0000 - 0x76cb6000 	C:\WINDOWS\System32\PSAPI.DLL
0x66cf0000 - 0x66cf8000 	C:\WINDOWS\SYSTEM32\WSOCK32.dll
0x71a80000 - 0x71aa4000 	C:\WINDOWS\SYSTEM32\WINMM.dll
0x76ef0000 - 0x76f4e000 	C:\WINDOWS\System32\WS2_32.dll
0x6e6b0000 - 0x6e6b8000 	C:\WINDOWS\SYSTEM32\VERSION.dll
0x71a50000 - 0x71a73000 	C:\WINDOWS\SYSTEM32\WINMMBASE.dll
0x74d40000 - 0x74d7b000 	C:\WINDOWS\System32\cfgmgr32.dll
0x705a0000 - 0x705ac000 	C:\Program Files\android-studio\jre\jre\bin\verify.dll
0x699e0000 - 0x69a01000 	C:\Program Files\android-studio\jre\jre\bin\java.dll
0x6a420000 - 0x6a434000 	C:\Program Files\android-studio\jre\jre\bin\zip.dll
0x765c0000 - 0x76b3a000 	C:\WINDOWS\System32\SHELL32.dll
0x76f50000 - 0x76fd4000 	C:\WINDOWS\System32\shcore.dll
0x74600000 - 0x74bc1000 	C:\WINDOWS\System32\windows.storage.dll
0x74550000 - 0x7456b000 	C:\WINDOWS\System32\profapi.dll
0x74590000 - 0x745d3000 	C:\WINDOWS\System32\powrprof.dll
0x74540000 - 0x7454d000 	C:\WINDOWS\System32\UMPDC.dll
0x76570000 - 0x765b4000 	C:\WINDOWS\System32\shlwapi.dll
0x74580000 - 0x7458f000 	C:\WINDOWS\System32\kernel.appcore.dll
0x745e0000 - 0x745f3000 	C:\WINDOWS\System32\cryptsp.dll
0x62f30000 - 0x62f45000 	C:\Program Files\android-studio\jre\jre\bin\net.dll
0x77390000 - 0x7753a000 	C:\WINDOWS\System32\urlmon.dll
0x76cc0000 - 0x76eea000 	C:\WINDOWS\System32\iertutil.dll
0x74070000 - 0x7407a000 	C:\WINDOWS\SYSTEM32\CRYPTBASE.DLL
0x73ef0000 - 0x73f47000 	C:\WINDOWS\system32\mswsock.dll
0x70590000 - 0x7059f000 	C:\Program Files\android-studio\jre\jre\bin\nio.dll
0x5edc0000 - 0x5ede1000 	C:\Users\TOSHIBA\.gradle\native\30\windows-i386\native-platform.dll
0x70540000 - 0x7054a000 	C:\Program Files\android-studio\jre\jre\bin\management.dll
0x73b20000 - 0x73b4f000 	C:\WINDOWS\system32\rsaenh.dll
0x74c20000 - 0x74c3b000 	C:\WINDOWS\System32\bcrypt.dll
0x74460000 - 0x7447e000 	C:\WINDOWS\SYSTEM32\USERENV.dll
0x73c80000 - 0x73cb2000 	C:\WINDOWS\SYSTEM32\IPHLPAPI.DLL
0x77380000 - 0x77387000 	C:\WINDOWS\System32\NSI.dll
0x6ce00000 - 0x6ce13000 	C:\WINDOWS\SYSTEM32\dhcpcsvc6.DLL
0x6cf10000 - 0x6cf25000 	C:\WINDOWS\SYSTEM32\dhcpcsvc.DLL
0x73cd0000 - 0x73d64000 	C:\WINDOWS\SYSTEM32\DNSAPI.dll
0x62840000 - 0x629cf000 	C:\WINDOWS\SYSTEM32\dbghelp.dll

VM Arguments:
jvm_args: -Xmx1024m -Dfile.encoding=windows-1252 -Duser.country=US -Duser.language=en -Duser.variant 
java_command: org.gradle.launcher.daemon.bootstrap.GradleDaemon 5.6.4
java_class_path (initial): C:\Users\TOSHIBA\.gradle\wrapper\dists\gradle-5.6.4-all\ankdp27end7byghfw1q2sw75f\gradle-5.6.4\lib\gradle-launcher-5.6.4.jar
Launcher Type: SUN_STANDARD

Environment Variables:
JAVA_HOME=C:\Program Files\Java;C:\Program Files\Java\jdk1.8.0_211;C:\Program Files\Java\jdk1.8.0_211\bin
PATH=C:\WINDOWS\System32;C:\Users\TOSHIBA\AppData\Roaming\npm;%USERPROFILE%\AppData\Local\Microsoft\WindowsApps;
USERNAME=TOSHIBA
OS=Windows_NT
PROCESSOR_IDENTIFIER=x86 Family 6 Model 23 Stepping 10, GenuineIntel



---------------  S Y S T E M  ---------------

OS: Windows 10.0 Build 18362 (10.0.18362.1110)

CPU:total 2 (initial active 2) (2 cores per cpu, 1 threads per core) family 6 model 23 stepping 10, cmov, cx8, fxsr, mmx, sse, sse2, sse3, ssse3, sse4.1, tsc

Memory: 4k page, physical 2095092k(137848k free), swap 3119092k(4268k free)

vm_info: OpenJDK Server VM (25.212-b04) for windows-x86 JRE (1.8.0_212-release-1586-b04), built by "builder" with MS VC++ 10.0 (VS2010)

time: Tue Mar 30 16:57:47 2021
timezone: China Standard Time
elapsed time: 83 seconds (0d 0h 1m 23s)

