#
# There is insufficient memory for the Java Runtime Environment to continue.
# Native memory allocation (malloc) failed to allocate 684736 bytes for Chunk::new
# Possible reasons:
#   The system is out of physical RAM or swap space
#   In 32 bit mode, the process size limit was hit
# Possible solutions:
#   Reduce memory load on the system
#   Increase physical memory or swap space
#   Check if swap backing store is full
#   Use 64 bit Java on a 64 bit OS
#   Decrease Java heap size (-Xmx/-Xms)
#   Decrease number of Java threads
#   Decrease Java thread stack sizes (-Xss)
#   Set larger code cache with -XX:ReservedCodeCacheSize=
# This output file may be truncated or incomplete.
#
#  Out of Memory Error (allocation.cpp:389), pid=6600, tid=0x00001ef4
#
# JRE version: OpenJDK Runtime Environment (8.0_212-b04) (build 1.8.0_212-release-1586-b04)
# Java VM: OpenJDK Server VM (25.212-b04 mixed mode windows-x86 )
# Failed to write core dump. Minidumps are not enabled by default on client versions of Windows
#

---------------  T H R E A D  ---------------

Current thread (0x53d55400):  JavaThread "C2 CompilerThread0" daemon [_thread_in_native, id=7924, stack(0x54010000,0x54060000)]

Stack: [0x54010000,0x54060000],  sp=0x5405e1a8,  free space=312k
Native frames: (J=compiled Java code, j=interpreted, Vv=VM code, C=native code)
V  [jvm.dll+0x1a67db]
V  [jvm.dll+0x19ed58]
V  [jvm.dll+0x7d871]
V  [jvm.dll+0x7dd77]
V  [jvm.dll+0x95314]
V  [jvm.dll+0x309330]
V  [jvm.dll+0x340888]
V  [jvm.dll+0x2fac25]
V  [jvm.dll+0x300026]
V  [jvm.dll+0x300875]
V  [jvm.dll+0x2ea216]
V  [jvm.dll+0x60e47]
V  [jvm.dll+0x615ef]
V  [jvm.dll+0x177ab0]
V  [jvm.dll+0x1782eb]
V  [jvm.dll+0x1b8e46]
C  [msvcr100.dll+0x5c556]
C  [msvcr100.dll+0x5c600]
C  [KERNEL32.DLL+0x223d9]
C  [ntdll.dll+0x5e6cb]
C  [ntdll.dll+0x5e69f]
C  0x00000000


Current CompileTask:
C2:   6945 1911       4       java.net.URLClassLoader$1::run (5 bytes)


---------------  P R O C E S S  ---------------

Java Threads: ( => current thread )
  0x552d8400 JavaThread "Cache worker for file hash cache (C:\Users\TOSHIBA\AndroidStudioProjects\TaguigHealthConsult\.gradle\5.6.4\fileHashes)" [_thread_blocked, id=7916, stack(0x57f20000,0x57f70000)]
  0x552d6c00 JavaThread "Cache worker for journal cache (C:\Users\TOSHIBA\.gradle\caches\journal-1)" [_thread_blocked, id=7300, stack(0x56b60000,0x56bb0000)]
  0x552d6400 JavaThread "File lock request listener" [_thread_in_native, id=4816, stack(0x56b10000,0x56b60000)]
  0x552da000 JavaThread "Cache worker for file hash cache (C:\Users\TOSHIBA\.gradle\caches\5.6.4\fileHashes)" [_thread_blocked, id=8176, stack(0x569c0000,0x56a10000)]
  0x556f9000 JavaThread "Thread-9" [_thread_blocked, id=5556, stack(0x56870000,0x568c0000)]
  0x55700800 JavaThread "Stdin handler" [_thread_blocked, id=2368, stack(0x56820000,0x56870000)]
  0x556f8400 JavaThread "Asynchronous log dispatcher for DefaultDaemonConnection: socket connection from /127.0.0.1:49470 to /127.0.0.1:49471" [_thread_blocked, id=5632, stack(0x567d0000,0x56820000)]
  0x556f7000 JavaThread "Daemon worker" [_thread_blocked, id=2564, stack(0x56780000,0x567d0000)]
  0x556f6800 JavaThread "Cancel handler" [_thread_blocked, id=1944, stack(0x56730000,0x56780000)]
  0x556e4400 JavaThread "Handler for socket connection from /127.0.0.1:49470 to /127.0.0.1:49471" [_thread_in_native, id=7472, stack(0x566e0000,0x56730000)]
  0x556e4000 JavaThread "Daemon" [_thread_blocked, id=4904, stack(0x56690000,0x566e0000)]
  0x556a9000 JavaThread "Daemon periodic checks" [_thread_blocked, id=1856, stack(0x56540000,0x56590000)]
  0x556a2000 JavaThread "Incoming local TCP Connector on port 49470" [_thread_in_native, id=7084, stack(0x563b0000,0x56400000)]
  0x55636000 JavaThread "Daemon health stats" [_thread_blocked, id=4656, stack(0x55f20000,0x55f70000)]
  0x53da3000 JavaThread "Service Thread" daemon [_thread_blocked, id=6976, stack(0x540b0000,0x54100000)]
  0x53d8ac00 JavaThread "C1 CompilerThread1" daemon [_thread_blocked, id=2192, stack(0x54060000,0x540b0000)]
=>0x53d55400 JavaThread "C2 CompilerThread0" daemon [_thread_in_native, id=7924, stack(0x54010000,0x54060000)]
  0x53d52000 JavaThread "Attach Listener" daemon [_thread_blocked, id=2892, stack(0x53fc0000,0x54010000)]
  0x53d51000 JavaThread "Signal Dispatcher" daemon [_thread_blocked, id=6244, stack(0x53f70000,0x53fc0000)]
  0x53d32000 JavaThread "Finalizer" daemon [_thread_blocked, id=6772, stack(0x01c40000,0x01c90000)]
  0x53d2f000 JavaThread "Reference Handler" daemon [_thread_blocked, id=7644, stack(0x01bf0000,0x01c40000)]
  0x01c9c400 JavaThread "main" [_thread_blocked, id=3972, stack(0x00ad0000,0x00b20000)]

Other Threads:
  0x53d19400 VMThread [stack: 0x01ba0000,0x01bf0000] [id=7996]
  0x53da4c00 WatcherThread [stack: 0x54100000,0x54150000] [id=6092]

VM state:at safepoint (normal execution)

VM Mutex/Monitor currently owned by a thread:  ([mutex/lock_event])
[0x01c9ad60] Threads_lock - owner thread: 0x53d19400
[0x01c9b1c8] Heap_lock - owner thread: 0x556f7000

Heap:
 PSYoungGen      total 69632K, used 1221K [0x3bcc0000, 0x407c0000, 0x51200000)
  eden space 63744K, 0% used [0x3bcc0000,0x3bcc0000,0x3fb00000)
  from space 5888K, 20% used [0x3fb00000,0x3fc31770,0x400c0000)
  to   space 4608K, 0% used [0x400c0000,0x400c0000,0x40540000)
 ParOldGen       total 21760K, used 8589K [0x11200000, 0x12740000, 0x3bcc0000)
  object space 21760K, 39% used [0x11200000,0x11a63780,0x12740000)
 Metaspace       used 17102K, capacity 17375K, committed 17408K, reserved 19840K

Card table byte_map: [0x51200000,0x51410000] byte_map_base: 0x51177000

Marking Bits: (ParMarkBitMap*) 0x7be68620
 Begin Bits: [0x51410000, 0x52410000)
 End Bits:   [0x52410000, 0x53410000)

Polling page: 0x00b20000

CodeCache: size=245760Kb used=5660Kb max_used=5660Kb free=240099Kb
 bounds [0x01ca0000, 0x02228000, 0x10ca0000]
 total_blobs=2296 nmethods=2014 adapters=195
 compilation: disabled (not enough contiguous free space left)

Compilation events (10 events):
Event: 6.817 Thread 0x53d8ac00 2015       1       groovy.lang.MetaProperty::getType (5 bytes)
Event: 6.817 Thread 0x53d8ac00 nmethod 2015 0x02201dc8 code [0x02201ec0, 0x02201f60]
Event: 6.818 Thread 0x53d8ac00 2016       1       groovy.lang.MetaBeanProperty::getGetter (5 bytes)
Event: 6.818 Thread 0x53d8ac00 nmethod 2016 0x02201fc8 code [0x022020c0, 0x02202160]
Event: 6.818 Thread 0x53d8ac00 2017       1       groovy.lang.MetaBeanProperty::getField (5 bytes)
Event: 6.818 Thread 0x53d8ac00 nmethod 2017 0x022021c8 code [0x022022c0, 0x02202360]
Event: 6.819 Thread 0x53d8ac00 2018       3       org.codehaus.groovy.util.ComplexKeyHashMap$1::next (5 bytes)
Event: 6.819 Thread 0x53d8ac00 nmethod 2018 0x022023c8 code [0x022024e0, 0x022025cc]
Event: 6.831 Thread 0x53d8ac00 2019       3       java.beans.FeatureDescriptor::addTable (20 bytes)
Event: 6.831 Thread 0x53d8ac00 nmethod 2019 0x02202648 code [0x022027c0, 0x02202d78]

GC Heap History (10 events):
Event: 3.917 GC heap before
{Heap before GC invocations=7 (full 0):
 PSYoungGen      total 35328K, used 34869K [0x3bcc0000, 0x3e2c0000, 0x51200000)
  eden space 32512K, 100% used [0x3bcc0000,0x3dc80000,0x3dc80000)
  from space 2816K, 83% used [0x3df80000,0x3e1cd680,0x3e240000)
  to   space 3072K, 0% used [0x3dc80000,0x3dc80000,0x3df80000)
 ParOldGen       total 22016K, used 2741K [0x11200000, 0x12780000, 0x3bcc0000)
  object space 22016K, 12% used [0x11200000,0x114ad7b8,0x12780000)
 Metaspace       used 8348K, capacity 8610K, committed 8704K, reserved 9600K
Event: 3.934 GC heap after
Heap after GC invocations=7 (full 0):
 PSYoungGen      total 35584K, used 3061K [0x3bcc0000, 0x40540000, 0x51200000)
  eden space 32512K, 0% used [0x3bcc0000,0x3bcc0000,0x3dc80000)
  from space 3072K, 99% used [0x3dc80000,0x3df7d450,0x3df80000)
  to   space 4608K, 0% used [0x400c0000,0x400c0000,0x40540000)
 ParOldGen       total 22016K, used 5118K [0x11200000, 0x12780000, 0x3bcc0000)
  object space 22016K, 23% used [0x11200000,0x116ff980,0x12780000)
 Metaspace       used 8348K, capacity 8610K, committed 8704K, reserved 9600K
}
Event: 4.514 GC heap before
{Heap before GC invocations=8 (full 0):
 PSYoungGen      total 35584K, used 35573K [0x3bcc0000, 0x40540000, 0x51200000)
  eden space 32512K, 100% used [0x3bcc0000,0x3dc80000,0x3dc80000)
  from space 3072K, 99% used [0x3dc80000,0x3df7d450,0x3df80000)
  to   space 4608K, 0% used [0x400c0000,0x400c0000,0x40540000)
 ParOldGen       total 22016K, used 5118K [0x11200000, 0x12780000, 0x3bcc0000)
  object space 22016K, 23% used [0x11200000,0x116ff980,0x12780000)
 Metaspace       used 9929K, capacity 10193K, committed 10240K, reserved 10624K
Event: 4.529 GC heap after
Heap after GC invocations=8 (full 0):
 PSYoungGen      total 68352K, used 4607K [0x3bcc0000, 0x407c0000, 0x51200000)
  eden space 63744K, 0% used [0x3bcc0000,0x3bcc0000,0x3fb00000)
  from space 4608K, 99% used [0x400c0000,0x4053fd78,0x40540000)
  to   space 5888K, 0% used [0x3fb00000,0x3fb00000,0x400c0000)
 ParOldGen       total 22016K, used 6088K [0x11200000, 0x12780000, 0x3bcc0000)
  object space 22016K, 27% used [0x11200000,0x117f23c0,0x12780000)
 Metaspace       used 9929K, capacity 10193K, committed 10240K, reserved 10624K
}
Event: 6.350 GC heap before
{Heap before GC invocations=9 (full 0):
 PSYoungGen      total 68352K, used 68351K [0x3bcc0000, 0x407c0000, 0x51200000)
  eden space 63744K, 100% used [0x3bcc0000,0x3fb00000,0x3fb00000)
  from space 4608K, 99% used [0x400c0000,0x4053fd78,0x40540000)
  to   space 5888K, 0% used [0x3fb00000,0x3fb00000,0x400c0000)
 ParOldGen       total 22016K, used 6088K [0x11200000, 0x12780000, 0x3bcc0000)
  object space 22016K, 27% used [0x11200000,0x117f23c0,0x12780000)
 Metaspace       used 16032K, capacity 16315K, committed 16384K, reserved 16768K
Event: 6.384 GC heap after
Heap after GC invocations=9 (full 0):
 PSYoungGen      total 69632K, used 5880K [0x3bcc0000, 0x407c0000, 0x51200000)
  eden space 63744K, 0% used [0x3bcc0000,0x3bcc0000,0x3fb00000)
  from space 5888K, 99% used [0x3fb00000,0x400be268,0x400c0000)
  to   space 4608K, 0% used [0x400c0000,0x400c0000,0x40540000)
 ParOldGen       total 22016K, used 11806K [0x11200000, 0x12780000, 0x3bcc0000)
  object space 22016K, 53% used [0x11200000,0x11d87aa8,0x12780000)
 Metaspace       used 16032K, capacity 16315K, committed 16384K, reserved 16768K
}
Event: 6.403 GC heap before
{Heap before GC invocations=10 (full 0):
 PSYoungGen      total 69632K, used 6815K [0x3bcc0000, 0x407c0000, 0x51200000)
  eden space 63744K, 1% used [0x3bcc0000,0x3bda9b68,0x3fb00000)
  from space 5888K, 99% used [0x3fb00000,0x400be268,0x400c0000)
  to   space 4608K, 0% used [0x400c0000,0x400c0000,0x40540000)
 ParOldGen       total 22016K, used 11806K [0x11200000, 0x12780000, 0x3bcc0000)
  object space 22016K, 53% used [0x11200000,0x11d87aa8,0x12780000)
 Metaspace       used 16085K, capacity 16347K, committed 16384K, reserved 16768K
Event: 6.422 GC heap after
Heap after GC invocations=10 (full 0):
 PSYoungGen      total 68352K, used 3342K [0x3bcc0000, 0x407c0000, 0x51200000)
  eden space 63744K, 0% used [0x3bcc0000,0x3bcc0000,0x3fb00000)
  from space 4608K, 72% used [0x400c0000,0x40403a78,0x40540000)
  to   space 5888K, 0% used [0x3fb00000,0x3fb00000,0x400c0000)
 ParOldGen       total 22016K, used 13849K [0x11200000, 0x12780000, 0x3bcc0000)
  object space 22016K, 62% used [0x11200000,0x11f86598,0x12780000)
 Metaspace       used 16085K, capacity 16347K, committed 16384K, reserved 16768K
}
Event: 6.423 GC heap before
{Heap before GC invocations=11 (full 1):
 PSYoungGen      total 68352K, used 3342K [0x3bcc0000, 0x407c0000, 0x51200000)
  eden space 63744K, 0% used [0x3bcc0000,0x3bcc0000,0x3fb00000)
  from space 4608K, 72% used [0x400c0000,0x40403a78,0x40540000)
  to   space 5888K, 0% used [0x3fb00000,0x3fb00000,0x400c0000)
 ParOldGen       total 22016K, used 13849K [0x11200000, 0x12780000, 0x3bcc0000)
  object space 22016K, 62% used [0x11200000,0x11f86598,0x12780000)
 Metaspace       used 16085K, capacity 16347K, committed 16384K, reserved 16768K
Event: 6.526 GC heap after
Heap after GC invocations=11 (full 1):
 PSYoungGen      total 68352K, used 0K [0x3bcc0000, 0x407c0000, 0x51200000)
  eden space 63744K, 0% used [0x3bcc0000,0x3bcc0000,0x3fb00000)
  from space 4608K, 0% used [0x400c0000,0x400c0000,0x40540000)
  to   space 5888K, 0% used [0x3fb00000,0x3fb00000,0x400c0000)
 ParOldGen       total 21760K, used 8589K [0x11200000, 0x12740000, 0x3bcc0000)
  object space 21760K, 39% used [0x11200000,0x11a63780,0x12740000)
 Metaspace       used 16085K, capacity 16347K, committed 16384K, reserved 16768K
}

Deoptimization events (10 events):
Event: 5.357 Thread 0x556f7000 Uncommon trap: reason=unstable_if action=reinterpret pc=0x01e8c76c method=java.net.URI.match(CJJ)Z @ 19
Event: 5.357 Thread 0x556f7000 Uncommon trap: reason=unstable_if action=reinterpret pc=0x01da48a0 method=java.net.URI.match(CJJ)Z @ 19
Event: 5.357 Thread 0x556f7000 Uncommon trap: reason=unstable_if action=reinterpret pc=0x01da26a0 method=java.net.URI.match(CJJ)Z @ 19
Event: 5.449 Thread 0x556f7000 Uncommon trap: reason=unstable_if action=reinterpret pc=0x01eaafa4 method=java.io.File.getName()Ljava/lang/String; @ 16
Event: 6.602 Thread 0x556f7000 Uncommon trap: reason=class_check action=maybe_recompile pc=0x02159dbc method=sun.misc.URLClassPath.getLoader(I)Lsun/misc/URLClassPath$Loader; @ 94
Event: 6.602 Thread 0x556f7000 Uncommon trap: reason=class_check action=maybe_recompile pc=0x020d4ee4 method=sun.misc.URLClassPath.getResource(Ljava/lang/String;Z)Lsun/misc/Resource; @ 62
Event: 6.602 Thread 0x556f7000 Uncommon trap: reason=unstable_if action=reinterpret pc=0x02147e6c method=java.lang.String.regionMatches(ZILjava/lang/String;II)Z @ 41
Event: 6.606 Thread 0x556f7000 Uncommon trap: reason=unstable_if action=reinterpret pc=0x02062380 method=java.lang.ClassLoader.getClassLoadingLock(Ljava/lang/String;)Ljava/lang/Object; @ 6
Event: 6.666 Thread 0x556f7000 Uncommon trap: reason=class_check action=maybe_recompile pc=0x02159e7c method=sun.misc.URLClassPath.getLoader(I)Lsun/misc/URLClassPath$Loader; @ 239
Event: 6.704 Thread 0x556f7000 Uncommon trap: reason=class_check action=maybe_recompile pc=0x02159e7c method=sun.misc.URLClassPath.getLoader(I)Lsun/misc/URLClassPath$Loader; @ 239

Classes redefined (0 events):
No events

Internal exceptions (10 events):
Event: 6.703 Thread 0x556f7000 Exception <a 'java/lang/ClassNotFoundException': org/gradle/initialization/SettingsScriptCustomizer> (0x3c17bdf0) thrown at [D:\src\AOSP-openjdk-cygwin\jdk8u\hotspot\src\share\vm\classfile\systemDictionary.cpp, line 210]
Event: 6.705 Thread 0x556f7000 Exception <a 'java/lang/ClassNotFoundException': settings_16ckaa0l49b8xz8hvfecaeec7Customizer> (0x3c18f670) thrown at [D:\src\AOSP-openjdk-cygwin\jdk8u\hotspot\src\share\vm\classfile\systemDictionary.cpp, line 210]
Event: 6.763 Thread 0x556f7000 Exception <a 'java/lang/ClassNotFoundException': org/gradle/initialization/DefaultSettings_DecoratedBeanInfo> (0x3c2d44c0) thrown at [D:\src\AOSP-openjdk-cygwin\jdk8u\hotspot\src\share\vm\classfile\systemDictionary.cpp, line 210]
Event: 6.765 Thread 0x556f7000 Exception <a 'java/lang/ClassNotFoundException': org/gradle/initialization/DefaultSettingsBeanInfo> (0x3c303530) thrown at [D:\src\AOSP-openjdk-cygwin\jdk8u\hotspot\src\share\vm\classfile\systemDictionary.cpp, line 210]
Event: 6.767 Thread 0x556f7000 Exception <a 'java/lang/ClassNotFoundException': org/gradle/api/internal/project/AbstractPluginAwareBeanInfo> (0x3c336ac0) thrown at [D:\src\AOSP-openjdk-cygwin\jdk8u\hotspot\src\share\vm\classfile\systemDictionary.cpp, line 210]
Event: 6.768 Thread 0x556f7000 Exception <a 'java/lang/ClassNotFoundException': org/gradle/api/internal/project/AbstractPluginAwareCustomizer> (0x3c36b8a0) thrown at [D:\src\AOSP-openjdk-cygwin\jdk8u\hotspot\src\share\vm\classfile\systemDictionary.cpp, line 210]
Event: 6.775 Thread 0x556f7000 Exception <a 'java/lang/ClassNotFoundException': org/gradle/initialization/DefaultSettingsCustomizer> (0x3c3a1bc8) thrown at [D:\src\AOSP-openjdk-cygwin\jdk8u\hotspot\src\share\vm\classfile\systemDictionary.cpp, line 210]
Event: 6.791 Thread 0x556f7000 Exception <a 'java/lang/ClassNotFoundException': org/gradle/initialization/DefaultSettings_DecoratedCustomizer> (0x3c40a300) thrown at [D:\src\AOSP-openjdk-cygwin\jdk8u\hotspot\src\share\vm\classfile\systemDictionary.cpp, line 210]
Event: 6.828 Thread 0x556f7000 Exception <a 'java/lang/ClassNotFoundException': org/gradle/initialization/DefaultProjectDescriptorBeanInfo> (0x3c4d2110) thrown at [D:\src\AOSP-openjdk-cygwin\jdk8u\hotspot\src\share\vm\classfile\systemDictionary.cpp, line 210]
Event: 6.830 Thread 0x556f7000 Exception <a 'java/lang/ClassNotFoundException': org/gradle/initialization/DefaultProjectDescriptorCustomizer> (0x3c504698) thrown at [D:\src\AOSP-openjdk-cygwin\jdk8u\hotspot\src\share\vm\classfile\systemDictionary.cpp, line 210]

Events (10 events):
Event: 6.829 loading class org/gradle/initialization/DefaultProjectDescriptorCustomizer
Event: 6.829 loading class org/gradle/initialization/DefaultProjectDescriptorCustomizer done
Event: 6.830 loading class org/gradle/initialization/DefaultProjectDescriptorCustomizer
Event: 6.830 loading class org/gradle/initialization/DefaultProjectDescriptorCustomizer done
Event: 6.833 loading class org/codehaus/groovy/runtime/typehandling/DefaultTypeTransformation
Event: 6.833 loading class org/codehaus/groovy/runtime/typehandling/DefaultTypeTransformation done
Event: 6.837 loading class org/gradle/util/NameValidator
Event: 6.837 loading class org/gradle/util/NameValidator done
Event: 6.838 loading class org/codehaus/groovy/runtime/ArrayUtil
Event: 6.839 loading class org/codehaus/groovy/runtime/ArrayUtil done


Dynamic libraries:
0x00330000 - 0x0035d000 	C:\Program Files\android-studio\jre\bin\java.exe
0x77560000 - 0x776f9000 	C:\WINDOWS\SYSTEM32\ntdll.dll
0x75d10000 - 0x75da8000 	C:\WINDOWS\System32\KERNEL32.DLL
0x75170000 - 0x7536d000 	C:\WINDOWS\System32\KERNELBASE.dll
0x729c0000 - 0x72a5f000 	C:\WINDOWS\SYSTEM32\apphelp.dll
0x774d0000 - 0x77549000 	C:\WINDOWS\System32\ADVAPI32.dll
0x77390000 - 0x7744f000 	C:\WINDOWS\System32\msvcrt.dll
0x76410000 - 0x76486000 	C:\WINDOWS\System32\sechost.dll
0x76930000 - 0x769f0000 	C:\WINDOWS\System32\RPCRT4.dll
0x76290000 - 0x76408000 	C:\WINDOWS\System32\USER32.dll
0x74840000 - 0x7485c000 	C:\WINDOWS\System32\win32u.dll
0x77450000 - 0x77471000 	C:\WINDOWS\System32\GDI32.dll
0x74f70000 - 0x750d0000 	C:\WINDOWS\System32\gdi32full.dll
0x750d0000 - 0x7514c000 	C:\WINDOWS\System32\msvcp_win.dll
0x74e50000 - 0x74f70000 	C:\WINDOWS\System32\ucrtbase.dll
0x61160000 - 0x6136f000 	C:\WINDOWS\WinSxS\x86_microsoft.windows.common-controls_6595b64144ccf1df_6.0.18362.1139_none_e62929aaf8dc83cc\COMCTL32.dll
0x753b0000 - 0x75625000 	C:\WINDOWS\System32\combase.dll
0x747e0000 - 0x7483f000 	C:\WINDOWS\System32\bcryptPrimitives.dll
0x769f0000 - 0x76a16000 	C:\WINDOWS\System32\IMM32.DLL
0x5f2b0000 - 0x5f36f000 	C:\Program Files\android-studio\jre\jre\bin\msvcr100.dll
0x7b8f0000 - 0x7bed9000 	C:\Program Files\android-studio\jre\jre\bin\server\jvm.dll
0x76a20000 - 0x76a26000 	C:\WINDOWS\System32\PSAPI.DLL
0x66990000 - 0x66998000 	C:\WINDOWS\SYSTEM32\WSOCK32.dll
0x76000000 - 0x7605e000 	C:\WINDOWS\System32\WS2_32.dll
0x717c0000 - 0x717e4000 	C:\WINDOWS\SYSTEM32\WINMM.dll
0x733e0000 - 0x733e8000 	C:\WINDOWS\SYSTEM32\VERSION.dll
0x71790000 - 0x717b3000 	C:\WINDOWS\SYSTEM32\WINMMBASE.dll
0x75370000 - 0x753ab000 	C:\WINDOWS\System32\cfgmgr32.dll
0x73440000 - 0x7344c000 	C:\Program Files\android-studio\jre\jre\bin\verify.dll
0x60920000 - 0x60941000 	C:\Program Files\android-studio\jre\jre\bin\java.dll
0x6ac20000 - 0x6ac34000 	C:\Program Files\android-studio\jre\jre\bin\zip.dll
0x75690000 - 0x75c0a000 	C:\WINDOWS\System32\SHELL32.dll
0x76e90000 - 0x76f14000 	C:\WINDOWS\System32\shcore.dll
0x74880000 - 0x74e41000 	C:\WINDOWS\System32\windows.storage.dll
0x74580000 - 0x7459b000 	C:\WINDOWS\System32\profapi.dll
0x745a0000 - 0x745e3000 	C:\WINDOWS\System32\powrprof.dll
0x74560000 - 0x7456d000 	C:\WINDOWS\System32\UMPDC.dll
0x76490000 - 0x764d4000 	C:\WINDOWS\System32\shlwapi.dll
0x745f0000 - 0x745ff000 	C:\WINDOWS\System32\kernel.appcore.dll
0x74860000 - 0x74873000 	C:\WINDOWS\System32\cryptsp.dll
0x68e10000 - 0x68e25000 	C:\Program Files\android-studio\jre\jre\bin\net.dll
0x75e50000 - 0x75ffa000 	C:\WINDOWS\System32\urlmon.dll
0x76060000 - 0x7628a000 	C:\WINDOWS\System32\iertutil.dll
0x74090000 - 0x7409a000 	C:\WINDOWS\SYSTEM32\CRYPTBASE.DLL
0x73f10000 - 0x73f67000 	C:\WINDOWS\system32\mswsock.dll
0x6e4b0000 - 0x6e4bf000 	C:\Program Files\android-studio\jre\jre\bin\nio.dll
0x6ac40000 - 0x6ac61000 	C:\Users\TOSHIBA\.gradle\native\30\windows-i386\native-platform.dll
0x6acb0000 - 0x6acba000 	C:\Program Files\android-studio\jre\jre\bin\management.dll
0x73b40000 - 0x73b6f000 	C:\WINDOWS\system32\rsaenh.dll
0x75150000 - 0x7516b000 	C:\WINDOWS\System32\bcrypt.dll
0x744b0000 - 0x744ce000 	C:\WINDOWS\SYSTEM32\USERENV.dll
0x73ca0000 - 0x73cd2000 	C:\WINDOWS\SYSTEM32\IPHLPAPI.DLL
0x77550000 - 0x77557000 	C:\WINDOWS\System32\NSI.dll
0x6d200000 - 0x6d213000 	C:\WINDOWS\SYSTEM32\dhcpcsvc6.DLL
0x6d710000 - 0x6d725000 	C:\WINDOWS\SYSTEM32\dhcpcsvc.DLL
0x73cf0000 - 0x73d84000 	C:\WINDOWS\SYSTEM32\DNSAPI.dll
0x64120000 - 0x642af000 	C:\WINDOWS\SYSTEM32\dbghelp.dll

VM Arguments:
jvm_args: -Xmx1024m -Dfile.encoding=windows-1252 -Duser.country=US -Duser.language=en -Duser.variant 
java_command: org.gradle.launcher.daemon.bootstrap.GradleDaemon 5.6.4
java_class_path (initial): C:\Users\TOSHIBA\.gradle\wrapper\dists\gradle-5.6.4-all\ankdp27end7byghfw1q2sw75f\gradle-5.6.4\lib\gradle-launcher-5.6.4.jar
Launcher Type: SUN_STANDARD

Environment Variables:
JAVA_HOME=C:\Program Files\Java;C:\Program Files\Java\jdk1.8.0_211;C:\Program Files\Java\jdk1.8.0_211\bin
PATH=C:\WINDOWS\System32;C:\Users\TOSHIBA\AppData\Roaming\npm;%USERPROFILE%\AppData\Local\Microsoft\WindowsApps;
USERNAME=TOSHIBA
OS=Windows_NT
PROCESSOR_IDENTIFIER=x86 Family 6 Model 23 Stepping 10, GenuineIntel



---------------  S Y S T E M  ---------------

OS: Windows 10.0 Build 18362 (10.0.18362.1110)

CPU:total 2 (initial active 2) (2 cores per cpu, 1 threads per core) family 6 model 23 stepping 10, cmov, cx8, fxsr, mmx, sse, sse2, sse3, ssse3, sse4.1, tsc

Memory: 4k page, physical 2095092k(460508k free), swap 3119092k(5128k free)

vm_info: OpenJDK Server VM (25.212-b04) for windows-x86 JRE (1.8.0_212-release-1586-b04), built by "builder" with MS VC++ 10.0 (VS2010)

time: Wed Mar 31 18:39:42 2021
timezone: China Standard Time
elapsed time: 6 seconds (0d 0h 0m 6s)

