#
# There is insufficient memory for the Java Runtime Environment to continue.
# Native memory allocation (malloc) failed to allocate 264232 bytes for Chunk::new
# Possible reasons:
#   The system is out of physical RAM or swap space
#   In 32 bit mode, the process size limit was hit
# Possible solutions:
#   Reduce memory load on the system
#   Increase physical memory or swap space
#   Check if swap backing store is full
#   Use 64 bit Java on a 64 bit OS
#   Decrease Java heap size (-Xmx/-Xms)
#   Decrease number of Java threads
#   Decrease Java thread stack sizes (-Xss)
#   Set larger code cache with -XX:ReservedCodeCacheSize=
# This output file may be truncated or incomplete.
#
#  Out of Memory Error (allocation.cpp:389), pid=3140, tid=0x00001214
#
# JRE version: OpenJDK Runtime Environment (8.0_212-b04) (build 1.8.0_212-release-1586-b04)
# Java VM: OpenJDK Server VM (25.212-b04 mixed mode windows-x86 )
# Failed to write core dump. Minidumps are not enabled by default on client versions of Windows
#

---------------  T H R E A D  ---------------

Current thread (0x53cb5800):  JavaThread "C2 CompilerThread0" daemon [_thread_in_native, id=4628, stack(0x53e20000,0x53e70000)]

Stack: [0x53e20000,0x53e70000],  sp=0x53e6e148,  free space=312k
Native frames: (J=compiled Java code, j=interpreted, Vv=VM code, C=native code)
V  [jvm.dll+0x1a67db]
V  [jvm.dll+0x19ed58]
V  [jvm.dll+0x7d871]
V  [jvm.dll+0x7dd77]
V  [jvm.dll+0x95314]
V  [jvm.dll+0x309330]
V  [jvm.dll+0x340888]
V  [jvm.dll+0x2fac25]
V  [jvm.dll+0x300026]
V  [jvm.dll+0x300875]
V  [jvm.dll+0x2ea216]
V  [jvm.dll+0x60e47]
V  [jvm.dll+0x615ef]
V  [jvm.dll+0x177ab0]
V  [jvm.dll+0x1782eb]
V  [jvm.dll+0x1b8e46]
C  [msvcr100.dll+0x5c556]
C  [msvcr100.dll+0x5c600]
C  [KERNEL32.DLL+0x223d9]
C  [ntdll.dll+0x5e6cb]
C  [ntdll.dll+0x5e69f]
C  0x00000000


Current CompileTask:
C2:  37486 2042   !   4       java.net.URL::<init> (543 bytes)


---------------  P R O C E S S  ---------------

Java Threads: ( => current thread )
  0x55a71c00 JavaThread "Cache worker for journal cache (C:\Users\TOSHIBA\.gradle\caches\journal-1)" [_thread_blocked, id=1452, stack(0x569c0000,0x56a10000)]
  0x55a70000 JavaThread "File lock request listener" [_thread_in_native, id=5452, stack(0x56970000,0x569c0000)]
  0x55a6fc00 JavaThread "Cache worker for file hash cache (C:\Users\TOSHIBA\.gradle\caches\5.6.4\fileHashes)" [_thread_blocked, id=6024, stack(0x56820000,0x56870000)]
  0x53da1c00 JavaThread "Thread-9" [_thread_blocked, id=2028, stack(0x566d0000,0x56720000)]
  0x5598d000 JavaThread "Stdin handler" [_thread_blocked, id=500, stack(0x56680000,0x566d0000)]
  0x5598c800 JavaThread "Asynchronous log dispatcher for DefaultDaemonConnection: socket connection from /127.0.0.1:49772 to /127.0.0.1:49773" [_thread_blocked, id=2460, stack(0x56630000,0x56680000)]
  0x5598b000 JavaThread "Daemon worker" [_thread_in_native, id=6076, stack(0x565e0000,0x56630000)]
  0x5598a000 JavaThread "Cancel handler" [_thread_blocked, id=2068, stack(0x56590000,0x565e0000)]
  0x54a37c00 JavaThread "Handler for socket connection from /127.0.0.1:49772 to /127.0.0.1:49773" [_thread_in_native, id=3920, stack(0x56540000,0x56590000)]
  0x558bdc00 JavaThread "Daemon" [_thread_blocked, id=4516, stack(0x564f0000,0x56540000)]
  0x558e4400 JavaThread "Daemon periodic checks" [_thread_blocked, id=5252, stack(0x563a0000,0x563f0000)]
  0x53f80400 JavaThread "Incoming local TCP Connector on port 49772" [_thread_in_native, id=1580, stack(0x551f0000,0x55240000)]
  0x540ba000 JavaThread "Daemon health stats" [_thread_blocked, id=996, stack(0x54d60000,0x54db0000)]
  0x53cb0400 JavaThread "Service Thread" daemon [_thread_blocked, id=3488, stack(0x53ec0000,0x53f10000)]
  0x53ca6c00 JavaThread "C1 CompilerThread1" daemon [_thread_blocked, id=224, stack(0x53e70000,0x53ec0000)]
=>0x53cb5800 JavaThread "C2 CompilerThread0" daemon [_thread_in_native, id=4628, stack(0x53e20000,0x53e70000)]
  0x53cb1c00 JavaThread "Attach Listener" daemon [_thread_blocked, id=2600, stack(0x53dd0000,0x53e20000)]
  0x53cb1000 JavaThread "Signal Dispatcher" daemon [_thread_blocked, id=4824, stack(0x00e90000,0x00ee0000)]
  0x53c95800 JavaThread "Finalizer" daemon [_thread_blocked, id=704, stack(0x00e40000,0x00e90000)]
  0x53c8f000 JavaThread "Reference Handler" daemon [_thread_blocked, id=3780, stack(0x00df0000,0x00e40000)]
  0x00c5c400 JavaThread "main" [_thread_blocked, id=6020, stack(0x008c0000,0x00910000)]

Other Threads:
  0x53c79400 VMThread [stack: 0x00c60000,0x00cb0000] [id=5772]
  0x53d15c00 WatcherThread [stack: 0x53f10000,0x53f60000] [id=1764]

VM state:not at safepoint (normal execution)

VM Mutex/Monitor currently owned by a thread: None

OutOfMemory and StackOverflow Exception counts:
OutOfMemoryError java_heap_errors=2

Heap:
 PSYoungGen      total 35584K, used 16390K [0x3bac0000, 0x3e040000, 0x51000000)
  eden space 32768K, 50% used [0x3bac0000,0x3cac1878,0x3dac0000)
  from space 2816K, 0% used [0x3dd80000,0x3dd80000,0x3e040000)
  to   space 2816K, 0% used [0x3dac0000,0x3dac0000,0x3dd80000)
 ParOldGen       total 22016K, used 10569K [0x11000000, 0x12580000, 0x3bac0000)
  object space 22016K, 48% used [0x11000000,0x11a52590,0x12580000)
 Metaspace       used 16790K, capacity 17105K, committed 17152K, reserved 17792K

Card table byte_map: [0x51000000,0x51210000] byte_map_base: 0x50f78000

Marking Bits: (ParMarkBitMap*) 0x7c8a8620
 Begin Bits: [0x51370000, 0x52370000)
 End Bits:   [0x52370000, 0x53370000)

Polling page: 0x00910000

CodeCache: size=245760Kb used=5231Kb max_used=5231Kb free=240528Kb
 bounds [0x01b20000, 0x02040000, 0x10b20000]
 total_blobs=2194 nmethods=1975 adapters=133
 compilation: enabled

Compilation events (10 events):
Event: 36.743 Thread 0x53ca6c00 nmethod 2036 0x02003908 code [0x02003a00, 0x02003aa0]
Event: 36.743 Thread 0x53ca6c00 2037       1       java.lang.StackTraceElement::getFileName (5 bytes)
Event: 36.743 Thread 0x53ca6c00 nmethod 2037 0x02003708 code [0x02003800, 0x020038a0]
Event: 36.746 Thread 0x53cb5800 2039       4       java.util.regex.Pattern$Single::isSatisfiedBy (14 bytes)
Event: 36.747 Thread 0x53cb5800 nmethod 2039 0x01f9c448 code [0x01f9c540, 0x01f9c590]
Event: 36.748 Thread 0x53ca6c00 2040       1       java.lang.StackTraceElement::getClassName (5 bytes)
Event: 36.748 Thread 0x53ca6c00 nmethod 2040 0x02010c88 code [0x02010d80, 0x02010e20]
Event: 36.830 Thread 0x53ca6c00 2041       3       org.codehaus.groovy.runtime.StackTraceUtils::isApplicationClass (84 bytes)
Event: 36.831 Thread 0x53ca6c00 nmethod 2041 0x0200fe88 code [0x02010040, 0x02010870]
Event: 36.870 Thread 0x53cb5800 2042   !   4       java.net.URL::<init> (543 bytes)

GC Heap History (10 events):
Event: 23.818 GC heap before
{Heap before GC invocations=7 (full 0):
 PSYoungGen      total 35584K, used 35077K [0x3bac0000, 0x3e040000, 0x51000000)
  eden space 32768K, 100% used [0x3bac0000,0x3dac0000,0x3dac0000)
  from space 2816K, 82% used [0x3dd80000,0x3dfc16a0,0x3e040000)
  to   space 2816K, 0% used [0x3dac0000,0x3dac0000,0x3dd80000)
 ParOldGen       total 22016K, used 2726K [0x11000000, 0x12580000, 0x3bac0000)
  object space 22016K, 12% used [0x11000000,0x112a9818,0x12580000)
 Metaspace       used 8365K, capacity 8642K, committed 8704K, reserved 9600K
Event: 23.840 GC heap after
Heap after GC invocations=7 (full 0):
 PSYoungGen      total 35584K, used 2815K [0x3bac0000, 0x3e040000, 0x51000000)
  eden space 32768K, 0% used [0x3bac0000,0x3bac0000,0x3dac0000)
  from space 2816K, 99% used [0x3dac0000,0x3dd7fcd8,0x3dd80000)
  to   space 2816K, 0% used [0x3dd80000,0x3dd80000,0x3e040000)
 ParOldGen       total 22016K, used 5380K [0x11000000, 0x12580000, 0x3bac0000)
  object space 22016K, 24% used [0x11000000,0x11541280,0x12580000)
 Metaspace       used 8365K, capacity 8642K, committed 8704K, reserved 9600K
}
Event: 27.018 GC heap before
{Heap before GC invocations=8 (full 0):
 PSYoungGen      total 35584K, used 35583K [0x3bac0000, 0x3e040000, 0x51000000)
  eden space 32768K, 100% used [0x3bac0000,0x3dac0000,0x3dac0000)
  from space 2816K, 99% used [0x3dac0000,0x3dd7fcd8,0x3dd80000)
  to   space 2816K, 0% used [0x3dd80000,0x3dd80000,0x3e040000)
 ParOldGen       total 22016K, used 5380K [0x11000000, 0x12580000, 0x3bac0000)
  object space 22016K, 24% used [0x11000000,0x11541280,0x12580000)
 Metaspace       used 9954K, capacity 10225K, committed 10368K, reserved 10624K
Event: 27.042 GC heap after
Heap after GC invocations=8 (full 0):
 PSYoungGen      total 35584K, used 2809K [0x3bac0000, 0x3e040000, 0x51000000)
  eden space 32768K, 0% used [0x3bac0000,0x3bac0000,0x3dac0000)
  from space 2816K, 99% used [0x3dd80000,0x3e03e570,0x3e040000)
  to   space 2816K, 0% used [0x3dac0000,0x3dac0000,0x3dd80000)
 ParOldGen       total 22016K, used 8098K [0x11000000, 0x12580000, 0x3bac0000)
  object space 22016K, 36% used [0x11000000,0x117e8b90,0x12580000)
 Metaspace       used 9954K, capacity 10225K, committed 10368K, reserved 10624K
}
Event: 30.055 GC heap before
{Heap before GC invocations=9 (full 0):
 PSYoungGen      total 35584K, used 35577K [0x3bac0000, 0x3e040000, 0x51000000)
  eden space 32768K, 100% used [0x3bac0000,0x3dac0000,0x3dac0000)
  from space 2816K, 99% used [0x3dd80000,0x3e03e570,0x3e040000)
  to   space 2816K, 0% used [0x3dac0000,0x3dac0000,0x3dd80000)
 ParOldGen       total 22016K, used 8098K [0x11000000, 0x12580000, 0x3bac0000)
  object space 22016K, 36% used [0x11000000,0x117e8b90,0x12580000)
 Metaspace       used 12139K, capacity 12431K, committed 12544K, reserved 12672K
Event: 30.076 GC heap after
Heap after GC invocations=9 (full 0):
 PSYoungGen      total 35584K, used 2803K [0x3bac0000, 0x3e040000, 0x51000000)
  eden space 32768K, 0% used [0x3bac0000,0x3bac0000,0x3dac0000)
  from space 2816K, 99% used [0x3dac0000,0x3dd7cf68,0x3dd80000)
  to   space 2816K, 0% used [0x3dd80000,0x3dd80000,0x3e040000)
 ParOldGen       total 22016K, used 11914K [0x11000000, 0x12580000, 0x3bac0000)
  object space 22016K, 54% used [0x11000000,0x11ba2800,0x12580000)
 Metaspace       used 12139K, capacity 12431K, committed 12544K, reserved 12672K
}
Event: 35.582 GC heap before
{Heap before GC invocations=10 (full 0):
 PSYoungGen      total 35584K, used 33260K [0x3bac0000, 0x3e040000, 0x51000000)
  eden space 32768K, 92% used [0x3bac0000,0x3d87e188,0x3dac0000)
  from space 2816K, 99% used [0x3dac0000,0x3dd7cf68,0x3dd80000)
  to   space 2816K, 0% used [0x3dd80000,0x3dd80000,0x3e040000)
 ParOldGen       total 22016K, used 11914K [0x11000000, 0x12580000, 0x3bac0000)
  object space 22016K, 54% used [0x11000000,0x11ba2800,0x12580000)
 Metaspace       used 16083K, capacity 16347K, committed 16384K, reserved 16768K
Event: 35.610 GC heap after
Heap after GC invocations=10 (full 0):
 PSYoungGen      total 35584K, used 2806K [0x3bac0000, 0x3e040000, 0x51000000)
  eden space 32768K, 0% used [0x3bac0000,0x3bac0000,0x3dac0000)
  from space 2816K, 99% used [0x3dd80000,0x3e03da28,0x3e040000)
  to   space 2816K, 0% used [0x3dac0000,0x3dac0000,0x3dd80000)
 ParOldGen       total 22016K, used 16893K [0x11000000, 0x12580000, 0x3bac0000)
  object space 22016K, 76% used [0x11000000,0x1207f4a0,0x12580000)
 Metaspace       used 16083K, capacity 16347K, committed 16384K, reserved 16768K
}
Event: 35.610 GC heap before
{Heap before GC invocations=11 (full 1):
 PSYoungGen      total 35584K, used 2806K [0x3bac0000, 0x3e040000, 0x51000000)
  eden space 32768K, 0% used [0x3bac0000,0x3bac0000,0x3dac0000)
  from space 2816K, 99% used [0x3dd80000,0x3e03da28,0x3e040000)
  to   space 2816K, 0% used [0x3dac0000,0x3dac0000,0x3dd80000)
 ParOldGen       total 22016K, used 16893K [0x11000000, 0x12580000, 0x3bac0000)
  object space 22016K, 76% used [0x11000000,0x1207f4a0,0x12580000)
 Metaspace       used 16083K, capacity 16347K, committed 16384K, reserved 16768K
Event: 35.740 GC heap after
Heap after GC invocations=11 (full 1):
 PSYoungGen      total 35584K, used 0K [0x3bac0000, 0x3e040000, 0x51000000)
  eden space 32768K, 0% used [0x3bac0000,0x3bac0000,0x3dac0000)
  from space 2816K, 0% used [0x3dd80000,0x3dd80000,0x3e040000)
  to   space 2816K, 0% used [0x3dac0000,0x3dac0000,0x3dd80000)
 ParOldGen       total 22016K, used 10569K [0x11000000, 0x12580000, 0x3bac0000)
  object space 22016K, 48% used [0x11000000,0x11a52590,0x12580000)
 Metaspace       used 16083K, capacity 16347K, committed 16384K, reserved 16768K
}

Deoptimization events (10 events):
Event: 29.671 Thread 0x5598b000 Uncommon trap: reason=unstable_if action=reinterpret pc=0x01c1a520 method=java.net.URI.match(CJJ)Z @ 19
Event: 29.672 Thread 0x5598b000 Uncommon trap: reason=unstable_if action=reinterpret pc=0x01c194a0 method=java.net.URI.match(CJJ)Z @ 19
Event: 30.165 Thread 0x5598b000 Uncommon trap: reason=unstable_if action=reinterpret pc=0x01d404a4 method=java.io.File.getName()Ljava/lang/String; @ 16
Event: 35.741 Thread 0x53c8f000 Uncommon trap: reason=unstable_if action=reinterpret pc=0x01be4a14 method=java.lang.ref.Reference.tryHandlePending(Z)Z @ 104
Event: 36.168 Thread 0x5598b000 Uncommon trap: reason=class_check action=maybe_recompile pc=0x01f6ada0 method=sun.misc.URLClassPath.getLoader(I)Lsun/misc/URLClassPath$Loader; @ 94
Event: 36.168 Thread 0x5598b000 Uncommon trap: reason=class_check action=maybe_recompile pc=0x01db3afc method=sun.misc.URLClassPath.getResource(Ljava/lang/String;Z)Lsun/misc/Resource; @ 62
Event: 36.168 Thread 0x5598b000 Uncommon trap: reason=unstable_if action=reinterpret pc=0x01f54b2c method=java.lang.String.regionMatches(ZILjava/lang/String;II)Z @ 41
Event: 36.226 Thread 0x5598b000 Uncommon trap: reason=unstable_if action=reinterpret pc=0x01e9ca80 method=java.lang.ClassLoader.getClassLoadingLock(Ljava/lang/String;)Ljava/lang/Object; @ 6
Event: 36.285 Thread 0x5598b000 Uncommon trap: reason=class_check action=maybe_recompile pc=0x01f6ae24 method=sun.misc.URLClassPath.getLoader(I)Lsun/misc/URLClassPath$Loader; @ 239
Event: 36.308 Thread 0x5598b000 Uncommon trap: reason=class_check action=maybe_recompile pc=0x01f6ae24 method=sun.misc.URLClassPath.getLoader(I)Lsun/misc/URLClassPath$Loader; @ 239

Classes redefined (0 events):
No events

Internal exceptions (10 events):
Event: 36.525 Thread 0x5598b000 Exception <a 'java/lang/ClassNotFoundException': org/gradle/initialization/DefaultSettings_DecoratedBeanInfo> (0x3c103e68) thrown at [D:\src\AOSP-openjdk-cygwin\jdk8u\hotspot\src\share\vm\classfile\systemDictionary.cpp, line 210]
Event: 36.527 Thread 0x5598b000 Exception <a 'java/lang/ClassNotFoundException': org/gradle/initialization/DefaultSettingsBeanInfo> (0x3c132f00) thrown at [D:\src\AOSP-openjdk-cygwin\jdk8u\hotspot\src\share\vm\classfile\systemDictionary.cpp, line 210]
Event: 36.528 Thread 0x5598b000 Exception <a 'java/lang/ClassNotFoundException': org/gradle/api/internal/project/AbstractPluginAwareBeanInfo> (0x3c166490) thrown at [D:\src\AOSP-openjdk-cygwin\jdk8u\hotspot\src\share\vm\classfile\systemDictionary.cpp, line 210]
Event: 36.530 Thread 0x5598b000 Exception <a 'java/lang/ClassNotFoundException': org/gradle/api/internal/project/AbstractPluginAwareCustomizer> (0x3c19b230) thrown at [D:\src\AOSP-openjdk-cygwin\jdk8u\hotspot\src\share\vm\classfile\systemDictionary.cpp, line 210]
Event: 36.532 Thread 0x5598b000 Exception <a 'java/lang/ClassNotFoundException': org/gradle/initialization/DefaultSettingsCustomizer> (0x3c1d1450) thrown at [D:\src\AOSP-openjdk-cygwin\jdk8u\hotspot\src\share\vm\classfile\systemDictionary.cpp, line 210]
Event: 36.539 Thread 0x5598b000 Exception <a 'java/lang/ClassNotFoundException': org/gradle/initialization/DefaultSettings_DecoratedCustomizer> (0x3c239970) thrown at [D:\src\AOSP-openjdk-cygwin\jdk8u\hotspot\src\share\vm\classfile\systemDictionary.cpp, line 210]
Event: 36.612 Thread 0x5598b000 Exception <a 'java/lang/ClassNotFoundException': org/gradle/initialization/DefaultProjectDescriptorBeanInfo> (0x3c3013f0) thrown at [D:\src\AOSP-openjdk-cygwin\jdk8u\hotspot\src\share\vm\classfile\systemDictionary.cpp, line 210]
Event: 36.613 Thread 0x5598b000 Exception <a 'java/lang/ClassNotFoundException': org/gradle/initialization/DefaultProjectDescriptorCustomizer> (0x3c33ee60) thrown at [D:\src\AOSP-openjdk-cygwin\jdk8u\hotspot\src\share\vm\classfile\systemDictionary.cpp, line 210]
Event: 36.708 Thread 0x5598b000 Exception <a 'java/lang/OutOfMemoryError'> (0x3c3badb8) thrown at [D:\src\AOSP-openjdk-cygwin\jdk8u\hotspot\src\share\vm\prims\jni.cpp, line 736]
Event: 36.709 Thread 0x5598b000 Exception <a 'java/lang/OutOfMemoryError'> (0x3c3badb8) thrown at [D:\src\AOSP-openjdk-cygwin\jdk8u\hotspot\src\share\vm\prims\jvm.cpp, line 1506]

Events (10 events):
Event: 36.897 loading class java/lang/StringIndexOutOfBoundsException
Event: 36.897 loading class java/lang/StringIndexOutOfBoundsException done
Event: 36.898 loading class org/apache/commons/lang/text/StrTokenizer
Event: 36.898 loading class org/apache/commons/lang/text/StrTokenizer done
Event: 36.924 loading class org/apache/commons/lang/text/StrBuilder$StrBuilderTokenizer
Event: 36.924 loading class org/apache/commons/lang/text/StrBuilder$StrBuilderTokenizer done
Event: 36.925 loading class org/apache/commons/lang/text/StrBuilder$StrBuilderWriter
Event: 36.925 loading class org/apache/commons/lang/text/StrBuilder$StrBuilderWriter done
Event: 36.926 loading class org/apache/commons/lang/text/StrBuilder$StrBuilderReader
Event: 36.926 loading class org/apache/commons/lang/text/StrBuilder$StrBuilderReader done


Dynamic libraries:
0x00ee0000 - 0x00f0d000 	C:\Program Files\android-studio\jre\bin\java.exe
0x77450000 - 0x775e9000 	C:\WINDOWS\SYSTEM32\ntdll.dll
0x75a60000 - 0x75af8000 	C:\WINDOWS\System32\KERNEL32.DLL
0x749c0000 - 0x74bbd000 	C:\WINDOWS\System32\KERNELBASE.dll
0x72af0000 - 0x72b8f000 	C:\WINDOWS\SYSTEM32\apphelp.dll
0x76a40000 - 0x76ab9000 	C:\WINDOWS\System32\ADVAPI32.dll
0x75e20000 - 0x75edf000 	C:\WINDOWS\System32\msvcrt.dll
0x75d20000 - 0x75d96000 	C:\WINDOWS\System32\sechost.dll
0x76980000 - 0x76a40000 	C:\WINDOWS\System32\RPCRT4.dll
0x77040000 - 0x771b8000 	C:\WINDOWS\System32\USER32.dll
0x74960000 - 0x7497c000 	C:\WINDOWS\System32\win32u.dll
0x752a0000 - 0x752c1000 	C:\WINDOWS\System32\GDI32.dll
0x744f0000 - 0x74650000 	C:\WINDOWS\System32\gdi32full.dll
0x74650000 - 0x746cc000 	C:\WINDOWS\System32\msvcp_win.dll
0x74740000 - 0x74860000 	C:\WINDOWS\System32\ucrtbase.dll
0x68c60000 - 0x68e6f000 	C:\WINDOWS\WinSxS\x86_microsoft.windows.common-controls_6595b64144ccf1df_6.0.18362.1139_none_e62929aaf8dc83cc\COMCTL32.dll
0x771c0000 - 0x77435000 	C:\WINDOWS\System32\combase.dll
0x751b0000 - 0x7520f000 	C:\WINDOWS\System32\bcryptPrimitives.dll
0x752d0000 - 0x752f6000 	C:\WINDOWS\System32\IMM32.DLL
0x6fc50000 - 0x6fd0f000 	C:\Program Files\android-studio\jre\jre\bin\msvcr100.dll
0x7c330000 - 0x7c919000 	C:\Program Files\android-studio\jre\jre\bin\server\jvm.dll
0x75400000 - 0x75406000 	C:\WINDOWS\System32\PSAPI.DLL
0x6cf00000 - 0x6cf08000 	C:\WINDOWS\SYSTEM32\WSOCK32.dll
0x75dc0000 - 0x75e1e000 	C:\WINDOWS\System32\WS2_32.dll
0x72a00000 - 0x72a24000 	C:\WINDOWS\SYSTEM32\WINMM.dll
0x6e460000 - 0x6e468000 	C:\WINDOWS\SYSTEM32\VERSION.dll
0x729d0000 - 0x729f3000 	C:\WINDOWS\SYSTEM32\WINMMBASE.dll
0x74980000 - 0x749bb000 	C:\WINDOWS\System32\cfgmgr32.dll
0x55280000 - 0x5528c000 	C:\Program Files\android-studio\jre\jre\bin\verify.dll
0x7cad0000 - 0x7caf1000 	C:\Program Files\android-studio\jre\jre\bin\java.dll
0x7ca20000 - 0x7ca34000 	C:\Program Files\android-studio\jre\jre\bin\zip.dll
0x76ac0000 - 0x7703a000 	C:\WINDOWS\System32\SHELL32.dll
0x75970000 - 0x759f4000 	C:\WINDOWS\System32\shcore.dll
0x74be0000 - 0x751a1000 	C:\WINDOWS\System32\windows.storage.dll
0x744c0000 - 0x744db000 	C:\WINDOWS\System32\profapi.dll
0x74470000 - 0x744b3000 	C:\WINDOWS\System32\powrprof.dll
0x74450000 - 0x7445d000 	C:\WINDOWS\System32\UMPDC.dll
0x75ee0000 - 0x75f24000 	C:\WINDOWS\System32\shlwapi.dll
0x744e0000 - 0x744ef000 	C:\WINDOWS\System32\kernel.appcore.dll
0x74720000 - 0x74733000 	C:\WINDOWS\System32\cryptsp.dll
0x7ca50000 - 0x7ca65000 	C:\Program Files\android-studio\jre\jre\bin\net.dll
0x75b60000 - 0x75d0a000 	C:\WINDOWS\System32\urlmon.dll
0x75f30000 - 0x7615a000 	C:\WINDOWS\System32\iertutil.dll
0x73f80000 - 0x73f8a000 	C:\WINDOWS\SYSTEM32\CRYPTBASE.DLL
0x73e00000 - 0x73e57000 	C:\WINDOWS\system32\mswsock.dll
0x7ca70000 - 0x7ca7f000 	C:\Program Files\android-studio\jre\jre\bin\nio.dll
0x6fd10000 - 0x6fd31000 	C:\Users\TOSHIBA\.gradle\native\30\windows-i386\native-platform.dll
0x7ca40000 - 0x7ca4a000 	C:\Program Files\android-studio\jre\jre\bin\management.dll
0x73a30000 - 0x73a5f000 	C:\WINDOWS\system32\rsaenh.dll
0x74bc0000 - 0x74bdb000 	C:\WINDOWS\System32\bcrypt.dll
0x743a0000 - 0x743be000 	C:\WINDOWS\SYSTEM32\USERENV.dll
0x73b90000 - 0x73bc2000 	C:\WINDOWS\SYSTEM32\IPHLPAPI.DLL
0x75d10000 - 0x75d17000 	C:\WINDOWS\System32\NSI.dll
0x6c9a0000 - 0x6c9b3000 	C:\WINDOWS\SYSTEM32\dhcpcsvc6.DLL
0x6ce70000 - 0x6ce85000 	C:\WINDOWS\SYSTEM32\dhcpcsvc.DLL
0x73be0000 - 0x73c74000 	C:\WINDOWS\SYSTEM32\DNSAPI.dll
0x65110000 - 0x6529f000 	C:\WINDOWS\SYSTEM32\dbghelp.dll

VM Arguments:
jvm_args: -Xmx1024m -Dfile.encoding=windows-1252 -Duser.country=US -Duser.language=en -Duser.variant 
java_command: org.gradle.launcher.daemon.bootstrap.GradleDaemon 5.6.4
java_class_path (initial): C:\Users\TOSHIBA\.gradle\wrapper\dists\gradle-5.6.4-all\ankdp27end7byghfw1q2sw75f\gradle-5.6.4\lib\gradle-launcher-5.6.4.jar
Launcher Type: SUN_STANDARD

Environment Variables:
JAVA_HOME=C:\Program Files\Java;C:\Program Files\Java\jdk1.8.0_211;C:\Program Files\Java\jdk1.8.0_211\bin
PATH=C:\WINDOWS\System32;C:\Users\TOSHIBA\AppData\Roaming\npm;%USERPROFILE%\AppData\Local\Microsoft\WindowsApps;
USERNAME=TOSHIBA
OS=Windows_NT
PROCESSOR_IDENTIFIER=x86 Family 6 Model 23 Stepping 10, GenuineIntel



---------------  S Y S T E M  ---------------

OS: Windows 10.0 Build 18362 (10.0.18362.1110)

CPU:total 2 (initial active 2) (2 cores per cpu, 1 threads per core) family 6 model 23 stepping 10, cmov, cx8, fxsr, mmx, sse, sse2, sse3, ssse3, sse4.1, tsc

Memory: 4k page, physical 2095092k(129740k free), swap 3119092k(3956k free)

vm_info: OpenJDK Server VM (25.212-b04) for windows-x86 JRE (1.8.0_212-release-1586-b04), built by "builder" with MS VC++ 10.0 (VS2010)

time: Mon Mar 15 15:58:53 2021
timezone: China Standard Time
elapsed time: 37 seconds (0d 0h 0m 37s)

