#
# There is insufficient memory for the Java Runtime Environment to continue.
# Native memory allocation (malloc) failed to allocate 400104 bytes for Chunk::new
# Possible reasons:
#   The system is out of physical RAM or swap space
#   In 32 bit mode, the process size limit was hit
# Possible solutions:
#   Reduce memory load on the system
#   Increase physical memory or swap space
#   Check if swap backing store is full
#   Use 64 bit Java on a 64 bit OS
#   Decrease Java heap size (-Xmx/-Xms)
#   Decrease number of Java threads
#   Decrease Java thread stack sizes (-Xss)
#   Set larger code cache with -XX:ReservedCodeCacheSize=
# This output file may be truncated or incomplete.
#
#  Out of Memory Error (allocation.cpp:389), pid=7068, tid=0x00001e9c
#
# JRE version: OpenJDK Runtime Environment (8.0_212-b04) (build 1.8.0_212-release-1586-b04)
# Java VM: OpenJDK Server VM (25.212-b04 mixed mode windows-x86 )
# Failed to write core dump. Minidumps are not enabled by default on client versions of Windows
#

---------------  T H R E A D  ---------------

Current thread (0x53ab5800):  JavaThread "C2 CompilerThread0" daemon [_thread_in_native, id=7836, stack(0x53d20000,0x53d70000)]

Stack: [0x53d20000,0x53d70000],  sp=0x53d6e2b8,  free space=312k
Native frames: (J=compiled Java code, j=interpreted, Vv=VM code, C=native code)
V  [jvm.dll+0x1a67db]
V  [jvm.dll+0x19ed58]
V  [jvm.dll+0x7d871]
V  [jvm.dll+0x7dd77]
V  [jvm.dll+0x95314]
V  [jvm.dll+0x309330]
V  [jvm.dll+0x340888]
V  [jvm.dll+0x2fac25]
V  [jvm.dll+0x2ffd4b]
V  [jvm.dll+0x300875]
V  [jvm.dll+0x2ea216]
V  [jvm.dll+0x60e47]
V  [jvm.dll+0x615ef]
V  [jvm.dll+0x177ab0]
V  [jvm.dll+0x1782eb]
V  [jvm.dll+0x1b8e46]
C  [msvcr100.dll+0x5c556]
C  [msvcr100.dll+0x5c600]
C  [KERNEL32.DLL+0x223d9]
C  [ntdll.dll+0x5e6cb]
C  [ntdll.dll+0x5e69f]
C  0x00000000


Current CompileTask:
C2:  21583 1441   !   4       java.net.URLClassLoader$1::run (63 bytes)


---------------  P R O C E S S  ---------------

Java Threads: ( => current thread )
  0x551ae000 JavaThread "Cache worker for journal cache (C:\Users\TOSHIBA\.gradle\caches\journal-1)" [_thread_blocked, id=5252, stack(0x56870000,0x568c0000)]
  0x551ae400 JavaThread "File lock request listener" [_thread_in_native, id=4572, stack(0x56820000,0x56870000)]
  0x551af800 JavaThread "Cache worker for file hash cache (C:\Users\TOSHIBA\.gradle\caches\5.6.4\fileHashes)" [_thread_blocked, id=4448, stack(0x567d0000,0x56820000)]
  0x53e98400 JavaThread "Thread-9" [_thread_blocked, id=7088, stack(0x56580000,0x565d0000)]
  0x54908800 JavaThread "Stdin handler" [_thread_blocked, id=5916, stack(0x56530000,0x56580000)]
  0x54908000 JavaThread "Asynchronous log dispatcher for DefaultDaemonConnection: socket connection from /127.0.0.1:51312 to /127.0.0.1:51313" [_thread_blocked, id=1620, stack(0x564e0000,0x56530000)]
  0x54c53400 JavaThread "Daemon worker" [_thread_in_vm, id=5380, stack(0x56490000,0x564e0000)]
  0x54c74800 JavaThread "Cancel handler" [_thread_blocked, id=3268, stack(0x56440000,0x56490000)]
  0x53e85400 JavaThread "Handler for socket connection from /127.0.0.1:51312 to /127.0.0.1:51313" [_thread_in_native, id=7880, stack(0x563f0000,0x56440000)]
  0x53b55000 JavaThread "Daemon" [_thread_blocked, id=1128, stack(0x563a0000,0x563f0000)]
  0x53fe1c00 JavaThread "Daemon periodic checks" [_thread_blocked, id=7104, stack(0x56250000,0x562a0000)]
  0x53fe6400 JavaThread "Incoming local TCP Connector on port 51312" [_thread_in_native, id=4716, stack(0x560c0000,0x56110000)]
  0x55053400 JavaThread "Daemon health stats" [_thread_blocked, id=1608, stack(0x55c30000,0x55c80000)]
  0x53aaec00 JavaThread "Service Thread" daemon [_thread_blocked, id=1364, stack(0x53dc0000,0x53e10000)]
  0x53ab6c00 JavaThread "C1 CompilerThread1" daemon [_thread_in_native, id=1760, stack(0x53d70000,0x53dc0000)]
=>0x53ab5800 JavaThread "C2 CompilerThread0" daemon [_thread_in_native, id=7836, stack(0x53d20000,0x53d70000)]
  0x53ab2000 JavaThread "Attach Listener" daemon [_thread_blocked, id=4400, stack(0x53cd0000,0x53d20000)]
  0x53ab1000 JavaThread "Signal Dispatcher" daemon [_thread_blocked, id=7964, stack(0x10db0000,0x10e00000)]
  0x53a95800 JavaThread "Finalizer" daemon [_thread_blocked, id=5824, stack(0x10d60000,0x10db0000)]
  0x53a8f000 JavaThread "Reference Handler" daemon [_thread_blocked, id=7232, stack(0x10d10000,0x10d60000)]
  0x0194c400 JavaThread "main" [_thread_blocked, id=5132, stack(0x00760000,0x007b0000)]

Other Threads:
  0x53a79400 VMThread [stack: 0x018f0000,0x01940000] [id=6136]
  0x53b01000 WatcherThread [stack: 0x53e10000,0x53e60000] [id=6296]

VM state:not at safepoint (normal execution)

VM Mutex/Monitor currently owned by a thread: None

Heap:
 PSYoungGen      total 35328K, used 4461K [0x3b8c0000, 0x3dec0000, 0x50e00000)
  eden space 32256K, 4% used [0x3b8c0000,0x3ba1d860,0x3d840000)
  from space 3072K, 99% used [0x3d840000,0x3db3dca8,0x3db40000)
  to   space 2560K, 0% used [0x3db40000,0x3db40000,0x3ddc0000)
 ParOldGen       total 22016K, used 5859K [0x10e00000, 0x12380000, 0x3b8c0000)
  object space 22016K, 26% used [0x10e00000,0x113b8f30,0x12380000)
 Metaspace       used 9462K, capacity 9731K, committed 9856K, reserved 10624K

Card table byte_map: [0x50e00000,0x51010000] byte_map_base: 0x50d79000

Marking Bits: (ParMarkBitMap*) 0x5e938620
 Begin Bits: [0x51170000, 0x52170000)
 End Bits:   [0x52170000, 0x53170000)

Polling page: 0x00730000

CodeCache: size=245760Kb used=3695Kb max_used=3696Kb free=242064Kb
 bounds [0x01950000, 0x01cf0000, 0x10950000]
 total_blobs=1535 nmethods=1330 adapters=120
 compilation: enabled

Compilation events (10 events):
Event: 21.091 Thread 0x53ab5800 nmethod 1436 0x01ce2148 code [0x01ce2240, 0x01ce2330]
Event: 21.092 Thread 0x53ab6c00 1437   !   3       java.io.WinNTFileSystem::resolve (362 bytes)
Event: 21.098 Thread 0x53ab6c00 nmethod 1437 0x01ce5488 code [0x01ce5ca0, 0x01cea650]
Event: 21.099 Thread 0x53ab6c00 1438       3       java.util.concurrent.ConcurrentLinkedQueue::poll (85 bytes)
Event: 21.099 Thread 0x53ab6c00 nmethod 1438 0x01ce1548 code [0x01ce16c0, 0x01ce1de0]
Event: 21.099 Thread 0x53ab6c00 1439       3       java.util.concurrent.ConcurrentLinkedQueue::updateHead (20 bytes)
Event: 21.100 Thread 0x53ab6c00 nmethod 1439 0x01ce1148 code [0x01ce1260, 0x01ce1460]
Event: 21.134 Thread 0x53ab5800 1440   !   4       java.net.URLClassLoader::findClass (47 bytes)
Event: 21.137 Thread 0x53ab5800 nmethod 1440 0x01ce5008 code [0x01ce5140, 0x01ce52e4]
Event: 21.171 Thread 0x53ab5800 1441   !   4       java.net.URLClassLoader$1::run (63 bytes)

GC Heap History (10 events):
Event: 10.477 GC heap before
{Heap before GC invocations=5 (full 0):
 PSYoungGen      total 9472K, used 9464K [0x3b8c0000, 0x3cb40000, 0x50e00000)
  eden space 8192K, 100% used [0x3b8c0000,0x3c0c0000,0x3c0c0000)
  from space 1280K, 99% used [0x3c200000,0x3c33e050,0x3c340000)
  to   space 1280K, 0% used [0x3c0c0000,0x3c0c0000,0x3c200000)
 ParOldGen       total 22016K, used 2142K [0x10e00000, 0x12380000, 0x3b8c0000)
  object space 22016K, 9% used [0x10e00000,0x11017980,0x12380000)
 Metaspace       used 4540K, capacity 4618K, committed 4736K, reserved 5504K
Event: 10.481 GC heap after
Heap after GC invocations=5 (full 0):
 PSYoungGen      total 9472K, used 1264K [0x3b8c0000, 0x3ce40000, 0x50e00000)
  eden space 8192K, 0% used [0x3b8c0000,0x3b8c0000,0x3c0c0000)
  from space 1280K, 98% used [0x3c0c0000,0x3c1fc040,0x3c200000)
  to   space 2816K, 0% used [0x3cb80000,0x3cb80000,0x3ce40000)
 ParOldGen       total 22016K, used 2255K [0x10e00000, 0x12380000, 0x3b8c0000)
  object space 22016K, 10% used [0x10e00000,0x11033d80,0x12380000)
 Metaspace       used 4540K, capacity 4618K, committed 4736K, reserved 5504K
}
Event: 10.633 GC heap before
{Heap before GC invocations=6 (full 0):
 PSYoungGen      total 9472K, used 9456K [0x3b8c0000, 0x3ce40000, 0x50e00000)
  eden space 8192K, 100% used [0x3b8c0000,0x3c0c0000,0x3c0c0000)
  from space 1280K, 98% used [0x3c0c0000,0x3c1fc040,0x3c200000)
  to   space 2816K, 0% used [0x3cb80000,0x3cb80000,0x3ce40000)
 ParOldGen       total 22016K, used 2255K [0x10e00000, 0x12380000, 0x3b8c0000)
  object space 22016K, 10% used [0x10e00000,0x11033d80,0x12380000)
 Metaspace       used 4602K, capacity 4714K, committed 4736K, reserved 5504K
Event: 10.664 GC heap after
Heap after GC invocations=6 (full 0):
 PSYoungGen      total 18688K, used 1689K [0x3b8c0000, 0x3cdc0000, 0x50e00000)
  eden space 16384K, 0% used [0x3b8c0000,0x3b8c0000,0x3c8c0000)
  from space 2304K, 73% used [0x3cb80000,0x3cd26668,0x3cdc0000)
  to   space 2560K, 0% used [0x3c8c0000,0x3c8c0000,0x3cb40000)
 ParOldGen       total 22016K, used 2255K [0x10e00000, 0x12380000, 0x3b8c0000)
  object space 22016K, 10% used [0x10e00000,0x11033d80,0x12380000)
 Metaspace       used 4602K, capacity 4714K, committed 4736K, reserved 5504K
}
Event: 11.016 GC heap before
{Heap before GC invocations=7 (full 0):
 PSYoungGen      total 18688K, used 18073K [0x3b8c0000, 0x3cdc0000, 0x50e00000)
  eden space 16384K, 100% used [0x3b8c0000,0x3c8c0000,0x3c8c0000)
  from space 2304K, 73% used [0x3cb80000,0x3cd26668,0x3cdc0000)
  to   space 2560K, 0% used [0x3c8c0000,0x3c8c0000,0x3cb40000)
 ParOldGen       total 22016K, used 2255K [0x10e00000, 0x12380000, 0x3b8c0000)
  object space 22016K, 10% used [0x10e00000,0x11033d80,0x12380000)
 Metaspace       used 4801K, capacity 4916K, committed 4992K, reserved 5504K
Event: 11.027 GC heap after
Heap after GC invocations=7 (full 0):
 PSYoungGen      total 18944K, used 1666K [0x3b8c0000, 0x3ddc0000, 0x50e00000)
  eden space 16384K, 0% used [0x3b8c0000,0x3b8c0000,0x3c8c0000)
  from space 2560K, 65% used [0x3c8c0000,0x3ca60b08,0x3cb40000)
  to   space 2560K, 0% used [0x3db40000,0x3db40000,0x3ddc0000)
 ParOldGen       total 22016K, used 3138K [0x10e00000, 0x12380000, 0x3b8c0000)
  object space 22016K, 14% used [0x10e00000,0x11110a20,0x12380000)
 Metaspace       used 4801K, capacity 4916K, committed 4992K, reserved 5504K
}
Event: 15.658 GC heap before
{Heap before GC invocations=8 (full 0):
 PSYoungGen      total 18944K, used 18050K [0x3b8c0000, 0x3ddc0000, 0x50e00000)
  eden space 16384K, 100% used [0x3b8c0000,0x3c8c0000,0x3c8c0000)
  from space 2560K, 65% used [0x3c8c0000,0x3ca60b08,0x3cb40000)
  to   space 2560K, 0% used [0x3db40000,0x3db40000,0x3ddc0000)
 ParOldGen       total 22016K, used 3138K [0x10e00000, 0x12380000, 0x3b8c0000)
  object space 22016K, 14% used [0x10e00000,0x11110a20,0x12380000)
 Metaspace       used 7047K, capacity 7235K, committed 7296K, reserved 7552K
Event: 15.686 GC heap after
Heap after GC invocations=8 (full 0):
 PSYoungGen      total 34816K, used 2546K [0x3b8c0000, 0x3dec0000, 0x50e00000)
  eden space 32256K, 0% used [0x3b8c0000,0x3b8c0000,0x3d840000)
  from space 2560K, 99% used [0x3db40000,0x3ddbca08,0x3ddc0000)
  to   space 3072K, 0% used [0x3d840000,0x3d840000,0x3db40000)
 ParOldGen       total 22016K, used 3758K [0x10e00000, 0x12380000, 0x3b8c0000)
  object space 22016K, 17% used [0x10e00000,0x111ab9f0,0x12380000)
 Metaspace       used 7047K, capacity 7235K, committed 7296K, reserved 7552K
}
Event: 21.066 GC heap before
{Heap before GC invocations=9 (full 0):
 PSYoungGen      total 34816K, used 34802K [0x3b8c0000, 0x3dec0000, 0x50e00000)
  eden space 32256K, 100% used [0x3b8c0000,0x3d840000,0x3d840000)
  from space 2560K, 99% used [0x3db40000,0x3ddbca08,0x3ddc0000)
  to   space 3072K, 0% used [0x3d840000,0x3d840000,0x3db40000)
 ParOldGen       total 22016K, used 3758K [0x10e00000, 0x12380000, 0x3b8c0000)
  object space 22016K, 17% used [0x10e00000,0x111ab9f0,0x12380000)
 Metaspace       used 9415K, capacity 9699K, committed 9728K, reserved 10624K
Event: 21.087 GC heap after
Heap after GC invocations=9 (full 0):
 PSYoungGen      total 35328K, used 3063K [0x3b8c0000, 0x3dec0000, 0x50e00000)
  eden space 32256K, 0% used [0x3b8c0000,0x3b8c0000,0x3d840000)
  from space 3072K, 99% used [0x3d840000,0x3db3dca8,0x3db40000)
  to   space 2560K, 0% used [0x3db40000,0x3db40000,0x3ddc0000)
 ParOldGen       total 22016K, used 5859K [0x10e00000, 0x12380000, 0x3b8c0000)
  object space 22016K, 26% used [0x10e00000,0x113b8f30,0x12380000)
 Metaspace       used 9415K, capacity 9699K, committed 9728K, reserved 10624K
}

Deoptimization events (10 events):
Event: 13.360 Thread 0x0194c400 Uncommon trap: reason=bimorphic action=maybe_recompile pc=0x01b36238 method=java.util.HashMap.putVal(ILjava/lang/Object;Ljava/lang/Object;ZZ)Ljava/lang/Object; @ 203
Event: 14.532 Thread 0x0194c400 Uncommon trap: reason=unstable_if action=reinterpret pc=0x01b24880 method=java.io.WinNTFileSystem.normalize(Ljava/lang/String;)Ljava/lang/String; @ 128
Event: 17.238 Thread 0x53e85400 Uncommon trap: reason=unstable_if action=reinterpret pc=0x01c3de58 method=java.util.concurrent.ConcurrentHashMap.putVal(Ljava/lang/Object;Ljava/lang/Object;Z)Ljava/lang/Object; @ 206
Event: 17.627 Thread 0x54c53400 Uncommon trap: reason=bimorphic action=maybe_recompile pc=0x01b35b70 method=java.util.HashMap.putVal(ILjava/lang/Object;Ljava/lang/Object;ZZ)Ljava/lang/Object; @ 253
Event: 17.627 Thread 0x54c53400 Uncommon trap: reason=bimorphic action=maybe_recompile pc=0x01b35b70 method=java.util.HashMap.putVal(ILjava/lang/Object;Ljava/lang/Object;ZZ)Ljava/lang/Object; @ 253
Event: 17.627 Thread 0x54c53400 Uncommon trap: reason=bimorphic action=maybe_recompile pc=0x01b35b70 method=java.util.HashMap.putVal(ILjava/lang/Object;Ljava/lang/Object;ZZ)Ljava/lang/Object; @ 253
Event: 20.510 Thread 0x54c53400 Uncommon trap: reason=class_check action=maybe_recompile pc=0x01b6b830 method=java.util.regex.Matcher.match(II)Z @ 86
Event: 20.618 Thread 0x54c53400 Uncommon trap: reason=class_check action=maybe_recompile pc=0x01b6b830 method=java.util.regex.Matcher.match(II)Z @ 86
Event: 20.619 Thread 0x54c53400 Uncommon trap: reason=class_check action=maybe_recompile pc=0x01b6b830 method=java.util.regex.Matcher.match(II)Z @ 86
Event: 20.620 Thread 0x54c53400 Uncommon trap: reason=class_check action=maybe_recompile pc=0x01a3f918 method=java.util.regex.Matcher.match(II)Z @ 86

Classes redefined (0 events):
No events

Internal exceptions (10 events):
Event: 17.266 Thread 0x53e85400 Exception <a 'java/lang/NoSuchMethodError': <clinit>> (0x3bd351a8) thrown at [D:\src\AOSP-openjdk-cygwin\jdk8u\hotspot\src\share\vm\prims\jni.cpp, line 1614]
Event: 17.271 Thread 0x53e85400 Exception <a 'java/lang/NoSuchMethodError': <clinit>> (0x3bd499c0) thrown at [D:\src\AOSP-openjdk-cygwin\jdk8u\hotspot\src\share\vm\prims\jni.cpp, line 1614]
Event: 17.301 Thread 0x53e85400 Exception <a 'java/lang/NoSuchMethodError': <clinit>> (0x3bd5b508) thrown at [D:\src\AOSP-openjdk-cygwin\jdk8u\hotspot\src\share\vm\prims\jni.cpp, line 1614]
Event: 17.330 Thread 0x53e85400 Exception <a 'java/lang/NoSuchMethodError': <clinit>> (0x3bd7ff50) thrown at [D:\src\AOSP-openjdk-cygwin\jdk8u\hotspot\src\share\vm\prims\jni.cpp, line 1614]
Event: 17.371 Thread 0x53e85400 Exception <a 'java/lang/NoSuchMethodError': <clinit>> (0x3bd968a8) thrown at [D:\src\AOSP-openjdk-cygwin\jdk8u\hotspot\src\share\vm\prims\jni.cpp, line 1614]
Event: 17.373 Thread 0x53e85400 Exception <a 'java/lang/NoSuchMethodError': <clinit>> (0x3bd9ede0) thrown at [D:\src\AOSP-openjdk-cygwin\jdk8u\hotspot\src\share\vm\prims\jni.cpp, line 1614]
Event: 17.382 Thread 0x53e85400 Exception <a 'java/lang/NoSuchMethodError': <clinit>> (0x3bdb4040) thrown at [D:\src\AOSP-openjdk-cygwin\jdk8u\hotspot\src\share\vm\prims\jni.cpp, line 1614]
Event: 17.434 Thread 0x53e85400 Exception <a 'java/lang/NoSuchMethodError': <clinit>> (0x3be153e8) thrown at [D:\src\AOSP-openjdk-cygwin\jdk8u\hotspot\src\share\vm\prims\jni.cpp, line 1614]
Event: 17.451 Thread 0x53e85400 Exception <a 'java/lang/NoSuchMethodError': <clinit>> (0x3be3f0e0) thrown at [D:\src\AOSP-openjdk-cygwin\jdk8u\hotspot\src\share\vm\prims\jni.cpp, line 1614]
Event: 17.459 Thread 0x53e85400 Exception <a 'java/lang/NoSuchMethodError': <clinit>> (0x3be5ae38) thrown at [D:\src\AOSP-openjdk-cygwin\jdk8u\hotspot\src\share\vm\prims\jni.cpp, line 1614]

Events (10 events):
Event: 21.087 Executing VM operation: RevokeBias done
Event: 21.090 loading class org/gradle/api/internal/changedetection/state/DefaultFileAccessTimeJournal
Event: 21.090 loading class org/gradle/api/internal/changedetection/state/DefaultFileAccessTimeJournal done
Event: 21.091 Executing VM operation: RevokeBias
Event: 21.091 Executing VM operation: RevokeBias done
Event: 21.093 Thread 0x551ae000 Thread added: 0x551ae000
Event: 21.134 loading class org/gradle/api/internal/changedetection/state/DefaultFileAccessTimeJournal$1
Event: 21.134 loading class org/gradle/api/internal/changedetection/state/DefaultFileAccessTimeJournal$1 done
Event: 21.171 loading class org/gradle/internal/classpath/DefaultCachedClasspathTransformer
Event: 21.171 loading class org/gradle/internal/classpath/DefaultCachedClasspathTransformer done


Dynamic libraries:
0x00900000 - 0x0092d000 	C:\Program Files\android-studio\jre\bin\java.exe
0x772a0000 - 0x77439000 	C:\WINDOWS\SYSTEM32\ntdll.dll
0x76b30000 - 0x76bc8000 	C:\WINDOWS\System32\KERNEL32.DLL
0x74db0000 - 0x74fad000 	C:\WINDOWS\System32\KERNELBASE.dll
0x729b0000 - 0x72a4f000 	C:\WINDOWS\SYSTEM32\apphelp.dll
0x76340000 - 0x763b9000 	C:\WINDOWS\System32\ADVAPI32.dll
0x76f70000 - 0x7702f000 	C:\WINDOWS\System32\msvcrt.dll
0x759d0000 - 0x75a46000 	C:\WINDOWS\System32\sechost.dll
0x76c30000 - 0x76cf0000 	C:\WINDOWS\System32\RPCRT4.dll
0x75850000 - 0x759c8000 	C:\WINDOWS\System32\USER32.dll
0x74fb0000 - 0x74fcc000 	C:\WINDOWS\System32\win32u.dll
0x76570000 - 0x76591000 	C:\WINDOWS\System32\GDI32.dll
0x74a90000 - 0x74bf0000 	C:\WINDOWS\System32\gdi32full.dll
0x74d10000 - 0x74d8c000 	C:\WINDOWS\System32\msvcp_win.dll
0x74fd0000 - 0x750f0000 	C:\WINDOWS\System32\ucrtbase.dll
0x68e90000 - 0x6909f000 	C:\WINDOWS\WinSxS\x86_microsoft.windows.common-controls_6595b64144ccf1df_6.0.18362.1139_none_e62929aaf8dc83cc\COMCTL32.dll
0x76cf0000 - 0x76f65000 	C:\WINDOWS\System32\combase.dll
0x74a30000 - 0x74a8f000 	C:\WINDOWS\System32\bcryptPrimitives.dll
0x77270000 - 0x77296000 	C:\WINDOWS\System32\IMM32.DLL
0x6f090000 - 0x6f14f000 	C:\Program Files\android-studio\jre\jre\bin\msvcr100.dll
0x5e3c0000 - 0x5e9a9000 	C:\Program Files\android-studio\jre\jre\bin\server\jvm.dll
0x76560000 - 0x76566000 	C:\WINDOWS\System32\PSAPI.DLL
0x69170000 - 0x69178000 	C:\WINDOWS\SYSTEM32\WSOCK32.dll
0x723e0000 - 0x72404000 	C:\WINDOWS\SYSTEM32\WINMM.dll
0x76bd0000 - 0x76c2e000 	C:\WINDOWS\System32\WS2_32.dll
0x6e020000 - 0x6e028000 	C:\WINDOWS\SYSTEM32\VERSION.dll
0x723b0000 - 0x723d3000 	C:\WINDOWS\SYSTEM32\WINMMBASE.dll
0x743d0000 - 0x7440b000 	C:\WINDOWS\System32\cfgmgr32.dll
0x6fd80000 - 0x6fd8c000 	C:\Program Files\android-studio\jre\jre\bin\verify.dll
0x60fb0000 - 0x60fd1000 	C:\Program Files\android-studio\jre\jre\bin\java.dll
0x6f7f0000 - 0x6f804000 	C:\Program Files\android-studio\jre\jre\bin\zip.dll
0x75270000 - 0x757ea000 	C:\WINDOWS\System32\SHELL32.dll
0x76640000 - 0x766c4000 	C:\WINDOWS\System32\shcore.dll
0x74410000 - 0x749d1000 	C:\WINDOWS\System32\windows.storage.dll
0x74320000 - 0x7433b000 	C:\WINDOWS\System32\profapi.dll
0x742b0000 - 0x742f3000 	C:\WINDOWS\System32\powrprof.dll
0x742a0000 - 0x742ad000 	C:\WINDOWS\System32\UMPDC.dll
0x75a50000 - 0x75a94000 	C:\WINDOWS\System32\shlwapi.dll
0x74300000 - 0x7430f000 	C:\WINDOWS\System32\kernel.appcore.dll
0x74cf0000 - 0x74d03000 	C:\WINDOWS\System32\cryptsp.dll
0x6ecf0000 - 0x6ed05000 	C:\Program Files\android-studio\jre\jre\bin\net.dll
0x76130000 - 0x762da000 	C:\WINDOWS\System32\urlmon.dll
0x75ab0000 - 0x75cda000 	C:\WINDOWS\System32\iertutil.dll
0x73dd0000 - 0x73dda000 	C:\WINDOWS\SYSTEM32\CRYPTBASE.DLL
0x73c50000 - 0x73ca7000 	C:\WINDOWS\system32\mswsock.dll
0x6fcd0000 - 0x6fcdf000 	C:\Program Files\android-studio\jre\jre\bin\nio.dll
0x6f150000 - 0x6f171000 	C:\Users\TOSHIBA\.gradle\native\30\windows-i386\native-platform.dll
0x6f8f0000 - 0x6f8fa000 	C:\Program Files\android-studio\jre\jre\bin\management.dll
0x73880000 - 0x738af000 	C:\WINDOWS\system32\rsaenh.dll
0x74d90000 - 0x74dab000 	C:\WINDOWS\System32\bcrypt.dll
0x741c0000 - 0x741de000 	C:\WINDOWS\SYSTEM32\USERENV.dll
0x739e0000 - 0x73a12000 	C:\WINDOWS\SYSTEM32\IPHLPAPI.DLL
0x75aa0000 - 0x75aa7000 	C:\WINDOWS\System32\NSI.dll
0x6aae0000 - 0x6aaf3000 	C:\WINDOWS\SYSTEM32\dhcpcsvc6.DLL
0x6afb0000 - 0x6afc5000 	C:\WINDOWS\SYSTEM32\dhcpcsvc.DLL
0x73a30000 - 0x73ac4000 	C:\WINDOWS\SYSTEM32\DNSAPI.dll
0x64c60000 - 0x64def000 	C:\WINDOWS\SYSTEM32\dbghelp.dll

VM Arguments:
jvm_args: -Xmx1024m -Dfile.encoding=windows-1252 -Duser.country=US -Duser.language=en -Duser.variant 
java_command: org.gradle.launcher.daemon.bootstrap.GradleDaemon 5.6.4
java_class_path (initial): C:\Users\TOSHIBA\.gradle\wrapper\dists\gradle-5.6.4-all\ankdp27end7byghfw1q2sw75f\gradle-5.6.4\lib\gradle-launcher-5.6.4.jar
Launcher Type: SUN_STANDARD

Environment Variables:
JAVA_HOME=C:\Program Files\Java;C:\Program Files\Java\jdk1.8.0_211;C:\Program Files\Java\jdk1.8.0_211\bin
PATH=C:\WINDOWS\System32;C:\Users\TOSHIBA\AppData\Roaming\npm;%USERPROFILE%\AppData\Local\Microsoft\WindowsApps;
USERNAME=TOSHIBA
OS=Windows_NT
PROCESSOR_IDENTIFIER=x86 Family 6 Model 23 Stepping 10, GenuineIntel



---------------  S Y S T E M  ---------------

OS: Windows 10.0 Build 18362 (10.0.18362.1110)

CPU:total 2 (initial active 2) (2 cores per cpu, 1 threads per core) family 6 model 23 stepping 10, cmov, cx8, fxsr, mmx, sse, sse2, sse3, ssse3, sse4.1, tsc

Memory: 4k page, physical 2095092k(164988k free), swap 3118484k(1632k free)

vm_info: OpenJDK Server VM (25.212-b04) for windows-x86 JRE (1.8.0_212-release-1586-b04), built by "builder" with MS VC++ 10.0 (VS2010)

time: Fri Mar 26 16:38:00 2021
timezone: China Standard Time
elapsed time: 21 seconds (0d 0h 0m 21s)

