#
# There is insufficient memory for the Java Runtime Environment to continue.
# Native memory allocation (malloc) failed to allocate 122856 bytes for Chunk::new
# Possible reasons:
#   The system is out of physical RAM or swap space
#   In 32 bit mode, the process size limit was hit
# Possible solutions:
#   Reduce memory load on the system
#   Increase physical memory or swap space
#   Check if swap backing store is full
#   Use 64 bit Java on a 64 bit OS
#   Decrease Java heap size (-Xmx/-Xms)
#   Decrease number of Java threads
#   Decrease Java thread stack sizes (-Xss)
#   Set larger code cache with -XX:ReservedCodeCacheSize=
# This output file may be truncated or incomplete.
#
#  Out of Memory Error (allocation.cpp:389), pid=2648, tid=0x00001c8c
#
# JRE version: OpenJDK Runtime Environment (8.0_212-b04) (build 1.8.0_212-release-1586-b04)
# Java VM: OpenJDK Server VM (25.212-b04 mixed mode windows-x86 )
# Failed to write core dump. Minidumps are not enabled by default on client versions of Windows
#

---------------  T H R E A D  ---------------

Current thread (0x54345c00):  JavaThread "C2 CompilerThread0" daemon [_thread_in_native, id=7308, stack(0x54570000,0x545c0000)]

Stack: [0x54570000,0x545c0000],  sp=0x545bdd7c,  free space=311k
Native frames: (J=compiled Java code, j=interpreted, Vv=VM code, C=native code)
V  [jvm.dll+0x1a67db]
V  [jvm.dll+0x19ed58]
V  [jvm.dll+0x7d871]
V  [jvm.dll+0x7dd77]
V  [jvm.dll+0x1552]
V  [jvm.dll+0x7e072]
V  [jvm.dll+0x9535c]
V  [jvm.dll+0x3390c3]
V  [jvm.dll+0x343515]
V  [jvm.dll+0x350cd8]
V  [jvm.dll+0x3512ff]
V  [jvm.dll+0x351385]
V  [jvm.dll+0x3513bb]
V  [jvm.dll+0x3513bb]
V  [jvm.dll+0x3513bb]
V  [jvm.dll+0x3513bb]
V  [jvm.dll+0x340cf1]
V  [jvm.dll+0x2fac25]
V  [jvm.dll+0x300026]
V  [jvm.dll+0x300875]
V  [jvm.dll+0x2ea216]
V  [jvm.dll+0x60e47]
V  [jvm.dll+0x615ef]
V  [jvm.dll+0x177ab0]
V  [jvm.dll+0x1782eb]
V  [jvm.dll+0x1b8e46]
C  [msvcr100.dll+0x5c556]
C  [msvcr100.dll+0x5c600]
C  [KERNEL32.DLL+0x223d9]
C  [ntdll.dll+0x5e6cb]
C  [ntdll.dll+0x5e69f]
C  0x00000000


Current CompileTask:
C2: 671456 15045       4       com.android.builder.symbols.BytecodeRClassWriterKt::generateResourceTypeClass (595 bytes)


---------------  P R O C E S S  ---------------

Java Threads: ( => current thread )
  0x5e782000 JavaThread "stdout" [_thread_in_native, id=8, stack(0x62280000,0x622d0000)]
  0x5e781c00 JavaThread "stderr" [_thread_in_native, id=5072, stack(0x62230000,0x62280000)]
  0x5e784000 JavaThread "stdout" [_thread_in_native, id=7868, stack(0x621e0000,0x62230000)]
  0x5e786000 JavaThread "stderr" [_thread_in_native, id=1164, stack(0x62190000,0x621e0000)]
  0x54c52400 JavaThread "pool-5-thread-1" [_thread_blocked, id=3932, stack(0x62310000,0x62360000)]
  0x54c51c00 JavaThread "WorkerExecutor Queue Thread 2" [_thread_blocked, id=6256, stack(0x5b620000,0x5b670000)]
  0x54c53c00 JavaThread "WorkerExecutor Queue" [_thread_blocked, id=3808, stack(0x5b5d0000,0x5b620000)]
  0x54c54800 JavaThread "Cache worker for execution history cache (C:\Users\TOSHIBA\AndroidStudioProjects\TaguigHealthConsult\.gradle\5.6.4\executionHistory)" [_thread_blocked, id=4972, stack(0x5b340000,0x5b390000)]
  0x54a6ac00 JavaThread "Cache worker for file content cache (C:\Users\TOSHIBA\AndroidStudioProjects\TaguigHealthConsult\.gradle\5.6.4\fileContent)" [_thread_blocked, id=644, stack(0x59020000,0x59070000)]
  0x54a6a000 JavaThread "Cache worker for Build Output Cleanup Cache (C:\Users\TOSHIBA\AndroidStudioProjects\TaguigHealthConsult\.gradle\buildOutputCleanup)" [_thread_blocked, id=5952, stack(0x58fd0000,0x59020000)]
  0x54a68000 JavaThread "pool-4-thread-1" [_thread_blocked, id=6360, stack(0x58e70000,0x58ec0000)]
  0x54a67800 JavaThread "Build operations Thread 2" [_thread_blocked, id=6740, stack(0x58cd0000,0x58d20000)]
  0x54a67400 JavaThread "Build operations" [_thread_blocked, id=1636, stack(0x58c80000,0x58cd0000)]
  0x54a66c00 JavaThread "Cache worker for cache directory md-rule (C:\Users\TOSHIBA\.gradle\caches\5.6.4\md-rule)" [_thread_blocked, id=6604, stack(0x58c30000,0x58c80000)]
  0x54a69400 JavaThread "Cache worker for cache directory md-supplier (C:\Users\TOSHIBA\.gradle\caches\5.6.4\md-supplier)" [_thread_blocked, id=2052, stack(0x582e0000,0x58330000)]
  0x54a68c00 JavaThread "Cache worker for file hash cache (C:\Users\TOSHIBA\AndroidStudioProjects\TaguigHealthConsult\.gradle\5.6.4\fileHashes)" [_thread_blocked, id=3160, stack(0x56dd0000,0x56e20000)]
  0x54a64800 JavaThread "Thread-34" [_thread_blocked, id=7436, stack(0x56d30000,0x56d80000)]
  0x54a66800 JavaThread "Asynchronous log dispatcher for DefaultDaemonConnection: socket connection from /127.0.0.1:50456 to /127.0.0.1:50488" [_thread_blocked, id=5260, stack(0x56c90000,0x56ce0000)]
  0x54a64c00 JavaThread "Daemon worker Thread 2" [_thread_in_native, id=7168, stack(0x56c40000,0x56c90000)]
  0x54a66000 JavaThread "Cancel handler" [_thread_blocked, id=7312, stack(0x56bf0000,0x56c40000)]
  0x54a69800 JavaThread "Handler for socket connection from /127.0.0.1:50456 to /127.0.0.1:50488" [_thread_in_native, id=4948, stack(0x00e00000,0x00e50000)]
  0x54a65c00 JavaThread "Daemon Thread 2" [_thread_blocked, id=6344, stack(0x00bb0000,0x00c00000)]
  0x54a68800 JavaThread "Cache worker for file content cache (C:\Users\TOSHIBA\.gradle\caches\5.6.4\fileContent)" [_thread_blocked, id=7972, stack(0x5aa40000,0x5aa90000)]
  0x54a6b800 JavaThread "Memory manager" [_thread_blocked, id=7948, stack(0x56d80000,0x56dd0000)]
  0x54c51000 JavaThread "Cache worker for execution history cache (C:\Users\TOSHIBA\.gradle\caches\5.6.4\executionHistory)" [_thread_blocked, id=5660, stack(0x58d20000,0x58d70000)]
  0x54c53000 JavaThread "Cache worker for journal cache (C:\Users\TOSHIBA\.gradle\caches\journal-1)" [_thread_blocked, id=4000, stack(0x570c0000,0x57110000)]
  0x54c52800 JavaThread "File lock request listener" [_thread_in_native, id=6820, stack(0x57070000,0x570c0000)]
  0x54c54400 JavaThread "Cache worker for file hash cache (C:\Users\TOSHIBA\.gradle\caches\5.6.4\fileHashes)" [_thread_blocked, id=3412, stack(0x57020000,0x57070000)]
  0x55ce8000 JavaThread "Daemon periodic checks" [_thread_blocked, id=6448, stack(0x56aa0000,0x56af0000)]
  0x55cfb400 JavaThread "Incoming local TCP Connector on port 50456" [_thread_in_native, id=7996, stack(0x56910000,0x56960000)]
  0x55c5d800 JavaThread "Daemon health stats" [_thread_blocked, id=6372, stack(0x56480000,0x564d0000)]
  0x54397000 JavaThread "Service Thread" daemon [_thread_blocked, id=5828, stack(0x54610000,0x54660000)]
  0x54350c00 JavaThread "C1 CompilerThread1" daemon [_thread_blocked, id=3300, stack(0x545c0000,0x54610000)]
=>0x54345c00 JavaThread "C2 CompilerThread0" daemon [_thread_in_native, id=7308, stack(0x54570000,0x545c0000)]
  0x54354800 JavaThread "Attach Listener" daemon [_thread_blocked, id=6164, stack(0x117a0000,0x117f0000)]
  0x54351c00 JavaThread "Signal Dispatcher" daemon [_thread_blocked, id=7284, stack(0x11750000,0x117a0000)]
  0x54335800 JavaThread "Finalizer" daemon [_thread_blocked, id=6084, stack(0x11700000,0x11750000)]
  0x5432f000 JavaThread "Reference Handler" daemon [_thread_blocked, id=6280, stack(0x116b0000,0x11700000)]
  0x0224c400 JavaThread "main" [_thread_blocked, id=2236, stack(0x01ec0000,0x01f10000)]

Other Threads:
  0x54319400 VMThread [stack: 0x11660000,0x116b0000] [id=3600]
  0x54398c00 WatcherThread [stack: 0x54660000,0x546b0000] [id=6304]

VM state:not at safepoint (normal execution)

VM Mutex/Monitor currently owned by a thread: None

OutOfMemory and StackOverflow Exception counts:
OutOfMemoryError java_heap_errors=1

Heap:
 PSYoungGen      total 325888K, used 151522K [0x3c2c0000, 0x51800000, 0x51800000)
  eden space 305664K, 45% used [0x3c2c0000,0x44a9f7d8,0x4ed40000)
  from space 20224K, 61% used [0x4ed40000,0x4f959268,0x50100000)
  to   space 20992K, 0% used [0x50380000,0x50380000,0x51800000)
 ParOldGen       total 77824K, used 52777K [0x11800000, 0x16400000, 0x3c2c0000)
  object space 77824K, 67% used [0x11800000,0x14b8a6c8,0x16400000)
 Metaspace       used 55022K, capacity 56658K, committed 56704K, reserved 56704K

Card table byte_map: [0x51800000,0x51a10000] byte_map_base: 0x51774000

Marking Bits: (ParMarkBitMap*) 0x7b888620
 Begin Bits: [0x51a10000, 0x52a10000)
 End Bits:   [0x52a10000, 0x53a10000)

Polling page: 0x01170000

CodeCache: size=245760Kb used=37586Kb max_used=37586Kb free=208173Kb
 bounds [0x02250000, 0x04720000, 0x11250000]
 total_blobs=13379 nmethods=12903 adapters=388
 compilation: enabled

Compilation events (10 events):
Event: 669.474 Thread 0x54350c00 15061       3       org.objectweb.asm.Symbol::getArgumentsAndReturnSizes (23 bytes)
Event: 669.474 Thread 0x54350c00 nmethod 15061 0x024cf5c8 code [0x024cf6e0, 0x024cf80c]
Event: 669.474 Thread 0x54350c00 15062       3       com.android.builder.packaging.JarFlinger::addEntry (23 bytes)
Event: 669.510 Thread 0x54350c00 nmethod 15062 0x02e4ca88 code [0x02e4cbc0, 0x02e4cdb8]
Event: 669.542 Thread 0x54350c00 15064   !   3       java.util.zip.Deflater::setInput (74 bytes)
Event: 669.543 Thread 0x54350c00 nmethod 15064 0x03f34a88 code [0x03f34bc0, 0x03f34ff8]
Event: 669.721 Thread 0x54350c00 15065       3       org.objectweb.asm.ClassVisitor::<init> (47 bytes)
Event: 669.721 Thread 0x54350c00 nmethod 15065 0x02b655c8 code [0x02b65700, 0x02b6596c]
Event: 669.723 Thread 0x54350c00 15066       3       org.objectweb.asm.SymbolTable::<init> (41 bytes)
Event: 669.723 Thread 0x54350c00 nmethod 15066 0x03f34488 code [0x03f345c0, 0x03f34920]

GC Heap History (10 events):
Event: 365.310 GC heap before
{Heap before GC invocations=28 (full 4):
 PSYoungGen      total 325376K, used 315344K [0x3c2c0000, 0x51800000, 0x51800000)
  eden space 302592K, 100% used [0x3c2c0000,0x4ea40000,0x4ea40000)
  from space 22784K, 55% used [0x4ea40000,0x4f6b4270,0x50080000)
  to   space 23296K, 0% used [0x50140000,0x50140000,0x51800000)
 ParOldGen       total 72704K, used 53162K [0x11800000, 0x15f00000, 0x3c2c0000)
  object space 72704K, 73% used [0x11800000,0x14beaaf0,0x15f00000)
 Metaspace       used 49004K, capacity 50421K, committed 50560K, reserved 50560K
Event: 365.345 GC heap after
Heap after GC invocations=28 (full 4):
 PSYoungGen      total 325632K, used 3296K [0x3c2c0000, 0x51700000, 0x51800000)
  eden space 303360K, 0% used [0x3c2c0000,0x3c2c0000,0x4eb00000)
  from space 22272K, 14% used [0x50140000,0x50478168,0x51700000)
  to   space 22528K, 0% used [0x4eb00000,0x4eb00000,0x50100000)
 ParOldGen       total 72704K, used 60502K [0x11800000, 0x15f00000, 0x3c2c0000)
  object space 72704K, 83% used [0x11800000,0x153159a8,0x15f00000)
 Metaspace       used 49004K, capacity 50421K, committed 50560K, reserved 50560K
}
Event: 368.193 GC heap before
{Heap before GC invocations=29 (full 4):
 PSYoungGen      total 325632K, used 306656K [0x3c2c0000, 0x51700000, 0x51800000)
  eden space 303360K, 100% used [0x3c2c0000,0x4eb00000,0x4eb00000)
  from space 22272K, 14% used [0x50140000,0x50478168,0x51700000)
  to   space 22528K, 0% used [0x4eb00000,0x4eb00000,0x50100000)
 ParOldGen       total 72704K, used 60502K [0x11800000, 0x15f00000, 0x3c2c0000)
  object space 72704K, 83% used [0x11800000,0x153159a8,0x15f00000)
 Metaspace       used 49010K, capacity 50421K, committed 50560K, reserved 50560K
Event: 368.220 GC heap after
Heap after GC invocations=29 (full 4):
 PSYoungGen      total 325888K, used 4509K [0x3c2c0000, 0x515c0000, 0x51800000)
  eden space 303360K, 0% used [0x3c2c0000,0x3c2c0000,0x4eb00000)
  from space 22528K, 20% used [0x4eb00000,0x4ef674a0,0x50100000)
  to   space 21248K, 0% used [0x50100000,0x50100000,0x515c0000)
 ParOldGen       total 72704K, used 63473K [0x11800000, 0x15f00000, 0x3c2c0000)
  object space 72704K, 87% used [0x11800000,0x155fc480,0x15f00000)
 Metaspace       used 49010K, capacity 50421K, committed 50560K, reserved 50560K
}
Event: 368.220 GC heap before
{Heap before GC invocations=30 (full 5):
 PSYoungGen      total 325888K, used 4509K [0x3c2c0000, 0x515c0000, 0x51800000)
  eden space 303360K, 0% used [0x3c2c0000,0x3c2c0000,0x4eb00000)
  from space 22528K, 20% used [0x4eb00000,0x4ef674a0,0x50100000)
  to   space 21248K, 0% used [0x50100000,0x50100000,0x515c0000)
 ParOldGen       total 72704K, used 63473K [0x11800000, 0x15f00000, 0x3c2c0000)
  object space 72704K, 87% used [0x11800000,0x155fc480,0x15f00000)
 Metaspace       used 49010K, capacity 50421K, committed 50560K, reserved 50560K
Event: 368.565 GC heap after
Heap after GC invocations=30 (full 5):
 PSYoungGen      total 325888K, used 0K [0x3c2c0000, 0x515c0000, 0x51800000)
  eden space 303360K, 0% used [0x3c2c0000,0x3c2c0000,0x4eb00000)
  from space 22528K, 0% used [0x4eb00000,0x4eb00000,0x50100000)
  to   space 21248K, 0% used [0x50100000,0x50100000,0x515c0000)
 ParOldGen       total 77824K, used 50461K [0x11800000, 0x16400000, 0x3c2c0000)
  object space 77824K, 64% used [0x11800000,0x149476f0,0x16400000)
 Metaspace       used 49010K, capacity 50421K, committed 50560K, reserved 50560K
}
Event: 371.638 GC heap before
{Heap before GC invocations=31 (full 5):
 PSYoungGen      total 325888K, used 303360K [0x3c2c0000, 0x515c0000, 0x51800000)
  eden space 303360K, 100% used [0x3c2c0000,0x4eb00000,0x4eb00000)
  from space 22528K, 0% used [0x4eb00000,0x4eb00000,0x50100000)
  to   space 21248K, 0% used [0x50100000,0x50100000,0x515c0000)
 ParOldGen       total 77824K, used 50461K [0x11800000, 0x16400000, 0x3c2c0000)
  object space 77824K, 64% used [0x11800000,0x149476f0,0x16400000)
 Metaspace       used 49157K, capacity 50564K, committed 50688K, reserved 51584K
Event: 371.678 GC heap after
Heap after GC invocations=31 (full 5):
 PSYoungGen      total 325888K, used 4376K [0x3c2c0000, 0x514c0000, 0x51800000)
  eden space 305664K, 0% used [0x3c2c0000,0x3c2c0000,0x4ed40000)
  from space 20224K, 21% used [0x50100000,0x505462e0,0x514c0000)
  to   space 20224K, 0% used [0x4ed40000,0x4ed40000,0x50100000)
 ParOldGen       total 77824K, used 50465K [0x11800000, 0x16400000, 0x3c2c0000)
  object space 77824K, 64% used [0x11800000,0x149486f0,0x16400000)
 Metaspace       used 49157K, capacity 50564K, committed 50688K, reserved 51584K
}
Event: 591.445 GC heap before
{Heap before GC invocations=32 (full 5):
 PSYoungGen      total 325888K, used 310040K [0x3c2c0000, 0x514c0000, 0x51800000)
  eden space 305664K, 100% used [0x3c2c0000,0x4ed40000,0x4ed40000)
  from space 20224K, 21% used [0x50100000,0x505462e0,0x514c0000)
  to   space 20224K, 0% used [0x4ed40000,0x4ed40000,0x50100000)
 ParOldGen       total 77824K, used 50465K [0x11800000, 0x16400000, 0x3c2c0000)
  object space 77824K, 64% used [0x11800000,0x149486f0,0x16400000)
 Metaspace       used 54019K, capacity 55615K, committed 55680K, reserved 55680K
Event: 598.525 GC heap after
Heap after GC invocations=32 (full 5):
 PSYoungGen      total 325888K, used 12388K [0x3c2c0000, 0x51800000, 0x51800000)
  eden space 305664K, 0% used [0x3c2c0000,0x3c2c0000,0x4ed40000)
  from space 20224K, 61% used [0x4ed40000,0x4f959268,0x50100000)
  to   space 20992K, 0% used [0x50380000,0x50380000,0x51800000)
 ParOldGen       total 77824K, used 52777K [0x11800000, 0x16400000, 0x3c2c0000)
  object space 77824K, 67% used [0x11800000,0x14b8a6c8,0x16400000)
 Metaspace       used 54019K, capacity 55615K, committed 55680K, reserved 55680K
}

Deoptimization events (10 events):
Event: 626.737 Thread 0x54a64c00 Uncommon trap: reason=class_check action=maybe_recompile pc=0x046512ec method=com.sun.org.apache.xerces.internal.dom.NamedNodeMapImpl.findNamePoint(Ljava/lang/String;I)I @ 54
Event: 626.737 Thread 0x54a64c00 Uncommon trap: reason=class_check action=maybe_recompile pc=0x046512ec method=com.sun.org.apache.xerces.internal.dom.NamedNodeMapImpl.findNamePoint(Ljava/lang/String;I)I @ 54
Event: 626.737 Thread 0x54a64c00 Uncommon trap: reason=class_check action=maybe_recompile pc=0x046512ec method=com.sun.org.apache.xerces.internal.dom.NamedNodeMapImpl.findNamePoint(Ljava/lang/String;I)I @ 54
Event: 626.738 Thread 0x54a64c00 Uncommon trap: reason=class_check action=maybe_recompile pc=0x046512ec method=com.sun.org.apache.xerces.internal.dom.NamedNodeMapImpl.findNamePoint(Ljava/lang/String;I)I @ 54
Event: 626.777 Thread 0x54a64c00 Uncommon trap: reason=unstable_if action=reinterpret pc=0x045e9988 method=com.sun.org.apache.xerces.internal.dom.DeferredDocumentImpl.getTypeInfo(I)Ljava/lang/Object; @ 24
Event: 626.829 Thread 0x54a64c00 Uncommon trap: reason=null_check action=make_not_entrant pc=0x0466da84 method=com.android.ide.common.resources.NodeUtils.processSingleNodeNamespace(Lorg/w3c/dom/Node;Lorg/w3c/dom/Document;)Z @ 8
Event: 626.997 Thread 0x54a64c00 Uncommon trap: reason=unstable_if action=reinterpret pc=0x0463e224 method=sun.nio.cs.UTF_8$Encoder.encodeArrayLoop(Ljava/nio/CharBuffer;Ljava/nio/ByteBuffer;)Ljava/nio/charset/CoderResult; @ 87
Event: 627.220 Thread 0x54a64c00 Uncommon trap: reason=class_check action=maybe_recompile pc=0x03434a24 method=kotlin.comparisons.ComparisonsKt__ComparisonsKt.compareValues(Ljava/lang/Comparable;Ljava/lang/Comparable;)I @ 21
Event: 668.676 Thread 0x54c53c00 Uncommon trap: reason=bimorphic action=maybe_recompile pc=0x02a93b60 method=com.google.common.collect.AbstractIndexedListIterator.next()Ljava/lang/Object; @ 27
Event: 668.676 Thread 0x54c53c00 Uncommon trap: reason=bimorphic action=maybe_recompile pc=0x02a93b60 method=com.google.common.collect.AbstractIndexedListIterator.next()Ljava/lang/Object; @ 27

Classes redefined (0 events):
No events

Internal exceptions (10 events):
Event: 620.941 Thread 0x54a6b400 Implicit null exception at 0x0448a3d8 to 0x0448a439
Event: 622.584 Thread 0x54a64c00 Exception <a 'java/lang/NoSuchMethodError': java.lang.Object.lambda$comparingByKey$bbdbfea9$1(Ljava/util/Map$Entry;Ljava/util/Map$Entry;)I> (0x4054d828) thrown at [D:\src\AOSP-openjdk-cygwin\jdk8u\hotspot\src\share\vm\interpreter\linkResolver.cpp, line 62
Event: 624.257 Thread 0x54a64c00 Implicit null exception at 0x02d2834a to 0x02d28499
Event: 625.207 Thread 0x54a64c00 Implicit null exception at 0x045aeea7 to 0x045af081
Event: 626.776 Thread 0x54a64c00 Implicit null exception at 0x045e98fa to 0x045e9971
Event: 626.828 Thread 0x54a64c00 Implicit null exception at 0x0466d828 to 0x0466da75
Event: 627.279 Thread 0x54a64c00 Exception <a 'java/lang/NoSuchMethodError': <clinit>> (0x41f22b50) thrown at [D:\src\AOSP-openjdk-cygwin\jdk8u\hotspot\src\share\vm\prims\jni.cpp, line 1614]
Event: 627.313 Thread 0x54a64c00 Exception <a 'java/lang/NoSuchMethodError': <clinit>> (0x41f39e98) thrown at [D:\src\AOSP-openjdk-cygwin\jdk8u\hotspot\src\share\vm\prims\jni.cpp, line 1614]
Event: 668.674 Thread 0x54c53c00 Exception <a 'sun/nio/fs/WindowsException'> (0x438bed38) thrown at [D:\src\AOSP-openjdk-cygwin\jdk8u\hotspot\src\share\vm\prims\jni.cpp, line 710]
Event: 668.674 Thread 0x54c53c00 Exception <a 'sun/nio/fs/WindowsException'> (0x438bf1c0) thrown at [D:\src\AOSP-openjdk-cygwin\jdk8u\hotspot\src\share\vm\prims\jni.cpp, line 710]

Events (10 events):
Event: 668.605 Thread 0x54c53c00 DEOPT UNPACKING pc=0x0228c2f5 sp=0x5b61e568 mode 0
Event: 668.614 Thread 0x54350c00 flushing nmethod 0x03f31208
Event: 668.676 Thread 0x54c53c00 Uncommon trap: trap_request=0xffffffc6 fr.pc=0x02a93b60
Event: 668.676 Thread 0x54c53c00 DEOPT PACKING pc=0x02a93b60 sp=0x5b61ea00
Event: 668.676 Thread 0x54c53c00 DEOPT UNPACKING pc=0x0228abbc sp=0x5b61e9e0 mode 2
Event: 668.676 Thread 0x54c53c00 Uncommon trap: trap_request=0xffffffc6 fr.pc=0x02a93b60
Event: 668.676 Thread 0x54c53c00 DEOPT PACKING pc=0x02a93b60 sp=0x5b61ea00
Event: 668.676 Thread 0x54c53c00 DEOPT UNPACKING pc=0x0228abbc sp=0x5b61e9e0 mode 2
Event: 668.949 Thread 0x54c53c00 DEOPT PACKING pc=0x03454bb5 sp=0x5b61e5f0
Event: 668.949 Thread 0x54c53c00 DEOPT UNPACKING pc=0x0228c2f5 sp=0x5b61e54c mode 0


Dynamic libraries:
0x000f0000 - 0x0011d000 	C:\Program Files\android-studio\jre\bin\java.exe
0x77610000 - 0x777a9000 	C:\WINDOWS\SYSTEM32\ntdll.dll
0x77570000 - 0x77608000 	C:\WINDOWS\System32\KERNEL32.DLL
0x75260000 - 0x7545d000 	C:\WINDOWS\System32\KERNELBASE.dll
0x72cb0000 - 0x72d4f000 	C:\WINDOWS\SYSTEM32\apphelp.dll
0x763f0000 - 0x76469000 	C:\WINDOWS\System32\ADVAPI32.dll
0x76880000 - 0x7693f000 	C:\WINDOWS\System32\msvcrt.dll
0x765f0000 - 0x76666000 	C:\WINDOWS\System32\sechost.dll
0x754d0000 - 0x75590000 	C:\WINDOWS\System32\RPCRT4.dll
0x76470000 - 0x765e8000 	C:\WINDOWS\System32\USER32.dll
0x748a0000 - 0x748bc000 	C:\WINDOWS\System32\win32u.dll
0x76190000 - 0x761b1000 	C:\WINDOWS\System32\GDI32.dll
0x75100000 - 0x75260000 	C:\WINDOWS\System32\gdi32full.dll
0x74e90000 - 0x74f0c000 	C:\WINDOWS\System32\msvcp_win.dll
0x74780000 - 0x748a0000 	C:\WINDOWS\System32\ucrtbase.dll
0x68860000 - 0x68a6f000 	C:\WINDOWS\WinSxS\x86_microsoft.windows.common-controls_6595b64144ccf1df_6.0.18362.1139_none_e62929aaf8dc83cc\COMCTL32.dll
0x757c0000 - 0x75a35000 	C:\WINDOWS\System32\combase.dll
0x746b0000 - 0x7470f000 	C:\WINDOWS\System32\bcryptPrimitives.dll
0x75e90000 - 0x75eb6000 	C:\WINDOWS\System32\IMM32.DLL
0x60ba0000 - 0x60c5f000 	C:\Program Files\android-studio\jre\jre\bin\msvcr100.dll
0x7b310000 - 0x7b8f9000 	C:\Program Files\android-studio\jre\jre\bin\server\jvm.dll
0x76070000 - 0x76076000 	C:\WINDOWS\System32\PSAPI.DLL
0x67bb0000 - 0x67bb8000 	C:\WINDOWS\SYSTEM32\WSOCK32.dll
0x75760000 - 0x757be000 	C:\WINDOWS\System32\WS2_32.dll
0x72bc0000 - 0x72be4000 	C:\WINDOWS\SYSTEM32\WINMM.dll
0x72b90000 - 0x72bb3000 	C:\WINDOWS\SYSTEM32\WINMMBASE.dll
0x6e7d0000 - 0x6e7d8000 	C:\WINDOWS\SYSTEM32\VERSION.dll
0x750c0000 - 0x750fb000 	C:\WINDOWS\System32\cfgmgr32.dll
0x729c0000 - 0x729cc000 	C:\Program Files\android-studio\jre\jre\bin\verify.dll
0x6a770000 - 0x6a791000 	C:\Program Files\android-studio\jre\jre\bin\java.dll
0x6a7e0000 - 0x6a7f4000 	C:\Program Files\android-studio\jre\jre\bin\zip.dll
0x76b70000 - 0x770ea000 	C:\WINDOWS\System32\SHELL32.dll
0x761d0000 - 0x76254000 	C:\WINDOWS\System32\shcore.dll
0x748c0000 - 0x74e81000 	C:\WINDOWS\System32\windows.storage.dll
0x74630000 - 0x7464b000 	C:\WINDOWS\System32\profapi.dll
0x74650000 - 0x74693000 	C:\WINDOWS\System32\powrprof.dll
0x74610000 - 0x7461d000 	C:\WINDOWS\System32\UMPDC.dll
0x76830000 - 0x76874000 	C:\WINDOWS\System32\shlwapi.dll
0x746a0000 - 0x746af000 	C:\WINDOWS\System32\kernel.appcore.dll
0x750a0000 - 0x750b3000 	C:\WINDOWS\System32\cryptsp.dll
0x6a6a0000 - 0x6a6b5000 	C:\Program Files\android-studio\jre\jre\bin\net.dll
0x75ec0000 - 0x7606a000 	C:\WINDOWS\System32\urlmon.dll
0x76940000 - 0x76b6a000 	C:\WINDOWS\System32\iertutil.dll
0x74140000 - 0x7414a000 	C:\WINDOWS\SYSTEM32\CRYPTBASE.DLL
0x73fc0000 - 0x74017000 	C:\WINDOWS\system32\mswsock.dll
0x70a50000 - 0x70a5f000 	C:\Program Files\android-studio\jre\jre\bin\nio.dll
0x6f4d0000 - 0x6f4f1000 	C:\Users\TOSHIBA\.gradle\native\30\windows-i386\native-platform.dll
0x703e0000 - 0x703ea000 	C:\Program Files\android-studio\jre\jre\bin\management.dll
0x73bf0000 - 0x73c1f000 	C:\WINDOWS\system32\rsaenh.dll
0x74760000 - 0x7477b000 	C:\WINDOWS\System32\bcrypt.dll
0x74530000 - 0x7454e000 	C:\WINDOWS\SYSTEM32\USERENV.dll
0x73d50000 - 0x73d82000 	C:\WINDOWS\SYSTEM32\IPHLPAPI.DLL
0x754c0000 - 0x754c7000 	C:\WINDOWS\System32\NSI.dll
0x6cee0000 - 0x6cef3000 	C:\WINDOWS\SYSTEM32\dhcpcsvc6.DLL
0x6d3b0000 - 0x6d3c5000 	C:\WINDOWS\SYSTEM32\dhcpcsvc.DLL
0x73da0000 - 0x73e34000 	C:\WINDOWS\SYSTEM32\DNSAPI.dll
0x65da0000 - 0x65f2f000 	C:\WINDOWS\SYSTEM32\dbghelp.dll

VM Arguments:
jvm_args: -Xmx1024m -Dfile.encoding=windows-1252 -Duser.country=US -Duser.language=en -Duser.variant 
java_command: org.gradle.launcher.daemon.bootstrap.GradleDaemon 5.6.4
java_class_path (initial): C:\Users\TOSHIBA\.gradle\wrapper\dists\gradle-5.6.4-all\ankdp27end7byghfw1q2sw75f\gradle-5.6.4\lib\gradle-launcher-5.6.4.jar
Launcher Type: SUN_STANDARD

Environment Variables:
JAVA_HOME=C:\Program Files\Java;C:\Program Files\Java\jdk1.8.0_211;C:\Program Files\Java\jdk1.8.0_211\bin
PATH=C:\Users\TOSHIBA\AppData\Roaming\npm;%USERPROFILE%\AppData\Local\Microsoft\WindowsApps;
USERNAME=TOSHIBA
OS=Windows_NT
PROCESSOR_IDENTIFIER=x86 Family 6 Model 23 Stepping 10, GenuineIntel



---------------  S Y S T E M  ---------------

OS: Windows 10.0 Build 18362 (10.0.18362.1110)

CPU:total 2 (initial active 2) (2 cores per cpu, 1 threads per core) family 6 model 23 stepping 10, cmov, cx8, fxsr, mmx, sse, sse2, sse3, ssse3, sse4.1, tsc

Memory: 4k page, physical 2095092k(111620k free), swap 3118892k(1676k free)

vm_info: OpenJDK Server VM (25.212-b04) for windows-x86 JRE (1.8.0_212-release-1586-b04), built by "builder" with MS VC++ 10.0 (VS2010)

time: Sun Mar 14 09:42:52 2021
timezone: China Standard Time
elapsed time: 671 seconds (0d 0h 11m 11s)

