#
# There is insufficient memory for the Java Runtime Environment to continue.
# Native memory allocation (malloc) failed to allocate 36576 bytes for Chunk::new
# Possible reasons:
#   The system is out of physical RAM or swap space
#   In 32 bit mode, the process size limit was hit
# Possible solutions:
#   Reduce memory load on the system
#   Increase physical memory or swap space
#   Check if swap backing store is full
#   Use 64 bit Java on a 64 bit OS
#   Decrease Java heap size (-Xmx/-Xms)
#   Decrease number of Java threads
#   Decrease Java thread stack sizes (-Xss)
#   Set larger code cache with -XX:ReservedCodeCacheSize=
# This output file may be truncated or incomplete.
#
#  Out of Memory Error (allocation.cpp:389), pid=3280, tid=0x00001d04
#
# JRE version: OpenJDK Runtime Environment (8.0_212-b04) (build 1.8.0_212-release-1586-b04)
# Java VM: OpenJDK Server VM (25.212-b04 mixed mode windows-x86 )
# Failed to write core dump. Minidumps are not enabled by default on client versions of Windows
#

---------------  T H R E A D  ---------------

Current thread (0x53eb7000):  JavaThread "C2 CompilerThread0" daemon [_thread_in_native, id=7428, stack(0x54170000,0x541c0000)]

Stack: [0x54170000,0x541c0000],  sp=0x541bdd64,  free space=311k
Native frames: (J=compiled Java code, j=interpreted, Vv=VM code, C=native code)
V  [jvm.dll+0x1a67db]
V  [jvm.dll+0x19ed58]
V  [jvm.dll+0x7d871]
V  [jvm.dll+0x7dd77]
V  [jvm.dll+0x1552]
V  [jvm.dll+0x7e072]
V  [jvm.dll+0x9535c]
V  [jvm.dll+0x3390a3]
V  [jvm.dll+0x33ffe1]
V  [jvm.dll+0x34029b]
V  [jvm.dll+0x3402f2]
V  [jvm.dll+0x3409f0]
V  [jvm.dll+0x2fac25]
V  [jvm.dll+0x2ffd4b]
V  [jvm.dll+0x300875]
V  [jvm.dll+0x2ea216]
V  [jvm.dll+0x60e47]
V  [jvm.dll+0x615ef]
V  [jvm.dll+0x177ab0]
V  [jvm.dll+0x1782eb]
V  [jvm.dll+0x1b8e46]
C  [msvcr100.dll+0x5c556]
C  [msvcr100.dll+0x5c600]
C  [KERNEL32.DLL+0x223d9]
C  [ntdll.dll+0x5e6cb]
C  [ntdll.dll+0x5e69f]
C  0x00000000


Current CompileTask:
C2:2181664 12450       4       org.gradle.api.internal.artifacts.ivyservice.modulecache.ModuleMetadataSerializer$Reader::readMavenDependency (142 bytes)


---------------  P R O C E S S  ---------------

Java Threads: ( => current thread )
  0x544e8c00 JavaThread "Cache worker for cache directory md-rule (C:\Users\TOSHIBA\.gradle\caches\5.6.4\md-rule)" [_thread_blocked, id=108, stack(0x56ab0000,0x56b00000)]
  0x544e4000 JavaThread "Cache worker for cache directory md-supplier (C:\Users\TOSHIBA\.gradle\caches\5.6.4\md-supplier)" [_thread_blocked, id=3548, stack(0x56a60000,0x56ab0000)]
  0x544eb800 JavaThread "Cache worker for file hash cache (C:\Users\TOSHIBA\AndroidStudioProjects\TaguigHealthConsult\.gradle\5.6.4\fileHashes)" [_thread_blocked, id=4452, stack(0x56a10000,0x56a60000)]
  0x544e8400 JavaThread "Thread-86" [_thread_blocked, id=7952, stack(0x569c0000,0x56a10000)]
  0x544e6c00 JavaThread "Stdin handler" [_thread_blocked, id=6056, stack(0x56970000,0x569c0000)]
  0x544ea800 JavaThread "Asynchronous log dispatcher for DefaultDaemonConnection: socket connection from /127.0.0.1:50897 to /127.0.0.1:51040" [_thread_blocked, id=3776, stack(0x56920000,0x56970000)]
  0x544e7800 JavaThread "Cancel handler" [_thread_blocked, id=5156, stack(0x00b20000,0x00b70000)]
  0x544eb000 JavaThread "Handler for socket connection from /127.0.0.1:50897 to /127.0.0.1:51040" [_thread_in_native, id=4012, stack(0x00ad0000,0x00b20000)]
  0x544e5000 JavaThread "Daemon worker Thread 7" [_thread_in_native, id=5696, stack(0x56270000,0x562c0000)]
  0x544e4400 JavaThread "Daemon Thread 7" [_thread_blocked, id=8184, stack(0x00710000,0x00760000)]
  0x544e7000 JavaThread "Memory manager" [_thread_blocked, id=5492, stack(0x5ae80000,0x5aed0000)]
  0x54a87400 JavaThread "Cache worker for execution history cache (C:\Users\TOSHIBA\.gradle\caches\5.6.4\executionHistory)" [_thread_blocked, id=3620, stack(0x587b0000,0x58800000)]
  0x54a86c00 JavaThread "Cache worker for journal cache (C:\Users\TOSHIBA\.gradle\caches\journal-1)" [_thread_blocked, id=7416, stack(0x56da0000,0x56df0000)]
  0x54a85c00 JavaThread "File lock request listener" [_thread_in_native, id=64, stack(0x56d50000,0x56da0000)]
  0x54a86800 JavaThread "Cache worker for file hash cache (C:\Users\TOSHIBA\.gradle\caches\5.6.4\fileHashes)" [_thread_blocked, id=8156, stack(0x56d00000,0x56d50000)]
  0x558f3400 JavaThread "Daemon periodic checks" [_thread_blocked, id=1832, stack(0x56220000,0x56270000)]
  0x558f3000 JavaThread "Incoming local TCP Connector on port 50897" [_thread_in_native, id=6716, stack(0x561d0000,0x56220000)]
  0x5583c000 JavaThread "Daemon health stats" [_thread_blocked, id=5912, stack(0x56080000,0x560d0000)]
  0x53eaec00 JavaThread "Service Thread" daemon [_thread_blocked, id=6252, stack(0x54210000,0x54260000)]
  0x53ea5400 JavaThread "C1 CompilerThread1" daemon [_thread_blocked, id=8088, stack(0x541c0000,0x54210000)]
=>0x53eb7000 JavaThread "C2 CompilerThread0" daemon [_thread_in_native, id=7428, stack(0x54170000,0x541c0000)]
  0x53eb3c00 JavaThread "Attach Listener" daemon [_thread_blocked, id=6652, stack(0x54120000,0x54170000)]
  0x53eb1000 JavaThread "Signal Dispatcher" daemon [_thread_blocked, id=5128, stack(0x540d0000,0x54120000)]
  0x53e95800 JavaThread "Finalizer" daemon [_thread_blocked, id=1576, stack(0x111a0000,0x111f0000)]
  0x53e8f000 JavaThread "Reference Handler" daemon [_thread_blocked, id=5328, stack(0x11150000,0x111a0000)]
  0x01bbc400 JavaThread "main" [_thread_blocked, id=60, stack(0x00b70000,0x00bc0000)]

Other Threads:
  0x53e79400 VMThread [stack: 0x11100000,0x11150000] [id=924]
  0x53eb0400 WatcherThread [stack: 0x54260000,0x542b0000] [id=4844]

VM state:not at safepoint (normal execution)

VM Mutex/Monitor currently owned by a thread: None

Heap:
 PSYoungGen      total 269312K, used 186201K [0x3bcc0000, 0x51200000, 0x51200000)
  eden space 246784K, 71% used [0x3bcc0000,0x4689b548,0x4adc0000)
  from space 22528K, 45% used [0x4adc0000,0x4b7bb218,0x4c3c0000)
  to   space 22016K, 0% used [0x4fc80000,0x4fc80000,0x51200000)
 ParOldGen       total 67840K, used 47794K [0x11200000, 0x15440000, 0x3bcc0000)
  object space 67840K, 70% used [0x11200000,0x140ac8d0,0x15440000)
 Metaspace       used 53818K, capacity 55827K, committed 55936K, reserved 56704K

Card table byte_map: [0x51200000,0x51410000] byte_map_base: 0x51177000

Marking Bits: (ParMarkBitMap*) 0x7aed8620
 Begin Bits: [0x51570000, 0x52570000)
 End Bits:   [0x52570000, 0x53570000)

Polling page: 0x007e0000

CodeCache: size=245760Kb used=30810Kb max_used=30823Kb free=214949Kb
 bounds [0x01d40000, 0x03b78000, 0x10d40000]
 total_blobs=11002 nmethods=10523 adapters=392
 compilation: enabled

Compilation events (10 events):
Event: 2177.319 Thread 0x53eb7000 nmethod 12445 0x03b6e288 code [0x03b6e380, 0x03b6e490]
Event: 2177.328 Thread 0x53eb7000 12446       4       org.gradle.internal.Transformers$CastingTransformer::transform (9 bytes)
Event: 2177.331 Thread 0x53eb7000 nmethod 12446 0x03b6dfc8 code [0x03b6e0c0, 0x03b6e170]
Event: 2177.341 Thread 0x53ea5400 12447       3       org.gradle.api.internal.collections.SortedSetElementSource::iteratorNoFlush (8 bytes)
Event: 2177.342 Thread 0x53ea5400 nmethod 12447 0x03b6f548 code [0x03b6f680, 0x03b6f8f8]
Event: 2177.653 Thread 0x53ea5400 12448       3       org.gradle.internal.component.model.MultipleCandidateMatcher::getRequestedValue (22 bytes)
Event: 2177.654 Thread 0x53ea5400 nmethod 12448 0x03b6f148 code [0x03b6f260, 0x03b6f42c]
Event: 2177.733 Thread 0x53eb7000 12449       4       org.gradle.api.internal.artifacts.ModuleComponentSelectorSerializer::read (50 bytes)
Event: 2178.065 Thread 0x53eb7000 nmethod 12449 0x03b74488 code [0x03b74680, 0x03b74fa0]
Event: 2178.065 Thread 0x53eb7000 12450       4       org.gradle.api.internal.artifacts.ivyservice.modulecache.ModuleMetadataSerializer$Reader::readMavenDependency (142 bytes)

GC Heap History (10 events):
Event: 52.531 GC heap before
{Heap before GC invocations=16 (full 2):
 PSYoungGen      total 153344K, used 141824K [0x3bcc0000, 0x49340000, 0x51200000)
  eden space 141824K, 100% used [0x3bcc0000,0x44740000,0x44740000)
  from space 11520K, 0% used [0x44740000,0x44740000,0x45280000)
  to   space 11520K, 0% used [0x48800000,0x48800000,0x49340000)
 ParOldGen       total 38144K, used 16381K [0x11200000, 0x13740000, 0x3bcc0000)
  object space 38144K, 42% used [0x11200000,0x121ff670,0x13740000)
 Metaspace       used 35497K, capacity 36350K, committed 36480K, reserved 37248K
Event: 52.702 GC heap after
Heap after GC invocations=16 (full 2):
 PSYoungGen      total 195328K, used 11519K [0x3bcc0000, 0x49340000, 0x51200000)
  eden space 183808K, 0% used [0x3bcc0000,0x3bcc0000,0x47040000)
  from space 11520K, 99% used [0x48800000,0x4933fde8,0x49340000)
  to   space 15104K, 0% used [0x475c0000,0x475c0000,0x48480000)
 ParOldGen       total 38144K, used 21117K [0x11200000, 0x13740000, 0x3bcc0000)
  object space 38144K, 55% used [0x11200000,0x1269f478,0x13740000)
 Metaspace       used 35497K, capacity 36350K, committed 36480K, reserved 37248K
}
Event: 65.700 GC heap before
{Heap before GC invocations=17 (full 2):
 PSYoungGen      total 195328K, used 195327K [0x3bcc0000, 0x49340000, 0x51200000)
  eden space 183808K, 100% used [0x3bcc0000,0x47040000,0x47040000)
  from space 11520K, 99% used [0x48800000,0x4933fde8,0x49340000)
  to   space 15104K, 0% used [0x475c0000,0x475c0000,0x48480000)
 ParOldGen       total 38144K, used 21117K [0x11200000, 0x13740000, 0x3bcc0000)
  object space 38144K, 55% used [0x11200000,0x1269f478,0x13740000)
 Metaspace       used 42208K, capacity 43374K, committed 43392K, reserved 43392K
Event: 66.148 GC heap after
Heap after GC invocations=17 (full 2):
 PSYoungGen      total 204544K, used 15103K [0x3bcc0000, 0x4d840000, 0x51200000)
  eden space 189440K, 0% used [0x3bcc0000,0x3bcc0000,0x475c0000)
  from space 15104K, 99% used [0x475c0000,0x4847fe50,0x48480000)
  to   space 20992K, 0% used [0x4c3c0000,0x4c3c0000,0x4d840000)
 ParOldGen       total 38144K, used 30371K [0x11200000, 0x13740000, 0x3bcc0000)
  object space 38144K, 79% used [0x11200000,0x12fa8d80,0x13740000)
 Metaspace       used 42208K, capacity 43374K, committed 43392K, reserved 43392K
}
Event: 66.148 GC heap before
{Heap before GC invocations=18 (full 3):
 PSYoungGen      total 204544K, used 15103K [0x3bcc0000, 0x4d840000, 0x51200000)
  eden space 189440K, 0% used [0x3bcc0000,0x3bcc0000,0x475c0000)
  from space 15104K, 99% used [0x475c0000,0x4847fe50,0x48480000)
  to   space 20992K, 0% used [0x4c3c0000,0x4c3c0000,0x4d840000)
 ParOldGen       total 38144K, used 30371K [0x11200000, 0x13740000, 0x3bcc0000)
  object space 38144K, 79% used [0x11200000,0x12fa8d80,0x13740000)
 Metaspace       used 42208K, capacity 43374K, committed 43392K, reserved 43392K
Event: 67.010 GC heap after
Heap after GC invocations=18 (full 3):
 PSYoungGen      total 204544K, used 1441K [0x3bcc0000, 0x4d840000, 0x51200000)
  eden space 189440K, 0% used [0x3bcc0000,0x3bcc0000,0x475c0000)
  from space 15104K, 9% used [0x475c0000,0x47728730,0x48480000)
  to   space 20992K, 0% used [0x4c3c0000,0x4c3c0000,0x4d840000)
 ParOldGen       total 67840K, used 37946K [0x11200000, 0x15440000, 0x3bcc0000)
  object space 67840K, 55% used [0x11200000,0x1370eb80,0x15440000)
 Metaspace       used 42193K, capacity 43334K, committed 43392K, reserved 43392K
}
Event: 566.367 GC heap before
{Heap before GC invocations=19 (full 3):
 PSYoungGen      total 204544K, used 190881K [0x3bcc0000, 0x4d840000, 0x51200000)
  eden space 189440K, 100% used [0x3bcc0000,0x475c0000,0x475c0000)
  from space 15104K, 9% used [0x475c0000,0x47728730,0x48480000)
  to   space 20992K, 0% used [0x4c3c0000,0x4c3c0000,0x4d840000)
 ParOldGen       total 67840K, used 37946K [0x11200000, 0x15440000, 0x3bcc0000)
  object space 67840K, 55% used [0x11200000,0x1370eb80,0x15440000)
 Metaspace       used 49528K, capacity 51134K, committed 51200K, reserved 51584K
Event: 588.499 GC heap after
Heap after GC invocations=19 (full 3):
 PSYoungGen      total 267776K, used 15139K [0x3bcc0000, 0x4e300000, 0x51200000)
  eden space 246784K, 0% used [0x3bcc0000,0x3bcc0000,0x4adc0000)
  from space 20992K, 72% used [0x4c3c0000,0x4d288f58,0x4d840000)
  to   space 22528K, 0% used [0x4adc0000,0x4adc0000,0x4c3c0000)
 ParOldGen       total 67840K, used 39446K [0x11200000, 0x15440000, 0x3bcc0000)
  object space 67840K, 58% used [0x11200000,0x13885b40,0x15440000)
 Metaspace       used 49528K, capacity 51134K, committed 51200K, reserved 51584K
}
Event: 824.793 GC heap before
{Heap before GC invocations=20 (full 3):
 PSYoungGen      total 267776K, used 261923K [0x3bcc0000, 0x4e300000, 0x51200000)
  eden space 246784K, 100% used [0x3bcc0000,0x4adc0000,0x4adc0000)
  from space 20992K, 72% used [0x4c3c0000,0x4d288f58,0x4d840000)
  to   space 22528K, 0% used [0x4adc0000,0x4adc0000,0x4c3c0000)
 ParOldGen       total 67840K, used 39446K [0x11200000, 0x15440000, 0x3bcc0000)
  object space 67840K, 58% used [0x11200000,0x13885b40,0x15440000)
 Metaspace       used 51614K, capacity 53380K, committed 53504K, reserved 53632K
Event: 833.704 GC heap after
Heap after GC invocations=20 (full 3):
 PSYoungGen      total 269312K, used 10220K [0x3bcc0000, 0x51200000, 0x51200000)
  eden space 246784K, 0% used [0x3bcc0000,0x3bcc0000,0x4adc0000)
  from space 22528K, 45% used [0x4adc0000,0x4b7bb218,0x4c3c0000)
  to   space 22016K, 0% used [0x4fc80000,0x4fc80000,0x51200000)
 ParOldGen       total 67840K, used 47794K [0x11200000, 0x15440000, 0x3bcc0000)
  object space 67840K, 70% used [0x11200000,0x140ac8d0,0x15440000)
 Metaspace       used 51614K, capacity 53380K, committed 53504K, reserved 53632K
}

Deoptimization events (10 events):
Event: 2020.017 Thread 0x544e8400 Uncommon trap: reason=unstable_if action=reinterpret pc=0x03703dfc method=org.gradle.internal.operations.DefaultBuildOperationExecutor$1.execute(Lorg/gradle/internal/operations/BuildOperationDescriptor;Lorg/gradle/internal/operations/DefaultBuildOperation
Event: 2020.436 Thread 0x544e8400 Uncommon trap: reason=bimorphic action=maybe_recompile pc=0x01f137d8 method=org.gradle.internal.logging.text.AbstractStyledTextOutput.text(Ljava/lang/Object;)Lorg/gradle/internal/logging/text/StyledTextOutput; @ 11
Event: 2020.538 Thread 0x544e8400 Uncommon trap: reason=bimorphic action=maybe_recompile pc=0x01f137d8 method=org.gradle.internal.logging.text.AbstractStyledTextOutput.text(Ljava/lang/Object;)Lorg/gradle/internal/logging/text/StyledTextOutput; @ 11
Event: 2020.538 Thread 0x544e8400 Uncommon trap: reason=bimorphic action=maybe_recompile pc=0x01f137d8 method=org.gradle.internal.logging.text.AbstractStyledTextOutput.text(Ljava/lang/Object;)Lorg/gradle/internal/logging/text/StyledTextOutput; @ 11
Event: 2020.539 Thread 0x544e8400 Uncommon trap: reason=bimorphic action=maybe_recompile pc=0x01f137d8 method=org.gradle.internal.logging.text.AbstractStyledTextOutput.text(Ljava/lang/Object;)Lorg/gradle/internal/logging/text/StyledTextOutput; @ 11
Event: 2020.809 Thread 0x544e8400 Uncommon trap: reason=unstable_if action=reinterpret pc=0x0362ed9c method=org.gradle.internal.serialize.ExceptionReplacingObjectOutputStream.doReplaceObject(Ljava/lang/Object;)Ljava/lang/Object; @ 4
Event: 2020.972 Thread 0x544e8400 Uncommon trap: reason=class_check action=maybe_recompile pc=0x01e9f0bc method=java.lang.String.equals(Ljava/lang/Object;)Z @ 8
Event: 2020.972 Thread 0x544e8400 Uncommon trap: reason=class_check action=maybe_recompile pc=0x01e9f0bc method=java.lang.String.equals(Ljava/lang/Object;)Z @ 8
Event: 2020.972 Thread 0x544e8400 Uncommon trap: reason=class_check action=maybe_recompile pc=0x01e9f0bc method=java.lang.String.equals(Ljava/lang/Object;)Z @ 8
Event: 2020.972 Thread 0x544e8400 Uncommon trap: reason=class_check action=maybe_recompile pc=0x01e9f0bc method=java.lang.String.equals(Ljava/lang/Object;)Z @ 8

Classes redefined (0 events):
No events

Internal exceptions (10 events):
Event: 1217.982 Thread 0x544e6c00 Exception <a 'java/lang/ClassNotFoundException': org/jetbrains/plugins/gradle/tooling/util/SourceSetCachedFinderCustomizer> (0x40ca85b8) thrown at [D:\src\AOSP-openjdk-cygwin\jdk8u\hotspot\src\share\vm\classfile\systemDictionary.cpp, line 210]
Event: 1224.144 Thread 0x544e6c00 Exception <a 'java/lang/ClassNotFoundException': org/jetbrains/plugins/gradle/tooling/util/JavaPluginUtilBeanInfo> (0x41baced8) thrown at [D:\src\AOSP-openjdk-cygwin\jdk8u\hotspot\src\share\vm\classfile\systemDictionary.cpp, line 210]
Event: 1224.159 Thread 0x544e6c00 Exception <a 'java/lang/ClassNotFoundException': org/jetbrains/plugins/gradle/tooling/util/JavaPluginUtilCustomizer> (0x41bbf8b8) thrown at [D:\src\AOSP-openjdk-cygwin\jdk8u\hotspot\src\share\vm\classfile\systemDictionary.cpp, line 210]
Event: 1231.679 Thread 0x544e6c00 Exception <a 'sun/nio/fs/WindowsException'> (0x44eba570) thrown at [D:\src\AOSP-openjdk-cygwin\jdk8u\hotspot\src\share\vm\prims\jni.cpp, line 710]
Event: 2015.148 Thread 0x544e7800 Exception <a 'java/lang/NoSuchMethodError': <clinit>> (0x45530b70) thrown at [D:\src\AOSP-openjdk-cygwin\jdk8u\hotspot\src\share\vm\prims\jni.cpp, line 1614]
Event: 2015.491 Thread 0x544e7800 Exception <a 'java/lang/NoSuchMethodError': <clinit>> (0x4554bac0) thrown at [D:\src\AOSP-openjdk-cygwin\jdk8u\hotspot\src\share\vm\prims\jni.cpp, line 1614]
Event: 2018.032 Thread 0x544e8400 Exception <a 'java/lang/ClassNotFoundException': settings_16ckaa0l49b8xz8hvfecaeec7BeanInfo> (0x457d7598) thrown at [D:\src\AOSP-openjdk-cygwin\jdk8u\hotspot\src\share\vm\classfile\systemDictionary.cpp, line 210]
Event: 2018.053 Thread 0x544e8400 Exception <a 'java/lang/ClassNotFoundException': settings_16ckaa0l49b8xz8hvfecaeec7Customizer> (0x457e4108) thrown at [D:\src\AOSP-openjdk-cygwin\jdk8u\hotspot\src\share\vm\classfile\systemDictionary.cpp, line 210]
Event: 2177.005 Thread 0x544e5000 Exception <a 'java/lang/ClassNotFoundException': build_ewmwf51oqpu0viztevp5sgty4BeanInfo> (0x464c8f28) thrown at [D:\src\AOSP-openjdk-cygwin\jdk8u\hotspot\src\share\vm\classfile\systemDictionary.cpp, line 210]
Event: 2177.008 Thread 0x544e5000 Exception <a 'java/lang/ClassNotFoundException': build_ewmwf51oqpu0viztevp5sgty4Customizer> (0x464d5738) thrown at [D:\src\AOSP-openjdk-cygwin\jdk8u\hotspot\src\share\vm\classfile\systemDictionary.cpp, line 210]

Events (10 events):
Event: 2177.049 loading class org/codehaus/groovy/reflection/ClassInfo
Event: 2177.050 loading class org/codehaus/groovy/reflection/ClassInfo done
Event: 2177.090 loading class groovy/runtime/metaclass/build_ewmwf51oqpu0viztevp5sgty4$_run_closure1MetaClass
Event: 2177.090 loading class groovy/runtime/metaclass/build_ewmwf51oqpu0viztevp5sgty4$_run_closure1MetaClass done
Event: 2177.147 loading class groovy/runtime/metaclass/build_ewmwf51oqpu0viztevp5sgty4$_run_closure1$_closure2MetaClass
Event: 2177.147 loading class groovy/runtime/metaclass/build_ewmwf51oqpu0viztevp5sgty4$_run_closure1$_closure2MetaClass done
Event: 2177.198 loading class groovy/runtime/metaclass/build_ewmwf51oqpu0viztevp5sgty4$_run_closure1$_closure3MetaClass
Event: 2177.198 loading class groovy/runtime/metaclass/build_ewmwf51oqpu0viztevp5sgty4$_run_closure1$_closure3MetaClass done
Event: 2177.217 Thread 0x544e4000 Thread added: 0x544e4000
Event: 2177.274 Thread 0x544e8c00 Thread added: 0x544e8c00


Dynamic libraries:
0x007a0000 - 0x007cd000 	C:\Program Files\android-studio\jre\bin\java.exe
0x77b60000 - 0x77cf9000 	C:\WINDOWS\SYSTEM32\ntdll.dll
0x764e0000 - 0x76578000 	C:\WINDOWS\System32\KERNEL32.DLL
0x75670000 - 0x7586d000 	C:\WINDOWS\System32\KERNELBASE.dll
0x73200000 - 0x7329f000 	C:\WINDOWS\SYSTEM32\apphelp.dll
0x76760000 - 0x767d9000 	C:\WINDOWS\System32\ADVAPI32.dll
0x766a0000 - 0x7675f000 	C:\WINDOWS\System32\msvcrt.dll
0x76040000 - 0x760b6000 	C:\WINDOWS\System32\sechost.dll
0x76290000 - 0x76350000 	C:\WINDOWS\System32\RPCRT4.dll
0x759b0000 - 0x75b28000 	C:\WINDOWS\System32\USER32.dll
0x75870000 - 0x7588c000 	C:\WINDOWS\System32\win32u.dll
0x76b80000 - 0x76ba1000 	C:\WINDOWS\System32\GDI32.dll
0x75400000 - 0x75560000 	C:\WINDOWS\System32\gdi32full.dll
0x74c00000 - 0x74c7c000 	C:\WINDOWS\System32\msvcp_win.dll
0x75890000 - 0x759b0000 	C:\WINDOWS\System32\ucrtbase.dll
0x5dd60000 - 0x5df6f000 	C:\WINDOWS\WinSxS\x86_microsoft.windows.common-controls_6595b64144ccf1df_6.0.18362.1139_none_e62929aaf8dc83cc\COMCTL32.dll
0x768f0000 - 0x76b65000 	C:\WINDOWS\System32\combase.dll
0x755b0000 - 0x7560f000 	C:\WINDOWS\System32\bcryptPrimitives.dll
0x76c40000 - 0x76c66000 	C:\WINDOWS\System32\IMM32.DLL
0x562e0000 - 0x5639f000 	C:\Program Files\android-studio\jre\jre\bin\msvcr100.dll
0x7a960000 - 0x7af49000 	C:\Program Files\android-studio\jre\jre\bin\server\jvm.dll
0x76c90000 - 0x76c96000 	C:\WINDOWS\System32\PSAPI.DLL
0x68690000 - 0x68698000 	C:\WINDOWS\SYSTEM32\WSOCK32.dll
0x75f90000 - 0x75fee000 	C:\WINDOWS\System32\WS2_32.dll
0x720a0000 - 0x720c4000 	C:\WINDOWS\SYSTEM32\WINMM.dll
0x6e410000 - 0x6e418000 	C:\WINDOWS\SYSTEM32\VERSION.dll
0x72070000 - 0x72093000 	C:\WINDOWS\SYSTEM32\WINMMBASE.dll
0x75630000 - 0x7566b000 	C:\WINDOWS\System32\cfgmgr32.dll
0x708e0000 - 0x708ec000 	C:\Program Files\android-studio\jre\jre\bin\verify.dll
0x5db80000 - 0x5dba1000 	C:\Program Files\android-studio\jre\jre\bin\java.dll
0x6d0f0000 - 0x6d104000 	C:\Program Files\android-studio\jre\jre\bin\zip.dll
0x77350000 - 0x778ca000 	C:\WINDOWS\System32\SHELL32.dll
0x76bb0000 - 0x76c34000 	C:\WINDOWS\System32\shcore.dll
0x74c80000 - 0x75241000 	C:\WINDOWS\System32\windows.storage.dll
0x74be0000 - 0x74bfb000 	C:\WINDOWS\System32\profapi.dll
0x74b90000 - 0x74bd3000 	C:\WINDOWS\System32\powrprof.dll
0x74b60000 - 0x74b6d000 	C:\WINDOWS\System32\UMPDC.dll
0x75ff0000 - 0x76034000 	C:\WINDOWS\System32\shlwapi.dll
0x74b80000 - 0x74b8f000 	C:\WINDOWS\System32\kernel.appcore.dll
0x753e0000 - 0x753f3000 	C:\WINDOWS\System32\cryptsp.dll
0x6cf80000 - 0x6cf95000 	C:\Program Files\android-studio\jre\jre\bin\net.dll
0x76ca0000 - 0x76e4a000 	C:\WINDOWS\System32\urlmon.dll
0x77930000 - 0x77b5a000 	C:\WINDOWS\System32\iertutil.dll
0x74690000 - 0x7469a000 	C:\WINDOWS\SYSTEM32\CRYPTBASE.DLL
0x74510000 - 0x74567000 	C:\WINDOWS\system32\mswsock.dll
0x708d0000 - 0x708df000 	C:\Program Files\android-studio\jre\jre\bin\nio.dll
0x5ff40000 - 0x5ff61000 	C:\Users\TOSHIBA\.gradle\native\30\windows-i386\native-platform.dll
0x702b0000 - 0x702ba000 	C:\Program Files\android-studio\jre\jre\bin\management.dll
0x74140000 - 0x7416f000 	C:\WINDOWS\system32\rsaenh.dll
0x75610000 - 0x7562b000 	C:\WINDOWS\System32\bcrypt.dll
0x74ab0000 - 0x74ace000 	C:\WINDOWS\SYSTEM32\USERENV.dll
0x742a0000 - 0x742d2000 	C:\WINDOWS\SYSTEM32\IPHLPAPI.DLL
0x75f80000 - 0x75f87000 	C:\WINDOWS\System32\NSI.dll
0x6d310000 - 0x6d323000 	C:\WINDOWS\SYSTEM32\dhcpcsvc6.DLL
0x6d6e0000 - 0x6d6f5000 	C:\WINDOWS\SYSTEM32\dhcpcsvc.DLL
0x742f0000 - 0x74384000 	C:\WINDOWS\SYSTEM32\DNSAPI.dll
0x61b10000 - 0x61c9f000 	C:\WINDOWS\SYSTEM32\dbghelp.dll

VM Arguments:
jvm_args: -Xmx1024m -Dfile.encoding=windows-1252 -Duser.country=US -Duser.language=en -Duser.variant 
java_command: org.gradle.launcher.daemon.bootstrap.GradleDaemon 5.6.4
java_class_path (initial): C:\Users\TOSHIBA\.gradle\wrapper\dists\gradle-5.6.4-all\ankdp27end7byghfw1q2sw75f\gradle-5.6.4\lib\gradle-launcher-5.6.4.jar
Launcher Type: SUN_STANDARD

Environment Variables:
JAVA_HOME=C:\Program Files\Java;C:\Program Files\Java\jdk1.8.0_211;C:\Program Files\Java\jdk1.8.0_211\bin
PATH=C:\WINDOWS\System32;C:\Users\TOSHIBA\AppData\Roaming\npm;%USERPROFILE%\AppData\Local\Microsoft\WindowsApps;
USERNAME=TOSHIBA
OS=Windows_NT
PROCESSOR_IDENTIFIER=x86 Family 6 Model 23 Stepping 10, GenuineIntel



---------------  S Y S T E M  ---------------

OS: Windows 10.0 Build 18362 (10.0.18362.1110)

CPU:total 2 (initial active 2) (2 cores per cpu, 1 threads per core) family 6 model 23 stepping 10, cmov, cx8, fxsr, mmx, sse, sse2, sse3, ssse3, sse4.1, tsc

Memory: 4k page, physical 2095092k(132208k free), swap 3119092k(0k free)

vm_info: OpenJDK Server VM (25.212-b04) for windows-x86 JRE (1.8.0_212-release-1586-b04), built by "builder" with MS VC++ 10.0 (VS2010)

time: Sat Mar 13 14:15:14 2021
timezone: China Standard Time
elapsed time: 2182 seconds (0d 0h 36m 22s)

