#
# There is insufficient memory for the Java Runtime Environment to continue.
# Native memory allocation (malloc) failed to allocate 556784 bytes for Chunk::new
# Possible reasons:
#   The system is out of physical RAM or swap space
#   In 32 bit mode, the process size limit was hit
# Possible solutions:
#   Reduce memory load on the system
#   Increase physical memory or swap space
#   Check if swap backing store is full
#   Use 64 bit Java on a 64 bit OS
#   Decrease Java heap size (-Xmx/-Xms)
#   Decrease number of Java threads
#   Decrease Java thread stack sizes (-Xss)
#   Set larger code cache with -XX:ReservedCodeCacheSize=
# This output file may be truncated or incomplete.
#
#  Out of Memory Error (allocation.cpp:389), pid=4080, tid=0x00001b64
#
# JRE version: OpenJDK Runtime Environment (8.0_212-b04) (build 1.8.0_212-release-1586-b04)
# Java VM: OpenJDK Server VM (25.212-b04 mixed mode windows-x86 )
# Failed to write core dump. Minidumps are not enabled by default on client versions of Windows
#

---------------  T H R E A D  ---------------

Current thread (0x53ea9400):  JavaThread "C2 CompilerThread0" daemon [_thread_in_native, id=7012, stack(0x541c0000,0x54210000)]

Stack: [0x541c0000,0x54210000],  sp=0x5420dae8,  free space=310k
Native frames: (J=compiled Java code, j=interpreted, Vv=VM code, C=native code)
V  [jvm.dll+0x1a67db]
V  [jvm.dll+0x19ed58]
V  [jvm.dll+0x7d871]
V  [jvm.dll+0x7dd77]
V  [jvm.dll+0x95314]
V  [jvm.dll+0x309330]
V  [jvm.dll+0x340888]
V  [jvm.dll+0x2fac25]
V  [jvm.dll+0x300026]
V  [jvm.dll+0x300875]
V  [jvm.dll+0x2ea216]
V  [jvm.dll+0x60e47]
V  [jvm.dll+0x615ef]
V  [jvm.dll+0x177ab0]
V  [jvm.dll+0x1782eb]
V  [jvm.dll+0x1b8e46]
C  [msvcr100.dll+0x5c556]
C  [msvcr100.dll+0x5c600]
C  [KERNEL32.DLL+0x223d9]
C  [ntdll.dll+0x5e6cb]
C  [ntdll.dll+0x5e69f]
C  0x00000000


Current CompileTask:
C2:1440386 16400       4       com.android.builder.symbols.BytecodeRClassWriterKt::generateResourceTypeClass (595 bytes)


---------------  P R O C E S S  ---------------

Java Threads: ( => current thread )
  0x545aa400 JavaThread "WorkerExecutor Queue Thread 2" [_thread_blocked, id=6548, stack(0x5d2c0000,0x5d310000)]
  0x545a9800 JavaThread "WorkerExecutor Queue" [_thread_blocked, id=8000, stack(0x5d270000,0x5d2c0000)]
  0x545a9000 JavaThread "stdout" [_thread_in_native, id=5272, stack(0x5d120000,0x5d170000)]
  0x545b0800 JavaThread "stdout" [_thread_in_native, id=6392, stack(0x5d0d0000,0x5d120000)]
  0x545b0400 JavaThread "stderr" [_thread_in_native, id=5048, stack(0x5d080000,0x5d0d0000)]
  0x545af800 JavaThread "stderr" [_thread_in_native, id=7540, stack(0x5d030000,0x5d080000)]
  0x545af000 JavaThread "pool-17-thread-1" [_thread_blocked, id=416, stack(0x5cfe0000,0x5d030000)]
  0x545ad000 JavaThread "Cache worker for execution history cache (C:\Users\TOSHIBA\AndroidStudioProjects\TaguigHealthConsult\.gradle\5.6.4\executionHistory)" [_thread_blocked, id=5420, stack(0x56930000,0x56980000)]
  0x545aac00 JavaThread "Execution worker for ':'" [_thread_in_native, id=6516, stack(0x5ae10000,0x5ae60000)]
  0x545afc00 JavaThread "Cache worker for file content cache (C:\Users\TOSHIBA\AndroidStudioProjects\TaguigHealthConsult\.gradle\5.6.4\fileContent)" [_thread_blocked, id=6356, stack(0x5adc0000,0x5ae10000)]
  0x545acc00 JavaThread "Cache worker for file content cache (C:\Users\TOSHIBA\.gradle\caches\5.6.4\fileContent)" [_thread_blocked, id=5284, stack(0x5a370000,0x5a3c0000)]
  0x545ae400 JavaThread "Cache worker for Build Output Cleanup Cache (C:\Users\TOSHIBA\AndroidStudioProjects\TaguigHealthConsult\.gradle\buildOutputCleanup)" [_thread_blocked, id=5792, stack(0x59330000,0x59380000)]
  0x545adc00 JavaThread "pool-3-thread-1" [_thread_blocked, id=3972, stack(0x58770000,0x587c0000)]
  0x545ab800 JavaThread "Build operations Thread 2" [_thread_blocked, id=7424, stack(0x58720000,0x58770000)]
  0x545ad800 JavaThread "Build operations" [_thread_blocked, id=6420, stack(0x58080000,0x580d0000)]
  0x545abc00 JavaThread "Cache worker for cache directory md-rule (C:\Users\TOSHIBA\.gradle\caches\5.6.4\md-rule)" [_thread_blocked, id=980, stack(0x57f30000,0x57f80000)]
  0x545ab000 JavaThread "Cache worker for cache directory md-supplier (C:\Users\TOSHIBA\.gradle\caches\5.6.4\md-supplier)" [_thread_blocked, id=6344, stack(0x56a20000,0x56a70000)]
  0x545ac400 JavaThread "Cache worker for file hash cache (C:\Users\TOSHIBA\AndroidStudioProjects\TaguigHealthConsult\.gradle\5.6.4\fileHashes)" [_thread_blocked, id=4964, stack(0x569d0000,0x56a20000)]
  0x5522b400 JavaThread "Thread-26" [_thread_blocked, id=1144, stack(0x56980000,0x569d0000)]
  0x5522cc00 JavaThread "Asynchronous log dispatcher for DefaultDaemonConnection: socket connection from /127.0.0.1:55487 to /127.0.0.1:55525" [_thread_blocked, id=1364, stack(0x568e0000,0x56930000)]
  0x5522c400 JavaThread "Daemon worker Thread 2" [_thread_blocked, id=6340, stack(0x56890000,0x568e0000)]
  0x57700c00 JavaThread "Cancel handler" [_thread_blocked, id=5120, stack(0x56840000,0x56890000)]
  0x57703800 JavaThread "Handler for socket connection from /127.0.0.1:55487 to /127.0.0.1:55525" [_thread_in_native, id=7000, stack(0x00c60000,0x00cb0000)]
  0x57703400 JavaThread "Daemon Thread 2" [_thread_blocked, id=6068, stack(0x00c10000,0x00c60000)]
  0x57701400 JavaThread "Memory manager" [_thread_blocked, id=8112, stack(0x580d0000,0x58120000)]
  0x55229800 JavaThread "Cache worker for execution history cache (C:\Users\TOSHIBA\.gradle\caches\5.6.4\executionHistory)" [_thread_blocked, id=3860, stack(0x587c0000,0x58810000)]
  0x5522b800 JavaThread "Cache worker for journal cache (C:\Users\TOSHIBA\.gradle\caches\journal-1)" [_thread_blocked, id=1340, stack(0x56d10000,0x56d60000)]
  0x55229400 JavaThread "File lock request listener" [_thread_in_native, id=2436, stack(0x56cc0000,0x56d10000)]
  0x5522c000 JavaThread "Cache worker for file hash cache (C:\Users\TOSHIBA\.gradle\caches\5.6.4\fileHashes)" [_thread_blocked, id=6764, stack(0x56c70000,0x56cc0000)]
  0x5434fc00 JavaThread "Daemon periodic checks" [_thread_blocked, id=6696, stack(0x566f0000,0x56740000)]
  0x54351400 JavaThread "Incoming local TCP Connector on port 55487" [_thread_in_native, id=7040, stack(0x56560000,0x565b0000)]
  0x557b5000 JavaThread "Daemon health stats" [_thread_blocked, id=7932, stack(0x560d0000,0x56120000)]
  0x53f09400 JavaThread "Service Thread" daemon [_thread_blocked, id=1208, stack(0x54260000,0x542b0000)]
  0x53eae000 JavaThread "C1 CompilerThread1" daemon [_thread_blocked, id=7204, stack(0x54210000,0x54260000)]
=>0x53ea9400 JavaThread "C2 CompilerThread0" daemon [_thread_in_native, id=7012, stack(0x541c0000,0x54210000)]
  0x53ea5c00 JavaThread "Attach Listener" daemon [_thread_blocked, id=560, stack(0x54170000,0x541c0000)]
  0x53ea4c00 JavaThread "Signal Dispatcher" daemon [_thread_blocked, id=2592, stack(0x54120000,0x54170000)]
  0x53e91c00 JavaThread "Finalizer" daemon [_thread_blocked, id=4816, stack(0x53fd0000,0x54020000)]
  0x53e8ec00 JavaThread "Reference Handler" daemon [_thread_blocked, id=7688, stack(0x11190000,0x111e0000)]
  0x01c3c400 JavaThread "main" [_thread_blocked, id=7864, stack(0x00ce0000,0x00d30000)]

Other Threads:
  0x53e7a400 VMThread [stack: 0x11140000,0x11190000] [id=6408]
  0x53ee3000 WatcherThread [stack: 0x542b0000,0x54300000] [id=7268]

VM state:not at safepoint (normal execution)

VM Mutex/Monitor currently owned by a thread: None

OutOfMemory and StackOverflow Exception counts:
OutOfMemoryError java_heap_errors=1

Heap:
 PSYoungGen      total 302848K, used 203278K [0x3bcc0000, 0x51200000, 0x51200000)
  eden space 274176K, 74% used [0x3bcc0000,0x483439b8,0x4c880000)
  from space 28672K, 0% used [0x4f600000,0x4f600000,0x51200000)
  to   space 37632K, 0% used [0x4c880000,0x4c880000,0x4ed40000)
 ParOldGen       total 89856K, used 57415K [0x11200000, 0x169c0000, 0x3bcc0000)
  object space 89856K, 63% used [0x11200000,0x14a11f68,0x169c0000)
 Metaspace       used 57302K, capacity 58620K, committed 59264K, reserved 59776K

Card table byte_map: [0x51200000,0x51410000] byte_map_base: 0x51177000

Marking Bits: (ParMarkBitMap*) 0x7bac8620
 Begin Bits: [0x51570000, 0x52570000)
 End Bits:   [0x52570000, 0x53570000)

Polling page: 0x01b60000

CodeCache: size=245760Kb used=40014Kb max_used=40437Kb free=205745Kb
 bounds [0x01d80000, 0x04558000, 0x10d80000]
 total_blobs=13646 nmethods=13158 adapters=401
 compilation: enabled

Compilation events (10 events):
Event: 1437.929 Thread 0x53eae000 16420       3       com.android.zipflinger.NoCopyByteArrayOutputStream::<init> (6 bytes)
Event: 1437.929 Thread 0x53eae000 nmethod 16420 0x0444c408 code [0x0444c520, 0x0444c60c]
Event: 1437.932 Thread 0x53eae000 16421       3       java.io.ByteArrayOutputStream::close (1 bytes)
Event: 1437.932 Thread 0x53eae000 nmethod 16421 0x04444b08 code [0x04444c00, 0x04444cc0]
Event: 1437.933 Thread 0x53eae000 16422       3       com.android.zipflinger.Ints::intToUshort (20 bytes)
Event: 1437.933 Thread 0x53eae000 nmethod 16422 0x044447c8 code [0x044448e0, 0x04444a4c]
Event: 1437.933 Thread 0x53eae000 16423       3       com.android.zipflinger.ZipWriter::write (9 bytes)
Event: 1437.933 Thread 0x53eae000 nmethod 16423 0x04444488 code [0x044445a0, 0x0444470c]
Event: 1437.933 Thread 0x53eae000 16424       3       com.android.zipflinger.Source::getUncompressedSize (5 bytes)
Event: 1437.933 Thread 0x53eae000 nmethod 16424 0x04444248 code [0x04444340, 0x04444420]

GC Heap History (10 events):
Event: 245.319 GC heap before
{Heap before GC invocations=25 (full 4):
 PSYoungGen      total 322560K, used 13566K [0x3bcc0000, 0x51200000, 0x51200000)
  eden space 308992K, 0% used [0x3bcc0000,0x3bcc0000,0x4ea80000)
  from space 13568K, 99% used [0x4ea80000,0x4f7bfbc8,0x4f7c0000)
  to   space 21504K, 0% used [0x4fd00000,0x4fd00000,0x51200000)
 ParOldGen       total 43520K, used 41724K [0x11200000, 0x13c80000, 0x3bcc0000)
  object space 43520K, 95% used [0x11200000,0x13abf0b8,0x13c80000)
 Metaspace       used 48885K, capacity 50236K, committed 50304K, reserved 50560K
Event: 246.030 GC heap after
Heap after GC invocations=25 (full 4):
 PSYoungGen      total 322560K, used 3120K [0x3bcc0000, 0x51200000, 0x51200000)
  eden space 308992K, 0% used [0x3bcc0000,0x3bcc0000,0x4ea80000)
  from space 13568K, 22% used [0x4ea80000,0x4ed8c0a0,0x4f7c0000)
  to   space 21504K, 0% used [0x4fd00000,0x4fd00000,0x51200000)
 ParOldGen       total 72192K, used 43399K [0x11200000, 0x15880000, 0x3bcc0000)
  object space 72192K, 60% used [0x11200000,0x13c61c90,0x15880000)
 Metaspace       used 48835K, capacity 50103K, committed 50304K, reserved 50560K
}
Event: 293.023 GC heap before
{Heap before GC invocations=26 (full 4):
 PSYoungGen      total 322560K, used 312112K [0x3bcc0000, 0x51200000, 0x51200000)
  eden space 308992K, 100% used [0x3bcc0000,0x4ea80000,0x4ea80000)
  from space 13568K, 22% used [0x4ea80000,0x4ed8c0a0,0x4f7c0000)
  to   space 21504K, 0% used [0x4fd00000,0x4fd00000,0x51200000)
 ParOldGen       total 72192K, used 43399K [0x11200000, 0x15880000, 0x3bcc0000)
  object space 72192K, 60% used [0x11200000,0x13c61c90,0x15880000)
 Metaspace       used 51176K, capacity 52489K, committed 52608K, reserved 52608K
Event: 293.126 GC heap after
Heap after GC invocations=26 (full 4):
 PSYoungGen      total 310272K, used 15870K [0x3bcc0000, 0x50c80000, 0x51200000)
  eden space 294400K, 0% used [0x3bcc0000,0x3bcc0000,0x4dc40000)
  from space 15872K, 99% used [0x4fd00000,0x50c7f8b0,0x50c80000)
  to   space 23040K, 0% used [0x4df80000,0x4df80000,0x4f600000)
 ParOldGen       total 72192K, used 43403K [0x11200000, 0x15880000, 0x3bcc0000)
  object space 72192K, 60% used [0x11200000,0x13c62c90,0x15880000)
 Metaspace       used 51176K, capacity 52489K, committed 52608K, reserved 52608K
}
Event: 1142.267 GC heap before
{Heap before GC invocations=27 (full 4):
 PSYoungGen      total 310272K, used 310270K [0x3bcc0000, 0x50c80000, 0x51200000)
  eden space 294400K, 100% used [0x3bcc0000,0x4dc40000,0x4dc40000)
  from space 15872K, 99% used [0x4fd00000,0x50c7f8b0,0x50c80000)
  to   space 23040K, 0% used [0x4df80000,0x4df80000,0x4f600000)
 ParOldGen       total 72192K, used 43403K [0x11200000, 0x15880000, 0x3bcc0000)
  object space 72192K, 60% used [0x11200000,0x13c62c90,0x15880000)
 Metaspace       used 54815K, capacity 56240K, committed 56320K, reserved 56704K
Event: 1162.671 GC heap after
Heap after GC invocations=27 (full 4):
 PSYoungGen      total 320768K, used 23035K [0x3bcc0000, 0x51200000, 0x51200000)
  eden space 297728K, 0% used [0x3bcc0000,0x3bcc0000,0x4df80000)
  from space 23040K, 99% used [0x4df80000,0x4f5fee18,0x4f600000)
  to   space 28672K, 0% used [0x4f600000,0x4f600000,0x51200000)
 ParOldGen       total 72192K, used 52032K [0x11200000, 0x15880000, 0x3bcc0000)
  object space 72192K, 72% used [0x11200000,0x144d0320,0x15880000)
 Metaspace       used 54815K, capacity 56240K, committed 56320K, reserved 56704K
}
Event: 1291.495 GC heap before
{Heap before GC invocations=28 (full 4):
 PSYoungGen      total 320768K, used 320763K [0x3bcc0000, 0x51200000, 0x51200000)
  eden space 297728K, 100% used [0x3bcc0000,0x4df80000,0x4df80000)
  from space 23040K, 99% used [0x4df80000,0x4f5fee18,0x4f600000)
  to   space 28672K, 0% used [0x4f600000,0x4f600000,0x51200000)
 ParOldGen       total 72192K, used 52032K [0x11200000, 0x15880000, 0x3bcc0000)
  object space 72192K, 72% used [0x11200000,0x144d0320,0x15880000)
 Metaspace       used 57129K, capacity 58616K, committed 58624K, reserved 58752K
Event: 1294.288 GC heap after
Heap after GC invocations=28 (full 4):
 PSYoungGen      total 302848K, used 28657K [0x3bcc0000, 0x51200000, 0x51200000)
  eden space 274176K, 0% used [0x3bcc0000,0x3bcc0000,0x4c880000)
  from space 28672K, 99% used [0x4f600000,0x511fc710,0x51200000)
  to   space 37632K, 0% used [0x4c880000,0x4c880000,0x4ed40000)
 ParOldGen       total 72192K, used 59354K [0x11200000, 0x15880000, 0x3bcc0000)
  object space 72192K, 82% used [0x11200000,0x14bf69d0,0x15880000)
 Metaspace       used 57129K, capacity 58616K, committed 58624K, reserved 58752K
}
Event: 1294.288 GC heap before
{Heap before GC invocations=29 (full 5):
 PSYoungGen      total 302848K, used 28657K [0x3bcc0000, 0x51200000, 0x51200000)
  eden space 274176K, 0% used [0x3bcc0000,0x3bcc0000,0x4c880000)
  from space 28672K, 99% used [0x4f600000,0x511fc710,0x51200000)
  to   space 37632K, 0% used [0x4c880000,0x4c880000,0x4ed40000)
 ParOldGen       total 72192K, used 59354K [0x11200000, 0x15880000, 0x3bcc0000)
  object space 72192K, 82% used [0x11200000,0x14bf69d0,0x15880000)
 Metaspace       used 57129K, capacity 58616K, committed 58624K, reserved 58752K
Event: 1298.791 GC heap after
Heap after GC invocations=29 (full 5):
 PSYoungGen      total 302848K, used 0K [0x3bcc0000, 0x51200000, 0x51200000)
  eden space 274176K, 0% used [0x3bcc0000,0x3bcc0000,0x4c880000)
  from space 28672K, 0% used [0x4f600000,0x4f600000,0x51200000)
  to   space 37632K, 0% used [0x4c880000,0x4c880000,0x4ed40000)
 ParOldGen       total 89856K, used 57415K [0x11200000, 0x169c0000, 0x3bcc0000)
  object space 89856K, 63% used [0x11200000,0x14a11f68,0x169c0000)
 Metaspace       used 56566K, capacity 57850K, committed 58624K, reserved 58752K
}

Deoptimization events (10 events):
Event: 1434.430 Thread 0x545a9800 Uncommon trap: reason=bimorphic action=maybe_recompile pc=0x03f7e8e4 method=com.google.common.collect.ImmutableList.hashCode()I @ 23
Event: 1435.794 Thread 0x545a9800 Uncommon trap: reason=bimorphic action=maybe_recompile pc=0x03f6d540 method=java.util.zip.DeflaterOutputStream.deflate()V @ 32
Event: 1435.794 Thread 0x545a9800 Uncommon trap: reason=bimorphic action=maybe_recompile pc=0x03f6d540 method=java.util.zip.DeflaterOutputStream.deflate()V @ 32
Event: 1435.920 Thread 0x545a9800 Uncommon trap: reason=bimorphic action=maybe_recompile pc=0x03f6d540 method=java.util.zip.DeflaterOutputStream.deflate()V @ 32
Event: 1435.920 Thread 0x545a9800 Uncommon trap: reason=bimorphic action=maybe_recompile pc=0x03f6d540 method=java.util.zip.DeflaterOutputStream.deflate()V @ 32
Event: 1436.788 Thread 0x545a9800 Uncommon trap: reason=unstable_if action=reinterpret pc=0x03fedadc method=com.google.common.base.CharMatcher$IsEither.matches(C)Z @ 13
Event: 1436.788 Thread 0x545a9800 Uncommon trap: reason=unstable_if action=reinterpret pc=0x03afdb18 method=com.google.common.base.CharMatcher$IsEither.matches(C)Z @ 13
Event: 1436.789 Thread 0x545a9800 Uncommon trap: reason=unstable_if action=reinterpret pc=0x03f4c418 method=com.google.common.base.CharMatcher$IsEither.matches(C)Z @ 13
Event: 1436.805 Thread 0x545a9800 Uncommon trap: reason=unstable_if action=reinterpret pc=0x024313b4 method=org.objectweb.asm.MethodWriter.visitLdcInsn(Ljava/lang/Object;)V @ 144
Event: 1437.466 Thread 0x545a9800 Uncommon trap: reason=predicate action=maybe_recompile pc=0x0452fe80 method=com.android.builder.symbols.BytecodeRClassWriterKt.generateResourceTypeClass(Lcom/android/ide/common/symbols/SymbolTable;Lcom/android/resources/ResourceType;Z)[B @ 192

Classes redefined (0 events):
No events

Internal exceptions (10 events):
Event: 1340.579 Thread 0x5522c400 Implicit null exception at 0x040c96cd to 0x040cade5
Event: 1348.181 Thread 0x545aac00 Exception <a 'java/lang/NoSuchMethodError': <clinit>> (0x45217460) thrown at [D:\src\AOSP-openjdk-cygwin\jdk8u\hotspot\src\share\vm\prims\jni.cpp, line 1614]
Event: 1348.182 Thread 0x545aac00 Exception <a 'java/lang/NoSuchMethodError': <clinit>> (0x45218618) thrown at [D:\src\AOSP-openjdk-cygwin\jdk8u\hotspot\src\share\vm\prims\jni.cpp, line 1614]
Event: 1350.312 Thread 0x545aac00 Exception <a 'java/lang/NoSuchMethodError': <clinit>> (0x455e1840) thrown at [D:\src\AOSP-openjdk-cygwin\jdk8u\hotspot\src\share\vm\prims\jni.cpp, line 1614]
Event: 1350.315 Thread 0x545aac00 Exception <a 'java/lang/NoSuchMethodError': <clinit>> (0x455fd7a8) thrown at [D:\src\AOSP-openjdk-cygwin\jdk8u\hotspot\src\share\vm\prims\jni.cpp, line 1614]
Event: 1350.319 Thread 0x545aac00 Exception <a 'java/lang/NoSuchMethodError': <clinit>> (0x4561e958) thrown at [D:\src\AOSP-openjdk-cygwin\jdk8u\hotspot\src\share\vm\prims\jni.cpp, line 1614]
Event: 1350.417 Thread 0x545aac00 Exception <a 'java/lang/NoSuchMethodError': <clinit>> (0x4568dba0) thrown at [D:\src\AOSP-openjdk-cygwin\jdk8u\hotspot\src\share\vm\prims\jni.cpp, line 1614]
Event: 1350.684 Thread 0x545aac00 Exception <a 'java/lang/NoSuchMethodError': <clinit>> (0x456d98a0) thrown at [D:\src\AOSP-openjdk-cygwin\jdk8u\hotspot\src\share\vm\prims\jni.cpp, line 1614]
Event: 1435.590 Thread 0x545a9800 Exception <a 'sun/nio/fs/WindowsException'> (0x4724a760) thrown at [D:\src\AOSP-openjdk-cygwin\jdk8u\hotspot\src\share\vm\prims\jni.cpp, line 710]
Event: 1435.591 Thread 0x545a9800 Exception <a 'sun/nio/fs/WindowsException'> (0x4724abe8) thrown at [D:\src\AOSP-openjdk-cygwin\jdk8u\hotspot\src\share\vm\prims\jni.cpp, line 710]

Events (10 events):
Event: 1436.789 Thread 0x545a9800 DEOPT PACKING pc=0x03f4c418 sp=0x5d2beec0
Event: 1436.789 Thread 0x545a9800 DEOPT UNPACKING pc=0x01dbabbc sp=0x5d2beea0 mode 2
Event: 1436.805 Thread 0x545a9800 Uncommon trap: trap_request=0xffffff65 fr.pc=0x024313b4
Event: 1436.805 Thread 0x545a9800 DEOPT PACKING pc=0x024313b4 sp=0x5d2bef10
Event: 1436.805 Thread 0x545a9800 DEOPT UNPACKING pc=0x01dbabbc sp=0x5d2beef4 mode 2
Event: 1437.466 Thread 0x545a9800 Uncommon trap: trap_request=0xffffff86 fr.pc=0x0452fe80
Event: 1437.466 Thread 0x545a9800 DEOPT PACKING pc=0x0452fe80 sp=0x5d2bf010
Event: 1437.466 Thread 0x545a9800 DEOPT UNPACKING pc=0x01dbabbc sp=0x5d2bf058 mode 2
Event: 1437.992 Thread 0x545a9800 DEOPT PACKING pc=0x02e2ef9d sp=0x5d2beeb0
Event: 1437.992 Thread 0x545a9800 DEOPT UNPACKING pc=0x01dbc2f5 sp=0x5d2bed3c mode 0


Dynamic libraries:
0x00580000 - 0x005ad000 	C:\Program Files\android-studio\jre\bin\java.exe
0x77610000 - 0x777a9000 	C:\WINDOWS\SYSTEM32\ntdll.dll
0x76690000 - 0x76728000 	C:\WINDOWS\System32\KERNEL32.DLL
0x75260000 - 0x7545d000 	C:\WINDOWS\System32\KERNELBASE.dll
0x72cb0000 - 0x72d4f000 	C:\WINDOWS\SYSTEM32\apphelp.dll
0x76100000 - 0x76179000 	C:\WINDOWS\System32\ADVAPI32.dll
0x76450000 - 0x7650f000 	C:\WINDOWS\System32\msvcrt.dll
0x76730000 - 0x767a6000 	C:\WINDOWS\System32\sechost.dll
0x76180000 - 0x76240000 	C:\WINDOWS\System32\RPCRT4.dll
0x76510000 - 0x76688000 	C:\WINDOWS\System32\USER32.dll
0x74bf0000 - 0x74c0c000 	C:\WINDOWS\System32\win32u.dll
0x76260000 - 0x76281000 	C:\WINDOWS\System32\GDI32.dll
0x748a0000 - 0x74a00000 	C:\WINDOWS\System32\gdi32full.dll
0x74c10000 - 0x74c8c000 	C:\WINDOWS\System32\msvcp_win.dll
0x74780000 - 0x748a0000 	C:\WINDOWS\System32\ucrtbase.dll
0x5fb80000 - 0x5fd8f000 	C:\WINDOWS\WinSxS\x86_microsoft.windows.common-controls_6595b64144ccf1df_6.0.18362.1139_none_e62929aaf8dc83cc\COMCTL32.dll
0x768f0000 - 0x76b65000 	C:\WINDOWS\System32\combase.dll
0x74a20000 - 0x74a7f000 	C:\WINDOWS\System32\bcryptPrimitives.dll
0x767b0000 - 0x767d6000 	C:\WINDOWS\System32\IMM32.DLL
0x61680000 - 0x6173f000 	C:\Program Files\android-studio\jre\jre\bin\msvcr100.dll
0x7b550000 - 0x7bb39000 	C:\Program Files\android-studio\jre\jre\bin\server\jvm.dll
0x75a90000 - 0x75a96000 	C:\WINDOWS\System32\PSAPI.DLL
0x71b50000 - 0x71b74000 	C:\WINDOWS\SYSTEM32\WINMM.dll
0x6e640000 - 0x6e648000 	C:\WINDOWS\SYSTEM32\VERSION.dll
0x71b20000 - 0x71b43000 	C:\WINDOWS\SYSTEM32\winmmbase.dll
0x746b0000 - 0x746eb000 	C:\WINDOWS\System32\cfgmgr32.dll
0x67000000 - 0x67008000 	C:\WINDOWS\SYSTEM32\WSOCK32.dll
0x77320000 - 0x7737e000 	C:\WINDOWS\System32\ws2_32.DLL
0x70fd0000 - 0x70fdc000 	C:\Program Files\android-studio\jre\jre\bin\verify.dll
0x6aaa0000 - 0x6aac1000 	C:\Program Files\android-studio\jre\jre\bin\java.dll
0x6a9f0000 - 0x6aa04000 	C:\Program Files\android-studio\jre\jre\bin\zip.dll
0x76da0000 - 0x7731a000 	C:\WINDOWS\System32\SHELL32.dll
0x76810000 - 0x76894000 	C:\WINDOWS\System32\shcore.dll
0x74c90000 - 0x75251000 	C:\WINDOWS\System32\windows.storage.dll
0x74620000 - 0x7463b000 	C:\WINDOWS\System32\profapi.dll
0x74640000 - 0x74683000 	C:\WINDOWS\System32\powrprof.dll
0x74610000 - 0x7461d000 	C:\WINDOWS\System32\UMPDC.dll
0x768a0000 - 0x768e4000 	C:\WINDOWS\System32\shlwapi.dll
0x746a0000 - 0x746af000 	C:\WINDOWS\System32\kernel.appcore.dll
0x74bd0000 - 0x74be3000 	C:\WINDOWS\System32\cryptsp.dll
0x6a580000 - 0x6a595000 	C:\Program Files\android-studio\jre\jre\bin\net.dll
0x76290000 - 0x7643a000 	C:\WINDOWS\System32\urlmon.dll
0x76b70000 - 0x76d9a000 	C:\WINDOWS\System32\iertutil.dll
0x74140000 - 0x7414a000 	C:\WINDOWS\SYSTEM32\CRYPTBASE.DLL
0x73fc0000 - 0x74017000 	C:\WINDOWS\system32\mswsock.dll
0x700a0000 - 0x700af000 	C:\Program Files\android-studio\jre\jre\bin\nio.dll
0x6fc40000 - 0x6fc61000 	C:\Users\TOSHIBA\.gradle\native\30\windows-i386\native-platform.dll
0x6fb80000 - 0x6fb8a000 	C:\Program Files\android-studio\jre\jre\bin\management.dll
0x73bf0000 - 0x73c1f000 	C:\WINDOWS\system32\rsaenh.dll
0x74a00000 - 0x74a1b000 	C:\WINDOWS\System32\bcrypt.dll
0x74530000 - 0x7454e000 	C:\WINDOWS\SYSTEM32\USERENV.dll
0x73d50000 - 0x73d82000 	C:\WINDOWS\SYSTEM32\IPHLPAPI.DLL
0x76800000 - 0x76807000 	C:\WINDOWS\System32\NSI.dll
0x6cee0000 - 0x6cef3000 	C:\WINDOWS\SYSTEM32\dhcpcsvc6.DLL
0x6d3b0000 - 0x6d3c5000 	C:\WINDOWS\SYSTEM32\dhcpcsvc.DLL
0x73d90000 - 0x73e24000 	C:\WINDOWS\SYSTEM32\DNSAPI.dll
0x69aa0000 - 0x69ac0000 	C:\Program Files\android-studio\jre\jre\bin\sunec.dll
0x6a240000 - 0x6a248000 	C:\Windows\System32\rasadhlp.dll
0x6d280000 - 0x6d2d1000 	C:\WINDOWS\System32\fwpuclnt.dll
0x714e0000 - 0x714e9000 	C:\Program Files\android-studio\jre\jre\bin\sunmscapi.dll
0x74ad0000 - 0x74bcb000 	C:\WINDOWS\System32\CRYPT32.dll
0x74690000 - 0x7469e000 	C:\WINDOWS\System32\MSASN1.dll
0x738f0000 - 0x73919000 	C:\WINDOWS\SYSTEM32\ntmarta.dll
0x62e50000 - 0x62fdf000 	C:\WINDOWS\SYSTEM32\dbghelp.dll

VM Arguments:
jvm_args: -Xmx1024m -Dfile.encoding=windows-1252 -Duser.country=US -Duser.language=en -Duser.variant 
java_command: org.gradle.launcher.daemon.bootstrap.GradleDaemon 5.6.4
java_class_path (initial): C:\Users\TOSHIBA\.gradle\wrapper\dists\gradle-5.6.4-all\ankdp27end7byghfw1q2sw75f\gradle-5.6.4\lib\gradle-launcher-5.6.4.jar
Launcher Type: SUN_STANDARD

Environment Variables:
JAVA_HOME=C:\Program Files\Java;C:\Program Files\Java\jdk1.8.0_211;C:\Program Files\Java\jdk1.8.0_211\bin
PATH=C:\WINDOWS\System32;C:\Users\TOSHIBA\AppData\Roaming\npm;%USERPROFILE%\AppData\Local\Microsoft\WindowsApps;
USERNAME=TOSHIBA
OS=Windows_NT
PROCESSOR_IDENTIFIER=x86 Family 6 Model 23 Stepping 10, GenuineIntel



---------------  S Y S T E M  ---------------

OS: Windows 10.0 Build 18362 (10.0.18362.1110)

CPU:total 2 (initial active 2) (2 cores per cpu, 1 threads per core) family 6 model 23 stepping 10, cmov, cx8, fxsr, mmx, sse, sse2, sse3, ssse3, sse4.1, tsc

Memory: 4k page, physical 2095092k(138996k free), swap 3119092k(3888k free)

vm_info: OpenJDK Server VM (25.212-b04) for windows-x86 JRE (1.8.0_212-release-1586-b04), built by "builder" with MS VC++ 10.0 (VS2010)

time: Mon Mar 22 02:46:53 2021
timezone: China Standard Time
elapsed time: 1440 seconds (0d 0h 24m 0s)

