#
# There is insufficient memory for the Java Runtime Environment to continue.
# Native memory allocation (malloc) failed to allocate 536456 bytes for Chunk::new
# Possible reasons:
#   The system is out of physical RAM or swap space
#   In 32 bit mode, the process size limit was hit
# Possible solutions:
#   Reduce memory load on the system
#   Increase physical memory or swap space
#   Check if swap backing store is full
#   Use 64 bit Java on a 64 bit OS
#   Decrease Java heap size (-Xmx/-Xms)
#   Decrease number of Java threads
#   Decrease Java thread stack sizes (-Xss)
#   Set larger code cache with -XX:ReservedCodeCacheSize=
# This output file may be truncated or incomplete.
#
#  Out of Memory Error (allocation.cpp:389), pid=4964, tid=0x00000dfc
#
# JRE version: OpenJDK Runtime Environment (8.0_212-b04) (build 1.8.0_212-release-1586-b04)
# Java VM: OpenJDK Server VM (25.212-b04 mixed mode windows-x86 )
# Failed to write core dump. Minidumps are not enabled by default on client versions of Windows
#

---------------  T H R E A D  ---------------

Current thread (0x540d5c00):  JavaThread "C2 CompilerThread0" daemon [_thread_in_native, id=3580, stack(0x54480000,0x544d0000)]

Stack: [0x54480000,0x544d0000],  sp=0x544cdfc0,  free space=311k
Native frames: (J=compiled Java code, j=interpreted, Vv=VM code, C=native code)
V  [jvm.dll+0x1a67db]
V  [jvm.dll+0x19ed58]
V  [jvm.dll+0x7d871]
V  [jvm.dll+0x7dd77]
V  [jvm.dll+0x31fa52]
V  [jvm.dll+0x2f6942]
V  [jvm.dll+0x2ff1a7]
V  [jvm.dll+0x3008eb]
V  [jvm.dll+0x2ea216]
V  [jvm.dll+0x60e47]
V  [jvm.dll+0x615ef]
V  [jvm.dll+0x177ab0]
V  [jvm.dll+0x1782eb]
V  [jvm.dll+0x1b8e46]
C  [msvcr100.dll+0x5c556]
C  [msvcr100.dll+0x5c600]
C  [KERNEL32.DLL+0x223d9]
C  [ntdll.dll+0x5e6cb]
C  [ntdll.dll+0x5e69f]
C  0x00000000


Current CompileTask:
C2:  60877 3717   !   4       java.util.jar.Attributes::read (380 bytes)


---------------  P R O C E S S  ---------------

Java Threads: ( => current thread )
  0x57127400 JavaThread "Cache worker for Build Output Cleanup Cache (C:\Users\TOSHIBA\AndroidStudioProjects\TaguigHealthConsult\.gradle\buildOutputCleanup)" [_thread_blocked, id=3692, stack(0x594d0000,0x59520000)]
  0x5712e400 JavaThread "pool-1-thread-1" [_thread_blocked, id=8168, stack(0x59280000,0x592d0000)]
  0x5712e800 JavaThread "Build operations Thread 2" [_thread_blocked, id=7748, stack(0x58f30000,0x58f80000)]
  0x54e0c400 JavaThread "Build operations" [_thread_blocked, id=7608, stack(0x58ee0000,0x58f30000)]
  0x54e0bc00 JavaThread "Cache worker for execution history cache (C:\Users\TOSHIBA\.gradle\caches\5.6.4\executionHistory)" [_thread_blocked, id=4676, stack(0x58c90000,0x58ce0000)]
  0x54e0b800 JavaThread "Cache worker for cache directory md-rule (C:\Users\TOSHIBA\.gradle\caches\5.6.4\md-rule)" [_thread_blocked, id=7388, stack(0x58c40000,0x58c90000)]
  0x54e0f000 JavaThread "Cache worker for cache directory md-supplier (C:\Users\TOSHIBA\.gradle\caches\5.6.4\md-supplier)" [_thread_blocked, id=2396, stack(0x58bf0000,0x58c40000)]
  0x54e0c800 JavaThread "Cache worker for file hash cache (C:\Users\TOSHIBA\AndroidStudioProjects\TaguigHealthConsult\.gradle\5.6.4\fileHashes)" [_thread_blocked, id=7460, stack(0x58200000,0x58250000)]
  0x54e0d000 JavaThread "Cache worker for journal cache (C:\Users\TOSHIBA\.gradle\caches\journal-1)" [_thread_blocked, id=6696, stack(0x56fe0000,0x57030000)]
  0x54e0d800 JavaThread "File lock request listener" [_thread_in_native, id=3172, stack(0x56f90000,0x56fe0000)]
  0x54e0e400 JavaThread "Cache worker for file hash cache (C:\Users\TOSHIBA\.gradle\caches\5.6.4\fileHashes)" [_thread_blocked, id=5236, stack(0x56f40000,0x56f90000)]
  0x55403400 JavaThread "Thread-9" [_thread_blocked, id=6876, stack(0x56cf0000,0x56d40000)]
  0x555cb400 JavaThread "Stdin handler" [_thread_blocked, id=1236, stack(0x56ca0000,0x56cf0000)]
  0x555cb000 JavaThread "Asynchronous log dispatcher for DefaultDaemonConnection: socket connection from /127.0.0.1:52619 to /127.0.0.1:52620" [_thread_blocked, id=1144, stack(0x56c50000,0x56ca0000)]
  0x555c9800 JavaThread "Daemon worker" [_thread_in_vm, id=7888, stack(0x56c00000,0x56c50000)]
  0x555c4c00 JavaThread "Cancel handler" [_thread_blocked, id=5592, stack(0x56bb0000,0x56c00000)]
  0x55a0d000 JavaThread "Handler for socket connection from /127.0.0.1:52619 to /127.0.0.1:52620" [_thread_in_native, id=5172, stack(0x56b50000,0x56ba0000)]
  0x55a10400 JavaThread "Daemon" [_thread_blocked, id=7628, stack(0x56b00000,0x56b50000)]
  0x54d3e800 JavaThread "Daemon periodic checks" [_thread_blocked, id=6048, stack(0x569b0000,0x56a00000)]
  0x54d3bc00 JavaThread "Incoming local TCP Connector on port 52619" [_thread_in_native, id=4932, stack(0x56820000,0x56870000)]
  0x559f1800 JavaThread "Daemon health stats" [_thread_blocked, id=2096, stack(0x56390000,0x563e0000)]
  0x54117000 JavaThread "Service Thread" daemon [_thread_blocked, id=5528, stack(0x54520000,0x54570000)]
  0x54113400 JavaThread "C1 CompilerThread1" daemon [_thread_blocked, id=4704, stack(0x544d0000,0x54520000)]
=>0x540d5c00 JavaThread "C2 CompilerThread0" daemon [_thread_in_native, id=3580, stack(0x54480000,0x544d0000)]
  0x540d2400 JavaThread "Attach Listener" daemon [_thread_blocked, id=5104, stack(0x54430000,0x54480000)]
  0x540d1400 JavaThread "Signal Dispatcher" daemon [_thread_blocked, id=5584, stack(0x543e0000,0x54430000)]
  0x540b5800 JavaThread "Finalizer" daemon [_thread_blocked, id=1892, stack(0x54290000,0x542e0000)]
  0x540af000 JavaThread "Reference Handler" daemon [_thread_blocked, id=6620, stack(0x54240000,0x54290000)]
  0x011bc400 JavaThread "main" [_thread_blocked, id=8084, stack(0x01e00000,0x01e50000)]

Other Threads:
  0x54099400 VMThread [stack: 0x541f0000,0x54240000] [id=7044]
  0x54119000 WatcherThread [stack: 0x54570000,0x545c0000] [id=6372]

VM state:not at safepoint (normal execution)

VM Mutex/Monitor currently owned by a thread: None

Heap:
 PSYoungGen      total 104704K, used 43162K [0x3bec0000, 0x437c0000, 0x51400000)
  eden space 95744K, 45% used [0x3bec0000,0x3e8e6b50,0x41c40000)
  from space 8960K, 0% used [0x41c40000,0x41c40000,0x42500000)
  to   space 7936K, 0% used [0x42500000,0x42500000,0x42cc0000)
 ParOldGen       total 25600K, used 15038K [0x11400000, 0x12d00000, 0x3bec0000)
  object space 25600K, 58% used [0x11400000,0x122afa70,0x12d00000)
 Metaspace       used 29095K, capacity 29754K, committed 29824K, reserved 30080K

Card table byte_map: [0x51400000,0x51610000] byte_map_base: 0x51376000

Marking Bits: (ParMarkBitMap*) 0x79778620
 Begin Bits: [0x51770000, 0x52770000)
 End Bits:   [0x52770000, 0x53770000)

Polling page: 0x01e50000

CodeCache: size=245760Kb used=9382Kb max_used=9382Kb free=236377Kb
 bounds [0x02040000, 0x02970000, 0x11040000]
 total_blobs=3923 nmethods=3464 adapters=373
 compilation: enabled

Compilation events (10 events):
Event: 60.604 Thread 0x54113400 3732       3       java.math.BigInteger::implMulAddCheck (169 bytes)
Event: 60.606 Thread 0x54113400 nmethod 3732 0x02955608 code [0x029559a0, 0x029575c8]
Event: 60.610 Thread 0x54113400 3734       3       sun.security.util.DerValue::isPrintableStringChar (184 bytes)
Event: 60.611 Thread 0x54113400 nmethod 3734 0x02958648 code [0x02958760, 0x02958960]
Event: 60.611 Thread 0x54113400 3735       3       sun.security.util.ObjectIdentifier::hashCode (8 bytes)
Event: 60.611 Thread 0x54113400 nmethod 3735 0x0294d188 code [0x0294d2a0, 0x0294d38c]
Event: 60.611 Thread 0x54113400 3736  s    3       java.io.ByteArrayInputStream::reset (9 bytes)
Event: 60.612 Thread 0x54113400 nmethod 3736 0x029589c8 code [0x02958ae0, 0x02958ce0]
Event: 60.622 Thread 0x54113400 3739       3       java.math.MutableBigInteger::mulsub (110 bytes)
Event: 60.623 Thread 0x54113400 nmethod 3739 0x02958d88 code [0x02958ea0, 0x029591c0]

GC Heap History (10 events):
Event: 44.087 GC heap before
{Heap before GC invocations=13 (full 1):
 PSYoungGen      total 56064K, used 50432K [0x3bec0000, 0x41cc0000, 0x51400000)
  eden space 50432K, 100% used [0x3bec0000,0x3f000000,0x3f000000)
  from space 5632K, 0% used [0x3f000000,0x3f000000,0x3f580000)
  to   space 7680K, 0% used [0x41540000,0x41540000,0x41cc0000)
 ParOldGen       total 25600K, used 11571K [0x11400000, 0x12d00000, 0x3bec0000)
  object space 25600K, 45% used [0x11400000,0x11f4cd98,0x12d00000)
 Metaspace       used 19355K, capacity 19688K, committed 19840K, reserved 19840K
Event: 44.106 GC heap after
Heap after GC invocations=13 (full 1):
 PSYoungGen      total 75008K, used 5072K [0x3bec0000, 0x41a40000, 0x51400000)
  eden space 69888K, 0% used [0x3bec0000,0x3bec0000,0x40300000)
  from space 5120K, 99% used [0x41540000,0x41a34250,0x41a40000)
  to   space 7936K, 0% used [0x40ac0000,0x40ac0000,0x41280000)
 ParOldGen       total 25600K, used 11575K [0x11400000, 0x12d00000, 0x3bec0000)
  object space 25600K, 45% used [0x11400000,0x11f4dd98,0x12d00000)
 Metaspace       used 19355K, capacity 19688K, committed 19840K, reserved 19840K
}
Event: 47.096 GC heap before
{Heap before GC invocations=14 (full 1):
 PSYoungGen      total 75008K, used 74960K [0x3bec0000, 0x41a40000, 0x51400000)
  eden space 69888K, 100% used [0x3bec0000,0x40300000,0x40300000)
  from space 5120K, 99% used [0x41540000,0x41a34250,0x41a40000)
  to   space 7936K, 0% used [0x40ac0000,0x40ac0000,0x41280000)
 ParOldGen       total 25600K, used 11575K [0x11400000, 0x12d00000, 0x3bec0000)
  object space 25600K, 45% used [0x11400000,0x11f4dd98,0x12d00000)
 Metaspace       used 21951K, capacity 22292K, committed 22400K, reserved 22912K
Event: 47.123 GC heap after
Heap after GC invocations=14 (full 1):
 PSYoungGen      total 85760K, used 5005K [0x3bec0000, 0x42cc0000, 0x51400000)
  eden space 77824K, 0% used [0x3bec0000,0x3bec0000,0x40ac0000)
  from space 7936K, 63% used [0x40ac0000,0x40fa34d0,0x41280000)
  to   space 7936K, 0% used [0x42500000,0x42500000,0x42cc0000)
 ParOldGen       total 25600K, used 13179K [0x11400000, 0x12d00000, 0x3bec0000)
  object space 25600K, 51% used [0x11400000,0x120dedc8,0x12d00000)
 Metaspace       used 21951K, capacity 22292K, committed 22400K, reserved 22912K
}
Event: 57.363 GC heap before
{Heap before GC invocations=15 (full 1):
 PSYoungGen      total 85760K, used 82829K [0x3bec0000, 0x42cc0000, 0x51400000)
  eden space 77824K, 100% used [0x3bec0000,0x40ac0000,0x40ac0000)
  from space 7936K, 63% used [0x40ac0000,0x40fa34d0,0x41280000)
  to   space 7936K, 0% used [0x42500000,0x42500000,0x42cc0000)
 ParOldGen       total 25600K, used 13179K [0x11400000, 0x12d00000, 0x3bec0000)
  object space 25600K, 51% used [0x11400000,0x120dedc8,0x12d00000)
 Metaspace       used 25818K, capacity 26412K, committed 26496K, reserved 27008K
Event: 57.399 GC heap after
Heap after GC invocations=15 (full 1):
 PSYoungGen      total 103680K, used 7100K [0x3bec0000, 0x437c0000, 0x51400000)
  eden space 95744K, 0% used [0x3bec0000,0x3bec0000,0x41c40000)
  from space 7936K, 89% used [0x42500000,0x42bef318,0x42cc0000)
  to   space 8960K, 0% used [0x41c40000,0x41c40000,0x42500000)
 ParOldGen       total 25600K, used 15011K [0x11400000, 0x12d00000, 0x3bec0000)
  object space 25600K, 58% used [0x11400000,0x122a8e70,0x12d00000)
 Metaspace       used 25818K, capacity 26412K, committed 26496K, reserved 27008K
}
Event: 58.001 GC heap before
{Heap before GC invocations=16 (full 1):
 PSYoungGen      total 103680K, used 16156K [0x3bec0000, 0x437c0000, 0x51400000)
  eden space 95744K, 9% used [0x3bec0000,0x3c797ed0,0x41c40000)
  from space 7936K, 89% used [0x42500000,0x42bef318,0x42cc0000)
  to   space 8960K, 0% used [0x41c40000,0x41c40000,0x42500000)
 ParOldGen       total 25600K, used 15011K [0x11400000, 0x12d00000, 0x3bec0000)
  object space 25600K, 58% used [0x11400000,0x122a8e70,0x12d00000)
 Metaspace       used 26677K, capacity 27244K, committed 27308K, reserved 28032K
Event: 58.017 GC heap after
Heap after GC invocations=16 (full 1):
 PSYoungGen      total 104704K, used 1166K [0x3bec0000, 0x437c0000, 0x51400000)
  eden space 95744K, 0% used [0x3bec0000,0x3bec0000,0x41c40000)
  from space 8960K, 13% used [0x41c40000,0x41d63ac8,0x42500000)
  to   space 7936K, 0% used [0x42500000,0x42500000,0x42cc0000)
 ParOldGen       total 25600K, used 18100K [0x11400000, 0x12d00000, 0x3bec0000)
  object space 25600K, 70% used [0x11400000,0x125ad128,0x12d00000)
 Metaspace       used 26677K, capacity 27244K, committed 27308K, reserved 28032K
}
Event: 58.017 GC heap before
{Heap before GC invocations=17 (full 2):
 PSYoungGen      total 104704K, used 1166K [0x3bec0000, 0x437c0000, 0x51400000)
  eden space 95744K, 0% used [0x3bec0000,0x3bec0000,0x41c40000)
  from space 8960K, 13% used [0x41c40000,0x41d63ac8,0x42500000)
  to   space 7936K, 0% used [0x42500000,0x42500000,0x42cc0000)
 ParOldGen       total 25600K, used 18100K [0x11400000, 0x12d00000, 0x3bec0000)
  object space 25600K, 70% used [0x11400000,0x125ad128,0x12d00000)
 Metaspace       used 26677K, capacity 27244K, committed 27308K, reserved 28032K
Event: 58.195 GC heap after
Heap after GC invocations=17 (full 2):
 PSYoungGen      total 104704K, used 0K [0x3bec0000, 0x437c0000, 0x51400000)
  eden space 95744K, 0% used [0x3bec0000,0x3bec0000,0x41c40000)
  from space 8960K, 0% used [0x41c40000,0x41c40000,0x42500000)
  to   space 7936K, 0% used [0x42500000,0x42500000,0x42cc0000)
 ParOldGen       total 25600K, used 15038K [0x11400000, 0x12d00000, 0x3bec0000)
  object space 25600K, 58% used [0x11400000,0x122afa70,0x12d00000)
 Metaspace       used 26677K, capacity 27244K, committed 27308K, reserved 28032K
}

Deoptimization events (10 events):
Event: 56.735 Thread 0x555c9800 Uncommon trap: reason=unstable_if action=reinterpret pc=0x020ef654 method=java.security.CodeSource.hashCode()I @ 4
Event: 59.745 Thread 0x555c9800 Uncommon trap: reason=unstable_if action=reinterpret pc=0x02364310 method=jdk.internal.org.objectweb.asm.Item.isEqualTo(Ljdk/internal/org/objectweb/asm/Item;)Z @ 331
Event: 60.084 Thread 0x555c9800 Uncommon trap: reason=unstable_if action=reinterpret pc=0x0264892c method=java.util.jar.JarFile.maybeInstantiateVerifier()V @ 75
Event: 60.085 Thread 0x555c9800 Uncommon trap: reason=unstable_if action=reinterpret pc=0x021ff840 method=java.util.jar.Manifest$FastInputStream.readLine([BII)I @ 87
Event: 60.086 Thread 0x555c9800 Uncommon trap: reason=unstable_if action=reinterpret pc=0x022eeccc method=java.util.jar.Attributes$Name.isDigit(C)Z @ 3
Event: 60.318 Thread 0x555c9800 Uncommon trap: reason=speculate_class_check action=maybe_recompile pc=0x0293dc08 method=java.util.HashMap.putVal(ILjava/lang/Object;Ljava/lang/Object;ZZ)Ljava/lang/Object; @ 56
Event: 60.318 Thread 0x555c9800 Uncommon trap: reason=speculate_class_check action=maybe_recompile pc=0x0293dc08 method=java.util.HashMap.putVal(ILjava/lang/Object;Ljava/lang/Object;ZZ)Ljava/lang/Object; @ 56
Event: 60.318 Thread 0x555c9800 Uncommon trap: reason=speculate_class_check action=maybe_recompile pc=0x0293dc08 method=java.util.HashMap.putVal(ILjava/lang/Object;Ljava/lang/Object;ZZ)Ljava/lang/Object; @ 56
Event: 60.318 Thread 0x555c9800 Uncommon trap: reason=speculate_class_check action=maybe_recompile pc=0x0293dc08 method=java.util.HashMap.putVal(ILjava/lang/Object;Ljava/lang/Object;ZZ)Ljava/lang/Object; @ 56
Event: 60.541 Thread 0x555c9800 Uncommon trap: reason=unstable_if action=reinterpret pc=0x023f2120 method=java.lang.CharacterDataLatin1.isWhitespace(I)Z @ 14

Classes redefined (0 events):
No events

Internal exceptions (10 events):
Event: 54.697 Thread 0x555c9800 Exception <a 'java/lang/ClassNotFoundException': org/gradle/api/internal/ConventionTaskCustomizer> (0x3f695cc8) thrown at [D:\src\AOSP-openjdk-cygwin\jdk8u\hotspot\src\share\vm\classfile\systemDictionary.cpp, line 210]
Event: 54.700 Thread 0x555c9800 Exception <a 'java/lang/ClassNotFoundException': org/gradle/api/tasks/DeleteCustomizer> (0x3f6d1360) thrown at [D:\src\AOSP-openjdk-cygwin\jdk8u\hotspot\src\share\vm\classfile\systemDictionary.cpp, line 210]
Event: 54.708 Thread 0x555c9800 Exception <a 'java/lang/ClassNotFoundException': org/gradle/api/tasks/Delete_DecoratedCustomizer> (0x3f71a5a0) thrown at [D:\src\AOSP-openjdk-cygwin\jdk8u\hotspot\src\share\vm\classfile\systemDictionary.cpp, line 210]
Event: 54.850 Thread 0x555c9800 Exception <a 'java/lang/ClassNotFoundException': build_b9cd2xnac55zu2f5hf32jjgofBeanInfo> (0x3f8128b0) thrown at [D:\src\AOSP-openjdk-cygwin\jdk8u\hotspot\src\share\vm\classfile\systemDictionary.cpp, line 210]
Event: 54.851 Thread 0x555c9800 Exception <a 'java/lang/ClassNotFoundException': build_b9cd2xnac55zu2f5hf32jjgofCustomizer> (0x3f81f090) thrown at [D:\src\AOSP-openjdk-cygwin\jdk8u\hotspot\src\share\vm\classfile\systemDictionary.cpp, line 210]
Event: 54.860 Thread 0x555c9800 Exception <a 'java/lang/ClassNotFoundException': org/gradle/api/internal/plugins/DefaultObjectConfigurationActionBeanInfo> (0x3f890750) thrown at [D:\src\AOSP-openjdk-cygwin\jdk8u\hotspot\src\share\vm\classfile\systemDictionary.cpp, line 210]
Event: 54.861 Thread 0x555c9800 Exception <a 'java/lang/ClassNotFoundException': org/gradle/api/internal/plugins/DefaultObjectConfigurationActionCustomizer> (0x3f8d2fe8) thrown at [D:\src\AOSP-openjdk-cygwin\jdk8u\hotspot\src\share\vm\classfile\systemDictionary.cpp, line 210]
Event: 56.735 Thread 0x555c9800 Implicit null exception at 0x0280fa0d to 0x02810521
Event: 56.735 Thread 0x555c9800 Implicit null exception at 0x020ef43a to 0x020ef641
Event: 57.450 Thread 0x555c9800 Exception <a 'sun/nio/fs/WindowsException'> (0x3bf2afa0) thrown at [D:\src\AOSP-openjdk-cygwin\jdk8u\hotspot\src\share\vm\prims\jni.cpp, line 710]

Events (10 events):
Event: 60.617 loading class java/security/spec/AlgorithmParameterSpec done
Event: 60.617 loading class java/security/spec/DSAParameterSpec done
Event: 60.617 loading class java/security/interfaces/DSAPrivateKey
Event: 60.618 loading class java/security/interfaces/DSAPrivateKey done
Event: 60.618 loading class sun/security/provider/DSA$SHA1withDSA
Event: 60.618 loading class sun/security/provider/DSA
Event: 60.618 loading class sun/security/provider/DSA done
Event: 60.618 loading class sun/security/provider/DSA$SHA1withDSA done
Event: 60.621 loading class java/math/SignedMutableBigInteger
Event: 60.621 loading class java/math/SignedMutableBigInteger done


Dynamic libraries:
0x006b0000 - 0x006dd000 	C:\Program Files\android-studio\jre\bin\java.exe
0x772e0000 - 0x77479000 	C:\WINDOWS\SYSTEM32\ntdll.dll
0x75cc0000 - 0x75d58000 	C:\WINDOWS\System32\KERNEL32.DLL
0x74ad0000 - 0x74ccd000 	C:\WINDOWS\System32\KERNELBASE.dll
0x72980000 - 0x72a1f000 	C:\WINDOWS\SYSTEM32\apphelp.dll
0x76550000 - 0x765c9000 	C:\WINDOWS\System32\ADVAPI32.dll
0x760d0000 - 0x7618f000 	C:\WINDOWS\System32\msvcrt.dll
0x75c40000 - 0x75cb6000 	C:\WINDOWS\System32\sechost.dll
0x76190000 - 0x76250000 	C:\WINDOWS\System32\RPCRT4.dll
0x763d0000 - 0x76548000 	C:\WINDOWS\System32\USER32.dll
0x75090000 - 0x750ac000 	C:\WINDOWS\System32\win32u.dll
0x75310000 - 0x75331000 	C:\WINDOWS\System32\GDI32.dll
0x74380000 - 0x744e0000 	C:\WINDOWS\System32\gdi32full.dll
0x750b0000 - 0x7512c000 	C:\WINDOWS\System32\msvcp_win.dll
0x74d40000 - 0x74e60000 	C:\WINDOWS\System32\ucrtbase.dll
0x67ea0000 - 0x680af000 	C:\WINDOWS\WinSxS\x86_microsoft.windows.common-controls_6595b64144ccf1df_6.0.18362.1139_none_e62929aaf8dc83cc\COMCTL32.dll
0x759c0000 - 0x75c35000 	C:\WINDOWS\System32\combase.dll
0x75030000 - 0x7508f000 	C:\WINDOWS\System32\bcryptPrimitives.dll
0x75130000 - 0x75156000 	C:\WINDOWS\System32\IMM32.DLL
0x66b90000 - 0x66c4f000 	C:\Program Files\android-studio\jre\jre\bin\msvcr100.dll
0x79200000 - 0x797e9000 	C:\Program Files\android-studio\jre\jre\bin\server\jvm.dll
0x77150000 - 0x77156000 	C:\WINDOWS\System32\PSAPI.DLL
0x72890000 - 0x728b4000 	C:\WINDOWS\SYSTEM32\WINMM.dll
0x6e040000 - 0x6e048000 	C:\WINDOWS\SYSTEM32\VERSION.dll
0x72860000 - 0x72883000 	C:\WINDOWS\SYSTEM32\WINMMBASE.dll
0x74f60000 - 0x74f9b000 	C:\WINDOWS\System32\cfgmgr32.dll
0x661e0000 - 0x661e8000 	C:\WINDOWS\SYSTEM32\WSOCK32.dll
0x75f60000 - 0x75fbe000 	C:\WINDOWS\System32\ws2_32.DLL
0x715a0000 - 0x715ac000 	C:\Program Files\android-studio\jre\jre\bin\verify.dll
0x70a40000 - 0x70a61000 	C:\Program Files\android-studio\jre\jre\bin\java.dll
0x70a20000 - 0x70a34000 	C:\Program Files\android-studio\jre\jre\bin\zip.dll
0x76630000 - 0x76baa000 	C:\WINDOWS\System32\SHELL32.dll
0x75ed0000 - 0x75f54000 	C:\WINDOWS\System32\shcore.dll
0x744e0000 - 0x74aa1000 	C:\WINDOWS\System32\windows.storage.dll
0x74340000 - 0x7435b000 	C:\WINDOWS\System32\profapi.dll
0x742f0000 - 0x74333000 	C:\WINDOWS\System32\powrprof.dll
0x742e0000 - 0x742ed000 	C:\WINDOWS\System32\UMPDC.dll
0x76250000 - 0x76294000 	C:\WINDOWS\System32\shlwapi.dll
0x74370000 - 0x7437f000 	C:\WINDOWS\System32\kernel.appcore.dll
0x74ab0000 - 0x74ac3000 	C:\WINDOWS\System32\cryptsp.dll
0x702b0000 - 0x702c5000 	C:\Program Files\android-studio\jre\jre\bin\net.dll
0x75160000 - 0x7530a000 	C:\WINDOWS\System32\urlmon.dll
0x75790000 - 0x759ba000 	C:\WINDOWS\System32\iertutil.dll
0x73e10000 - 0x73e1a000 	C:\WINDOWS\SYSTEM32\CRYPTBASE.DLL
0x73c90000 - 0x73ce7000 	C:\WINDOWS\system32\mswsock.dll
0x709f0000 - 0x709ff000 	C:\Program Files\android-studio\jre\jre\bin\nio.dll
0x6ba00000 - 0x6ba21000 	C:\Users\TOSHIBA\.gradle\native\30\windows-i386\native-platform.dll
0x70440000 - 0x7044a000 	C:\Program Files\android-studio\jre\jre\bin\management.dll
0x738c0000 - 0x738ef000 	C:\WINDOWS\system32\rsaenh.dll
0x74cd0000 - 0x74ceb000 	C:\WINDOWS\System32\bcrypt.dll
0x74230000 - 0x7424e000 	C:\WINDOWS\SYSTEM32\USERENV.dll
0x73a20000 - 0x73a52000 	C:\WINDOWS\SYSTEM32\IPHLPAPI.DLL
0x77120000 - 0x77127000 	C:\WINDOWS\System32\NSI.dll
0x6cf00000 - 0x6cf13000 	C:\WINDOWS\SYSTEM32\dhcpcsvc6.DLL
0x6d050000 - 0x6d065000 	C:\WINDOWS\SYSTEM32\dhcpcsvc.DLL
0x73a70000 - 0x73b04000 	C:\WINDOWS\SYSTEM32\DNSAPI.dll
0x65bf0000 - 0x65d7f000 	C:\WINDOWS\SYSTEM32\dbghelp.dll

VM Arguments:
jvm_args: -Xmx1024m -Dfile.encoding=windows-1252 -Duser.country=US -Duser.language=en -Duser.variant 
java_command: org.gradle.launcher.daemon.bootstrap.GradleDaemon 5.6.4
java_class_path (initial): C:\Users\TOSHIBA\.gradle\wrapper\dists\gradle-5.6.4-all\ankdp27end7byghfw1q2sw75f\gradle-5.6.4\lib\gradle-launcher-5.6.4.jar
Launcher Type: SUN_STANDARD

Environment Variables:
JAVA_HOME=C:\Program Files\Java;C:\Program Files\Java\jdk1.8.0_211;C:\Program Files\Java\jdk1.8.0_211\bin
PATH=C:\WINDOWS\System32;C:\Users\TOSHIBA\AppData\Roaming\npm;%USERPROFILE%\AppData\Local\Microsoft\WindowsApps;
USERNAME=TOSHIBA
OS=Windows_NT
PROCESSOR_IDENTIFIER=x86 Family 6 Model 23 Stepping 10, GenuineIntel



---------------  S Y S T E M  ---------------

OS: Windows 10.0 Build 18362 (10.0.18362.1110)

CPU:total 2 (initial active 2) (2 cores per cpu, 1 threads per core) family 6 model 23 stepping 10, cmov, cx8, fxsr, mmx, sse, sse2, sse3, ssse3, sse4.1, tsc

Memory: 4k page, physical 2095092k(221568k free), swap 3119092k(2448k free)

vm_info: OpenJDK Server VM (25.212-b04) for windows-x86 JRE (1.8.0_212-release-1586-b04), built by "builder" with MS VC++ 10.0 (VS2010)

time: Fri Mar 12 12:23:30 2021
timezone: China Standard Time
elapsed time: 60 seconds (0d 0h 1m 0s)

