#
# There is insufficient memory for the Java Runtime Environment to continue.
# Native memory allocation (malloc) failed to allocate 720008 bytes for Chunk::new
# Possible reasons:
#   The system is out of physical RAM or swap space
#   In 32 bit mode, the process size limit was hit
# Possible solutions:
#   Reduce memory load on the system
#   Increase physical memory or swap space
#   Check if swap backing store is full
#   Use 64 bit Java on a 64 bit OS
#   Decrease Java heap size (-Xmx/-Xms)
#   Decrease number of Java threads
#   Decrease Java thread stack sizes (-Xss)
#   Set larger code cache with -XX:ReservedCodeCacheSize=
# This output file may be truncated or incomplete.
#
#  Out of Memory Error (allocation.cpp:389), pid=7504, tid=0x00001b3c
#
# JRE version: OpenJDK Runtime Environment (8.0_212-b04) (build 1.8.0_212-release-1586-b04)
# Java VM: OpenJDK Server VM (25.212-b04 mixed mode windows-x86 )
# Failed to write core dump. Minidumps are not enabled by default on client versions of Windows
#

---------------  T H R E A D  ---------------

Current thread (0x53da5800):  JavaThread "C2 CompilerThread0" daemon [_thread_in_native, id=6972, stack(0x54150000,0x541a0000)]

Stack: [0x54150000,0x541a0000],  sp=0x5419e060,  free space=312k
Native frames: (J=compiled Java code, j=interpreted, Vv=VM code, C=native code)
V  [jvm.dll+0x1a67db]
V  [jvm.dll+0x19ed58]
V  [jvm.dll+0x7d871]
V  [jvm.dll+0x7dd77]
V  [jvm.dll+0x31fa52]
V  [jvm.dll+0x2f6942]
V  [jvm.dll+0x2ff1a7]
V  [jvm.dll+0x3008eb]
V  [jvm.dll+0x2ea216]
V  [jvm.dll+0x60e47]
V  [jvm.dll+0x615ef]
V  [jvm.dll+0x177ab0]
V  [jvm.dll+0x1782eb]
V  [jvm.dll+0x1b8e46]
C  [msvcr100.dll+0x5c556]
C  [msvcr100.dll+0x5c600]
C  [KERNEL32.DLL+0x223d9]
C  [ntdll.dll+0x5e6cb]
C  [ntdll.dll+0x5e69f]
C  0x00000000


Current CompileTask:
C2:  18247 2387   !   4       java.net.URLClassLoader$1::run (63 bytes)


---------------  P R O C E S S  ---------------

Java Threads: ( => current thread )
  0x55a97800 JavaThread "Cache worker for execution history cache (C:\Users\TOSHIBA\.gradle\caches\5.6.4\executionHistory)" [_thread_blocked, id=4312, stack(0x588a0000,0x588f0000)]
  0x55a98400 JavaThread "Cache worker for cache directory md-rule (C:\Users\TOSHIBA\.gradle\caches\5.6.4\md-rule)" [_thread_blocked, id=7032, stack(0x58850000,0x588a0000)]
  0x55a97400 JavaThread "Cache worker for cache directory md-supplier (C:\Users\TOSHIBA\.gradle\caches\5.6.4\md-supplier)" [_thread_blocked, id=7844, stack(0x58900000,0x58950000)]
  0x55a96400 JavaThread "Cache worker for file hash cache (C:\Users\TOSHIBA\AndroidStudioProjects\TaguigHealthConsult\.gradle\5.6.4\fileHashes)" [_thread_blocked, id=6872, stack(0x56cf0000,0x56d40000)]
  0x55a96000 JavaThread "Cache worker for journal cache (C:\Users\TOSHIBA\.gradle\caches\journal-1)" [_thread_blocked, id=4748, stack(0x56ca0000,0x56cf0000)]
  0x55a98000 JavaThread "File lock request listener" [_thread_in_native, id=5436, stack(0x56c50000,0x56ca0000)]
  0x55a95800 JavaThread "Cache worker for file hash cache (C:\Users\TOSHIBA\.gradle\caches\5.6.4\fileHashes)" [_thread_blocked, id=6268, stack(0x56c00000,0x56c50000)]
  0x55961c00 JavaThread "Thread-9" [_thread_blocked, id=6852, stack(0x569b0000,0x56a00000)]
  0x55960c00 JavaThread "Stdin handler" [_thread_blocked, id=7656, stack(0x56960000,0x569b0000)]
  0x55960400 JavaThread "Asynchronous log dispatcher for DefaultDaemonConnection: socket connection from /127.0.0.1:52669 to /127.0.0.1:52670" [_thread_blocked, id=4208, stack(0x56910000,0x56960000)]
  0x55965000 JavaThread "Daemon worker" [_thread_in_vm, id=2796, stack(0x568c0000,0x56910000)]
  0x55964c00 JavaThread "Cancel handler" [_thread_blocked, id=6608, stack(0x56870000,0x568c0000)]
  0x55956400 JavaThread "Handler for socket connection from /127.0.0.1:52669 to /127.0.0.1:52670" [_thread_in_native, id=4200, stack(0x56820000,0x56870000)]
  0x558f6800 JavaThread "Daemon periodic checks" [_thread_blocked, id=7276, stack(0x567d0000,0x56820000)]
  0x558f6000 JavaThread "Daemon" [_thread_blocked, id=6884, stack(0x56780000,0x567d0000)]
  0x558f2000 JavaThread "Incoming local TCP Connector on port 52669" [_thread_in_native, id=2924, stack(0x564f0000,0x56540000)]
  0x5586dc00 JavaThread "Daemon health stats" [_thread_blocked, id=8168, stack(0x56060000,0x560b0000)]
  0x53dfdc00 JavaThread "Service Thread" daemon [_thread_blocked, id=6768, stack(0x541f0000,0x54240000)]
  0x53d96c00 JavaThread "C1 CompilerThread1" daemon [_thread_blocked, id=6772, stack(0x541a0000,0x541f0000)]
=>0x53da5800 JavaThread "C2 CompilerThread0" daemon [_thread_in_native, id=6972, stack(0x54150000,0x541a0000)]
  0x53da2000 JavaThread "Attach Listener" daemon [_thread_blocked, id=3664, stack(0x54100000,0x54150000)]
  0x53da1000 JavaThread "Signal Dispatcher" daemon [_thread_blocked, id=5688, stack(0x540b0000,0x54100000)]
  0x53d85800 JavaThread "Finalizer" daemon [_thread_blocked, id=7372, stack(0x53f60000,0x53fb0000)]
  0x53d7f000 JavaThread "Reference Handler" daemon [_thread_blocked, id=5928, stack(0x53f10000,0x53f60000)]
  0x01adc400 JavaThread "main" [_thread_blocked, id=2556, stack(0x01ae0000,0x01b30000)]

Other Threads:
  0x53d69400 VMThread [stack: 0x53ec0000,0x53f10000] [id=8084]
  0x53d9f400 WatcherThread [stack: 0x54240000,0x54290000] [id=7308]

VM state:not at safepoint (normal execution)

VM Mutex/Monitor currently owned by a thread: None

Heap:
 PSYoungGen      total 111360K, used 13947K [0x3bcc0000, 0x431c0000, 0x51200000)
  eden space 102912K, 5% used [0x3bcc0000,0x3c221158,0x42140000)
  from space 8448K, 99% used [0x42140000,0x4297de20,0x42980000)
  to   space 7936K, 0% used [0x42a00000,0x42a00000,0x431c0000)
 ParOldGen       total 22784K, used 9006K [0x11200000, 0x12840000, 0x3bcc0000)
  object space 22784K, 39% used [0x11200000,0x11acbb48,0x12840000)
 Metaspace       used 21495K, capacity 21876K, committed 22016K, reserved 22912K

Card table byte_map: [0x51200000,0x51410000] byte_map_base: 0x51177000

Marking Bits: (ParMarkBitMap*) 0x79778620
 Begin Bits: [0x51460000, 0x52460000)
 End Bits:   [0x52460000, 0x53460000)

Polling page: 0x01aa0000

CodeCache: size=245760Kb used=7094Kb max_used=7160Kb free=238665Kb
 bounds [0x01c70000, 0x02378000, 0x10c70000]
 total_blobs=2714 nmethods=2261 adapters=367
 compilation: enabled

Compilation events (10 events):
Event: 16.275 Thread 0x53d96c00 2403       1       com.google.common.collect.LinkedHashMultimap$ValueSet::access$000 (5 bytes)
Event: 16.275 Thread 0x53d96c00 nmethod 2403 0x0234b288 code [0x0234b380, 0x0234b400]
Event: 16.326 Thread 0x53d96c00 2404       3       com.google.common.base.Preconditions::checkArgument (28 bytes)
Event: 16.326 Thread 0x53d96c00 nmethod 2404 0x0234b488 code [0x0234b5e0, 0x0234ba78]
Event: 16.327 Thread 0x53d96c00 2405       3       com.google.common.io.BaseEncoding$Alphabet::encode (7 bytes)
Event: 16.327 Thread 0x53d96c00 nmethod 2405 0x0234bdc8 code [0x0234bee0, 0x0234bfe0]
Event: 16.498 Thread 0x53da5800 nmethod 2386 0x02352b08 code [0x02353640, 0x0235915c]
Event: 16.499 Thread 0x53da5800 2387   !   4       java.net.URLClassLoader$1::run (63 bytes)
Event: 16.715 Thread 0x53d96c00 2407       3       sun.misc.ASCIICaseInsensitiveComparator::compare (13 bytes)
Event: 16.715 Thread 0x53d96c00 nmethod 2407 0x023526c8 code [0x023527e0, 0x02352a4c]

GC Heap History (10 events):
Event: 4.803 GC heap before
{Heap before GC invocations=7 (full 0):
 PSYoungGen      total 35584K, used 35093K [0x3bcc0000, 0x3e240000, 0x51200000)
  eden space 32768K, 100% used [0x3bcc0000,0x3dcc0000,0x3dcc0000)
  from space 2816K, 82% used [0x3df80000,0x3e1c5660,0x3e240000)
  to   space 2816K, 0% used [0x3dcc0000,0x3dcc0000,0x3df80000)
 ParOldGen       total 22016K, used 2746K [0x11200000, 0x12780000, 0x3bcc0000)
  object space 22016K, 12% used [0x11200000,0x114ae8a0,0x12780000)
 Metaspace       used 8386K, capacity 8667K, committed 8704K, reserved 9600K
Event: 4.827 GC heap after
Heap after GC invocations=7 (full 0):
 PSYoungGen      total 35584K, used 2803K [0x3bcc0000, 0x405c0000, 0x51200000)
  eden space 32768K, 0% used [0x3bcc0000,0x3bcc0000,0x3dcc0000)
  from space 2816K, 99% used [0x3dcc0000,0x3df7cef8,0x3df80000)
  to   space 4608K, 0% used [0x40140000,0x40140000,0x405c0000)
 ParOldGen       total 22016K, used 5485K [0x11200000, 0x12780000, 0x3bcc0000)
  object space 22016K, 24% used [0x11200000,0x1175b768,0x12780000)
 Metaspace       used 8386K, capacity 8667K, committed 8704K, reserved 9600K
}
Event: 5.520 GC heap before
{Heap before GC invocations=8 (full 0):
 PSYoungGen      total 35584K, used 35571K [0x3bcc0000, 0x405c0000, 0x51200000)
  eden space 32768K, 100% used [0x3bcc0000,0x3dcc0000,0x3dcc0000)
  from space 2816K, 99% used [0x3dcc0000,0x3df7cef8,0x3df80000)
  to   space 4608K, 0% used [0x40140000,0x40140000,0x405c0000)
 ParOldGen       total 22016K, used 5485K [0x11200000, 0x12780000, 0x3bcc0000)
  object space 22016K, 24% used [0x11200000,0x1175b768,0x12780000)
 Metaspace       used 9967K, capacity 10250K, committed 10368K, reserved 10624K
Event: 5.547 GC heap after
Heap after GC invocations=8 (full 0):
 PSYoungGen      total 68864K, used 4603K [0x3bcc0000, 0x40840000, 0x51200000)
  eden space 64256K, 0% used [0x3bcc0000,0x3bcc0000,0x3fb80000)
  from space 4608K, 99% used [0x40140000,0x405bec78,0x405c0000)
  to   space 5888K, 0% used [0x3fb80000,0x3fb80000,0x40140000)
 ParOldGen       total 22016K, used 6521K [0x11200000, 0x12780000, 0x3bcc0000)
  object space 22016K, 29% used [0x11200000,0x1185e4e0,0x12780000)
 Metaspace       used 9967K, capacity 10250K, committed 10368K, reserved 10624K
}
Event: 12.464 GC heap before
{Heap before GC invocations=9 (full 0):
 PSYoungGen      total 68864K, used 68859K [0x3bcc0000, 0x40840000, 0x51200000)
  eden space 64256K, 100% used [0x3bcc0000,0x3fb80000,0x3fb80000)
  from space 4608K, 99% used [0x40140000,0x405bec78,0x405c0000)
  to   space 5888K, 0% used [0x3fb80000,0x3fb80000,0x40140000)
 ParOldGen       total 22016K, used 6521K [0x11200000, 0x12780000, 0x3bcc0000)
  object space 22016K, 29% used [0x11200000,0x1185e4e0,0x12780000)
 Metaspace       used 15908K, capacity 16208K, committed 16256K, reserved 16768K
Event: 12.509 GC heap after
Heap after GC invocations=9 (full 0):
 PSYoungGen      total 70144K, used 5879K [0x3bcc0000, 0x432c0000, 0x51200000)
  eden space 64256K, 0% used [0x3bcc0000,0x3bcc0000,0x3fb80000)
  from space 5888K, 99% used [0x3fb80000,0x4013dd28,0x40140000)
  to   space 8960K, 0% used [0x42a00000,0x42a00000,0x432c0000)
 ParOldGen       total 22016K, used 12157K [0x11200000, 0x12780000, 0x3bcc0000)
  object space 22016K, 55% used [0x11200000,0x11ddf6b0,0x12780000)
 Metaspace       used 15908K, capacity 16208K, committed 16256K, reserved 16768K
}
Event: 12.676 GC heap before
{Heap before GC invocations=10 (full 0):
 PSYoungGen      total 70144K, used 8093K [0x3bcc0000, 0x432c0000, 0x51200000)
  eden space 64256K, 3% used [0x3bcc0000,0x3bee99e0,0x3fb80000)
  from space 5888K, 99% used [0x3fb80000,0x4013dd28,0x40140000)
  to   space 8960K, 0% used [0x42a00000,0x42a00000,0x432c0000)
 ParOldGen       total 22016K, used 12157K [0x11200000, 0x12780000, 0x3bcc0000)
  object space 22016K, 55% used [0x11200000,0x11ddf6b0,0x12780000)
 Metaspace       used 16067K, capacity 16368K, committed 16384K, reserved 16768K
Event: 12.699 GC heap after
Heap after GC invocations=10 (full 0):
 PSYoungGen      total 110848K, used 3516K [0x3bcc0000, 0x431c0000, 0x51200000)
  eden space 102912K, 0% used [0x3bcc0000,0x3bcc0000,0x42140000)
  from space 7936K, 44% used [0x42a00000,0x42d6f1b8,0x431c0000)
  to   space 8448K, 0% used [0x42140000,0x42140000,0x42980000)
 ParOldGen       total 22016K, used 14242K [0x11200000, 0x12780000, 0x3bcc0000)
  object space 22016K, 64% used [0x11200000,0x11fe8868,0x12780000)
 Metaspace       used 16067K, capacity 16368K, committed 16384K, reserved 16768K
}
Event: 12.699 GC heap before
{Heap before GC invocations=11 (full 1):
 PSYoungGen      total 110848K, used 3516K [0x3bcc0000, 0x431c0000, 0x51200000)
  eden space 102912K, 0% used [0x3bcc0000,0x3bcc0000,0x42140000)
  from space 7936K, 44% used [0x42a00000,0x42d6f1b8,0x431c0000)
  to   space 8448K, 0% used [0x42140000,0x42140000,0x42980000)
 ParOldGen       total 22016K, used 14242K [0x11200000, 0x12780000, 0x3bcc0000)
  object space 22016K, 64% used [0x11200000,0x11fe8868,0x12780000)
 Metaspace       used 16067K, capacity 16368K, committed 16384K, reserved 16768K
Event: 12.839 GC heap after
Heap after GC invocations=11 (full 1):
 PSYoungGen      total 110848K, used 0K [0x3bcc0000, 0x431c0000, 0x51200000)
  eden space 102912K, 0% used [0x3bcc0000,0x3bcc0000,0x42140000)
  from space 7936K, 0% used [0x42a00000,0x42a00000,0x431c0000)
  to   space 8448K, 0% used [0x42140000,0x42140000,0x42980000)
 ParOldGen       total 22784K, used 8717K [0x11200000, 0x12840000, 0x3bcc0000)
  object space 22784K, 38% used [0x11200000,0x11a83698,0x12840000)
 Metaspace       used 16067K, capacity 16368K, committed 16384K, reserved 16768K
}

Deoptimization events (10 events):
Event: 14.442 Thread 0x55965000 Uncommon trap: reason=unstable_if action=reinterpret pc=0x02031a10 method=java.util.HashMap.hash(Ljava/lang/Object;)I @ 1
Event: 14.604 Thread 0x55965000 Uncommon trap: reason=unstable_if action=reinterpret pc=0x01e818e8 method=java.util.HashMap.getNode(ILjava/lang/Object;)Ljava/util/HashMap$Node; @ 53
Event: 14.604 Thread 0x55965000 Uncommon trap: reason=unstable_if action=reinterpret pc=0x01e77bb0 method=java.util.HashMap.hash(Ljava/lang/Object;)I @ 1
Event: 14.604 Thread 0x55965000 Uncommon trap: reason=unstable_if action=reinterpret pc=0x021be1f8 method=java.util.HashMap.putVal(ILjava/lang/Object;Ljava/lang/Object;ZZ)Ljava/lang/Object; @ 85
Event: 14.746 Thread 0x55965000 Uncommon trap: reason=unstable_if action=reinterpret pc=0x01e8be3c method=java.util.LinkedHashMap.afterNodeInsertion(Z)V @ 1
Event: 15.216 Thread 0x55965000 Uncommon trap: reason=class_check action=maybe_recompile pc=0x0215f74c method=sun.misc.URLClassPath.getLoader(I)Lsun/misc/URLClassPath$Loader; @ 94
Event: 15.485 Thread 0x55965000 Uncommon trap: reason=unstable_if action=reinterpret pc=0x01e75200 method=java.io.WinNTFileSystem.resolve(Ljava/lang/String;Ljava/lang/String;)Ljava/lang/String; @ 49
Event: 15.670 Thread 0x55965000 Uncommon trap: reason=bimorphic action=maybe_recompile pc=0x01e04e3c method=java.util.WeakHashMap.eq(Ljava/lang/Object;Ljava/lang/Object;)Z @ 7
Event: 16.454 Thread 0x55965000 Uncommon trap: reason=class_check action=maybe_recompile pc=0x0233aca8 method=sun.reflect.generics.reflectiveObjects.TypeVariableImpl.getGenericDeclaration()Ljava/lang/reflect/GenericDeclaration; @ 4
Event: 16.454 Thread 0x55965000 Uncommon trap: reason=class_check action=maybe_recompile pc=0x0233aca8 method=sun.reflect.generics.reflectiveObjects.TypeVariableImpl.getGenericDeclaration()Ljava/lang/reflect/GenericDeclaration; @ 4

Classes redefined (0 events):
No events

Internal exceptions (10 events):
Event: 15.657 Thread 0x55965000 Exception <a 'java/lang/ClassNotFoundException': org/gradle/api/internal/DefaultNamedDomainObjectCollectionBeanInfo> (0x40284ee8) thrown at [D:\src\AOSP-openjdk-cygwin\jdk8u\hotspot\src\share\vm\classfile\systemDictionary.cpp, line 210]
Event: 15.659 Thread 0x55965000 Exception <a 'java/lang/ClassNotFoundException': org/gradle/api/internal/DefaultDomainObjectCollectionBeanInfo> (0x402b7340) thrown at [D:\src\AOSP-openjdk-cygwin\jdk8u\hotspot\src\share\vm\classfile\systemDictionary.cpp, line 210]
Event: 15.660 Thread 0x55965000 Exception <a 'java/lang/ClassNotFoundException': java/util/AbstractCollectionBeanInfo> (0x402bb898) thrown at [D:\src\AOSP-openjdk-cygwin\jdk8u\hotspot\src\share\vm\classfile\systemDictionary.cpp, line 210]
Event: 15.660 Thread 0x55965000 Exception <a 'java/lang/ClassNotFoundException': java/util/AbstractCollectionCustomizer> (0x402bfdc0) thrown at [D:\src\AOSP-openjdk-cygwin\jdk8u\hotspot\src\share\vm\classfile\systemDictionary.cpp, line 210]
Event: 15.665 Thread 0x55965000 Exception <a 'java/lang/ClassNotFoundException': org/gradle/api/internal/DefaultDomainObjectCollectionCustomizer> (0x402fce80) thrown at [D:\src\AOSP-openjdk-cygwin\jdk8u\hotspot\src\share\vm\classfile\systemDictionary.cpp, line 210]
Event: 15.670 Thread 0x55965000 Exception <a 'java/lang/ClassNotFoundException': org/gradle/api/internal/DefaultNamedDomainObjectCollectionCustomizer> (0x40354c58) thrown at [D:\src\AOSP-openjdk-cygwin\jdk8u\hotspot\src\share\vm\classfile\systemDictionary.cpp, line 210]
Event: 15.675 Thread 0x55965000 Exception <a 'java/lang/ClassNotFoundException': org/gradle/api/internal/DefaultNamedDomainObjectListCustomizer> (0x403c2228) thrown at [D:\src\AOSP-openjdk-cygwin\jdk8u\hotspot\src\share\vm\classfile\systemDictionary.cpp, line 210]
Event: 15.680 Thread 0x55965000 Exception <a 'java/lang/ClassNotFoundException': org/gradle/api/internal/artifacts/DefaultArtifactRepositoryContainerCustomizer> (0x40431f68) thrown at [D:\src\AOSP-openjdk-cygwin\jdk8u\hotspot\src\share\vm\classfile\systemDictionary.cpp, line 210]
Event: 15.683 Thread 0x55965000 Exception <a 'java/lang/ClassNotFoundException': org/gradle/api/internal/artifacts/dsl/DefaultRepositoryHandlerCustomizer> (0x404938d0) thrown at [D:\src\AOSP-openjdk-cygwin\jdk8u\hotspot\src\share\vm\classfile\systemDictionary.cpp, line 210]
Event: 15.690 Thread 0x55965000 Exception <a 'java/lang/ClassNotFoundException': org/gradle/api/internal/artifacts/dsl/DefaultRepositoryHandler_DecoratedCustomizer> (0x4050bff8) thrown at [D:\src\AOSP-openjdk-cygwin\jdk8u\hotspot\src\share\vm\classfile\systemDictionary.cpp, line 210]

Events (10 events):
Event: 16.777 loading class org/gradle/internal/locking/DefaultDependencyLockingProvider
Event: 16.777 loading class org/gradle/internal/locking/DefaultDependencyLockingProvider done
Event: 16.854 loading class org/gradle/api/internal/artifacts/dsl/dependencies/DependencyLockingState
Event: 16.854 loading class org/gradle/api/internal/artifacts/dsl/dependencies/DependencyLockingState done
Event: 16.855 loading class org/gradle/internal/locking/InvalidLockFileException
Event: 16.855 loading class org/gradle/internal/locking/InvalidLockFileException done
Event: 16.917 loading class org/gradle/internal/locking/DependencyLockingNotationConverter
Event: 16.917 loading class org/gradle/internal/locking/DependencyLockingNotationConverter done
Event: 16.918 loading class org/gradle/internal/locking/LockFileReaderWriter
Event: 16.918 loading class org/gradle/internal/locking/LockFileReaderWriter done


Dynamic libraries:
0x006b0000 - 0x006dd000 	C:\Program Files\android-studio\jre\bin\java.exe
0x772e0000 - 0x77479000 	C:\WINDOWS\SYSTEM32\ntdll.dll
0x75cc0000 - 0x75d58000 	C:\WINDOWS\System32\KERNEL32.DLL
0x74ad0000 - 0x74ccd000 	C:\WINDOWS\System32\KERNELBASE.dll
0x72980000 - 0x72a1f000 	C:\WINDOWS\SYSTEM32\apphelp.dll
0x76550000 - 0x765c9000 	C:\WINDOWS\System32\ADVAPI32.dll
0x760d0000 - 0x7618f000 	C:\WINDOWS\System32\msvcrt.dll
0x75c40000 - 0x75cb6000 	C:\WINDOWS\System32\sechost.dll
0x76190000 - 0x76250000 	C:\WINDOWS\System32\RPCRT4.dll
0x763d0000 - 0x76548000 	C:\WINDOWS\System32\USER32.dll
0x75090000 - 0x750ac000 	C:\WINDOWS\System32\win32u.dll
0x75310000 - 0x75331000 	C:\WINDOWS\System32\GDI32.dll
0x74380000 - 0x744e0000 	C:\WINDOWS\System32\gdi32full.dll
0x750b0000 - 0x7512c000 	C:\WINDOWS\System32\msvcp_win.dll
0x74d40000 - 0x74e60000 	C:\WINDOWS\System32\ucrtbase.dll
0x67ea0000 - 0x680af000 	C:\WINDOWS\WinSxS\x86_microsoft.windows.common-controls_6595b64144ccf1df_6.0.18362.1139_none_e62929aaf8dc83cc\COMCTL32.dll
0x759c0000 - 0x75c35000 	C:\WINDOWS\System32\combase.dll
0x75030000 - 0x7508f000 	C:\WINDOWS\System32\bcryptPrimitives.dll
0x75130000 - 0x75156000 	C:\WINDOWS\System32\IMM32.DLL
0x58f60000 - 0x5901f000 	C:\Program Files\android-studio\jre\jre\bin\msvcr100.dll
0x79200000 - 0x797e9000 	C:\Program Files\android-studio\jre\jre\bin\server\jvm.dll
0x77150000 - 0x77156000 	C:\WINDOWS\System32\PSAPI.DLL
0x661e0000 - 0x661e8000 	C:\WINDOWS\SYSTEM32\WSOCK32.dll
0x75f60000 - 0x75fbe000 	C:\WINDOWS\System32\WS2_32.dll
0x72890000 - 0x728b4000 	C:\WINDOWS\SYSTEM32\WINMM.dll
0x6e040000 - 0x6e048000 	C:\WINDOWS\SYSTEM32\VERSION.dll
0x72860000 - 0x72883000 	C:\WINDOWS\SYSTEM32\winmmbase.dll
0x74f60000 - 0x74f9b000 	C:\WINDOWS\System32\cfgmgr32.dll
0x715a0000 - 0x715ac000 	C:\Program Files\android-studio\jre\jre\bin\verify.dll
0x70a40000 - 0x70a61000 	C:\Program Files\android-studio\jre\jre\bin\java.dll
0x70a20000 - 0x70a34000 	C:\Program Files\android-studio\jre\jre\bin\zip.dll
0x76630000 - 0x76baa000 	C:\WINDOWS\System32\SHELL32.dll
0x75ed0000 - 0x75f54000 	C:\WINDOWS\System32\shcore.dll
0x744e0000 - 0x74aa1000 	C:\WINDOWS\System32\windows.storage.dll
0x74340000 - 0x7435b000 	C:\WINDOWS\System32\profapi.dll
0x742f0000 - 0x74333000 	C:\WINDOWS\System32\powrprof.dll
0x742e0000 - 0x742ed000 	C:\WINDOWS\System32\UMPDC.dll
0x76250000 - 0x76294000 	C:\WINDOWS\System32\shlwapi.dll
0x74370000 - 0x7437f000 	C:\WINDOWS\System32\kernel.appcore.dll
0x74ab0000 - 0x74ac3000 	C:\WINDOWS\System32\cryptsp.dll
0x702b0000 - 0x702c5000 	C:\Program Files\android-studio\jre\jre\bin\net.dll
0x75160000 - 0x7530a000 	C:\WINDOWS\System32\urlmon.dll
0x75790000 - 0x759ba000 	C:\WINDOWS\System32\iertutil.dll
0x73e10000 - 0x73e1a000 	C:\WINDOWS\SYSTEM32\CRYPTBASE.DLL
0x73c90000 - 0x73ce7000 	C:\WINDOWS\system32\mswsock.dll
0x709f0000 - 0x709ff000 	C:\Program Files\android-studio\jre\jre\bin\nio.dll
0x6ba00000 - 0x6ba21000 	C:\Users\TOSHIBA\.gradle\native\30\windows-i386\native-platform.dll
0x70440000 - 0x7044a000 	C:\Program Files\android-studio\jre\jre\bin\management.dll
0x738c0000 - 0x738ef000 	C:\WINDOWS\system32\rsaenh.dll
0x74cd0000 - 0x74ceb000 	C:\WINDOWS\System32\bcrypt.dll
0x74230000 - 0x7424e000 	C:\WINDOWS\SYSTEM32\USERENV.dll
0x73a20000 - 0x73a52000 	C:\WINDOWS\SYSTEM32\IPHLPAPI.DLL
0x77120000 - 0x77127000 	C:\WINDOWS\System32\NSI.dll
0x6cf00000 - 0x6cf13000 	C:\WINDOWS\SYSTEM32\dhcpcsvc6.DLL
0x6d050000 - 0x6d065000 	C:\WINDOWS\SYSTEM32\dhcpcsvc.DLL
0x73a70000 - 0x73b04000 	C:\WINDOWS\SYSTEM32\DNSAPI.dll
0x65bf0000 - 0x65d7f000 	C:\WINDOWS\SYSTEM32\dbghelp.dll

VM Arguments:
jvm_args: -Xmx1024m -Dfile.encoding=windows-1252 -Duser.country=US -Duser.language=en -Duser.variant 
java_command: org.gradle.launcher.daemon.bootstrap.GradleDaemon 5.6.4
java_class_path (initial): C:\Users\TOSHIBA\.gradle\wrapper\dists\gradle-5.6.4-all\ankdp27end7byghfw1q2sw75f\gradle-5.6.4\lib\gradle-launcher-5.6.4.jar
Launcher Type: SUN_STANDARD

Environment Variables:
JAVA_HOME=C:\Program Files\Java;C:\Program Files\Java\jdk1.8.0_211;C:\Program Files\Java\jdk1.8.0_211\bin
PATH=C:\WINDOWS\System32;C:\Users\TOSHIBA\AppData\Roaming\npm;%USERPROFILE%\AppData\Local\Microsoft\WindowsApps;
USERNAME=TOSHIBA
OS=Windows_NT
PROCESSOR_IDENTIFIER=x86 Family 6 Model 23 Stepping 10, GenuineIntel



---------------  S Y S T E M  ---------------

OS: Windows 10.0 Build 18362 (10.0.18362.1110)

CPU:total 2 (initial active 2) (2 cores per cpu, 1 threads per core) family 6 model 23 stepping 10, cmov, cx8, fxsr, mmx, sse, sse2, sse3, ssse3, sse4.1, tsc

Memory: 4k page, physical 2095092k(121056k free), swap 3119092k(2952k free)

vm_info: OpenJDK Server VM (25.212-b04) for windows-x86 JRE (1.8.0_212-release-1586-b04), built by "builder" with MS VC++ 10.0 (VS2010)

time: Fri Mar 12 12:30:46 2021
timezone: China Standard Time
elapsed time: 18 seconds (0d 0h 0m 18s)

