#
# There is insufficient memory for the Java Runtime Environment to continue.
# Native memory allocation (malloc) failed to allocate 318024 bytes for Chunk::new
# Possible reasons:
#   The system is out of physical RAM or swap space
#   In 32 bit mode, the process size limit was hit
# Possible solutions:
#   Reduce memory load on the system
#   Increase physical memory or swap space
#   Check if swap backing store is full
#   Use 64 bit Java on a 64 bit OS
#   Decrease Java heap size (-Xmx/-Xms)
#   Decrease number of Java threads
#   Decrease Java thread stack sizes (-Xss)
#   Set larger code cache with -XX:ReservedCodeCacheSize=
# This output file may be truncated or incomplete.
#
#  Out of Memory Error (allocation.cpp:389), pid=5004, tid=0x00001a08
#
# JRE version: OpenJDK Runtime Environment (8.0_212-b04) (build 1.8.0_212-release-1586-b04)
# Java VM: OpenJDK Server VM (25.212-b04 mixed mode windows-x86 )
# Failed to write core dump. Minidumps are not enabled by default on client versions of Windows
#

---------------  T H R E A D  ---------------

Current thread (0x518f7000):  JavaThread "C2 CompilerThread0" daemon [_thread_in_native, id=6664, stack(0x54710000,0x54760000)]

Stack: [0x54710000,0x54760000],  sp=0x5475e3cc,  free space=312k
Native frames: (J=compiled Java code, j=interpreted, Vv=VM code, C=native code)
V  [jvm.dll+0x1a67db]
V  [jvm.dll+0x19ed58]
V  [jvm.dll+0x7d871]
V  [jvm.dll+0x7dd77]
V  [jvm.dll+0x2fa9b8]
V  [jvm.dll+0x35dfa1]
V  [jvm.dll+0x35e9a6]
V  [jvm.dll+0x2ff093]
V  [jvm.dll+0x3008eb]
V  [jvm.dll+0x2ea216]
V  [jvm.dll+0x60e47]
V  [jvm.dll+0x615ef]
V  [jvm.dll+0x177ab0]
V  [jvm.dll+0x1782eb]
V  [jvm.dll+0x1b8e46]
C  [msvcr100.dll+0x5c556]
C  [msvcr100.dll+0x5c600]
C  [KERNEL32.DLL+0x223d9]
C  [ntdll.dll+0x5e6cb]
C  [ntdll.dll+0x5e69f]
C  0x00000000


Current CompileTask:
C2: 135402 8001       4       org.gradle.internal.instantiation.AbstractClassGenerator::inspectType (559 bytes)


---------------  P R O C E S S  ---------------

Java Threads: ( => current thread )
  0x55f09800 JavaThread "Cache worker for execution history cache (C:\Users\TOSHIBA\AndroidStudioProjects\TaguigHealthConsult\.gradle\5.6.4\executionHistory)" [_thread_blocked, id=5840, stack(0x5b2b0000,0x5b300000)]
  0x55f05000 JavaThread "Cache worker for file content cache (C:\Users\TOSHIBA\AndroidStudioProjects\TaguigHealthConsult\.gradle\5.6.4\fileContent)" [_thread_blocked, id=8168, stack(0x56f20000,0x56f70000)]
  0x55f0bc00 JavaThread "Cache worker for file content cache (C:\Users\TOSHIBA\.gradle\caches\5.6.4\fileContent)" [_thread_blocked, id=8852, stack(0x00a90000,0x00ae0000)]
  0x55f08c00 JavaThread "Memory manager" [_thread_blocked, id=8472, stack(0x00a00000,0x00a50000)]
  0x55f08400 JavaThread "Cache worker for Build Output Cleanup Cache (C:\Users\TOSHIBA\AndroidStudioProjects\TaguigHealthConsult\.gradle\buildOutputCleanup)" [_thread_blocked, id=6296, stack(0x59790000,0x597e0000)]
  0x55f0b000 JavaThread "pool-1-thread-1" [_thread_blocked, id=7748, stack(0x59540000,0x59590000)]
  0x55f07c00 JavaThread "Build operations Thread 2" [_thread_blocked, id=8216, stack(0x591f0000,0x59240000)]
  0x548adc00 JavaThread "Build operations" [_thread_blocked, id=6692, stack(0x591a0000,0x591f0000)]
  0x548ad400 JavaThread "Cache worker for execution history cache (C:\Users\TOSHIBA\.gradle\caches\5.6.4\executionHistory)" [_thread_blocked, id=2820, stack(0x58f50000,0x58fa0000)]
  0x548ad000 JavaThread "Cache worker for cache directory md-rule (C:\Users\TOSHIBA\.gradle\caches\5.6.4\md-rule)" [_thread_blocked, id=8692, stack(0x58f00000,0x58f50000)]
  0x548ac800 JavaThread "Cache worker for cache directory md-supplier (C:\Users\TOSHIBA\.gradle\caches\5.6.4\md-supplier)" [_thread_blocked, id=404, stack(0x58eb0000,0x58f00000)]
  0x548af000 JavaThread "Cache worker for file hash cache (C:\Users\TOSHIBA\AndroidStudioProjects\TaguigHealthConsult\.gradle\5.6.4\fileHashes)" [_thread_blocked, id=7992, stack(0x57260000,0x572b0000)]
  0x548ae800 JavaThread "Cache worker for journal cache (C:\Users\TOSHIBA\.gradle\caches\journal-1)" [_thread_blocked, id=8848, stack(0x572f0000,0x57340000)]
  0x548afc00 JavaThread "File lock request listener" [_thread_in_native, id=9956, stack(0x57210000,0x57260000)]
  0x548ae000 JavaThread "Cache worker for file hash cache (C:\Users\TOSHIBA\.gradle\caches\5.6.4\fileHashes)" [_thread_blocked, id=1176, stack(0x571c0000,0x57210000)]
  0x550b7c00 JavaThread "Thread-9" [_thread_blocked, id=1488, stack(0x56f70000,0x56fc0000)]
  0x550b6800 JavaThread "Asynchronous log dispatcher for DefaultDaemonConnection: socket connection from /127.0.0.1:52395 to /127.0.0.1:52396" [_thread_blocked, id=8388, stack(0x56ed0000,0x56f20000)]
  0x550bc800 JavaThread "Daemon worker" [_thread_blocked, id=7692, stack(0x56e80000,0x56ed0000)]
  0x550bd400 JavaThread "Cancel handler" [_thread_blocked, id=9436, stack(0x56e30000,0x56e80000)]
  0x550dcc00 JavaThread "Handler for socket connection from /127.0.0.1:52395 to /127.0.0.1:52396" [_thread_in_native, id=3240, stack(0x56de0000,0x56e30000)]
  0x550dc400 JavaThread "Daemon" [_thread_blocked, id=7624, stack(0x56d90000,0x56de0000)]
  0x55a13400 JavaThread "Daemon periodic checks" [_thread_blocked, id=6108, stack(0x56d40000,0x56d90000)]
  0x55a14000 JavaThread "Incoming local TCP Connector on port 52395" [_thread_in_native, id=4180, stack(0x56ab0000,0x56b00000)]
  0x55ce3800 JavaThread "Daemon health stats" [_thread_blocked, id=9720, stack(0x56620000,0x56670000)]
  0x518f0400 JavaThread "Service Thread" daemon [_thread_blocked, id=5852, stack(0x547b0000,0x54800000)]
  0x518e5400 JavaThread "C1 CompilerThread1" daemon [_thread_blocked, id=6260, stack(0x54760000,0x547b0000)]
=>0x518f7000 JavaThread "C2 CompilerThread0" daemon [_thread_in_native, id=6664, stack(0x54710000,0x54760000)]
  0x518f3c00 JavaThread "Attach Listener" daemon [_thread_blocked, id=8980, stack(0x546c0000,0x54710000)]
  0x518f1000 JavaThread "Signal Dispatcher" daemon [_thread_blocked, id=2468, stack(0x54670000,0x546c0000)]
  0x518d5800 JavaThread "Finalizer" daemon [_thread_blocked, id=2396, stack(0x51ab0000,0x51b00000)]
  0x518cf000 JavaThread "Reference Handler" daemon [_thread_blocked, id=3316, stack(0x51a60000,0x51ab0000)]
  0x00b8c400 JavaThread "main" [_thread_blocked, id=8624, stack(0x00b30000,0x00b80000)]

Other Threads:
  0x518b9400 VMThread [stack: 0x51a10000,0x51a60000] [id=8876]
  0x51942000 WatcherThread [stack: 0x54800000,0x54850000] [id=9264]

VM state:at safepoint (normal execution)

VM Mutex/Monitor currently owned by a thread:  ([mutex/lock_event])
[0x00b8af00] Threads_lock - owner thread: 0x518b9400
[0x00b8bcc0] Heap_lock - owner thread: 0x550bc800

Heap:
 PSYoungGen      total 198912K, used 6950K [0x3bac0000, 0x48fc0000, 0x51000000)
  eden space 189440K, 0% used [0x3bac0000,0x3bac0000,0x473c0000)
  from space 9472K, 73% used [0x48680000,0x48d49a28,0x48fc0000)
  to   space 13568K, 0% used [0x47540000,0x47540000,0x48280000)
 ParOldGen       total 56064K, used 37817K [0x11000000, 0x146c0000, 0x3bac0000)
  object space 56064K, 67% used [0x11000000,0x134ee538,0x146c0000)
 Metaspace       used 40949K, capacity 42101K, committed 42112K, reserved 44416K

Card table byte_map: [0x51000000,0x51210000] byte_map_base: 0x50f78000

Marking Bits: (ParMarkBitMap*) 0x52198620
 Begin Bits: [0x52210000, 0x53210000)
 End Bits:   [0x53210000, 0x54210000)

Polling page: 0x00b00000

CodeCache: size=245760Kb used=18304Kb max_used=18348Kb free=227455Kb
 bounds [0x01c40000, 0x02e58000, 0x10c40000]
 total_blobs=7465 nmethods=6999 adapters=379
 compilation: enabled

Compilation events (10 events):
Event: 134.528 Thread 0x518e5400 8053       3       com.google.common.collect.ImmutableSortedSet::construct (108 bytes)
Event: 134.530 Thread 0x518e5400 nmethod 8053 0x02a0e388 code [0x02a0e640, 0x02a0f8bc]
Event: 134.843 Thread 0x518e5400 8054       3       sun.misc.ProxyGenerator::getMethodDescriptor (37 bytes)
Event: 134.844 Thread 0x518e5400 nmethod 8054 0x02a547c8 code [0x02a54960, 0x02a54f5c]
Event: 134.844 Thread 0x518e5400 8055       3       sun.misc.ProxyGenerator::computeUniqueCatchList (163 bytes)
Event: 134.847 Thread 0x518e5400 nmethod 8055 0x023ff248 code [0x023ff540, 0x02400c84]
Event: 134.851 Thread 0x518e5400 8056       3       org.objectweb.asm.Frame::execute (2318 bytes)
Event: 134.858 Thread 0x518e5400 nmethod 8056 0x02e4e688 code [0x02e4f2a0, 0x02e530b8]
Event: 134.859 Thread 0x518e5400 8057       3       org.objectweb.asm.Type::getArgumentsAndReturnSizes (132 bytes)
Event: 134.860 Thread 0x518e5400 nmethod 8057 0x024a4408 code [0x024a4600, 0x024a52a8]

GC Heap History (10 events):
Event: 54.826 GC heap before
{Heap before GC invocations=16 (full 1):
 PSYoungGen      total 135680K, used 60871K [0x3bac0000, 0x44880000, 0x51000000)
  eden space 127232K, 43% used [0x3bac0000,0x3f0df138,0x43700000)
  from space 8448K, 64% used [0x44040000,0x44592e20,0x44880000)
  to   space 8960K, 0% used [0x43700000,0x43700000,0x43fc0000)
 ParOldGen       total 20736K, used 11362K [0x11000000, 0x12440000, 0x3bac0000)
  object space 20736K, 54% used [0x11000000,0x11b18b10,0x12440000)
 Metaspace       used 26703K, capacity 27253K, committed 27308K, reserved 28032K
Event: 54.866 GC heap after
Heap after GC invocations=16 (full 1):
 PSYoungGen      total 136192K, used 6289K [0x3bac0000, 0x48fc0000, 0x51000000)
  eden space 127232K, 0% used [0x3bac0000,0x3bac0000,0x43700000)
  from space 8960K, 70% used [0x43700000,0x43d247c0,0x43fc0000)
  to   space 9472K, 0% used [0x48680000,0x48680000,0x48fc0000)
 ParOldGen       total 20736K, used 12925K [0x11000000, 0x12440000, 0x3bac0000)
  object space 20736K, 62% used [0x11000000,0x11c9f520,0x12440000)
 Metaspace       used 26703K, capacity 27253K, committed 27308K, reserved 28032K
}
Event: 54.866 GC heap before
{Heap before GC invocations=17 (full 2):
 PSYoungGen      total 136192K, used 6289K [0x3bac0000, 0x48fc0000, 0x51000000)
  eden space 127232K, 0% used [0x3bac0000,0x3bac0000,0x43700000)
  from space 8960K, 70% used [0x43700000,0x43d247c0,0x43fc0000)
  to   space 9472K, 0% used [0x48680000,0x48680000,0x48fc0000)
 ParOldGen       total 20736K, used 12925K [0x11000000, 0x12440000, 0x3bac0000)
  object space 20736K, 62% used [0x11000000,0x11c9f520,0x12440000)
 Metaspace       used 26703K, capacity 27253K, committed 27308K, reserved 28032K
Event: 55.106 GC heap after
Heap after GC invocations=17 (full 2):
 PSYoungGen      total 136192K, used 0K [0x3bac0000, 0x48fc0000, 0x51000000)
  eden space 127232K, 0% used [0x3bac0000,0x3bac0000,0x43700000)
  from space 8960K, 0% used [0x43700000,0x43700000,0x43fc0000)
  to   space 9472K, 0% used [0x48680000,0x48680000,0x48fc0000)
 ParOldGen       total 31232K, used 17737K [0x11000000, 0x12e80000, 0x3bac0000)
  object space 31232K, 56% used [0x11000000,0x12152790,0x12e80000)
 Metaspace       used 26701K, capacity 27248K, committed 27308K, reserved 28032K
}
Event: 79.803 GC heap before
{Heap before GC invocations=18 (full 2):
 PSYoungGen      total 136192K, used 127232K [0x3bac0000, 0x48fc0000, 0x51000000)
  eden space 127232K, 100% used [0x3bac0000,0x43700000,0x43700000)
  from space 8960K, 0% used [0x43700000,0x43700000,0x43fc0000)
  to   space 9472K, 0% used [0x48680000,0x48680000,0x48fc0000)
 ParOldGen       total 31232K, used 17737K [0x11000000, 0x12e80000, 0x3bac0000)
  object space 31232K, 56% used [0x11000000,0x12152790,0x12e80000)
 Metaspace       used 34704K, capacity 35631K, committed 35712K, reserved 36224K
Event: 79.879 GC heap after
Heap after GC invocations=18 (full 2):
 PSYoungGen      total 198912K, used 9465K [0x3bac0000, 0x48fc0000, 0x51000000)
  eden space 189440K, 0% used [0x3bac0000,0x3bac0000,0x473c0000)
  from space 9472K, 99% used [0x48680000,0x48fbe4b8,0x48fc0000)
  to   space 13568K, 0% used [0x47540000,0x47540000,0x48280000)
 ParOldGen       total 31232K, used 24206K [0x11000000, 0x12e80000, 0x3bac0000)
  object space 31232K, 77% used [0x11000000,0x127a3bb8,0x12e80000)
 Metaspace       used 34704K, capacity 35631K, committed 35712K, reserved 36224K
}
Event: 113.841 GC heap before
{Heap before GC invocations=19 (full 2):
 PSYoungGen      total 198912K, used 198905K [0x3bac0000, 0x48fc0000, 0x51000000)
  eden space 189440K, 100% used [0x3bac0000,0x473c0000,0x473c0000)
  from space 9472K, 99% used [0x48680000,0x48fbe4b8,0x48fc0000)
  to   space 13568K, 0% used [0x47540000,0x47540000,0x48280000)
 ParOldGen       total 31232K, used 24206K [0x11000000, 0x12e80000, 0x3bac0000)
  object space 31232K, 77% used [0x11000000,0x127a3bb8,0x12e80000)
 Metaspace       used 39717K, capacity 40802K, committed 40832K, reserved 41344K
Event: 114.059 GC heap after
Heap after GC invocations=19 (full 2):
 PSYoungGen      total 203008K, used 13561K [0x3bac0000, 0x48fc0000, 0x51000000)
  eden space 189440K, 0% used [0x3bac0000,0x3bac0000,0x473c0000)
  from space 13568K, 99% used [0x47540000,0x4827e568,0x48280000)
  to   space 9472K, 0% used [0x48680000,0x48680000,0x48fc0000)
 ParOldGen       total 35840K, used 35832K [0x11000000, 0x13300000, 0x3bac0000)
  object space 35840K, 99% used [0x11000000,0x132fe318,0x13300000)
 Metaspace       used 39717K, capacity 40802K, committed 40832K, reserved 41344K
}
Event: 114.078 GC heap before
{Heap before GC invocations=20 (full 3):
 PSYoungGen      total 203008K, used 13561K [0x3bac0000, 0x48fc0000, 0x51000000)
  eden space 189440K, 0% used [0x3bac0000,0x3bac0000,0x473c0000)
  from space 13568K, 99% used [0x47540000,0x4827e568,0x48280000)
  to   space 9472K, 0% used [0x48680000,0x48680000,0x48fc0000)
 ParOldGen       total 35840K, used 35832K [0x11000000, 0x13300000, 0x3bac0000)
  object space 35840K, 99% used [0x11000000,0x132fe318,0x13300000)
 Metaspace       used 39717K, capacity 40802K, committed 40832K, reserved 41344K
Event: 114.888 GC heap after
Heap after GC invocations=20 (full 3):
 PSYoungGen      total 203008K, used 3440K [0x3bac0000, 0x48fc0000, 0x51000000)
  eden space 189440K, 0% used [0x3bac0000,0x3bac0000,0x473c0000)
  from space 13568K, 25% used [0x47540000,0x4789c1e8,0x48280000)
  to   space 9472K, 0% used [0x48680000,0x48680000,0x48fc0000)
 ParOldGen       total 56064K, used 35681K [0x11000000, 0x146c0000, 0x3bac0000)
  object space 56064K, 63% used [0x11000000,0x132d8448,0x146c0000)
 Metaspace       used 39717K, capacity 40802K, committed 40832K, reserved 41344K
}

Deoptimization events (10 events):
Event: 126.152 Thread 0x550bc800 Uncommon trap: reason=unstable_if action=reinterpret pc=0x02c07294 method=java.util.concurrent.ConcurrentLinkedQueue.poll()Ljava/lang/Object; @ 25
Event: 126.202 Thread 0x550bc800 Uncommon trap: reason=unstable_if action=reinterpret pc=0x02bc1188 method=java.util.concurrent.ConcurrentLinkedQueue.offer(Ljava/lang/Object;)Z @ 40
Event: 126.280 Thread 0x55f09000 Uncommon trap: reason=unstable_if action=reinterpret pc=0x02bc6470 method=java.util.concurrent.locks.AbstractQueuedSynchronizer.enq(Ljava/util/concurrent/locks/AbstractQueuedSynchronizer$Node;)Ljava/util/concurrent/locks/AbstractQueuedSynchronizer$Node; @
Event: 126.838 Thread 0x550bc800 Uncommon trap: reason=unstable_if action=reinterpret pc=0x02c7ddd0 method=org.gradle.internal.hash.HashCode.equals(Ljava/lang/Object;)Z @ 2
Event: 128.877 Thread 0x550bc800 Uncommon trap: reason=unstable_if action=reinterpret pc=0x028bc2f0 method=java.util.concurrent.ConcurrentLinkedQueue.poll()Ljava/lang/Object; @ 25
Event: 131.140 Thread 0x550bc800 Uncommon trap: reason=predicate action=maybe_recompile pc=0x02de588c method=java.util.AbstractCollection.toArray([Ljava/lang/Object;)[Ljava/lang/Object; @ 49
Event: 131.994 Thread 0x550b7c00 Uncommon trap: reason=unstable_if action=reinterpret pc=0x02e2ebbc method=com.esotericsoftware.kryo.io.Output.writeBytes([BII)V @ 61
Event: 132.714 Thread 0x550bc800 Uncommon trap: reason=predicate action=maybe_recompile pc=0x02dcb708 method=java.util.TimSort.binarySort([Ljava/lang/Object;IIILjava/util/Comparator;)V @ 37
Event: 134.851 Thread 0x550bc800 Uncommon trap: reason=unstable_if action=reinterpret pc=0x01dda5d0 method=org.objectweb.asm.Type.getArgumentsAndReturnSizes(Ljava/lang/String;)I @ 109
Event: 134.851 Thread 0x550bc800 Uncommon trap: reason=unstable_if action=reinterpret pc=0x0237e3ec method=org.objectweb.asm.Type.getArgumentsAndReturnSizes(Ljava/lang/String;)I @ 109

Classes redefined (0 events):
No events

Internal exceptions (10 events):
Event: 106.613 Thread 0x550b7c00 Exception <a 'java/lang/NoSuchMethodError': <clinit>> (0x44e53f98) thrown at [D:\src\AOSP-openjdk-cygwin\jdk8u\hotspot\src\share\vm\prims\jni.cpp, line 1614]
Event: 106.615 Thread 0x550b7c00 Exception <a 'java/lang/NoSuchMethodError': <clinit>> (0x44e5c248) thrown at [D:\src\AOSP-openjdk-cygwin\jdk8u\hotspot\src\share\vm\prims\jni.cpp, line 1614]
Event: 107.579 Thread 0x550b7c00 Exception <a 'java/lang/NoSuchMethodError': <clinit>> (0x44e667f8) thrown at [D:\src\AOSP-openjdk-cygwin\jdk8u\hotspot\src\share\vm\prims\jni.cpp, line 1614]
Event: 107.581 Thread 0x550b7c00 Exception <a 'java/lang/NoSuchMethodError': <clinit>> (0x45177370) thrown at [D:\src\AOSP-openjdk-cygwin\jdk8u\hotspot\src\share\vm\prims\jni.cpp, line 1614]
Event: 107.582 Thread 0x550b7c00 Exception <a 'java/lang/NoSuchMethodError': <clinit>> (0x45178be0) thrown at [D:\src\AOSP-openjdk-cygwin\jdk8u\hotspot\src\share\vm\prims\jni.cpp, line 1614]
Event: 107.582 Thread 0x550b7c00 Exception <a 'java/lang/NoSuchMethodError': <clinit>> (0x4517a7b0) thrown at [D:\src\AOSP-openjdk-cygwin\jdk8u\hotspot\src\share\vm\prims\jni.cpp, line 1614]
Event: 108.592 Thread 0x550b7c00 Exception <a 'java/lang/NoSuchMethodError': <clinit>> (0x451874f8) thrown at [D:\src\AOSP-openjdk-cygwin\jdk8u\hotspot\src\share\vm\prims\jni.cpp, line 1614]
Event: 125.429 Thread 0x55f09000 Exception <a 'java/lang/NoSuchMethodError': <clinit>> (0x3d965fa0) thrown at [D:\src\AOSP-openjdk-cygwin\jdk8u\hotspot\src\share\vm\prims\jni.cpp, line 1614]
Event: 125.458 Thread 0x55f09000 Exception <a 'java/lang/NoSuchMethodError': <clinit>> (0x3d967158) thrown at [D:\src\AOSP-openjdk-cygwin\jdk8u\hotspot\src\share\vm\prims\jni.cpp, line 1614]
Event: 133.871 Thread 0x550bc800 Exception <a 'java/lang/NoSuchMethodError': java.lang.Object.lambda$identity$2(Ljava/lang/Object;)Ljava/lang/Object;> (0x41234d30) thrown at [D:\src\AOSP-openjdk-cygwin\jdk8u\hotspot\src\share\vm\interpreter\linkResolver.cpp, line 620]

Events (10 events):
Event: 134.703 loading class org/gradle/api/internal/tasks/testing/junit/result/TestOutputStore
Event: 134.703 loading class org/gradle/api/internal/tasks/testing/junit/result/TestOutputStore done
Event: 134.851 Thread 0x550bc800 Uncommon trap: trap_request=0xffffff65 fr.pc=0x01dda5d0
Event: 134.851 Thread 0x550bc800 DEOPT PACKING pc=0x01dda5d0 sp=0x56ecccd0
Event: 134.851 Thread 0x550bc800 DEOPT UNPACKING pc=0x01c7abbc sp=0x56ecccac mode 2
Event: 134.851 Thread 0x550bc800 Uncommon trap: trap_request=0xffffff65 fr.pc=0x0237e3ec
Event: 134.851 Thread 0x550bc800 DEOPT PACKING pc=0x0237e3ec sp=0x56ecccf0
Event: 134.851 Thread 0x550bc800 DEOPT UNPACKING pc=0x01c7abbc sp=0x56eccc70 mode 2
Event: 134.867 loading class org/gradle/api/internal/tasks/testing/logging/DefaultTestLoggingContainer
Event: 134.867 loading class org/gradle/api/internal/tasks/testing/logging/DefaultTestLoggingContainer done


Dynamic libraries:
0x00a60000 - 0x00a8d000 	C:\Program Files\android-studio\jre\bin\java.exe
0x77b00000 - 0x77c99000 	C:\WINDOWS\SYSTEM32\ntdll.dll
0x76c20000 - 0x76cb8000 	C:\WINDOWS\System32\KERNEL32.DLL
0x74d10000 - 0x74f0d000 	C:\WINDOWS\System32\KERNELBASE.dll
0x731a0000 - 0x7323f000 	C:\WINDOWS\SYSTEM32\apphelp.dll
0x763d0000 - 0x76449000 	C:\WINDOWS\System32\ADVAPI32.dll
0x76b00000 - 0x76bbf000 	C:\WINDOWS\System32\msvcrt.dll
0x76620000 - 0x76696000 	C:\WINDOWS\System32\sechost.dll
0x76cc0000 - 0x76d80000 	C:\WINDOWS\System32\RPCRT4.dll
0x77980000 - 0x77af8000 	C:\WINDOWS\System32\USER32.dll
0x74f10000 - 0x74f2c000 	C:\WINDOWS\System32\win32u.dll
0x75ce0000 - 0x75d01000 	C:\WINDOWS\System32\GDI32.dll
0x74fb0000 - 0x75110000 	C:\WINDOWS\System32\gdi32full.dll
0x74f30000 - 0x74fac000 	C:\WINDOWS\System32\msvcp_win.dll
0x75110000 - 0x75230000 	C:\WINDOWS\System32\ucrtbase.dll
0x5c170000 - 0x5c37f000 	C:\WINDOWS\WinSxS\x86_microsoft.windows.common-controls_6595b64144ccf1df_6.0.18362.1139_none_e62929aaf8dc83cc\COMCTL32.dll
0x75a00000 - 0x75c75000 	C:\WINDOWS\System32\combase.dll
0x758d0000 - 0x7592f000 	C:\WINDOWS\System32\bcryptPrimitives.dll
0x77950000 - 0x77976000 	C:\WINDOWS\System32\IMM32.DLL
0x65ea0000 - 0x65f5f000 	C:\Program Files\android-studio\jre\jre\bin\msvcr100.dll
0x51c20000 - 0x52209000 	C:\Program Files\android-studio\jre\jre\bin\server\jvm.dll
0x75d90000 - 0x75d96000 	C:\WINDOWS\System32\PSAPI.DLL
0x612b0000 - 0x612b8000 	C:\WINDOWS\SYSTEM32\WSOCK32.dll
0x75da0000 - 0x75dfe000 	C:\WINDOWS\System32\WS2_32.dll
0x72040000 - 0x72064000 	C:\WINDOWS\SYSTEM32\WINMM.dll
0x6eaa0000 - 0x6eaa8000 	C:\WINDOWS\SYSTEM32\VERSION.dll
0x72010000 - 0x72033000 	C:\WINDOWS\SYSTEM32\WINMMBASE.dll
0x75800000 - 0x7583b000 	C:\WINDOWS\System32\cfgmgr32.dll
0x71dc0000 - 0x71dcc000 	C:\Program Files\android-studio\jre\jre\bin\verify.dll
0x6a580000 - 0x6a5a1000 	C:\Program Files\android-studio\jre\jre\bin\java.dll
0x70ea0000 - 0x70eb4000 	C:\Program Files\android-studio\jre\jre\bin\zip.dll
0x75e00000 - 0x7637a000 	C:\WINDOWS\System32\SHELL32.dll
0x778a0000 - 0x77924000 	C:\WINDOWS\System32\shcore.dll
0x75230000 - 0x757f1000 	C:\WINDOWS\System32\windows.storage.dll
0x74b70000 - 0x74b8b000 	C:\WINDOWS\System32\profapi.dll
0x74b20000 - 0x74b63000 	C:\WINDOWS\System32\powrprof.dll
0x74b00000 - 0x74b0d000 	C:\WINDOWS\System32\UMPDC.dll
0x76380000 - 0x763c4000 	C:\WINDOWS\System32\shlwapi.dll
0x74b10000 - 0x74b1f000 	C:\WINDOWS\System32\kernel.appcore.dll
0x74bf0000 - 0x74c03000 	C:\WINDOWS\System32\cryptsp.dll
0x70210000 - 0x70225000 	C:\Program Files\android-studio\jre\jre\bin\net.dll
0x77290000 - 0x7743a000 	C:\WINDOWS\System32\urlmon.dll
0x76f60000 - 0x7718a000 	C:\WINDOWS\System32\iertutil.dll
0x74630000 - 0x7463a000 	C:\WINDOWS\SYSTEM32\CRYPTBASE.DLL
0x744b0000 - 0x74507000 	C:\WINDOWS\system32\mswsock.dll
0x70f10000 - 0x70f1f000 	C:\Program Files\android-studio\jre\jre\bin\nio.dll
0x6a270000 - 0x6a291000 	C:\Users\TOSHIBA\.gradle\native\30\windows-i386\native-platform.dll
0x70140000 - 0x7014a000 	C:\Program Files\android-studio\jre\jre\bin\management.dll
0x740e0000 - 0x7410f000 	C:\WINDOWS\system32\rsaenh.dll
0x75930000 - 0x7594b000 	C:\WINDOWS\System32\bcrypt.dll
0x74a20000 - 0x74a3e000 	C:\WINDOWS\SYSTEM32\USERENV.dll
0x74240000 - 0x74272000 	C:\WINDOWS\SYSTEM32\IPHLPAPI.DLL
0x77890000 - 0x77897000 	C:\WINDOWS\System32\NSI.dll
0x6d1b0000 - 0x6d1c3000 	C:\WINDOWS\SYSTEM32\dhcpcsvc6.DLL
0x6d8e0000 - 0x6d8f5000 	C:\WINDOWS\SYSTEM32\dhcpcsvc.DLL
0x74290000 - 0x74324000 	C:\WINDOWS\SYSTEM32\DNSAPI.dll
0x6d990000 - 0x6db1f000 	C:\WINDOWS\SYSTEM32\dbghelp.dll

VM Arguments:
jvm_args: -Xmx1024m -Dfile.encoding=windows-1252 -Duser.country=US -Duser.language=en -Duser.variant 
java_command: org.gradle.launcher.daemon.bootstrap.GradleDaemon 5.6.4
java_class_path (initial): C:\Users\TOSHIBA\.gradle\wrapper\dists\gradle-5.6.4-all\ankdp27end7byghfw1q2sw75f\gradle-5.6.4\lib\gradle-launcher-5.6.4.jar
Launcher Type: SUN_STANDARD

Environment Variables:
JAVA_HOME=C:\Program Files\Java;C:\Program Files\Java\jdk1.8.0_211;C:\Program Files\Java\jdk1.8.0_211\bin
PATH=C:\WINDOWS\System32;C:\Users\TOSHIBA\AppData\Roaming\npm;%USERPROFILE%\AppData\Local\Microsoft\WindowsApps;
USERNAME=TOSHIBA
OS=Windows_NT
PROCESSOR_IDENTIFIER=x86 Family 6 Model 23 Stepping 10, GenuineIntel



---------------  S Y S T E M  ---------------

OS: Windows 10.0 Build 18362 (10.0.18362.1110)

CPU:total 2 (initial active 2) (2 cores per cpu, 1 threads per core) family 6 model 23 stepping 10, cmov, cx8, fxsr, mmx, sse, sse2, sse3, ssse3, sse4.1, tsc

Memory: 4k page, physical 2095092k(126404k free), swap 3119080k(220k free)

vm_info: OpenJDK Server VM (25.212-b04) for windows-x86 JRE (1.8.0_212-release-1586-b04), built by "builder" with MS VC++ 10.0 (VS2010)

time: Sun Mar 28 20:43:21 2021
timezone: China Standard Time
elapsed time: 135 seconds (0d 0h 2m 15s)

