#
# There is insufficient memory for the Java Runtime Environment to continue.
# Native memory allocation (malloc) failed to allocate 767608 bytes for Chunk::new
# Possible reasons:
#   The system is out of physical RAM or swap space
#   In 32 bit mode, the process size limit was hit
# Possible solutions:
#   Reduce memory load on the system
#   Increase physical memory or swap space
#   Check if swap backing store is full
#   Use 64 bit Java on a 64 bit OS
#   Decrease Java heap size (-Xmx/-Xms)
#   Decrease number of Java threads
#   Decrease Java thread stack sizes (-Xss)
#   Set larger code cache with -XX:ReservedCodeCacheSize=
# This output file may be truncated or incomplete.
#
#  Out of Memory Error (allocation.cpp:389), pid=764, tid=0x00001908
#
# JRE version: OpenJDK Runtime Environment (8.0_212-b04) (build 1.8.0_212-release-1586-b04)
# Java VM: OpenJDK Server VM (25.212-b04 mixed mode windows-x86 )
# Failed to write core dump. Minidumps are not enabled by default on client versions of Windows
#

---------------  T H R E A D  ---------------

Current thread (0x54505400):  JavaThread "C2 CompilerThread0" daemon [_thread_in_native, id=6408, stack(0x548b0000,0x54900000)]

Stack: [0x548b0000,0x54900000],  sp=0x548fe2a0,  free space=312k
Native frames: (J=compiled Java code, j=interpreted, Vv=VM code, C=native code)
V  [jvm.dll+0x1a67db]
V  [jvm.dll+0x19ed58]
V  [jvm.dll+0x7d871]
V  [jvm.dll+0x7dd77]
V  [jvm.dll+0x31fa06]
V  [jvm.dll+0x2f6afd]
V  [jvm.dll+0x2ff1a7]
V  [jvm.dll+0x3008eb]
V  [jvm.dll+0x2ea216]
V  [jvm.dll+0x60e47]
V  [jvm.dll+0x615ef]
V  [jvm.dll+0x177ab0]
V  [jvm.dll+0x1782eb]
V  [jvm.dll+0x1b8e46]
C  [msvcr100.dll+0x5c556]
C  [msvcr100.dll+0x5c600]
C  [KERNEL32.DLL+0x223d9]
C  [ntdll.dll+0x5e6cb]
C  [ntdll.dll+0x5e69f]
C  0x00000000


Current CompileTask:
C2: 102480 11251   !   4       java.io.ObjectOutputStream::writeObject0 (619 bytes)


---------------  P R O C E S S  ---------------

Java Threads: ( => current thread )
  0x55f6ac00 
[error occurred during error reporting (printing all threads), id 0xc0000005]

VM state:at safepoint (normal execution)

VM Mutex/Monitor currently owned by a thread:  ([mutex/lock_event])
[0x012eab58] Threads_lock - owner thread: 0x544ca400
[0x012eb3d0] Heap_lock - owner thread: 0x55f66800

Heap:
 PSYoungGen      total 166656K, used 10856K [0x3c2c0000, 0x48e80000, 0x51800000)
  eden space 147456K, 0% used [0x3c2c0000,0x3c2c0000,0x452c0000)
  from space 19200K, 56% used [0x47bc0000,0x4865a2f0,0x48e80000)
  to   space 16384K, 0% used [0x452c0000,0x452c0000,0x462c0000)
 ParOldGen       total 68096K, used 44119K [0x11800000, 0x15a80000, 0x3c2c0000)
  object space 68096K, 64% used [0x11800000,0x14315da0,0x15a80000)
 Metaspace       used 53440K, capacity 55034K, committed 55040K, reserved 57728K

Card table byte_map: [0x51800000,0x51a10000] byte_map_base: 0x51774000

Marking Bits: (ParMarkBitMap*) 0x7b538620
 Begin Bits: [0x51bc0000, 0x52bc0000)
 End Bits:   [0x52bc0000, 0x53bc0000)

Polling page: 0x02280000

CodeCache: size=245760Kb used=25112Kb max_used=25779Kb free=220647Kb
 bounds [0x023c0000, 0x03d08000, 0x113c0000]
 total_blobs=10164 nmethods=9692 adapters=385
 compilation: enabled

Compilation events (10 events):
Event: 100.816 Thread 0x54506800 11257       1       com.google.common.cache.RemovalCause$1::wasEvicted (2 bytes)
Event: 100.816 Thread 0x54506800 nmethod 11257 0x03cf4f08 code [0x03cf5000, 0x03cf50a0]
Event: 100.840 Thread 0x54506800 11258       3       java.util.AbstractQueue::clear (11 bytes)
Event: 100.873 Thread 0x54506800 nmethod 11258 0x03cf4b48 code [0x03cf4c60, 0x03cf4e4c]
Event: 100.873 Thread 0x54506800 11259  s!   3       org.gradle.internal.service.DefaultServiceRegistry$ManagedObjectServiceProvider::stop (59 bytes)
Event: 100.875 Thread 0x54506800 nmethod 11259 0x024b3988 code [0x024b3b60, 0x024b4508]
Event: 100.892 Thread 0x54506800 11260       1       org.gradle.cache.internal.DefaultFileLockManager$DefaultFileLock::access$300 (5 bytes)
Event: 100.893 Thread 0x54506800 nmethod 11260 0x02655008 code [0x02655100, 0x02655180]
Event: 100.896 Thread 0x54506800 11261       3       java.util.concurrent.SynchronousQueue$TransferStack::shouldSpin (30 bytes)
Event: 100.897 Thread 0x54506800 nmethod 11261 0x024b35c8 code [0x024b36e0, 0x024b38e0]

GC Heap History (10 events):
Event: 44.255 GC heap before
{Heap before GC invocations=18 (full 2):
 PSYoungGen      total 101120K, used 92416K [0x3c2c0000, 0x44c40000, 0x51800000)
  eden space 92416K, 100% used [0x3c2c0000,0x41d00000,0x41d00000)
  from space 8704K, 0% used [0x41d00000,0x41d00000,0x42580000)
  to   space 8448K, 0% used [0x44400000,0x44400000,0x44c40000)
 ParOldGen       total 37632K, used 16430K [0x11800000, 0x13cc0000, 0x3c2c0000)
  object space 37632K, 43% used [0x11800000,0x1280bbb0,0x13cc0000)
 Metaspace       used 32285K, capacity 32981K, committed 33024K, reserved 33152K
Event: 44.322 GC heap after
Heap after GC invocations=18 (full 2):
 PSYoungGen      total 129792K, used 8433K [0x3c2c0000, 0x44fc0000, 0x51800000)
  eden space 121344K, 0% used [0x3c2c0000,0x3c2c0000,0x43940000)
  from space 8448K, 99% used [0x44400000,0x44c3c640,0x44c40000)
  to   space 11008K, 0% used [0x43940000,0x43940000,0x44400000)
 ParOldGen       total 37632K, used 19386K [0x11800000, 0x13cc0000, 0x3c2c0000)
  object space 37632K, 51% used [0x11800000,0x12aee8d0,0x13cc0000)
 Metaspace       used 32285K, capacity 32981K, committed 33024K, reserved 33152K
}
Event: 53.006 GC heap before
{Heap before GC invocations=19 (full 2):
 PSYoungGen      total 129792K, used 129777K [0x3c2c0000, 0x44fc0000, 0x51800000)
  eden space 121344K, 100% used [0x3c2c0000,0x43940000,0x43940000)
  from space 8448K, 99% used [0x44400000,0x44c3c640,0x44c40000)
  to   space 11008K, 0% used [0x43940000,0x43940000,0x44400000)
 ParOldGen       total 37632K, used 19386K [0x11800000, 0x13cc0000, 0x3c2c0000)
  object space 37632K, 51% used [0x11800000,0x12aee8d0,0x13cc0000)
 Metaspace       used 38126K, capacity 39106K, committed 39168K, reserved 39296K
Event: 53.125 GC heap after
Heap after GC invocations=19 (full 2):
 PSYoungGen      total 132352K, used 11007K [0x3c2c0000, 0x47280000, 0x51800000)
  eden space 121344K, 0% used [0x3c2c0000,0x3c2c0000,0x43940000)
  from space 11008K, 99% used [0x43940000,0x443ffff0,0x44400000)
  to   space 15616K, 0% used [0x46340000,0x46340000,0x47280000)
 ParOldGen       total 37632K, used 27620K [0x11800000, 0x13cc0000, 0x3c2c0000)
  object space 37632K, 73% used [0x11800000,0x132f91d0,0x13cc0000)
 Metaspace       used 38126K, capacity 39106K, committed 39168K, reserved 39296K
}
Event: 65.288 GC heap before
{Heap before GC invocations=20 (full 2):
 PSYoungGen      total 132352K, used 132351K [0x3c2c0000, 0x47280000, 0x51800000)
  eden space 121344K, 100% used [0x3c2c0000,0x43940000,0x43940000)
  from space 11008K, 99% used [0x43940000,0x443ffff0,0x44400000)
  to   space 15616K, 0% used [0x46340000,0x46340000,0x47280000)
 ParOldGen       total 37632K, used 27620K [0x11800000, 0x13cc0000, 0x3c2c0000)
  object space 37632K, 73% used [0x11800000,0x132f91d0,0x13cc0000)
 Metaspace       used 39844K, capacity 40945K, committed 40960K, reserved 41344K
Event: 65.362 GC heap after
Heap after GC invocations=20 (full 2):
 PSYoungGen      total 163072K, used 10340K [0x3c2c0000, 0x472c0000, 0x51800000)
  eden space 147456K, 0% used [0x3c2c0000,0x3c2c0000,0x452c0000)
  from space 15616K, 66% used [0x46340000,0x46d59398,0x47280000)
  to   space 16384K, 0% used [0x452c0000,0x452c0000,0x462c0000)
 ParOldGen       total 37632K, used 34172K [0x11800000, 0x13cc0000, 0x3c2c0000)
  object space 37632K, 90% used [0x11800000,0x1395f240,0x13cc0000)
 Metaspace       used 39844K, capacity 40945K, committed 40960K, reserved 41344K
}
Event: 65.362 GC heap before
{Heap before GC invocations=21 (full 3):
 PSYoungGen      total 163072K, used 10340K [0x3c2c0000, 0x472c0000, 0x51800000)
  eden space 147456K, 0% used [0x3c2c0000,0x3c2c0000,0x452c0000)
  from space 15616K, 66% used [0x46340000,0x46d59398,0x47280000)
  to   space 16384K, 0% used [0x452c0000,0x452c0000,0x462c0000)
 ParOldGen       total 37632K, used 34172K [0x11800000, 0x13cc0000, 0x3c2c0000)
  object space 37632K, 90% used [0x11800000,0x1395f240,0x13cc0000)
 Metaspace       used 39844K, capacity 40945K, committed 40960K, reserved 41344K
Event: 65.969 GC heap after
Heap after GC invocations=21 (full 3):
 PSYoungGen      total 163072K, used 0K [0x3c2c0000, 0x472c0000, 0x51800000)
  eden space 147456K, 0% used [0x3c2c0000,0x3c2c0000,0x452c0000)
  from space 15616K, 0% used [0x46340000,0x46340000,0x47280000)
  to   space 16384K, 0% used [0x452c0000,0x452c0000,0x462c0000)
 ParOldGen       total 68096K, used 37066K [0x11800000, 0x15a80000, 0x3c2c0000)
  object space 68096K, 54% used [0x11800000,0x13c328c8,0x15a80000)
 Metaspace       used 39823K, capacity 40898K, committed 40960K, reserved 41344K
}
Event: 90.844 GC heap before
{Heap before GC invocations=22 (full 3):
 PSYoungGen      total 163072K, used 147456K [0x3c2c0000, 0x472c0000, 0x51800000)
  eden space 147456K, 100% used [0x3c2c0000,0x452c0000,0x452c0000)
  from space 15616K, 0% used [0x46340000,0x46340000,0x47280000)
  to   space 16384K, 0% used [0x452c0000,0x452c0000,0x462c0000)
 ParOldGen       total 68096K, used 37066K [0x11800000, 0x15a80000, 0x3c2c0000)
  object space 68096K, 54% used [0x11800000,0x13c328c8,0x15a80000)
 Metaspace       used 48552K, capacity 49973K, committed 50048K, reserved 50560K
Event: 90.933 GC heap after
Heap after GC invocations=22 (full 3):
 PSYoungGen      total 163840K, used 16374K [0x3c2c0000, 0x48e80000, 0x51800000)
  eden space 147456K, 0% used [0x3c2c0000,0x3c2c0000,0x452c0000)
  from space 16384K, 99% used [0x452c0000,0x462bdbe8,0x462c0000)
  to   space 19200K, 0% used [0x47bc0000,0x47bc0000,0x48e80000)
 ParOldGen       total 68096K, used 37273K [0x11800000, 0x15a80000, 0x3c2c0000)
  object space 68096K, 54% used [0x11800000,0x13c664c8,0x15a80000)
 Metaspace       used 48552K, capacity 49973K, committed 50048K, reserved 50560K
}

Deoptimization events (10 events):
Event: 100.465 Thread 0x556fd800 Uncommon trap: reason=bimorphic action=maybe_recompile pc=0x033b8718 method=com.google.common.cache.LocalCache$Segment.getEntry(Ljava/lang/Object;I)Lcom/google/common/cache/ReferenceEntry; @ 24
Event: 100.469 Thread 0x556fd800 Uncommon trap: reason=unstable_if action=reinterpret pc=0x03cc86cc method=sun.reflect.misc.ReflectUtil.isNonPublicProxyClass(Ljava/lang/Class;)Z @ 33
Event: 100.469 Thread 0x556fd800 Uncommon trap: reason=unstable_if action=reinterpret pc=0x02ac0848 method=java.lang.reflect.Proxy.isProxyClass(Ljava/lang/Class;)Z @ 6
Event: 100.482 Thread 0x556fd800 Uncommon trap: reason=bimorphic action=maybe_recompile pc=0x033b8718 method=com.google.common.cache.LocalCache$Segment.getEntry(Ljava/lang/Object;I)Lcom/google/common/cache/ReferenceEntry; @ 24
Event: 100.796 Thread 0x556fd800 Uncommon trap: reason=bimorphic action=maybe_recompile pc=0x033b8718 method=com.google.common.cache.LocalCache$Segment.getEntry(Ljava/lang/Object;I)Lcom/google/common/cache/ReferenceEntry; @ 24
Event: 100.810 Thread 0x556fd800 Uncommon trap: reason=unstable_if action=reinterpret pc=0x033294b8 method=org.gradle.internal.io.StreamByteBuffer.prepareRead()I @ 30
Event: 100.876 Thread 0x55f68800 Uncommon trap: reason=class_check action=maybe_recompile pc=0x032d6b6c method=java.util.concurrent.locks.ReentrantLock.lock()V @ 4
Event: 100.879 Thread 0x55f68c00 Uncommon trap: reason=class_check action=maybe_recompile pc=0x032d6b6c method=java.util.concurrent.locks.ReentrantLock.lock()V @ 4
Event: 100.885 Thread 0x55f67c00 Uncommon trap: reason=class_check action=maybe_recompile pc=0x032d6b6c method=java.util.concurrent.locks.ReentrantLock.lock()V @ 4
Event: 100.889 Thread 0x55f68000 Uncommon trap: reason=class_check action=maybe_recompile pc=0x032d6b6c method=java.util.concurrent.locks.ReentrantLock.lock()V @ 4

Classes redefined (0 events):
No events

Internal exceptions (10 events):
Event: 94.033 Thread 0x55f6b800 Exception <a 'sun/nio/fs/WindowsException'> (0x3e7038a8) thrown at [D:\src\AOSP-openjdk-cygwin\jdk8u\hotspot\src\share\vm\prims\jni.cpp, line 710]
Event: 95.861 Thread 0x556fd800 Exception <a 'java/lang/NoSuchMethodError': <clinit>> (0x40f5ba00) thrown at [D:\src\AOSP-openjdk-cygwin\jdk8u\hotspot\src\share\vm\prims\jni.cpp, line 1614]
Event: 95.861 Thread 0x556fd800 Exception <a 'java/lang/NoSuchMethodError': <clinit>> (0x40f60500) thrown at [D:\src\AOSP-openjdk-cygwin\jdk8u\hotspot\src\share\vm\prims\jni.cpp, line 1614]
Event: 95.872 Thread 0x556fd800 Exception <a 'java/lang/NoSuchMethodError': <clinit>> (0x40fab9e8) thrown at [D:\src\AOSP-openjdk-cygwin\jdk8u\hotspot\src\share\vm\prims\jni.cpp, line 1614]
Event: 95.936 Thread 0x556fd800 Exception <a 'java/lang/NoSuchMethodError': <clinit>> (0x41014df8) thrown at [D:\src\AOSP-openjdk-cygwin\jdk8u\hotspot\src\share\vm\prims\jni.cpp, line 1614]
Event: 95.939 Thread 0x556fd800 Exception <a 'java/lang/NoSuchMethodError': <clinit>> (0x41044140) thrown at [D:\src\AOSP-openjdk-cygwin\jdk8u\hotspot\src\share\vm\prims\jni.cpp, line 1614]
Event: 96.285 Thread 0x55f69800 Exception <a 'java/lang/NoSuchMethodError': java.lang.Object.newSystemTemporaryDirectory()Lcom/android/tools/build/apkzlib/bytestorage/TemporaryDirectory;> (0x41320e60) thrown at [D:\src\AOSP-openjdk-cygwin\jdk8u\hotspot\src\share\vm\interpreter\linkResol
Event: 96.834 Thread 0x55f69800 Exception <a 'java/lang/NoSuchMethodError': java.lang.Object.lambda$static$0(Lcom/android/apksig/util/RunnablesProvider;)V> (0x415b12a0) thrown at [D:\src\AOSP-openjdk-cygwin\jdk8u\hotspot\src\share\vm\interpreter\linkResolver.cpp, line 620]
Event: 100.205 Thread 0x556fd800 Exception <a 'sun/nio/fs/WindowsException'> (0x43cfaae0) thrown at [D:\src\AOSP-openjdk-cygwin\jdk8u\hotspot\src\share\vm\prims\jni.cpp, line 710]
Event: 100.461 Thread 0x556fd800 Implicit null exception at 0x0383515b to 0x03835195

Events (10 events):
Event: 100.894 Executing VM operation: RevokeBias
Event: 100.894 Executing VM operation: RevokeBias done
Event: 100.894 Executing VM operation: RevokeBias
Event: 100.894 Executing VM operation: RevokeBias done
Event: 100.895 Executing VM operation: RevokeBias
Event: 100.896 Executing VM operation: RevokeBias done
Event: 100.897 Thread 0x54506800 flushing nmethod 0x02836988
Event: 100.954 Executing VM operation: RevokeBias
Event: 100.954 Executing VM operation: RevokeBias done
Event: 100.954 Thread 0x55950000 Thread exited: 0x55950000


Dynamic libraries:
0x00a60000 - 0x00a8d000 	C:\Program Files\android-studio\jre\bin\java.exe
0x77b00000 - 0x77c99000 	C:\WINDOWS\SYSTEM32\ntdll.dll
0x76c20000 - 0x76cb8000 	C:\WINDOWS\System32\KERNEL32.DLL
0x74d10000 - 0x74f0d000 	C:\WINDOWS\System32\KERNELBASE.dll
0x731a0000 - 0x7323f000 	C:\WINDOWS\SYSTEM32\apphelp.dll
0x763d0000 - 0x76449000 	C:\WINDOWS\System32\ADVAPI32.dll
0x76b00000 - 0x76bbf000 	C:\WINDOWS\System32\msvcrt.dll
0x76620000 - 0x76696000 	C:\WINDOWS\System32\sechost.dll
0x76cc0000 - 0x76d80000 	C:\WINDOWS\System32\RPCRT4.dll
0x77980000 - 0x77af8000 	C:\WINDOWS\System32\USER32.dll
0x74f10000 - 0x74f2c000 	C:\WINDOWS\System32\win32u.dll
0x75ce0000 - 0x75d01000 	C:\WINDOWS\System32\GDI32.dll
0x74fb0000 - 0x75110000 	C:\WINDOWS\System32\gdi32full.dll
0x74f30000 - 0x74fac000 	C:\WINDOWS\System32\msvcp_win.dll
0x75110000 - 0x75230000 	C:\WINDOWS\System32\ucrtbase.dll
0x5c170000 - 0x5c37f000 	C:\WINDOWS\WinSxS\x86_microsoft.windows.common-controls_6595b64144ccf1df_6.0.18362.1139_none_e62929aaf8dc83cc\COMCTL32.dll
0x75a00000 - 0x75c75000 	C:\WINDOWS\System32\combase.dll
0x758d0000 - 0x7592f000 	C:\WINDOWS\System32\bcryptPrimitives.dll
0x77950000 - 0x77976000 	C:\WINDOWS\System32\IMM32.DLL
0x69730000 - 0x697ef000 	C:\Program Files\android-studio\jre\jre\bin\msvcr100.dll
0x7afc0000 - 0x7b5a9000 	C:\Program Files\android-studio\jre\jre\bin\server\jvm.dll
0x75d90000 - 0x75d96000 	C:\WINDOWS\System32\PSAPI.DLL
0x612b0000 - 0x612b8000 	C:\WINDOWS\SYSTEM32\WSOCK32.dll
0x75da0000 - 0x75dfe000 	C:\WINDOWS\System32\WS2_32.dll
0x6eaa0000 - 0x6eaa8000 	C:\WINDOWS\SYSTEM32\VERSION.dll
0x72040000 - 0x72064000 	C:\WINDOWS\SYSTEM32\WINMM.dll
0x72010000 - 0x72033000 	C:\WINDOWS\SYSTEM32\WINMMBASE.dll
0x75800000 - 0x7583b000 	C:\WINDOWS\System32\cfgmgr32.dll
0x71dc0000 - 0x71dcc000 	C:\Program Files\android-studio\jre\jre\bin\verify.dll
0x70f10000 - 0x70f31000 	C:\Program Files\android-studio\jre\jre\bin\java.dll
0x70ea0000 - 0x70eb4000 	C:\Program Files\android-studio\jre\jre\bin\zip.dll
0x75e00000 - 0x7637a000 	C:\WINDOWS\System32\SHELL32.dll
0x778a0000 - 0x77924000 	C:\WINDOWS\System32\shcore.dll
0x75230000 - 0x757f1000 	C:\WINDOWS\System32\windows.storage.dll
0x74b70000 - 0x74b8b000 	C:\WINDOWS\System32\profapi.dll
0x74b20000 - 0x74b63000 	C:\WINDOWS\System32\powrprof.dll
0x74b00000 - 0x74b0d000 	C:\WINDOWS\System32\UMPDC.dll
0x76380000 - 0x763c4000 	C:\WINDOWS\System32\shlwapi.dll
0x74b10000 - 0x74b1f000 	C:\WINDOWS\System32\kernel.appcore.dll
0x74bf0000 - 0x74c03000 	C:\WINDOWS\System32\cryptsp.dll
0x70210000 - 0x70225000 	C:\Program Files\android-studio\jre\jre\bin\net.dll
0x77290000 - 0x7743a000 	C:\WINDOWS\System32\urlmon.dll
0x76f60000 - 0x7718a000 	C:\WINDOWS\System32\iertutil.dll
0x74630000 - 0x7463a000 	C:\WINDOWS\SYSTEM32\CRYPTBASE.DLL
0x744b0000 - 0x74507000 	C:\WINDOWS\system32\mswsock.dll
0x70140000 - 0x7014f000 	C:\Program Files\android-studio\jre\jre\bin\nio.dll
0x6a2a0000 - 0x6a2c1000 	C:\Users\TOSHIBA\.gradle\native\30\windows-i386\native-platform.dll
0x6fb10000 - 0x6fb1a000 	C:\Program Files\android-studio\jre\jre\bin\management.dll
0x740e0000 - 0x7410f000 	C:\WINDOWS\system32\rsaenh.dll
0x75930000 - 0x7594b000 	C:\WINDOWS\System32\bcrypt.dll
0x74a20000 - 0x74a3e000 	C:\WINDOWS\SYSTEM32\USERENV.dll
0x74240000 - 0x74272000 	C:\WINDOWS\SYSTEM32\IPHLPAPI.DLL
0x77890000 - 0x77897000 	C:\WINDOWS\System32\NSI.dll
0x6d1b0000 - 0x6d1c3000 	C:\WINDOWS\SYSTEM32\dhcpcsvc6.DLL
0x6d8e0000 - 0x6d8f5000 	C:\WINDOWS\SYSTEM32\dhcpcsvc.DLL
0x74290000 - 0x74324000 	C:\WINDOWS\SYSTEM32\DNSAPI.dll
0x6d990000 - 0x6db1f000 	C:\WINDOWS\SYSTEM32\dbghelp.dll

VM Arguments:
jvm_args: -Xmx1024m -Dfile.encoding=windows-1252 -Duser.country=US -Duser.language=en -Duser.variant 
java_command: org.gradle.launcher.daemon.bootstrap.GradleDaemon 5.6.4
java_class_path (initial): C:\Users\TOSHIBA\.gradle\wrapper\dists\gradle-5.6.4-all\ankdp27end7byghfw1q2sw75f\gradle-5.6.4\lib\gradle-launcher-5.6.4.jar
Launcher Type: SUN_STANDARD

Environment Variables:
JAVA_HOME=C:\Program Files\Java;C:\Program Files\Java\jdk1.8.0_211;C:\Program Files\Java\jdk1.8.0_211\bin
PATH=C:\WINDOWS\System32;C:\Users\TOSHIBA\AppData\Roaming\npm;%USERPROFILE%\AppData\Local\Microsoft\WindowsApps;
USERNAME=TOSHIBA
OS=Windows_NT
PROCESSOR_IDENTIFIER=x86 Family 6 Model 23 Stepping 10, GenuineIntel



---------------  S Y S T E M  ---------------

OS: Windows 10.0 Build 18362 (10.0.18362.1110)

CPU:total 2 (initial active 2) (2 cores per cpu, 1 threads per core) family 6 model 23 stepping 10, cmov, cx8, fxsr, mmx, sse, sse2, sse3, ssse3, sse4.1, tsc

Memory: 4k page, physical 2095092k(105460k free), swap 3119092k(6492k free)

vm_info: OpenJDK Server VM (25.212-b04) for windows-x86 JRE (1.8.0_212-release-1586-b04), built by "builder" with MS VC++ 10.0 (VS2010)

time: Sun Mar 28 20:35:34 2021
timezone: China Standard Time
elapsed time: 102 seconds (0d 0h 1m 42s)

