#
# There is insufficient memory for the Java Runtime Environment to continue.
# Native memory allocation (malloc) failed to allocate 394776 bytes for Chunk::new
# Possible reasons:
#   The system is out of physical RAM or swap space
#   In 32 bit mode, the process size limit was hit
# Possible solutions:
#   Reduce memory load on the system
#   Increase physical memory or swap space
#   Check if swap backing store is full
#   Use 64 bit Java on a 64 bit OS
#   Decrease Java heap size (-Xmx/-Xms)
#   Decrease number of Java threads
#   Decrease Java thread stack sizes (-Xss)
#   Set larger code cache with -XX:ReservedCodeCacheSize=
# This output file may be truncated or incomplete.
#
#  Out of Memory Error (allocation.cpp:389), pid=4532, tid=0x000011f4
#
# JRE version: OpenJDK Runtime Environment (8.0_212-b04) (build 1.8.0_212-release-1586-b04)
# Java VM: OpenJDK Server VM (25.212-b04 mixed mode windows-x86 )
# Failed to write core dump. Minidumps are not enabled by default on client versions of Windows
#

---------------  T H R E A D  ---------------

Current thread (0x53f77800):  JavaThread "C2 CompilerThread0" daemon [_thread_in_native, id=4596, stack(0x54320000,0x54370000)]

Stack: [0x54320000,0x54370000],  sp=0x5436ddc8,  free space=311k
Native frames: (J=compiled Java code, j=interpreted, Vv=VM code, C=native code)
V  [jvm.dll+0x1a67db]
V  [jvm.dll+0x19ed58]
V  [jvm.dll+0x7d871]
V  [jvm.dll+0x7dd77]
V  [jvm.dll+0x95314]
V  [jvm.dll+0x309330]
V  [jvm.dll+0x340888]
V  [jvm.dll+0x2fac25]
V  [jvm.dll+0x2fff30]
V  [jvm.dll+0x300875]
V  [jvm.dll+0x2ea216]
V  [jvm.dll+0x60e47]
V  [jvm.dll+0x615ef]
V  [jvm.dll+0x177ab0]
V  [jvm.dll+0x1782eb]
V  [jvm.dll+0x1b8e46]
C  [msvcr100.dll+0x5c556]
C  [msvcr100.dll+0x5c600]
C  [KERNEL32.DLL+0x223d9]
C  [ntdll.dll+0x5e6cb]
C  [ntdll.dll+0x5e69f]
C  0x00000000


Current CompileTask:
C2: 182734 4275       4       org.objectweb.asm.Frame::execute (2318 bytes)


---------------  P R O C E S S  ---------------

Java Threads: ( => current thread )
  0x5787d800 JavaThread "Cache worker for Build Output Cleanup Cache (C:\Users\TOSHIBA\AndroidStudioProjects\TaguigHealthConsult\.gradle\buildOutputCleanup)" [_thread_blocked, id=3320, stack(0x58a90000,0x58ae0000)]
  0x57881000 JavaThread "pool-1-thread-1" [_thread_blocked, id=6624, stack(0x58630000,0x58680000)]
  0x57883800 JavaThread "Build operations Thread 2" [_thread_blocked, id=3460, stack(0x585e0000,0x58630000)]
  0x57882400 JavaThread "Build operations" [_thread_blocked, id=6172, stack(0x58090000,0x580e0000)]
  0x57880c00 JavaThread "Cache worker for cache directory md-rule (C:\Users\TOSHIBA\.gradle\caches\5.6.4\md-rule)" [_thread_blocked, id=7464, stack(0x56b80000,0x56bd0000)]
  0x57880000 JavaThread "Cache worker for cache directory md-supplier (C:\Users\TOSHIBA\.gradle\caches\5.6.4\md-supplier)" [_thread_blocked, id=7732, stack(0x56b30000,0x56b80000)]
  0x5787e400 JavaThread "Cache worker for file hash cache (C:\Users\TOSHIBA\AndroidStudioProjects\TaguigHealthConsult\.gradle\5.6.4\fileHashes)" [_thread_blocked, id=7760, stack(0x56ae0000,0x56b30000)]
  0x57882c00 JavaThread "Thread-24" [_thread_blocked, id=1716, stack(0x56a90000,0x56ae0000)]
  0x57880400 JavaThread "Stdin handler" [_thread_blocked, id=7132, stack(0x56a40000,0x56a90000)]
  0x5787d400 JavaThread "Asynchronous log dispatcher for DefaultDaemonConnection: socket connection from /127.0.0.1:52695 to /127.0.0.1:52701" [_thread_blocked, id=6616, stack(0x569f0000,0x56a40000)]
  0x5548d400 JavaThread "Daemon worker Thread 2" [_thread_in_native, id=544, stack(0x569a0000,0x569f0000)]
  0x5548d000 JavaThread "Cancel handler" [_thread_blocked, id=860, stack(0x00df0000,0x00e40000)]
  0x5548bc00 JavaThread "Handler for socket connection from /127.0.0.1:52695 to /127.0.0.1:52701" [_thread_in_native, id=7584, stack(0x00990000,0x009e0000)]
  0x5548f400 JavaThread "Daemon Thread 2" [_thread_blocked, id=5532, stack(0x00940000,0x00990000)]
  0x5548e000 JavaThread "Cache worker for execution history cache (C:\Users\TOSHIBA\.gradle\caches\5.6.4\executionHistory)" [_thread_blocked, id=6912, stack(0x58b30000,0x58b80000)]
  0x5548dc00 JavaThread "Cache worker for journal cache (C:\Users\TOSHIBA\.gradle\caches\journal-1)" [_thread_blocked, id=4768, stack(0x56e70000,0x56ec0000)]
  0x5548c800 JavaThread "File lock request listener" [_thread_in_native, id=5336, stack(0x56e20000,0x56e70000)]
  0x5548ec00 JavaThread "Cache worker for file hash cache (C:\Users\TOSHIBA\.gradle\caches\5.6.4\fileHashes)" [_thread_blocked, id=7740, stack(0x56cd0000,0x56d20000)]
  0x5598f800 JavaThread "Daemon periodic checks" [_thread_blocked, id=7920, stack(0x56850000,0x568a0000)]
  0x55980000 JavaThread "Incoming local TCP Connector on port 52695" [_thread_in_native, id=6508, stack(0x566c0000,0x56710000)]
  0x558e6800 JavaThread "Daemon health stats" [_thread_blocked, id=1128, stack(0x56230000,0x56280000)]
  0x53fd4000 JavaThread "Service Thread" daemon [_thread_blocked, id=5984, stack(0x543c0000,0x54410000)]
  0x53f69c00 JavaThread "C1 CompilerThread1" daemon [_thread_blocked, id=7168, stack(0x54370000,0x543c0000)]
=>0x53f77800 JavaThread "C2 CompilerThread0" daemon [_thread_in_native, id=4596, stack(0x54320000,0x54370000)]
  0x53f74400 JavaThread "Attach Listener" daemon [_thread_blocked, id=3324, stack(0x542d0000,0x54320000)]
  0x53f71400 JavaThread "Signal Dispatcher" daemon [_thread_blocked, id=2236, stack(0x54280000,0x542d0000)]
  0x53f55800 JavaThread "Finalizer" daemon [_thread_blocked, id=3684, stack(0x54130000,0x54180000)]
  0x53f4f000 JavaThread "Reference Handler" daemon [_thread_blocked, id=6264, stack(0x540e0000,0x54130000)]
  0x01e1c400 JavaThread "main" [_thread_blocked, id=6628, stack(0x01c80000,0x01cd0000)]

Other Threads:
  0x53f39400 VMThread [stack: 0x54090000,0x540e0000] [id=4420]
  0x53fb5800 WatcherThread [stack: 0x54410000,0x54460000] [id=1780]

VM state:not at safepoint (normal execution)

VM Mutex/Monitor currently owned by a thread: None

OutOfMemory and StackOverflow Exception counts:
OutOfMemoryError java_heap_errors=5

Heap:
 PSYoungGen      total 91648K, used 33950K [0x3bcc0000, 0x43000000, 0x51200000)
  eden space 85504K, 39% used [0x3bcc0000,0x3dde7ad8,0x41040000)
  from space 6144K, 0% used [0x42a00000,0x42a00000,0x43000000)
  to   space 9472K, 0% used [0x41d80000,0x41d80000,0x426c0000)
 ParOldGen       total 28928K, used 17400K [0x11200000, 0x12e40000, 0x3bcc0000)
  object space 28928K, 60% used [0x11200000,0x122fe110,0x12e40000)
 Metaspace       used 29036K, capacity 29693K, committed 29696K, reserved 30080K

Card table byte_map: [0x51200000,0x51410000] byte_map_base: 0x51177000

Marking Bits: (ParMarkBitMap*) 0x79778620
 Begin Bits: [0x51610000, 0x52610000)
 End Bits:   [0x52610000, 0x53610000)

Polling page: 0x01cd0000

CodeCache: size=245760Kb used=9959Kb max_used=9959Kb free=235800Kb
 bounds [0x01e40000, 0x02808000, 0x10e40000]
 total_blobs=4332 nmethods=3872 adapters=373
 compilation: enabled

Compilation events (10 events):
Event: 181.728 Thread 0x53f69c00 4288       3       com.google.common.collect.ImmutableMap$Builder::put (17 bytes)
Event: 181.728 Thread 0x53f69c00 nmethod 4288 0x020fe4c8 code [0x020fe600, 0x020fe8a4]
Event: 181.730 Thread 0x53f69c00 4289       3       com.google.common.collect.LinkedHashMultimap$ValueEntry::<init> (18 bytes)
Event: 181.730 Thread 0x53f69c00 nmethod 4289 0x02554808 code [0x02554920, 0x02554b00]
Event: 181.732 Thread 0x53f69c00 4290       3       com.google.common.collect.LinkedHashMultimap$ValueSet::iterator (9 bytes)
Event: 181.733 Thread 0x53f69c00 nmethod 4290 0x02045048 code [0x02045160, 0x02045340]
Event: 181.733 Thread 0x53f69c00 4291       3       org.gradle.internal.instantiation.AsmBackedClassGenerator$ClassBuilderImpl$12::transform (9 bytes)
Event: 181.733 Thread 0x53f69c00 nmethod 4291 0x022db8c8 code [0x022db9e0, 0x022dbbec]
Event: 181.734 Thread 0x53f69c00 4292       3       org.gradle.internal.instantiation.AbstractClassGenerator$DslMixInPropertyType::findClosureOverload (109 bytes)
Event: 181.735 Thread 0x53f69c00 nmethod 4292 0x02247808 code [0x022479e0, 0x02248468]

GC Heap History (10 events):
Event: 7.051 GC heap before
{Heap before GC invocations=10 (full 1):
 PSYoungGen      total 70144K, used 5884K [0x3bcc0000, 0x432c0000, 0x51200000)
  eden space 64256K, 0% used [0x3bcc0000,0x3bcc0000,0x3fb80000)
  from space 5888K, 99% used [0x3fb80000,0x4013f0b8,0x40140000)
  to   space 8960K, 0% used [0x42a00000,0x42a00000,0x432c0000)
 ParOldGen       total 22016K, used 12158K [0x11200000, 0x12780000, 0x3bcc0000)
  object space 22016K, 55% used [0x11200000,0x11ddfbf0,0x12780000)
 Metaspace       used 16089K, capacity 16347K, committed 16384K, reserved 16768K
Event: 7.169 GC heap after
Heap after GC invocations=10 (full 1):
 PSYoungGen      total 70144K, used 0K [0x3bcc0000, 0x432c0000, 0x51200000)
  eden space 64256K, 0% used [0x3bcc0000,0x3bcc0000,0x3fb80000)
  from space 5888K, 0% used [0x3fb80000,0x3fb80000,0x40140000)
  to   space 8960K, 0% used [0x42a00000,0x42a00000,0x432c0000)
 ParOldGen       total 28928K, used 12934K [0x11200000, 0x12e40000, 0x3bcc0000)
  object space 28928K, 44% used [0x11200000,0x11ea1978,0x12e40000)
 Metaspace       used 16089K, capacity 16347K, committed 16384K, reserved 16768K
}
Event: 9.236 GC heap before
{Heap before GC invocations=11 (full 1):
 PSYoungGen      total 70144K, used 64256K [0x3bcc0000, 0x432c0000, 0x51200000)
  eden space 64256K, 100% used [0x3bcc0000,0x3fb80000,0x3fb80000)
  from space 5888K, 0% used [0x3fb80000,0x3fb80000,0x40140000)
  to   space 8960K, 0% used [0x42a00000,0x42a00000,0x432c0000)
 ParOldGen       total 28928K, used 12934K [0x11200000, 0x12e40000, 0x3bcc0000)
  object space 28928K, 44% used [0x11200000,0x11ea1978,0x12e40000)
 Metaspace       used 20068K, capacity 20413K, committed 20480K, reserved 20864K
Event: 9.261 GC heap after
Heap after GC invocations=11 (full 1):
 PSYoungGen      total 91648K, used 5902K [0x3bcc0000, 0x43000000, 0x51200000)
  eden space 85504K, 0% used [0x3bcc0000,0x3bcc0000,0x41040000)
  from space 6144K, 96% used [0x42a00000,0x42fc3be0,0x43000000)
  to   space 9472K, 0% used [0x41d80000,0x41d80000,0x426c0000)
 ParOldGen       total 28928K, used 12938K [0x11200000, 0x12e40000, 0x3bcc0000)
  object space 28928K, 44% used [0x11200000,0x11ea2978,0x12e40000)
 Metaspace       used 20068K, capacity 20413K, committed 20480K, reserved 20864K
}
Event: 11.359 GC heap before
{Heap before GC invocations=12 (full 1):
 PSYoungGen      total 91648K, used 91406K [0x3bcc0000, 0x43000000, 0x51200000)
  eden space 85504K, 100% used [0x3bcc0000,0x41040000,0x41040000)
  from space 6144K, 96% used [0x42a00000,0x42fc3be0,0x43000000)
  to   space 9472K, 0% used [0x41d80000,0x41d80000,0x426c0000)
 ParOldGen       total 28928K, used 12938K [0x11200000, 0x12e40000, 0x3bcc0000)
  object space 28928K, 44% used [0x11200000,0x11ea2978,0x12e40000)
 Metaspace       used 22924K, capacity 23359K, committed 23424K, reserved 23936K
Event: 11.390 GC heap after
Heap after GC invocations=12 (full 1):
 PSYoungGen      total 94976K, used 6269K [0x3bcc0000, 0x43000000, 0x51200000)
  eden space 85504K, 0% used [0x3bcc0000,0x3bcc0000,0x41040000)
  from space 9472K, 66% used [0x41d80000,0x4239f640,0x426c0000)
  to   space 6144K, 0% used [0x42a00000,0x42a00000,0x43000000)
 ParOldGen       total 28928K, used 15057K [0x11200000, 0x12e40000, 0x3bcc0000)
  object space 28928K, 52% used [0x11200000,0x120b4530,0x12e40000)
 Metaspace       used 22924K, capacity 23359K, committed 23424K, reserved 23936K
}
Event: 179.430 GC heap before
{Heap before GC invocations=13 (full 1):
 PSYoungGen      total 94976K, used 79830K [0x3bcc0000, 0x43000000, 0x51200000)
  eden space 85504K, 86% used [0x3bcc0000,0x40496410,0x41040000)
  from space 9472K, 66% used [0x41d80000,0x4239f640,0x426c0000)
  to   space 6144K, 0% used [0x42a00000,0x42a00000,0x43000000)
 ParOldGen       total 28928K, used 15057K [0x11200000, 0x12e40000, 0x3bcc0000)
  object space 28928K, 52% used [0x11200000,0x120b4530,0x12e40000)
 Metaspace       used 26683K, capacity 27279K, committed 27308K, reserved 28032K
Event: 179.461 GC heap after
Heap after GC invocations=13 (full 1):
 PSYoungGen      total 91648K, used 6143K [0x3bcc0000, 0x43000000, 0x51200000)
  eden space 85504K, 0% used [0x3bcc0000,0x3bcc0000,0x41040000)
  from space 6144K, 99% used [0x42a00000,0x42fffc10,0x43000000)
  to   space 9472K, 0% used [0x41d80000,0x41d80000,0x426c0000)
 ParOldGen       total 28928K, used 17735K [0x11200000, 0x12e40000, 0x3bcc0000)
  object space 28928K, 61% used [0x11200000,0x12351ce8,0x12e40000)
 Metaspace       used 26683K, capacity 27279K, committed 27308K, reserved 28032K
}
Event: 179.461 GC heap before
{Heap before GC invocations=14 (full 2):
 PSYoungGen      total 91648K, used 6143K [0x3bcc0000, 0x43000000, 0x51200000)
  eden space 85504K, 0% used [0x3bcc0000,0x3bcc0000,0x41040000)
  from space 6144K, 99% used [0x42a00000,0x42fffc10,0x43000000)
  to   space 9472K, 0% used [0x41d80000,0x41d80000,0x426c0000)
 ParOldGen       total 28928K, used 17735K [0x11200000, 0x12e40000, 0x3bcc0000)
  object space 28928K, 61% used [0x11200000,0x12351ce8,0x12e40000)
 Metaspace       used 26683K, capacity 27279K, committed 27308K, reserved 28032K
Event: 179.656 GC heap after
Heap after GC invocations=14 (full 2):
 PSYoungGen      total 91648K, used 0K [0x3bcc0000, 0x43000000, 0x51200000)
  eden space 85504K, 0% used [0x3bcc0000,0x3bcc0000,0x41040000)
  from space 6144K, 0% used [0x42a00000,0x42a00000,0x43000000)
  to   space 9472K, 0% used [0x41d80000,0x41d80000,0x426c0000)
 ParOldGen       total 28928K, used 17400K [0x11200000, 0x12e40000, 0x3bcc0000)
  object space 28928K, 60% used [0x11200000,0x122fe110,0x12e40000)
 Metaspace       used 26682K, capacity 27277K, committed 27308K, reserved 28032K
}

Deoptimization events (10 events):
Event: 166.129 Thread 0x5548d400 Uncommon trap: reason=bimorphic action=maybe_recompile pc=0x024f44dc method=java.lang.ClassLoader.getPackage(Ljava/lang/String;)Ljava/lang/Package; @ 47
Event: 166.170 Thread 0x5548d400 Uncommon trap: reason=unstable_if action=reinterpret pc=0x024f4224 method=java.net.URLClassLoader.getAndVerifyPackage(Ljava/lang/String;Ljava/util/jar/Manifest;Ljava/net/URL;)Ljava/lang/Package; @ 62
Event: 171.187 Thread 0x5548d400 Uncommon trap: reason=bimorphic action=maybe_recompile pc=0x0276c94c method=com.google.common.collect.RegularImmutableMap.get([I[Ljava/lang/Object;IILjava/lang/Object;)Ljava/lang/Object; @ 47
Event: 171.187 Thread 0x5548d400 Uncommon trap: reason=bimorphic action=maybe_recompile pc=0x0276c94c method=com.google.common.collect.RegularImmutableMap.get([I[Ljava/lang/Object;IILjava/lang/Object;)Ljava/lang/Object; @ 47
Event: 171.192 Thread 0x5548d400 Uncommon trap: reason=bimorphic action=maybe_recompile pc=0x0276c9ac method=com.google.common.collect.RegularImmutableMap.get([I[Ljava/lang/Object;IILjava/lang/Object;)Ljava/lang/Object; @ 17
Event: 171.192 Thread 0x5548d400 Uncommon trap: reason=bimorphic action=maybe_recompile pc=0x0276c94c method=com.google.common.collect.RegularImmutableMap.get([I[Ljava/lang/Object;IILjava/lang/Object;)Ljava/lang/Object; @ 47
Event: 173.636 Thread 0x5548d400 Uncommon trap: reason=unstable_if action=reinterpret pc=0x026797f4 method=java.io.BufferedInputStream.read([BII)I @ 56
Event: 177.641 Thread 0x5548d400 Uncommon trap: reason=unstable_if action=reinterpret pc=0x0234e5cc method=sun.misc.MetaIndex.mayContain(Ljava/lang/String;)Z @ 38
Event: 177.801 Thread 0x5548d400 Uncommon trap: reason=unstable_if action=reinterpret pc=0x025ca894 method=java.security.CodeSource.hashCode()I @ 4
Event: 180.894 Thread 0x5548d400 Uncommon trap: reason=unstable_if action=reinterpret pc=0x02064918 method=java.util.Properties$LineReader.readLine()I @ 37

Classes redefined (0 events):
No events

Internal exceptions (10 events):
Event: 171.257 Thread 0x5548d400 Exception <a 'java/lang/ClassNotFoundException': org/gradle/api/DefaultTaskCustomizer> (0x3ebc7868) thrown at [D:\src\AOSP-openjdk-cygwin\jdk8u\hotspot\src\share\vm\classfile\systemDictionary.cpp, line 210]
Event: 171.259 Thread 0x5548d400 Exception <a 'java/lang/ClassNotFoundException': org/gradle/api/internal/ConventionTaskCustomizer> (0x3ec069e8) thrown at [D:\src\AOSP-openjdk-cygwin\jdk8u\hotspot\src\share\vm\classfile\systemDictionary.cpp, line 210]
Event: 171.262 Thread 0x5548d400 Exception <a 'java/lang/ClassNotFoundException': org/gradle/api/tasks/DeleteCustomizer> (0x3ec57de0) thrown at [D:\src\AOSP-openjdk-cygwin\jdk8u\hotspot\src\share\vm\classfile\systemDictionary.cpp, line 210]
Event: 171.265 Thread 0x5548d400 Exception <a 'java/lang/ClassNotFoundException': org/gradle/api/tasks/Delete_DecoratedCustomizer> (0x3eca0f28) thrown at [D:\src\AOSP-openjdk-cygwin\jdk8u\hotspot\src\share\vm\classfile\systemDictionary.cpp, line 210]
Event: 171.565 Thread 0x5548d400 Exception <a 'java/lang/ClassNotFoundException': build_b9cd2xnac55zu2f5hf32jjgofBeanInfo> (0x3ed63ca8) thrown at [D:\src\AOSP-openjdk-cygwin\jdk8u\hotspot\src\share\vm\classfile\systemDictionary.cpp, line 210]
Event: 171.566 Thread 0x5548d400 Exception <a 'java/lang/ClassNotFoundException': build_b9cd2xnac55zu2f5hf32jjgofCustomizer> (0x3ed70488) thrown at [D:\src\AOSP-openjdk-cygwin\jdk8u\hotspot\src\share\vm\classfile\systemDictionary.cpp, line 210]
Event: 171.581 Thread 0x5548d400 Exception <a 'java/lang/ClassNotFoundException': org/gradle/api/internal/plugins/DefaultObjectConfigurationActionBeanInfo> (0x3ede18f8) thrown at [D:\src\AOSP-openjdk-cygwin\jdk8u\hotspot\src\share\vm\classfile\systemDictionary.cpp, line 210]
Event: 171.582 Thread 0x5548d400 Exception <a 'java/lang/ClassNotFoundException': org/gradle/api/internal/plugins/DefaultObjectConfigurationActionCustomizer> (0x3ee24068) thrown at [D:\src\AOSP-openjdk-cygwin\jdk8u\hotspot\src\share\vm\classfile\systemDictionary.cpp, line 210]
Event: 177.801 Thread 0x5548d400 Implicit null exception at 0x025ca67a to 0x025ca881
Event: 179.061 Thread 0x5548d400 Exception <a 'sun/nio/fs/WindowsException'> (0x400648d8) thrown at [D:\src\AOSP-openjdk-cygwin\jdk8u\hotspot\src\share\vm\prims\jni.cpp, line 710]

Events (10 events):
Event: 181.722 loading class org/gradle/api/java/archives/Manifest done
Event: 181.723 loading class org/gradle/api/internal/tasks/DefaultSourceSetContainer
Event: 181.723 loading class org/gradle/api/internal/tasks/DefaultSourceSetContainer done
Event: 181.724 loading class org/gradle/api/tasks/SourceSetContainer
Event: 181.724 loading class org/gradle/api/tasks/SourceSetContainer done
Event: 181.728 Thread 0x53f69c00 flushing nmethod 0x02554808
Event: 181.733 Thread 0x53f69c00 flushing nmethod 0x0267e048
Event: 181.735 Thread 0x53f69c00 flushing nmethod 0x0276c208
Event: 181.740 loading class org/gradle/api/internal/tasks/DefaultSourceSetContainer$1
Event: 181.740 loading class org/gradle/api/internal/tasks/DefaultSourceSetContainer$1 done


Dynamic libraries:
0x006b0000 - 0x006dd000 	C:\Program Files\android-studio\jre\bin\java.exe
0x772e0000 - 0x77479000 	C:\WINDOWS\SYSTEM32\ntdll.dll
0x75cc0000 - 0x75d58000 	C:\WINDOWS\System32\KERNEL32.DLL
0x74ad0000 - 0x74ccd000 	C:\WINDOWS\System32\KERNELBASE.dll
0x72980000 - 0x72a1f000 	C:\WINDOWS\SYSTEM32\apphelp.dll
0x76550000 - 0x765c9000 	C:\WINDOWS\System32\ADVAPI32.dll
0x760d0000 - 0x7618f000 	C:\WINDOWS\System32\msvcrt.dll
0x75c40000 - 0x75cb6000 	C:\WINDOWS\System32\sechost.dll
0x76190000 - 0x76250000 	C:\WINDOWS\System32\RPCRT4.dll
0x763d0000 - 0x76548000 	C:\WINDOWS\System32\USER32.dll
0x75090000 - 0x750ac000 	C:\WINDOWS\System32\win32u.dll
0x75310000 - 0x75331000 	C:\WINDOWS\System32\GDI32.dll
0x74380000 - 0x744e0000 	C:\WINDOWS\System32\gdi32full.dll
0x750b0000 - 0x7512c000 	C:\WINDOWS\System32\msvcp_win.dll
0x74d40000 - 0x74e60000 	C:\WINDOWS\System32\ucrtbase.dll
0x67ea0000 - 0x680af000 	C:\WINDOWS\WinSxS\x86_microsoft.windows.common-controls_6595b64144ccf1df_6.0.18362.1139_none_e62929aaf8dc83cc\COMCTL32.dll
0x759c0000 - 0x75c35000 	C:\WINDOWS\System32\combase.dll
0x75030000 - 0x7508f000 	C:\WINDOWS\System32\bcryptPrimitives.dll
0x75130000 - 0x75156000 	C:\WINDOWS\System32\IMM32.DLL
0x5e1a0000 - 0x5e25f000 	C:\Program Files\android-studio\jre\jre\bin\msvcr100.dll
0x79200000 - 0x797e9000 	C:\Program Files\android-studio\jre\jre\bin\server\jvm.dll
0x77150000 - 0x77156000 	C:\WINDOWS\System32\PSAPI.DLL
0x661e0000 - 0x661e8000 	C:\WINDOWS\SYSTEM32\WSOCK32.dll
0x75f60000 - 0x75fbe000 	C:\WINDOWS\System32\WS2_32.dll
0x72890000 - 0x728b4000 	C:\WINDOWS\SYSTEM32\WINMM.dll
0x6e040000 - 0x6e048000 	C:\WINDOWS\SYSTEM32\VERSION.dll
0x72860000 - 0x72883000 	C:\WINDOWS\SYSTEM32\WINMMBASE.dll
0x74f60000 - 0x74f9b000 	C:\WINDOWS\System32\cfgmgr32.dll
0x715a0000 - 0x715ac000 	C:\Program Files\android-studio\jre\jre\bin\verify.dll
0x70a40000 - 0x70a61000 	C:\Program Files\android-studio\jre\jre\bin\java.dll
0x70a20000 - 0x70a34000 	C:\Program Files\android-studio\jre\jre\bin\zip.dll
0x76630000 - 0x76baa000 	C:\WINDOWS\System32\SHELL32.dll
0x75ed0000 - 0x75f54000 	C:\WINDOWS\System32\shcore.dll
0x744e0000 - 0x74aa1000 	C:\WINDOWS\System32\windows.storage.dll
0x74340000 - 0x7435b000 	C:\WINDOWS\System32\profapi.dll
0x742f0000 - 0x74333000 	C:\WINDOWS\System32\powrprof.dll
0x742e0000 - 0x742ed000 	C:\WINDOWS\System32\UMPDC.dll
0x76250000 - 0x76294000 	C:\WINDOWS\System32\shlwapi.dll
0x74370000 - 0x7437f000 	C:\WINDOWS\System32\kernel.appcore.dll
0x74ab0000 - 0x74ac3000 	C:\WINDOWS\System32\cryptsp.dll
0x702b0000 - 0x702c5000 	C:\Program Files\android-studio\jre\jre\bin\net.dll
0x75160000 - 0x7530a000 	C:\WINDOWS\System32\urlmon.dll
0x75790000 - 0x759ba000 	C:\WINDOWS\System32\iertutil.dll
0x73e10000 - 0x73e1a000 	C:\WINDOWS\SYSTEM32\CRYPTBASE.DLL
0x73c90000 - 0x73ce7000 	C:\WINDOWS\system32\mswsock.dll
0x709f0000 - 0x709ff000 	C:\Program Files\android-studio\jre\jre\bin\nio.dll
0x6ba00000 - 0x6ba21000 	C:\Users\TOSHIBA\.gradle\native\30\windows-i386\native-platform.dll
0x70440000 - 0x7044a000 	C:\Program Files\android-studio\jre\jre\bin\management.dll
0x738c0000 - 0x738ef000 	C:\WINDOWS\system32\rsaenh.dll
0x74cd0000 - 0x74ceb000 	C:\WINDOWS\System32\bcrypt.dll
0x74230000 - 0x7424e000 	C:\WINDOWS\SYSTEM32\USERENV.dll
0x73a20000 - 0x73a52000 	C:\WINDOWS\SYSTEM32\IPHLPAPI.DLL
0x77120000 - 0x77127000 	C:\WINDOWS\System32\NSI.dll
0x6cf00000 - 0x6cf13000 	C:\WINDOWS\SYSTEM32\dhcpcsvc6.DLL
0x6d050000 - 0x6d065000 	C:\WINDOWS\SYSTEM32\dhcpcsvc.DLL
0x73a70000 - 0x73b04000 	C:\WINDOWS\SYSTEM32\DNSAPI.dll
0x65bf0000 - 0x65d7f000 	C:\WINDOWS\SYSTEM32\dbghelp.dll

VM Arguments:
jvm_args: -Xmx1024m -Dfile.encoding=windows-1252 -Duser.country=US -Duser.language=en -Duser.variant 
java_command: org.gradle.launcher.daemon.bootstrap.GradleDaemon 5.6.4
java_class_path (initial): C:\Users\TOSHIBA\.gradle\wrapper\dists\gradle-5.6.4-all\ankdp27end7byghfw1q2sw75f\gradle-5.6.4\lib\gradle-launcher-5.6.4.jar
Launcher Type: SUN_STANDARD

Environment Variables:
JAVA_HOME=C:\Program Files\Java;C:\Program Files\Java\jdk1.8.0_211;C:\Program Files\Java\jdk1.8.0_211\bin
PATH=C:\WINDOWS\System32;C:\Users\TOSHIBA\AppData\Roaming\npm;%USERPROFILE%\AppData\Local\Microsoft\WindowsApps;
USERNAME=TOSHIBA
OS=Windows_NT
PROCESSOR_IDENTIFIER=x86 Family 6 Model 23 Stepping 10, GenuineIntel



---------------  S Y S T E M  ---------------

OS: Windows 10.0 Build 18362 (10.0.18362.1110)

CPU:total 2 (initial active 2) (2 cores per cpu, 1 threads per core) family 6 model 23 stepping 10, cmov, cx8, fxsr, mmx, sse, sse2, sse3, ssse3, sse4.1, tsc

Memory: 4k page, physical 2095092k(138308k free), swap 3119092k(524k free)

vm_info: OpenJDK Server VM (25.212-b04) for windows-x86 JRE (1.8.0_212-release-1586-b04), built by "builder" with MS VC++ 10.0 (VS2010)

time: Fri Mar 12 12:37:15 2021
timezone: China Standard Time
elapsed time: 182 seconds (0d 0h 3m 2s)

