#
# There is insufficient memory for the Java Runtime Environment to continue.
# Native memory allocation (malloc) failed to allocate 437192 bytes for Chunk::new
# Possible reasons:
#   The system is out of physical RAM or swap space
#   In 32 bit mode, the process size limit was hit
# Possible solutions:
#   Reduce memory load on the system
#   Increase physical memory or swap space
#   Check if swap backing store is full
#   Use 64 bit Java on a 64 bit OS
#   Decrease Java heap size (-Xmx/-Xms)
#   Decrease number of Java threads
#   Decrease Java thread stack sizes (-Xss)
#   Set larger code cache with -XX:ReservedCodeCacheSize=
# This output file may be truncated or incomplete.
#
#  Out of Memory Error (allocation.cpp:389), pid=5144, tid=0x00001b94
#
# JRE version: OpenJDK Runtime Environment (8.0_212-b04) (build 1.8.0_212-release-1586-b04)
# Java VM: OpenJDK Server VM (25.212-b04 mixed mode windows-x86 )
# Failed to write core dump. Minidumps are not enabled by default on client versions of Windows
#

---------------  T H R E A D  ---------------

Current thread (0x540b5400):  JavaThread "C2 CompilerThread0" daemon [_thread_in_native, id=7060, stack(0x54270000,0x542c0000)]

Stack: [0x54270000,0x542c0000],  sp=0x542bdff0,  free space=311k
Native frames: (J=compiled Java code, j=interpreted, Vv=VM code, C=native code)
V  [jvm.dll+0x1a67db]
V  [jvm.dll+0x19ed58]
V  [jvm.dll+0x7d871]
V  [jvm.dll+0x7dd77]
V  [jvm.dll+0x31fa52]
V  [jvm.dll+0x2f6942]
V  [jvm.dll+0x2ff1a7]
V  [jvm.dll+0x3008eb]
V  [jvm.dll+0x2ea216]
V  [jvm.dll+0x60e47]
V  [jvm.dll+0x615ef]
V  [jvm.dll+0x177ab0]
V  [jvm.dll+0x1782eb]
V  [jvm.dll+0x1b8e46]
C  [msvcr100.dll+0x5c556]
C  [msvcr100.dll+0x5c600]
C  [KERNEL32.DLL+0x223d9]
C  [ntdll.dll+0x5e6cb]
C  [ntdll.dll+0x5e69f]
C  0x00000000


Current CompileTask:
C2:2045398 13917   !   4       sun.nio.fs.WindowsFileAttributes::get (214 bytes)


---------------  P R O C E S S  ---------------

Java Threads: ( => current thread )
  0x5462d000 JavaThread "ForkJoinPool.commonPool-worker-0" daemon [_thread_blocked, id=5236, stack(0x58630000,0x58680000)]
  0x5462b800 JavaThread "Cache worker for file content cache (C:\Users\TOSHIBA\.gradle\caches\5.6.4\fileContent)" [_thread_blocked, id=6652, stack(0x5b560000,0x5b5b0000)]
  0x5462e400 JavaThread "Daemon worker Thread 2" [_thread_blocked, id=7936, stack(0x56a90000,0x56ae0000)]
  0x5462c400 JavaThread "Daemon Thread 2" [_thread_blocked, id=6424, stack(0x00680000,0x006d0000)]
  0x54630800 JavaThread "Memory manager" [_thread_blocked, id=5100, stack(0x00450000,0x004a0000)]
  0x5453c800 JavaThread "Cache worker for execution history cache (C:\Users\TOSHIBA\.gradle\caches\5.6.4\executionHistory)" [_thread_blocked, id=1364, stack(0x587d0000,0x58820000)]
  0x5453c400 JavaThread "Cache worker for journal cache (C:\Users\TOSHIBA\.gradle\caches\journal-1)" [_thread_blocked, id=5356, stack(0x56dc0000,0x56e10000)]
  0x5453a800 JavaThread "File lock request listener" [_thread_in_native, id=5600, stack(0x56d70000,0x56dc0000)]
  0x5453a400 JavaThread "Cache worker for file hash cache (C:\Users\TOSHIBA\.gradle\caches\5.6.4\fileHashes)" [_thread_blocked, id=5560, stack(0x56d20000,0x56d70000)]
  0x558e4c00 JavaThread "Daemon periodic checks" [_thread_blocked, id=5324, stack(0x567a0000,0x567f0000)]
  0x558ee000 JavaThread "Incoming local TCP Connector on port 59982" [_thread_in_native, id=6624, stack(0x56610000,0x56660000)]
  0x5583dc00 JavaThread "Daemon health stats" [_thread_blocked, id=4404, stack(0x56180000,0x561d0000)]
  0x5410a400 JavaThread "Service Thread" daemon [_thread_blocked, id=6056, stack(0x54310000,0x54360000)]
  0x540b6c00 JavaThread "C1 CompilerThread1" daemon [_thread_blocked, id=7536, stack(0x542c0000,0x54310000)]
=>0x540b5400 JavaThread "C2 CompilerThread0" daemon [_thread_in_native, id=7060, stack(0x54270000,0x542c0000)]
  0x540b2000 JavaThread "Attach Listener" daemon [_thread_blocked, id=3496, stack(0x54220000,0x54270000)]
  0x540b1000 JavaThread "Signal Dispatcher" daemon [_thread_blocked, id=1884, stack(0x541d0000,0x54220000)]
  0x54095800 JavaThread "Finalizer" daemon [_thread_blocked, id=7796, stack(0x51870000,0x518c0000)]
  0x5408f000 JavaThread "Reference Handler" daemon [_thread_blocked, id=6952, stack(0x10d70000,0x10dc0000)]
  0x0082c400 JavaThread "main" [_thread_blocked, id=7444, stack(0x00830000,0x00880000)]

Other Threads:
  0x54079400 VMThread [stack: 0x00f50000,0x00fa0000] [id=2508]
  0x540ec400 WatcherThread [stack: 0x54360000,0x543b0000] [id=2984]

VM state:not at safepoint (normal execution)

VM Mutex/Monitor currently owned by a thread: None

OutOfMemory and StackOverflow Exception counts:
OutOfMemoryError java_heap_errors=1

Heap:
 PSYoungGen      total 317696K, used 24775K [0x3b8c0000, 0x50e00000, 0x50e00000)
  eden space 284928K, 8% used [0x3b8c0000,0x3d0f1c08,0x4cf00000)
  from space 32768K, 0% used [0x4ee00000,0x4ee00000,0x50e00000)
  to   space 31744K, 0% used [0x4cf00000,0x4cf00000,0x4ee00000)
 ParOldGen       total 81920K, used 44118K [0x10e00000, 0x15e00000, 0x3b8c0000)
  object space 81920K, 53% used [0x10e00000,0x139158d0,0x15e00000)
 Metaspace       used 53027K, capacity 54355K, committed 55680K, reserved 55680K

Card table byte_map: [0x50e00000,0x51010000] byte_map_base: 0x50d79000

Marking Bits: (ParMarkBitMap*) 0x51f58620
 Begin Bits: [0x51fd0000, 0x52fd0000)
 End Bits:   [0x52fd0000, 0x53fd0000)

Polling page: 0x009a0000

CodeCache: size=245760Kb used=32254Kb max_used=32254Kb free=213505Kb
 bounds [0x01c10000, 0x03ba8000, 0x10c10000]
 total_blobs=11998 nmethods=11512 adapters=399
 compilation: enabled

Compilation events (10 events):
Event: 2043.556 Thread 0x540b6c00 13919       3       sun.security.action.GetPropertyAction::<init> (10 bytes)
Event: 2043.556 Thread 0x540b6c00 nmethod 13919 0x03b992c8 code [0x03b993e0, 0x03b99500]
Event: 2043.562 Thread 0x540b6c00 13922   !   3       java.io.ObjectStreamClass::lookup (335 bytes)
Event: 2043.566 Thread 0x540b6c00 nmethod 13922 0x03ba35c8 code [0x03ba3a40, 0x03ba6444]
Event: 2043.652 Thread 0x540b6c00 13923       3       java.lang.Short::hashCode (8 bytes)
Event: 2043.652 Thread 0x540b6c00 nmethod 13923 0x03b99008 code [0x03b99120, 0x03b99240]
Event: 2043.655 Thread 0x540b6c00 13924       3       java.io.ObjectOutputStream$HandleTable::clear (27 bytes)
Event: 2043.655 Thread 0x540b6c00 nmethod 13924 0x03b9ca08 code [0x03b9cb60, 0x03b9ce98]
Event: 2043.660 Thread 0x540b6c00 13925       3       org.gradle.tooling.internal.provider.serialization.PayloadSerializerObjectOutputStream::writeClassLoader (38 bytes)
Event: 2043.661 Thread 0x540b6c00 nmethod 13925 0x03b9bf48 code [0x03b9c0e0, 0x03b9c73c]

GC Heap History (10 events):
Event: 70.676 GC heap before
{Heap before GC invocations=18 (full 3):
 PSYoungGen      total 231680K, used 15610K [0x3b8c0000, 0x50440000, 0x50e00000)
  eden space 216064K, 0% used [0x3b8c0000,0x3b8c0000,0x48bc0000)
  from space 15616K, 99% used [0x48bc0000,0x49afeb90,0x49b00000)
  to   space 22528K, 0% used [0x4ee40000,0x4ee40000,0x50440000)
 ParOldGen       total 34560K, used 33778K [0x10e00000, 0x12fc0000, 0x3b8c0000)
  object space 34560K, 97% used [0x10e00000,0x12efc958,0x12fc0000)
 Metaspace       used 43899K, capacity 45066K, committed 45184K, reserved 45440K
Event: 71.274 GC heap after
Heap after GC invocations=18 (full 3):
 PSYoungGen      total 231680K, used 7641K [0x3b8c0000, 0x50440000, 0x50e00000)
  eden space 216064K, 0% used [0x3b8c0000,0x3b8c0000,0x48bc0000)
  from space 15616K, 48% used [0x48bc0000,0x493367f8,0x49b00000)
  to   space 22528K, 0% used [0x4ee40000,0x4ee40000,0x50440000)
 ParOldGen       total 60160K, used 34340K [0x10e00000, 0x148c0000, 0x3b8c0000)
  object space 60160K, 57% used [0x10e00000,0x12f892b0,0x148c0000)
 Metaspace       used 43899K, capacity 45066K, committed 45184K, reserved 45440K
}
Event: 1743.812 GC heap before
{Heap before GC invocations=19 (full 3):
 PSYoungGen      total 231680K, used 223705K [0x3b8c0000, 0x50440000, 0x50e00000)
  eden space 216064K, 100% used [0x3b8c0000,0x48bc0000,0x48bc0000)
  from space 15616K, 48% used [0x48bc0000,0x493367f8,0x49b00000)
  to   space 22528K, 0% used [0x4ee40000,0x4ee40000,0x50440000)
 ParOldGen       total 60160K, used 34340K [0x10e00000, 0x148c0000, 0x3b8c0000)
  object space 60160K, 57% used [0x10e00000,0x12f892b0,0x148c0000)
 Metaspace       used 50656K, capacity 52076K, committed 52096K, reserved 52608K
Event: 1762.028 GC heap after
Heap after GC invocations=19 (full 3):
 PSYoungGen      total 301568K, used 16848K [0x3b8c0000, 0x4fec0000, 0x50e00000)
  eden space 284672K, 0% used [0x3b8c0000,0x3b8c0000,0x4cec0000)
  from space 16896K, 99% used [0x4ee40000,0x4feb4178,0x4fec0000)
  to   space 24320K, 0% used [0x4cf40000,0x4cf40000,0x4e700000)
 ParOldGen       total 60160K, used 37195K [0x10e00000, 0x148c0000, 0x3b8c0000)
  object space 60160K, 61% used [0x10e00000,0x13252fd0,0x148c0000)
 Metaspace       used 50656K, capacity 52076K, committed 52096K, reserved 52608K
}
Event: 1876.468 GC heap before
{Heap before GC invocations=20 (full 3):
 PSYoungGen      total 301568K, used 301520K [0x3b8c0000, 0x4fec0000, 0x50e00000)
  eden space 284672K, 100% used [0x3b8c0000,0x4cec0000,0x4cec0000)
  from space 16896K, 99% used [0x4ee40000,0x4feb4178,0x4fec0000)
  to   space 24320K, 0% used [0x4cf40000,0x4cf40000,0x4e700000)
 ParOldGen       total 60160K, used 37195K [0x10e00000, 0x148c0000, 0x3b8c0000)
  object space 60160K, 61% used [0x10e00000,0x13252fd0,0x148c0000)
 Metaspace       used 52666K, capacity 54152K, committed 54272K, reserved 54656K
Event: 1880.294 GC heap after
Heap after GC invocations=20 (full 3):
 PSYoungGen      total 309504K, used 24315K [0x3b8c0000, 0x50e00000, 0x50e00000)
  eden space 285184K, 0% used [0x3b8c0000,0x3b8c0000,0x4cf40000)
  from space 24320K, 99% used [0x4cf40000,0x4e6fee30,0x4e700000)
  to   space 32768K, 0% used [0x4ee00000,0x4ee00000,0x50e00000)
 ParOldGen       total 60160K, used 48576K [0x10e00000, 0x148c0000, 0x3b8c0000)
  object space 60160K, 80% used [0x10e00000,0x13d70218,0x148c0000)
 Metaspace       used 52666K, capacity 54152K, committed 54272K, reserved 54656K
}
Event: 2039.261 GC heap before
{Heap before GC invocations=21 (full 3):
 PSYoungGen      total 309504K, used 309499K [0x3b8c0000, 0x50e00000, 0x50e00000)
  eden space 285184K, 100% used [0x3b8c0000,0x4cf40000,0x4cf40000)
  from space 24320K, 99% used [0x4cf40000,0x4e6fee30,0x4e700000)
  to   space 32768K, 0% used [0x4ee00000,0x4ee00000,0x50e00000)
 ParOldGen       total 60160K, used 48576K [0x10e00000, 0x148c0000, 0x3b8c0000)
  object space 60160K, 80% used [0x10e00000,0x13d70218,0x148c0000)
 Metaspace       used 54095K, capacity 55641K, committed 55680K, reserved 55680K
Event: 2040.163 GC heap after
Heap after GC invocations=21 (full 3):
 PSYoungGen      total 317696K, used 14747K [0x3b8c0000, 0x50e00000, 0x50e00000)
  eden space 284928K, 0% used [0x3b8c0000,0x3b8c0000,0x4cf00000)
  from space 32768K, 45% used [0x4ee00000,0x4fc66ef0,0x50e00000)
  to   space 31744K, 0% used [0x4cf00000,0x4cf00000,0x4ee00000)
 ParOldGen       total 72192K, used 71821K [0x10e00000, 0x15480000, 0x3b8c0000)
  object space 72192K, 99% used [0x10e00000,0x15423470,0x15480000)
 Metaspace       used 54095K, capacity 55641K, committed 55680K, reserved 55680K
}
Event: 2040.188 GC heap before
{Heap before GC invocations=22 (full 4):
 PSYoungGen      total 317696K, used 14747K [0x3b8c0000, 0x50e00000, 0x50e00000)
  eden space 284928K, 0% used [0x3b8c0000,0x3b8c0000,0x4cf00000)
  from space 32768K, 45% used [0x4ee00000,0x4fc66ef0,0x50e00000)
  to   space 31744K, 0% used [0x4cf00000,0x4cf00000,0x4ee00000)
 ParOldGen       total 72192K, used 71821K [0x10e00000, 0x15480000, 0x3b8c0000)
  object space 72192K, 99% used [0x10e00000,0x15423470,0x15480000)
 Metaspace       used 54095K, capacity 55641K, committed 55680K, reserved 55680K
Event: 2042.311 GC heap after
Heap after GC invocations=22 (full 4):
 PSYoungGen      total 317696K, used 0K [0x3b8c0000, 0x50e00000, 0x50e00000)
  eden space 284928K, 0% used [0x3b8c0000,0x3b8c0000,0x4cf00000)
  from space 32768K, 0% used [0x4ee00000,0x4ee00000,0x50e00000)
  to   space 31744K, 0% used [0x4cf00000,0x4cf00000,0x4ee00000)
 ParOldGen       total 81920K, used 44118K [0x10e00000, 0x15e00000, 0x3b8c0000)
  object space 81920K, 53% used [0x10e00000,0x139158d0,0x15e00000)
 Metaspace       used 52942K, capacity 54273K, committed 55680K, reserved 55680K
}

Deoptimization events (10 events):
Event: 2039.226 Thread 0x59841000 Uncommon trap: reason=bimorphic action=maybe_recompile pc=0x03b72e0c method=com.android.ide.common.symbols.SymbolTable$getSymbolByResourceType$$inlined$compareBy$1.compare(Ljava/lang/Object;Ljava/lang/Object;)I @ 13
Event: 2039.226 Thread 0x59841000 Uncommon trap: reason=bimorphic action=maybe_recompile pc=0x03b72e0c method=com.android.ide.common.symbols.SymbolTable$getSymbolByResourceType$$inlined$compareBy$1.compare(Ljava/lang/Object;Ljava/lang/Object;)I @ 13
Event: 2039.227 Thread 0x59841000 Uncommon trap: reason=bimorphic action=maybe_recompile pc=0x03b72e0c method=com.android.ide.common.symbols.SymbolTable$getSymbolByResourceType$$inlined$compareBy$1.compare(Ljava/lang/Object;Ljava/lang/Object;)I @ 13
Event: 2039.227 Thread 0x59841000 Uncommon trap: reason=bimorphic action=maybe_recompile pc=0x03a507c4 method=com.google.common.base.CharMatcher.indexIn(Ljava/lang/CharSequence;I)I @ 31
Event: 2039.227 Thread 0x59841000 Uncommon trap: reason=bimorphic action=maybe_recompile pc=0x03a507c4 method=com.google.common.base.CharMatcher.indexIn(Ljava/lang/CharSequence;I)I @ 31
Event: 2039.227 Thread 0x59841000 Uncommon trap: reason=bimorphic action=maybe_recompile pc=0x03a507c4 method=com.google.common.base.CharMatcher.indexIn(Ljava/lang/CharSequence;I)I @ 31
Event: 2039.227 Thread 0x59841000 Uncommon trap: reason=bimorphic action=maybe_recompile pc=0x03a507c4 method=com.google.common.base.CharMatcher.indexIn(Ljava/lang/CharSequence;I)I @ 31
Event: 2042.663 Thread 0x59841000 Uncommon trap: reason=unstable_if action=reinterpret pc=0x03b72abc method=org.objectweb.asm.ByteVector.putShort(I)Lorg/objectweb/asm/ByteVector; @ 13
Event: 2042.822 Thread 0x59841000 Uncommon trap: reason=unstable_if action=reinterpret pc=0x02d770b0 method=org.objectweb.asm.MethodWriter.visitLdcInsn(Ljava/lang/Object;)V @ 104
Event: 2043.562 Thread 0x59846000 Uncommon trap: reason=unstable_if action=reinterpret pc=0x0360ace4 method=java.io.ObjectStreamClass.processQueue(Ljava/lang/ref/ReferenceQueue;Ljava/util/concurrent/ConcurrentMap;)V @ 6

Classes redefined (0 events):
No events

Internal exceptions (10 events):
Event: 1950.520 Thread 0x59843400 Implicit null exception at 0x0397e3ed to 0x0397e959
Event: 1950.522 Thread 0x59843400 Implicit null exception at 0x039acee4 to 0x039ad4e5
Event: 1950.617 Thread 0x5462e400 Exception <a 'java/lang/reflect/InvocationTargetException'> (0x424b5128) thrown at [D:\src\AOSP-openjdk-cygwin\jdk8u\hotspot\src\share\vm\runtime\reflection.cpp, line 1092]
Event: 1950.964 Thread 0x5462e400 Exception <a 'sun/nio/fs/WindowsException'> (0x42d671c0) thrown at [D:\src\AOSP-openjdk-cygwin\jdk8u\hotspot\src\share\vm\prims\jni.cpp, line 710]
Event: 1988.670 Thread 0x5462e400 Exception <a 'sun/nio/fs/WindowsException'> (0x43f3a7d0) thrown at [D:\src\AOSP-openjdk-cygwin\jdk8u\hotspot\src\share\vm\prims\jni.cpp, line 710]
Event: 2038.420 Thread 0x59841000 Exception <a 'sun/nio/fs/WindowsException'> (0x4cb786b0) thrown at [D:\src\AOSP-openjdk-cygwin\jdk8u\hotspot\src\share\vm\prims\jni.cpp, line 710]
Event: 2038.421 Thread 0x59841000 Exception <a 'sun/nio/fs/WindowsException'> (0x4cb78b38) thrown at [D:\src\AOSP-openjdk-cygwin\jdk8u\hotspot\src\share\vm\prims\jni.cpp, line 710]
Event: 2043.090 Thread 0x59841000 Exception <a 'java/lang/OutOfMemoryError'> (0x3c8f8440) thrown at [D:\src\AOSP-openjdk-cygwin\jdk8u\hotspot\src\share\vm\prims\jni.cpp, line 736]
Event: 2043.098 Thread 0x59842000 Exception <a 'java/lang/reflect/InvocationTargetException'> (0x3cad43d8) thrown at [D:\src\AOSP-openjdk-cygwin\jdk8u\hotspot\src\share\vm\runtime\reflection.cpp, line 1092]
Event: 2043.607 Thread 0x5462e400 Exception <a 'sun/nio/fs/WindowsException'> (0x3c97fd50) thrown at [D:\src\AOSP-openjdk-cygwin\jdk8u\hotspot\src\share\vm\prims\jni.cpp, line 710]

Events (10 events):
Event: 2043.695 Executing VM operation: RevokeBias done
Event: 2043.695 Executing VM operation: RevokeBias
Event: 2043.695 Executing VM operation: RevokeBias done
Event: 2043.695 Executing VM operation: RevokeBias
Event: 2043.695 Executing VM operation: RevokeBias done
Event: 2043.695 Thread 0x59841400 Thread exited: 0x59841400
Event: 2043.696 Executing VM operation: RevokeBias
Event: 2043.696 Executing VM operation: RevokeBias done
Event: 2043.696 Executing VM operation: RevokeBias
Event: 2043.696 Executing VM operation: RevokeBias done


Dynamic libraries:
0x00fd0000 - 0x00ffd000 	C:\Program Files\android-studio\jre\bin\java.exe
0x76f20000 - 0x770b9000 	C:\WINDOWS\SYSTEM32\ntdll.dll
0x74eb0000 - 0x74f48000 	C:\WINDOWS\System32\KERNEL32.DLL
0x74040000 - 0x7423d000 	C:\WINDOWS\System32\KERNELBASE.dll
0x725c0000 - 0x7265f000 	C:\WINDOWS\SYSTEM32\apphelp.dll
0x761f0000 - 0x76269000 	C:\WINDOWS\System32\ADVAPI32.dll
0x74df0000 - 0x74eaf000 	C:\WINDOWS\System32\msvcrt.dll
0x76730000 - 0x767a6000 	C:\WINDOWS\System32\sechost.dll
0x75df0000 - 0x75eb0000 	C:\WINDOWS\System32\RPCRT4.dll
0x757e0000 - 0x75958000 	C:\WINDOWS\System32\USER32.dll
0x744d0000 - 0x744ec000 	C:\WINDOWS\System32\win32u.dll
0x76700000 - 0x76721000 	C:\WINDOWS\System32\GDI32.dll
0x74ac0000 - 0x74c20000 	C:\WINDOWS\System32\gdi32full.dll
0x74430000 - 0x744ac000 	C:\WINDOWS\System32\msvcp_win.dll
0x74310000 - 0x74430000 	C:\WINDOWS\System32\ucrtbase.dll
0x689c0000 - 0x68bcf000 	C:\WINDOWS\WinSxS\x86_microsoft.windows.common-controls_6595b64144ccf1df_6.0.18362.1139_none_e62929aaf8dc83cc\COMCTL32.dll
0x75b60000 - 0x75dd5000 	C:\WINDOWS\System32\combase.dll
0x73fe0000 - 0x7403f000 	C:\WINDOWS\System32\bcryptPrimitives.dll
0x76270000 - 0x76296000 	C:\WINDOWS\System32\IMM32.DLL
0x5bda0000 - 0x5be5f000 	C:\Program Files\android-studio\jre\jre\bin\msvcr100.dll
0x519e0000 - 0x51fc9000 	C:\Program Files\android-studio\jre\jre\bin\server\jvm.dll
0x76ce0000 - 0x76ce6000 	C:\WINDOWS\System32\PSAPI.DLL
0x68520000 - 0x68528000 	C:\WINDOWS\SYSTEM32\WSOCK32.dll
0x76130000 - 0x7618e000 	C:\WINDOWS\System32\WS2_32.dll
0x723c0000 - 0x723e4000 	C:\WINDOWS\SYSTEM32\WINMM.dll
0x6d620000 - 0x6d628000 	C:\WINDOWS\SYSTEM32\VERSION.dll
0x72390000 - 0x723b3000 	C:\WINDOWS\SYSTEM32\WINMMBASE.dll
0x742d0000 - 0x7430b000 	C:\WINDOWS\System32\cfgmgr32.dll
0x70650000 - 0x7065c000 	C:\Program Files\android-studio\jre\jre\bin\verify.dll
0x6ef30000 - 0x6ef51000 	C:\Program Files\android-studio\jre\jre\bin\java.dll
0x6ea90000 - 0x6eaa4000 	C:\Program Files\android-studio\jre\jre\bin\zip.dll
0x75260000 - 0x757da000 	C:\WINDOWS\System32\SHELL32.dll
0x75070000 - 0x750f4000 	C:\WINDOWS\System32\shcore.dll
0x744f0000 - 0x74ab1000 	C:\WINDOWS\System32\windows.storage.dll
0x73fa0000 - 0x73fbb000 	C:\WINDOWS\System32\profapi.dll
0x73f30000 - 0x73f73000 	C:\WINDOWS\System32\powrprof.dll
0x73f20000 - 0x73f2d000 	C:\WINDOWS\System32\UMPDC.dll
0x75960000 - 0x759a4000 	C:\WINDOWS\System32\shlwapi.dll
0x73f80000 - 0x73f8f000 	C:\WINDOWS\System32\kernel.appcore.dll
0x73fc0000 - 0x73fd3000 	C:\WINDOWS\System32\cryptsp.dll
0x68cf0000 - 0x68d05000 	C:\Program Files\android-studio\jre\jre\bin\net.dll
0x759b0000 - 0x75b5a000 	C:\WINDOWS\System32\urlmon.dll
0x76cf0000 - 0x76f1a000 	C:\WINDOWS\System32\iertutil.dll
0x73a50000 - 0x73a5a000 	C:\WINDOWS\SYSTEM32\CRYPTBASE.DLL
0x738d0000 - 0x73927000 	C:\WINDOWS\system32\mswsock.dll
0x70600000 - 0x7060f000 	C:\Program Files\android-studio\jre\jre\bin\nio.dll
0x69d80000 - 0x69da1000 	C:\Users\TOSHIBA\.gradle\native\30\windows-i386\native-platform.dll
0x6ef20000 - 0x6ef2a000 	C:\Program Files\android-studio\jre\jre\bin\management.dll
0x73500000 - 0x7352f000 	C:\WINDOWS\system32\rsaenh.dll
0x744b0000 - 0x744cb000 	C:\WINDOWS\System32\bcrypt.dll
0x73e40000 - 0x73e5e000 	C:\WINDOWS\SYSTEM32\USERENV.dll
0x73660000 - 0x73692000 	C:\WINDOWS\SYSTEM32\IPHLPAPI.DLL
0x75de0000 - 0x75de7000 	C:\WINDOWS\System32\NSI.dll
0x6c6d0000 - 0x6c6e3000 	C:\WINDOWS\SYSTEM32\dhcpcsvc6.DLL
0x6cba0000 - 0x6cbb5000 	C:\WINDOWS\SYSTEM32\dhcpcsvc.DLL
0x736b0000 - 0x73744000 	C:\WINDOWS\SYSTEM32\DNSAPI.dll
0x64620000 - 0x647af000 	C:\WINDOWS\SYSTEM32\dbghelp.dll

VM Arguments:
jvm_args: -Xmx1024m -Dfile.encoding=windows-1252 -Duser.country=US -Duser.language=en -Duser.variant 
java_command: org.gradle.launcher.daemon.bootstrap.GradleDaemon 5.6.4
java_class_path (initial): C:\Users\TOSHIBA\.gradle\wrapper\dists\gradle-5.6.4-all\ankdp27end7byghfw1q2sw75f\gradle-5.6.4\lib\gradle-launcher-5.6.4.jar
Launcher Type: SUN_STANDARD

Environment Variables:
JAVA_HOME=C:\Program Files\Java;C:\Program Files\Java\jdk1.8.0_211;C:\Program Files\Java\jdk1.8.0_211\bin
PATH=C:\WINDOWS\System32;C:\Users\TOSHIBA\AppData\Roaming\npm;%USERPROFILE%\AppData\Local\Microsoft\WindowsApps;
USERNAME=TOSHIBA
OS=Windows_NT
PROCESSOR_IDENTIFIER=x86 Family 6 Model 23 Stepping 10, GenuineIntel



---------------  S Y S T E M  ---------------

OS: Windows 10.0 Build 18362 (10.0.18362.1110)

CPU:total 2 (initial active 2) (2 cores per cpu, 1 threads per core) family 6 model 23 stepping 10, cmov, cx8, fxsr, mmx, sse, sse2, sse3, ssse3, sse4.1, tsc

Memory: 4k page, physical 2095092k(134760k free), swap 3119092k(12336k free)

vm_info: OpenJDK Server VM (25.212-b04) for windows-x86 JRE (1.8.0_212-release-1586-b04), built by "builder" with MS VC++ 10.0 (VS2010)

time: Mon Mar 22 14:48:27 2021
timezone: China Standard Time
elapsed time: 2045 seconds (0d 0h 34m 5s)

