#
# There is insufficient memory for the Java Runtime Environment to continue.
# Native memory allocation (malloc) failed to allocate 1273856 bytes for Chunk::new
# Possible reasons:
#   The system is out of physical RAM or swap space
#   In 32 bit mode, the process size limit was hit
# Possible solutions:
#   Reduce memory load on the system
#   Increase physical memory or swap space
#   Check if swap backing store is full
#   Use 64 bit Java on a 64 bit OS
#   Decrease Java heap size (-Xmx/-Xms)
#   Decrease number of Java threads
#   Decrease Java thread stack sizes (-Xss)
#   Set larger code cache with -XX:ReservedCodeCacheSize=
# This output file may be truncated or incomplete.
#
#  Out of Memory Error (allocation.cpp:389), pid=1760, tid=0x00000d40
#
# JRE version: OpenJDK Runtime Environment (8.0_212-b04) (build 1.8.0_212-release-1586-b04)
# Java VM: OpenJDK Server VM (25.212-b04 mixed mode windows-x86 )
# Failed to write core dump. Minidumps are not enabled by default on client versions of Windows
#

---------------  T H R E A D  ---------------

Current thread (0x51345400):  JavaThread "C2 CompilerThread0" daemon [_thread_in_native, id=3392, stack(0x53bc0000,0x53c10000)]

Stack: [0x53bc0000,0x53c10000],  sp=0x53c0dc38,  free space=311k
Native frames: (J=compiled Java code, j=interpreted, Vv=VM code, C=native code)
V  [jvm.dll+0x1a67db]
V  [jvm.dll+0x19ed58]
V  [jvm.dll+0x7d871]
V  [jvm.dll+0x7dd77]
V  [jvm.dll+0x95314]
V  [jvm.dll+0x309330]
V  [jvm.dll+0x340888]
V  [jvm.dll+0x2fac25]
V  [jvm.dll+0x300026]
V  [jvm.dll+0x300875]
V  [jvm.dll+0x2ea216]
V  [jvm.dll+0x60e47]
V  [jvm.dll+0x615ef]
V  [jvm.dll+0x177ab0]
V  [jvm.dll+0x1782eb]
V  [jvm.dll+0x1b8e46]
C  [msvcr100.dll+0x5c556]
C  [msvcr100.dll+0x5c600]
C  [KERNEL32.DLL+0x223d9]
C  [ntdll.dll+0x5e6cb]
C  [ntdll.dll+0x5e69f]
C  0x00000000


Current CompileTask:
C2: 184135 14548       4       com.android.tools.r8.ir.regalloc.LinearScanRegisterAllocator::a (3993 bytes)


---------------  P R O C E S S  ---------------

Java Threads: ( => current thread )
  0x56ee7000 JavaThread "Cache worker for Java compile cache (C:\Users\TOSHIBA\AndroidStudioProjects\TaguigHealthConsult\.gradle\5.6.4\javaCompile)" [_thread_blocked, id=6404, stack(0x5ab70000,0x5abc0000)]
  0x56ee8800 JavaThread "Cache worker for Java compile cache (C:\Users\TOSHIBA\.gradle\caches\5.6.4\javaCompile)" [_thread_blocked, id=7028, stack(0x58630000,0x58680000)]
  0x56eedc00 JavaThread "stdout" [_thread_in_native, id=1596, stack(0x5ab20000,0x5ab70000)]
  0x56ee8400 JavaThread "stderr" [_thread_in_native, id=6524, stack(0x5aad0000,0x5ab20000)]
  0x56eed400 JavaThread "stdout" [_thread_in_native, id=3652, stack(0x5ac50000,0x5aca0000)]
  0x56eecc00 JavaThread "stderr" [_thread_in_native, id=1292, stack(0x5ac00000,0x5ac50000)]
  0x56eec800 JavaThread "pool-2-thread-1" [_thread_blocked, id=1532, stack(0x5aa80000,0x5aad0000)]
  0x56ee6800 JavaThread "WorkerExecutor Queue Thread 2" [_thread_blocked, id=6460, stack(0x5aa30000,0x5aa80000)]
  0x56ee7400 JavaThread "WorkerExecutor Queue" [_thread_blocked, id=7528, stack(0x5a8e0000,0x5a930000)]
  0x56ee7c00 JavaThread "Cache worker for execution history cache (C:\Users\TOSHIBA\AndroidStudioProjects\TaguigHealthConsult\.gradle\5.6.4\executionHistory)" [_thread_blocked, id=4180, stack(0x5a690000,0x5a6e0000)]
  0x56ee9c00 JavaThread "Execution worker for ':'" [_thread_in_native, id=5480, stack(0x563d0000,0x56420000)]
  0x56eec000 JavaThread "Cache worker for file content cache (C:\Users\TOSHIBA\AndroidStudioProjects\TaguigHealthConsult\.gradle\5.6.4\fileContent)" [_thread_blocked, id=3076, stack(0x5a340000,0x5a390000)]
  0x56eee000 JavaThread "Cache worker for file content cache (C:\Users\TOSHIBA\.gradle\caches\5.6.4\fileContent)" [_thread_blocked, id=3968, stack(0x5a2f0000,0x5a340000)]
  0x56eebc00 JavaThread "Memory manager" [_thread_blocked, id=1408, stack(0x00190000,0x001e0000)]
  0x56eeb000 JavaThread "Cache worker for Build Output Cleanup Cache (C:\Users\TOSHIBA\AndroidStudioProjects\TaguigHealthConsult\.gradle\buildOutputCleanup)" [_thread_blocked, id=2224, stack(0x00140000,0x00190000)]
  0x56eeb400 JavaThread "pool-1-thread-1" [_thread_blocked, id=3156, stack(0x589d0000,0x58a20000)]
  0x56ee9400 JavaThread "Build operations Thread 2" [_thread_blocked, id=5504, stack(0x585e0000,0x58630000)]
  0x551cb800 JavaThread "Build operations" [_thread_blocked, id=2888, stack(0x58590000,0x585e0000)]
  0x551cb400 JavaThread "Cache worker for execution history cache (C:\Users\TOSHIBA\.gradle\caches\5.6.4\executionHistory)" [_thread_blocked, id=7256, stack(0x58340000,0x58390000)]
  0x551cac00 JavaThread "Cache worker for cache directory md-rule (C:\Users\TOSHIBA\.gradle\caches\5.6.4\md-rule)" [_thread_blocked, id=3300, stack(0x582f0000,0x58340000)]
  0x551ca800 JavaThread "Cache worker for cache directory md-supplier (C:\Users\TOSHIBA\.gradle\caches\5.6.4\md-supplier)" [_thread_blocked, id=6148, stack(0x58090000,0x580e0000)]
  0x551c9400 JavaThread "Cache worker for file hash cache (C:\Users\TOSHIBA\AndroidStudioProjects\TaguigHealthConsult\.gradle\5.6.4\fileHashes)" [_thread_blocked, id=1316, stack(0x57930000,0x57980000)]
  0x551c8c00 JavaThread "Cache worker for journal cache (C:\Users\TOSHIBA\.gradle\caches\journal-1)" [_thread_blocked, id=6720, stack(0x56710000,0x56760000)]
  0x551c8800 JavaThread "File lock request listener" [_thread_in_native, id=2340, stack(0x566c0000,0x56710000)]
  0x551cc000 JavaThread "Cache worker for file hash cache (C:\Users\TOSHIBA\.gradle\caches\5.6.4\fileHashes)" [_thread_blocked, id=3584, stack(0x56570000,0x565c0000)]
  0x54c33c00 JavaThread "Thread-9" [_thread_blocked, id=4100, stack(0x56420000,0x56470000)]
  0x54c32800 JavaThread "Asynchronous log dispatcher for DefaultDaemonConnection: socket connection from /127.0.0.1:49857 to /127.0.0.1:49858" [_thread_blocked, id=1872, stack(0x56380000,0x563d0000)]
  0x54c32000 JavaThread "Daemon worker" [_thread_in_Java, id=5132, stack(0x56330000,0x56380000)]
  0x53d30400 JavaThread "Cancel handler" [_thread_blocked, id=3560, stack(0x562e0000,0x56330000)]
  0x5141f400 JavaThread "Handler for socket connection from /127.0.0.1:49857 to /127.0.0.1:49858" [_thread_in_native, id=6076, stack(0x56290000,0x562e0000)]
  0x53d69c00 JavaThread "Daemon" [_thread_blocked, id=3912, stack(0x56240000,0x56290000)]
  0x5145e800 JavaThread "Daemon periodic checks" [_thread_blocked, id=5212, stack(0x561f0000,0x56240000)]
  0x54ca4400 JavaThread "Incoming local TCP Connector on port 49857" [_thread_in_native, id=5004, stack(0x55f60000,0x55fb0000)]
  0x53dcf800 JavaThread "Daemon health stats" [_thread_blocked, id=3344, stack(0x55ad0000,0x55b20000)]
  0x5138b000 JavaThread "Service Thread" daemon [_thread_blocked, id=1384, stack(0x53c60000,0x53cb0000)]
  0x51362c00 JavaThread "C1 CompilerThread1" daemon [_thread_blocked, id=7876, stack(0x53c10000,0x53c60000)]
=>0x51345400 JavaThread "C2 CompilerThread0" daemon [_thread_in_native, id=3392, stack(0x53bc0000,0x53c10000)]
  0x51341c00 JavaThread "Attach Listener" daemon [_thread_blocked, id=7940, stack(0x53b70000,0x53bc0000)]
  0x51341000 JavaThread "Signal Dispatcher" daemon [_thread_blocked, id=8052, stack(0x51680000,0x516d0000)]
  0x51325800 JavaThread "Finalizer" daemon [_thread_blocked, id=6344, stack(0x51500000,0x51550000)]
  0x5131f000 JavaThread "Reference Handler" daemon [_thread_blocked, id=7728, stack(0x514b0000,0x51500000)]
  0x016bc400 JavaThread "main" [_thread_blocked, id=7736, stack(0x00430000,0x00480000)]

Other Threads:
  0x51308c00 VMThread [stack: 0x51460000,0x514b0000] [id=7476]
  0x5138cc00 WatcherThread [stack: 0x53cb0000,0x53d00000] [id=3636]

VM state:not at safepoint (normal execution)

VM Mutex/Monitor currently owned by a thread: None

Heap:
 PSYoungGen      total 110592K, used 85581K [0x3b6c0000, 0x42f80000, 0x50c00000)
  eden space 97536K, 86% used [0x3b6c0000,0x409917a8,0x41600000)
  from space 13056K, 5% used [0x41600000,0x416c2020,0x422c0000)
  to   space 13056K, 0% used [0x422c0000,0x422c0000,0x42f80000)
 ParOldGen       total 69632K, used 43149K [0x10c00000, 0x15000000, 0x3b6c0000)
  object space 69632K, 61% used [0x10c00000,0x13623778,0x15000000)
 Metaspace       used 54840K, capacity 56333K, committed 56448K, reserved 56704K

Card table byte_map: [0x50c00000,0x50e10000] byte_map_base: 0x50b7a000

Marking Bits: (ParMarkBitMap*) 0x792c8620
 Begin Bits: [0x51710000, 0x52710000)
 End Bits:   [0x52710000, 0x53710000)

Polling page: 0x00580000

CodeCache: size=245760Kb used=34225Kb max_used=34225Kb free=211535Kb
 bounds [0x016c0000, 0x03848000, 0x106c0000]
 total_blobs=13279 nmethods=12801 adapters=390
 compilation: enabled

Compilation events (10 events):
Event: 183.779 Thread 0x51362c00 14910       2       java.util.concurrent.TimeUnit$4::convert (6 bytes)
Event: 183.779 Thread 0x51362c00 nmethod 14910 0x03830d88 code [0x03830ea0, 0x03830f8c]
Event: 183.784 Thread 0x51362c00 14911       2       org.gradle.internal.instantiation.AbstractClassGenerator$GeneratedClassImpl$GeneratedConstructorImpl::newInstance (18 bytes)
Event: 183.784 Thread 0x51362c00 nmethod 14911 0x03831008 code [0x03831120, 0x0383122c]
Event: 183.789 Thread 0x51362c00 14912       2       java.util.Spliterators$IteratorSpliterator::forEachRemaining (58 bytes)
Event: 183.790 Thread 0x51362c00 nmethod 14912 0x03831308 code [0x03831440, 0x03831630]
Event: 183.790 Thread 0x51362c00 14913       2       java.util.Iterator::forEachRemaining (30 bytes)
Event: 183.790 Thread 0x51362c00 nmethod 14913 0x03831748 code [0x038318a0, 0x03831a90]
Event: 183.807 Thread 0x51362c00 14915       2       java.util.stream.StreamSpliterators$AbstractWrappingSpliterator::init (29 bytes)
Event: 183.807 Thread 0x51362c00 nmethod 14915 0x03831c08 code [0x03831d20, 0x03831e8c]

GC Heap History (10 events):
Event: 178.971 GC heap before
{Heap before GC invocations=61 (full 3):
 PSYoungGen      total 86528K, used 80576K [0x3b6c0000, 0x422c0000, 0x50c00000)
  eden space 72960K, 100% used [0x3b6c0000,0x3fe00000,0x3fe00000)
  from space 13568K, 56% used [0x3fe00000,0x405702e8,0x40b40000)
  to   space 13312K, 0% used [0x415c0000,0x415c0000,0x422c0000)
 ParOldGen       total 54016K, used 47904K [0x10c00000, 0x140c0000, 0x3b6c0000)
  object space 54016K, 88% used [0x10c00000,0x13ac8150,0x140c0000)
 Metaspace       used 54589K, capacity 56150K, committed 56192K, reserved 56704K
Event: 179.027 GC heap after
Heap after GC invocations=61 (full 3):
 PSYoungGen      total 97280K, used 3212K [0x3b6c0000, 0x42380000, 0x50c00000)
  eden space 83968K, 0% used [0x3b6c0000,0x3b6c0000,0x408c0000)
  from space 13312K, 24% used [0x415c0000,0x418e3080,0x422c0000)
  to   space 13312K, 0% used [0x408c0000,0x408c0000,0x415c0000)
 ParOldGen       total 54016K, used 50779K [0x10c00000, 0x140c0000, 0x3b6c0000)
  object space 54016K, 94% used [0x10c00000,0x13d96d80,0x140c0000)
 Metaspace       used 54589K, capacity 56150K, committed 56192K, reserved 56704K
}
Event: 179.027 GC heap before
{Heap before GC invocations=62 (full 4):
 PSYoungGen      total 97280K, used 3212K [0x3b6c0000, 0x42380000, 0x50c00000)
  eden space 83968K, 0% used [0x3b6c0000,0x3b6c0000,0x408c0000)
  from space 13312K, 24% used [0x415c0000,0x418e3080,0x422c0000)
  to   space 13312K, 0% used [0x408c0000,0x408c0000,0x415c0000)
 ParOldGen       total 54016K, used 50779K [0x10c00000, 0x140c0000, 0x3b6c0000)
  object space 54016K, 94% used [0x10c00000,0x13d96d80,0x140c0000)
 Metaspace       used 54589K, capacity 56150K, committed 56192K, reserved 56704K
Event: 179.487 GC heap after
Heap after GC invocations=62 (full 4):
 PSYoungGen      total 97280K, used 0K [0x3b6c0000, 0x42380000, 0x50c00000)
  eden space 83968K, 0% used [0x3b6c0000,0x3b6c0000,0x408c0000)
  from space 13312K, 0% used [0x415c0000,0x415c0000,0x422c0000)
  to   space 13312K, 0% used [0x408c0000,0x408c0000,0x415c0000)
 ParOldGen       total 69632K, used 42538K [0x10c00000, 0x15000000, 0x3b6c0000)
  object space 69632K, 61% used [0x10c00000,0x1358aa30,0x15000000)
 Metaspace       used 54587K, capacity 56145K, committed 56192K, reserved 56704K
}
Event: 180.401 GC heap before
{Heap before GC invocations=63 (full 4):
 PSYoungGen      total 97280K, used 83968K [0x3b6c0000, 0x42380000, 0x50c00000)
  eden space 83968K, 100% used [0x3b6c0000,0x408c0000,0x408c0000)
  from space 13312K, 0% used [0x415c0000,0x415c0000,0x422c0000)
  to   space 13312K, 0% used [0x408c0000,0x408c0000,0x415c0000)
 ParOldGen       total 69632K, used 42538K [0x10c00000, 0x15000000, 0x3b6c0000)
  object space 69632K, 61% used [0x10c00000,0x1358aa30,0x15000000)
 Metaspace       used 54613K, capacity 56190K, committed 56192K, reserved 56704K
Event: 180.413 GC heap after
Heap after GC invocations=63 (full 4):
 PSYoungGen      total 97280K, used 688K [0x3b6c0000, 0x42fc0000, 0x50c00000)
  eden space 83968K, 0% used [0x3b6c0000,0x3b6c0000,0x408c0000)
  from space 13312K, 5% used [0x408c0000,0x4096c010,0x415c0000)
  to   space 13312K, 0% used [0x422c0000,0x422c0000,0x42fc0000)
 ParOldGen       total 69632K, used 42538K [0x10c00000, 0x15000000, 0x3b6c0000)
  object space 69632K, 61% used [0x10c00000,0x1358aa30,0x15000000)
 Metaspace       used 54613K, capacity 56190K, committed 56192K, reserved 56704K
}
Event: 181.234 GC heap before
{Heap before GC invocations=64 (full 4):
 PSYoungGen      total 97280K, used 84656K [0x3b6c0000, 0x42fc0000, 0x50c00000)
  eden space 83968K, 100% used [0x3b6c0000,0x408c0000,0x408c0000)
  from space 13312K, 5% used [0x408c0000,0x4096c010,0x415c0000)
  to   space 13312K, 0% used [0x422c0000,0x422c0000,0x42fc0000)
 ParOldGen       total 69632K, used 42538K [0x10c00000, 0x15000000, 0x3b6c0000)
  object space 69632K, 61% used [0x10c00000,0x1358aa30,0x15000000)
 Metaspace       used 54635K, capacity 56192K, committed 56320K, reserved 56704K
Event: 181.262 GC heap after
Heap after GC invocations=64 (full 4):
 PSYoungGen      total 110592K, used 2600K [0x3b6c0000, 0x42f80000, 0x50c00000)
  eden space 97536K, 0% used [0x3b6c0000,0x3b6c0000,0x41600000)
  from space 13056K, 19% used [0x422c0000,0x4254a018,0x42f80000)
  to   space 13056K, 0% used [0x41600000,0x41600000,0x422c0000)
 ParOldGen       total 69632K, used 42538K [0x10c00000, 0x15000000, 0x3b6c0000)
  object space 69632K, 61% used [0x10c00000,0x1358aa30,0x15000000)
 Metaspace       used 54635K, capacity 56192K, committed 56320K, reserved 56704K
}
Event: 182.682 GC heap before
{Heap before GC invocations=65 (full 4):
 PSYoungGen      total 110592K, used 100136K [0x3b6c0000, 0x42f80000, 0x50c00000)
  eden space 97536K, 100% used [0x3b6c0000,0x41600000,0x41600000)
  from space 13056K, 19% used [0x422c0000,0x4254a018,0x42f80000)
  to   space 13056K, 0% used [0x41600000,0x41600000,0x422c0000)
 ParOldGen       total 69632K, used 42538K [0x10c00000, 0x15000000, 0x3b6c0000)
  object space 69632K, 61% used [0x10c00000,0x1358aa30,0x15000000)
 Metaspace       used 54750K, capacity 56296K, committed 56320K, reserved 56704K
Event: 182.699 GC heap after
Heap after GC invocations=65 (full 4):
 PSYoungGen      total 110592K, used 776K [0x3b6c0000, 0x42f80000, 0x50c00000)
  eden space 97536K, 0% used [0x3b6c0000,0x3b6c0000,0x41600000)
  from space 13056K, 5% used [0x41600000,0x416c2020,0x422c0000)
  to   space 13056K, 0% used [0x422c0000,0x422c0000,0x42f80000)
 ParOldGen       total 69632K, used 43149K [0x10c00000, 0x15000000, 0x3b6c0000)
  object space 69632K, 61% used [0x10c00000,0x13623778,0x15000000)
 Metaspace       used 54750K, capacity 56296K, committed 56320K, reserved 56704K
}

Deoptimization events (10 events):
Event: 178.001 Thread 0x54c32000 Uncommon trap: reason=array_check action=maybe_recompile pc=0x0369553c method=java.util.TimSort.binarySort([Ljava/lang/Object;IIILjava/util/Comparator;)V @ 183
Event: 178.139 Thread 0x54c32000 Uncommon trap: reason=unstable_if action=reinterpret pc=0x032a4b2c method=com.android.tools.r8.v.a.a.a.h.T0.a(Ljava/lang/Object;)I @ 52
Event: 178.293 Thread 0x54c32000 Uncommon trap: reason=unstable_if action=reinterpret pc=0x01f69bb4 method=java.util.Arrays.equals([Ljava/lang/Object;[Ljava/lang/Object;)Z @ 47
Event: 178.647 Thread 0x56ee9c00 Uncommon trap: reason=unstable_if action=reinterpret pc=0x0332ffc8 method=com.android.tools.r8.ir.regalloc.a.compareTo(Ljava/lang/Object;)I @ 81
Event: 180.171 Thread 0x56ee9c00 Uncommon trap: reason=unstable_if action=reinterpret pc=0x036e42ec method=com.android.tools.r8.ir.regalloc.LinearScanRegisterAllocator.a(Lcom/android/tools/r8/ir/regalloc/LinearScanRegisterAllocator$a;Z)Lcom/android/tools/r8/ir/regalloc/LinearScanRegister
Event: 182.468 Thread 0x56ee9c00 Uncommon trap: reason=bimorphic action=maybe_recompile pc=0x02c5f034 method=java.io.BufferedOutputStream.flushBuffer()V @ 20
Event: 182.628 Thread 0x56ee9c00 Uncommon trap: reason=unstable_if action=reinterpret pc=0x0353ea98 method=com.android.tools.r8.u.c.M.a(ILcom/android/tools/r8/u/b/j1;Lcom/android/tools/r8/u/b/l;Lcom/android/tools/r8/u/b/l$c;Lcom/android/tools/r8/u/b/M0$a;)Lcom/android/tools/r8/u/b/g1; @ 
Event: 182.790 Thread 0x56ee9c00 Uncommon trap: reason=bimorphic action=maybe_recompile pc=0x02c5f034 method=java.io.BufferedOutputStream.flushBuffer()V @ 20
Event: 183.138 Thread 0x54c32000 Uncommon trap: reason=bimorphic action=maybe_recompile pc=0x02c5f034 method=java.io.BufferedOutputStream.flushBuffer()V @ 20
Event: 183.489 Thread 0x56ee9c00 Uncommon trap: reason=bimorphic action=maybe_recompile pc=0x02c5f034 method=java.io.BufferedOutputStream.flushBuffer()V @ 20

Classes redefined (0 events):
No events

Internal exceptions (10 events):
Event: 183.363 Thread 0x56ee9c00 Exception <a 'sun/nio/fs/WindowsException'> (0x3ccd1fd0) thrown at [D:\src\AOSP-openjdk-cygwin\jdk8u\hotspot\src\share\vm\prims\jni.cpp, line 710]
Event: 183.453 Thread 0x54c32000 Exception <a 'sun/nio/fs/WindowsException'> (0x3c86b8a0) thrown at [D:\src\AOSP-openjdk-cygwin\jdk8u\hotspot\src\share\vm\prims\jni.cpp, line 710]
Event: 183.478 Thread 0x56ee9c00 Exception <a 'sun/nio/fs/WindowsException'> (0x3cceef08) thrown at [D:\src\AOSP-openjdk-cygwin\jdk8u\hotspot\src\share\vm\prims\jni.cpp, line 710]
Event: 183.498 Thread 0x54c32000 Exception <a 'sun/nio/fs/WindowsException'> (0x3cd96398) thrown at [D:\src\AOSP-openjdk-cygwin\jdk8u\hotspot\src\share\vm\prims\jni.cpp, line 710]
Event: 183.534 Thread 0x54c32000 Exception <a 'sun/nio/fs/WindowsException'> (0x3cfd8998) thrown at [D:\src\AOSP-openjdk-cygwin\jdk8u\hotspot\src\share\vm\prims\jni.cpp, line 710]
Event: 183.579 Thread 0x56ee9c00 Exception <a 'sun/nio/fs/WindowsException'> (0x3d05f5c8) thrown at [D:\src\AOSP-openjdk-cygwin\jdk8u\hotspot\src\share\vm\prims\jni.cpp, line 710]
Event: 183.717 Thread 0x56ee9c00 Exception <a 'sun/nio/fs/WindowsException'> (0x3dd0b6a0) thrown at [D:\src\AOSP-openjdk-cygwin\jdk8u\hotspot\src\share\vm\prims\jni.cpp, line 710]
Event: 183.744 Thread 0x54c32000 Exception <a 'sun/nio/fs/WindowsException'> (0x3db3e4a8) thrown at [D:\src\AOSP-openjdk-cygwin\jdk8u\hotspot\src\share\vm\prims\jni.cpp, line 710]
Event: 183.767 Thread 0x56ee9c00 Exception <a 'sun/nio/fs/WindowsException'> (0x3dd2cd48) thrown at [D:\src\AOSP-openjdk-cygwin\jdk8u\hotspot\src\share\vm\prims\jni.cpp, line 710]
Event: 183.788 Thread 0x54c32000 Exception <a 'sun/nio/fs/WindowsException'> (0x3db86dd8) thrown at [D:\src\AOSP-openjdk-cygwin\jdk8u\hotspot\src\share\vm\prims\jni.cpp, line 710]

Events (10 events):
Event: 183.138 Thread 0x54c32000 DEOPT UNPACKING pc=0x016fabbc sp=0x5637c4f4 mode 2
Event: 183.299 Thread 0x54c32000 DEOPT PACKING pc=0x036d50ed sp=0x5637bfb0
Event: 183.299 Thread 0x54c32000 DEOPT UNPACKING pc=0x016fc2f5 sp=0x5637be80 mode 0
Event: 183.488 Thread 0x56ee9c00 Uncommon trap: trap_request=0xffffffc6 fr.pc=0x02c5f034
Event: 183.488 Executing VM operation: RevokeBias
Event: 183.489 Executing VM operation: RevokeBias done
Event: 183.489 Thread 0x56ee9c00 DEOPT PACKING pc=0x02c5f034 sp=0x5641dcc0
Event: 183.489 Thread 0x56ee9c00 DEOPT UNPACKING pc=0x016fabbc sp=0x5641dc74 mode 2
Event: 183.649 Thread 0x56ee9c00 DEOPT PACKING pc=0x03789e9d sp=0x5641d4a0
Event: 183.649 Thread 0x56ee9c00 DEOPT UNPACKING pc=0x016fc2f5 sp=0x5641d3b8 mode 0


Dynamic libraries:
0x00480000 - 0x004ad000 	C:\Program Files\android-studio\jre\bin\java.exe
0x77610000 - 0x777a9000 	C:\WINDOWS\SYSTEM32\ntdll.dll
0x77570000 - 0x77608000 	C:\WINDOWS\System32\KERNEL32.DLL
0x75260000 - 0x7545d000 	C:\WINDOWS\System32\KERNELBASE.dll
0x72cb0000 - 0x72d4f000 	C:\WINDOWS\SYSTEM32\apphelp.dll
0x763f0000 - 0x76469000 	C:\WINDOWS\System32\ADVAPI32.dll
0x76880000 - 0x7693f000 	C:\WINDOWS\System32\msvcrt.dll
0x765f0000 - 0x76666000 	C:\WINDOWS\System32\sechost.dll
0x754d0000 - 0x75590000 	C:\WINDOWS\System32\RPCRT4.dll
0x76470000 - 0x765e8000 	C:\WINDOWS\System32\USER32.dll
0x748a0000 - 0x748bc000 	C:\WINDOWS\System32\win32u.dll
0x76190000 - 0x761b1000 	C:\WINDOWS\System32\GDI32.dll
0x75100000 - 0x75260000 	C:\WINDOWS\System32\gdi32full.dll
0x74e90000 - 0x74f0c000 	C:\WINDOWS\System32\msvcp_win.dll
0x74780000 - 0x748a0000 	C:\WINDOWS\System32\ucrtbase.dll
0x68860000 - 0x68a6f000 	C:\WINDOWS\WinSxS\x86_microsoft.windows.common-controls_6595b64144ccf1df_6.0.18362.1139_none_e62929aaf8dc83cc\COMCTL32.dll
0x757c0000 - 0x75a35000 	C:\WINDOWS\System32\combase.dll
0x746b0000 - 0x7470f000 	C:\WINDOWS\System32\bcryptPrimitives.dll
0x75e90000 - 0x75eb6000 	C:\WINDOWS\System32\IMM32.DLL
0x645c0000 - 0x6467f000 	C:\Program Files\android-studio\jre\jre\bin\msvcr100.dll
0x78d50000 - 0x79339000 	C:\Program Files\android-studio\jre\jre\bin\server\jvm.dll
0x76070000 - 0x76076000 	C:\WINDOWS\System32\PSAPI.DLL
0x67bb0000 - 0x67bb8000 	C:\WINDOWS\SYSTEM32\WSOCK32.dll
0x75760000 - 0x757be000 	C:\WINDOWS\System32\WS2_32.dll
0x72bc0000 - 0x72be4000 	C:\WINDOWS\SYSTEM32\WINMM.dll
0x6e7d0000 - 0x6e7d8000 	C:\WINDOWS\SYSTEM32\VERSION.dll
0x72b90000 - 0x72bb3000 	C:\WINDOWS\SYSTEM32\WINMMBASE.dll
0x750c0000 - 0x750fb000 	C:\WINDOWS\System32\cfgmgr32.dll
0x5d6d0000 - 0x5d6dc000 	C:\Program Files\android-studio\jre\jre\bin\verify.dll
0x51650000 - 0x51671000 	C:\Program Files\android-studio\jre\jre\bin\java.dll
0x516f0000 - 0x51704000 	C:\Program Files\android-studio\jre\jre\bin\zip.dll
0x76b70000 - 0x770ea000 	C:\WINDOWS\System32\SHELL32.dll
0x761d0000 - 0x76254000 	C:\WINDOWS\System32\shcore.dll
0x748c0000 - 0x74e81000 	C:\WINDOWS\System32\windows.storage.dll
0x74630000 - 0x7464b000 	C:\WINDOWS\System32\profapi.dll
0x74650000 - 0x74693000 	C:\WINDOWS\System32\powrprof.dll
0x74610000 - 0x7461d000 	C:\WINDOWS\System32\UMPDC.dll
0x76830000 - 0x76874000 	C:\WINDOWS\System32\shlwapi.dll
0x746a0000 - 0x746af000 	C:\WINDOWS\System32\kernel.appcore.dll
0x750a0000 - 0x750b3000 	C:\WINDOWS\System32\cryptsp.dll
0x5c7e0000 - 0x5c7f5000 	C:\Program Files\android-studio\jre\jre\bin\net.dll
0x75ec0000 - 0x7606a000 	C:\WINDOWS\System32\urlmon.dll
0x76940000 - 0x76b6a000 	C:\WINDOWS\System32\iertutil.dll
0x74140000 - 0x7414a000 	C:\WINDOWS\SYSTEM32\CRYPTBASE.DLL
0x73fc0000 - 0x74017000 	C:\WINDOWS\system32\mswsock.dll
0x5c7d0000 - 0x5c7df000 	C:\Program Files\android-studio\jre\jre\bin\nio.dll
0x6a7f0000 - 0x6a811000 	C:\Users\TOSHIBA\.gradle\native\30\windows-i386\native-platform.dll
0x5c700000 - 0x5c70a000 	C:\Program Files\android-studio\jre\jre\bin\management.dll
0x73bf0000 - 0x73c1f000 	C:\WINDOWS\system32\rsaenh.dll
0x74760000 - 0x7477b000 	C:\WINDOWS\System32\bcrypt.dll
0x74530000 - 0x7454e000 	C:\WINDOWS\SYSTEM32\USERENV.dll
0x73d50000 - 0x73d82000 	C:\WINDOWS\SYSTEM32\IPHLPAPI.DLL
0x754c0000 - 0x754c7000 	C:\WINDOWS\System32\NSI.dll
0x6cee0000 - 0x6cef3000 	C:\WINDOWS\SYSTEM32\dhcpcsvc6.DLL
0x6d3b0000 - 0x6d3c5000 	C:\WINDOWS\SYSTEM32\dhcpcsvc.DLL
0x73da0000 - 0x73e34000 	C:\WINDOWS\SYSTEM32\DNSAPI.dll
0x65da0000 - 0x65f2f000 	C:\WINDOWS\SYSTEM32\dbghelp.dll

VM Arguments:
jvm_args: -Xmx1024m -Dfile.encoding=windows-1252 -Duser.country=US -Duser.language=en -Duser.variant 
java_command: org.gradle.launcher.daemon.bootstrap.GradleDaemon 5.6.4
java_class_path (initial): C:\Users\TOSHIBA\.gradle\wrapper\dists\gradle-5.6.4-all\ankdp27end7byghfw1q2sw75f\gradle-5.6.4\lib\gradle-launcher-5.6.4.jar
Launcher Type: SUN_STANDARD

Environment Variables:
JAVA_HOME=C:\Program Files\Java;C:\Program Files\Java\jdk1.8.0_211;C:\Program Files\Java\jdk1.8.0_211\bin
PATH=C:\WINDOWS\System32;C:\Users\TOSHIBA\AppData\Roaming\npm;%USERPROFILE%\AppData\Local\Microsoft\WindowsApps;
USERNAME=TOSHIBA
OS=Windows_NT
PROCESSOR_IDENTIFIER=x86 Family 6 Model 23 Stepping 10, GenuineIntel



---------------  S Y S T E M  ---------------

OS: Windows 10.0 Build 18362 (10.0.18362.1110)

CPU:total 2 (initial active 2) (2 cores per cpu, 1 threads per core) family 6 model 23 stepping 10, cmov, cx8, fxsr, mmx, sse, sse2, sse3, ssse3, sse4.1, tsc

Memory: 4k page, physical 2095092k(128428k free), swap 3119092k(4564k free)

vm_info: OpenJDK Server VM (25.212-b04) for windows-x86 JRE (1.8.0_212-release-1586-b04), built by "builder" with MS VC++ 10.0 (VS2010)

time: Sat Mar 13 23:16:22 2021
timezone: China Standard Time
elapsed time: 184 seconds (0d 0h 3m 4s)

