#
# There is insufficient memory for the Java Runtime Environment to continue.
# Native memory allocation (malloc) failed to allocate 790472 bytes for Chunk::new
# Possible reasons:
#   The system is out of physical RAM or swap space
#   In 32 bit mode, the process size limit was hit
# Possible solutions:
#   Reduce memory load on the system
#   Increase physical memory or swap space
#   Check if swap backing store is full
#   Use 64 bit Java on a 64 bit OS
#   Decrease Java heap size (-Xmx/-Xms)
#   Decrease number of Java threads
#   Decrease Java thread stack sizes (-Xss)
#   Set larger code cache with -XX:ReservedCodeCacheSize=
# This output file may be truncated or incomplete.
#
#  Out of Memory Error (allocation.cpp:389), pid=1716, tid=0x00000ce4
#
# JRE version: OpenJDK Runtime Environment (8.0_212-b04) (build 1.8.0_212-release-1586-b04)
# Java VM: OpenJDK Server VM (25.212-b04 mixed mode windows-x86 )
# Failed to write core dump. Minidumps are not enabled by default on client versions of Windows
#

---------------  T H R E A D  ---------------

Current thread (0x53ab6000):  JavaThread "C2 CompilerThread0" daemon [_thread_in_native, id=3300, stack(0x53d20000,0x53d70000)]

Stack: [0x53d20000,0x53d70000],  sp=0x53d6dee0,  free space=311k
Native frames: (J=compiled Java code, j=interpreted, Vv=VM code, C=native code)
V  [jvm.dll+0x1a67db]
V  [jvm.dll+0x19ed58]
V  [jvm.dll+0x7d871]
V  [jvm.dll+0x7dd77]
V  [jvm.dll+0x31fa52]
V  [jvm.dll+0x2f6afd]
V  [jvm.dll+0x2ff1a7]
V  [jvm.dll+0x3008eb]
V  [jvm.dll+0x2ea216]
V  [jvm.dll+0x60e47]
V  [jvm.dll+0x615ef]
V  [jvm.dll+0x177ab0]
V  [jvm.dll+0x1782eb]
V  [jvm.dll+0x1b8e46]
C  [msvcr100.dll+0x5c556]
C  [msvcr100.dll+0x5c600]
C  [KERNEL32.DLL+0x223d9]
C  [ntdll.dll+0x5e6cb]
C  [ntdll.dll+0x5e69f]
C  0x00000000


Current CompileTask:
C2:  24421 7744       4       com.sun.org.apache.xerces.internal.impl.XMLNSDocumentScannerImpl::scanStartElement (1026 bytes)


---------------  P R O C E S S  ---------------

Java Threads: ( => current thread )
  0x57415400 JavaThread "Cache worker for execution history cache (C:\Users\TOSHIBA\AndroidStudioProjects\TaguigHealthConsult\.gradle\5.6.4\executionHistory)" [_thread_blocked, id=4692, stack(0x5a9d0000,0x5aa20000)]
  0x57416800 JavaThread "Execution worker for ':'" [_thread_blocked, id=3468, stack(0x5a520000,0x5a570000)]
  0x57411c00 JavaThread "Cache worker for file content cache (C:\Users\TOSHIBA\AndroidStudioProjects\TaguigHealthConsult\.gradle\5.6.4\fileContent)" [_thread_blocked, id=5584, stack(0x5a4d0000,0x5a520000)]
  0x57411800 JavaThread "Cache worker for file content cache (C:\Users\TOSHIBA\.gradle\caches\5.6.4\fileContent)" [_thread_blocked, id=7244, stack(0x5a580000,0x5a5d0000)]
  0x57418800 JavaThread "Memory manager" [_thread_blocked, id=7280, stack(0x5a140000,0x5a190000)]
  0x57415c00 JavaThread "Cache worker for Build Output Cleanup Cache (C:\Users\TOSHIBA\AndroidStudioProjects\TaguigHealthConsult\.gradle\buildOutputCleanup)" [_thread_blocked, id=8040, stack(0x58d20000,0x58d70000)]
  0x57412400 JavaThread "pool-1-thread-1" [_thread_blocked, id=1896, stack(0x58890000,0x588e0000)]
  0x57411000 JavaThread "Build operations Thread 2" [_thread_blocked, id=1164, stack(0x58740000,0x58790000)]
  0x554fbc00 JavaThread "Build operations" [_thread_blocked, id=6820, stack(0x583f0000,0x58440000)]
  0x554fb000 JavaThread "Cache worker for execution history cache (C:\Users\TOSHIBA\.gradle\caches\5.6.4\executionHistory)" [_thread_blocked, id=6096, stack(0x583a0000,0x583f0000)]
  0x554f9000 JavaThread "Cache worker for cache directory md-rule (C:\Users\TOSHIBA\.gradle\caches\5.6.4\md-rule)" [_thread_blocked, id=5592, stack(0x57ae0000,0x57b30000)]
  0x554f8800 JavaThread "Cache worker for cache directory md-supplier (C:\Users\TOSHIBA\.gradle\caches\5.6.4\md-supplier)" [_thread_blocked, id=7332, stack(0x57a90000,0x57ae0000)]
  0x554f9800 JavaThread "Cache worker for file hash cache (C:\Users\TOSHIBA\AndroidStudioProjects\TaguigHealthConsult\.gradle\5.6.4\fileHashes)" [_thread_blocked, id=3664, stack(0x57b30000,0x57b80000)]
  0x554fb400 JavaThread "Cache worker for journal cache (C:\Users\TOSHIBA\.gradle\caches\journal-1)" [_thread_blocked, id=6684, stack(0x56870000,0x568c0000)]
  0x554fa800 JavaThread "File lock request listener" [_thread_in_native, id=5192, stack(0x56820000,0x56870000)]
  0x554f9c00 JavaThread "Cache worker for file hash cache (C:\Users\TOSHIBA\.gradle\caches\5.6.4\fileHashes)" [_thread_blocked, id=4200, stack(0x566d0000,0x56720000)]
  0x5540c400 JavaThread "Thread-9" [_thread_blocked, id=7636, stack(0x56580000,0x565d0000)]
  0x55407400 JavaThread "Stdin handler" [_thread_blocked, id=8104, stack(0x56530000,0x56580000)]
  0x55406800 JavaThread "Asynchronous log dispatcher for DefaultDaemonConnection: socket connection from /127.0.0.1:50947 to /127.0.0.1:50948" [_thread_blocked, id=3200, stack(0x564e0000,0x56530000)]
  0x55405800 JavaThread "Daemon worker" [_thread_in_native, id=5680, stack(0x56490000,0x564e0000)]
  0x55405400 JavaThread "Cancel handler" [_thread_blocked, id=6548, stack(0x56440000,0x56490000)]
  0x553b7400 JavaThread "Handler for socket connection from /127.0.0.1:50947 to /127.0.0.1:50948" [_thread_in_native, id=7064, stack(0x563f0000,0x56440000)]
  0x553b7000 JavaThread "Daemon" [_thread_blocked, id=3344, stack(0x563a0000,0x563f0000)]
  0x553be400 JavaThread "Daemon periodic checks" [_thread_blocked, id=8136, stack(0x56350000,0x563a0000)]
  0x55399000 JavaThread "Incoming local TCP Connector on port 50947" [_thread_in_native, id=5740, stack(0x560c0000,0x56110000)]
  0x55341400 JavaThread "Daemon health stats" [_thread_blocked, id=6100, stack(0x55c30000,0x55c80000)]
  0x53ab0800 JavaThread "Service Thread" daemon [_thread_blocked, id=4124, stack(0x53dc0000,0x53e10000)]
  0x53ab7400 JavaThread "C1 CompilerThread1" daemon [_thread_blocked, id=3620, stack(0x53d70000,0x53dc0000)]
=>0x53ab6000 JavaThread "C2 CompilerThread0" daemon [_thread_in_native, id=3300, stack(0x53d20000,0x53d70000)]
  0x53ab2400 JavaThread "Attach Listener" daemon [_thread_blocked, id=7584, stack(0x53cd0000,0x53d20000)]
  0x53ab1800 JavaThread "Signal Dispatcher" daemon [_thread_blocked, id=232, stack(0x10da0000,0x10df0000)]
  0x53a95800 JavaThread "Finalizer" daemon [_thread_blocked, id=7524, stack(0x10d50000,0x10da0000)]
  0x53a8f000 JavaThread "Reference Handler" daemon [_thread_blocked, id=7116, stack(0x10d00000,0x10d50000)]
  0x017ec400 JavaThread "main" [_thread_blocked, id=6468, stack(0x01690000,0x016e0000)]

Other Threads:
  0x53a79400 VMThread [stack: 0x10cb0000,0x10d00000] [id=3216]
  0x53ab1000 WatcherThread [stack: 0x53e10000,0x53e60000] [id=6840]

VM state:not at safepoint (normal execution)

VM Mutex/Monitor currently owned by a thread: None

Heap:
 PSYoungGen      total 143616K, used 64321K [0x3b8c0000, 0x458c0000, 0x50e00000)
  eden space 128000K, 38% used [0x3b8c0000,0x3e8530a8,0x435c0000)
  from space 15616K, 99% used [0x435c0000,0x444fd708,0x44500000)
  to   space 13824K, 0% used [0x44500000,0x44500000,0x45280000)
 ParOldGen       total 41984K, used 29306K [0x10e00000, 0x13700000, 0x3b8c0000)
  object space 41984K, 69% used [0x10e00000,0x12a9e9f0,0x13700000)
 Metaspace       used 40264K, capacity 41340K, committed 41344K, reserved 41344K

Card table byte_map: [0x50e00000,0x51010000] byte_map_base: 0x50d79000

Marking Bits: (ParMarkBitMap*) 0x7bfd8620
 Begin Bits: [0x51170000, 0x52170000)
 End Bits:   [0x52170000, 0x53170000)

Polling page: 0x016e0000

CodeCache: size=245760Kb used=17314Kb max_used=17316Kb free=228445Kb
 bounds [0x018f0000, 0x029f0000, 0x108f0000]
 total_blobs=7477 nmethods=7008 adapters=382
 compilation: enabled

Compilation events (10 events):
Event: 24.169 Thread 0x53ab7400 7868   !   2       com.sun.org.apache.xerces.internal.parsers.AbstractSAXParser::setEntityResolver (121 bytes)
Event: 24.170 Thread 0x53ab7400 nmethod 7868 0x029e3608 code [0x029e37c0, 0x029e3d10]
Event: 24.172 Thread 0x53ab7400 7869       2       com.android.ide.common.resources.configuration.CountryCodeQualifier::checkAndSet (18 bytes)
Event: 24.173 Thread 0x53ab7400 nmethod 7869 0x01a11c08 code [0x01a11d20, 0x01a11eec]
Event: 24.173 Thread 0x53ab7400 7870   !   2       com.android.ide.common.resources.configuration.NetworkCodeQualifier::checkAndSet (60 bytes)
Event: 24.174 Thread 0x53ab7400 nmethod 7870 0x01a1f4c8 code [0x01a1f620, 0x01a1f890]
Event: 24.187 Thread 0x53ab7400 7871   !   2       sun.reflect.GeneratedConstructorAccessor49::newInstance (49 bytes)
Event: 24.188 Thread 0x53ab7400 nmethod 7871 0x01a1edc8 code [0x01a1ef20, 0x01a1f250]
Event: 24.198 Thread 0x53ab7400 7872   !   2       sun.reflect.GeneratedConstructorAccessor50::newInstance (49 bytes)
Event: 24.199 Thread 0x53ab7400 nmethod 7872 0x01a1e608 code [0x01a1e760, 0x01a1ea9c]

GC Heap History (10 events):
Event: 11.775 GC heap before
{Heap before GC invocations=13 (full 1):
 PSYoungGen      total 108800K, used 77285K [0x3b8c0000, 0x435c0000, 0x50e00000)
  eden space 99584K, 69% used [0x3b8c0000,0x3fc4b820,0x41a00000)
  from space 9216K, 88% used [0x41a00000,0x421edc60,0x42300000)
  to   space 10240K, 0% used [0x42bc0000,0x42bc0000,0x435c0000)
 ParOldGen       total 29696K, used 13149K [0x10e00000, 0x12b00000, 0x3b8c0000)
  object space 29696K, 44% used [0x10e00000,0x11ad74b8,0x12b00000)
 Metaspace       used 26738K, capacity 27302K, committed 27308K, reserved 28032K
Event: 11.815 GC heap after
Heap after GC invocations=13 (full 1):
 PSYoungGen      total 116480K, used 8967K [0x3b8c0000, 0x44dc0000, 0x50e00000)
  eden space 106240K, 0% used [0x3b8c0000,0x3b8c0000,0x42080000)
  from space 10240K, 87% used [0x42bc0000,0x43481e88,0x435c0000)
  to   space 11520K, 0% used [0x42080000,0x42080000,0x42bc0000)
 ParOldGen       total 29696K, used 15224K [0x10e00000, 0x12b00000, 0x3b8c0000)
  object space 29696K, 51% used [0x10e00000,0x11cde268,0x12b00000)
 Metaspace       used 26738K, capacity 27302K, committed 27308K, reserved 28032K
}
Event: 11.815 GC heap before
{Heap before GC invocations=14 (full 2):
 PSYoungGen      total 116480K, used 8967K [0x3b8c0000, 0x44dc0000, 0x50e00000)
  eden space 106240K, 0% used [0x3b8c0000,0x3b8c0000,0x42080000)
  from space 10240K, 87% used [0x42bc0000,0x43481e88,0x435c0000)
  to   space 11520K, 0% used [0x42080000,0x42080000,0x42bc0000)
 ParOldGen       total 29696K, used 15224K [0x10e00000, 0x12b00000, 0x3b8c0000)
  object space 29696K, 51% used [0x10e00000,0x11cde268,0x12b00000)
 Metaspace       used 26738K, capacity 27302K, committed 27308K, reserved 28032K
Event: 12.015 GC heap after
Heap after GC invocations=14 (full 2):
 PSYoungGen      total 116480K, used 0K [0x3b8c0000, 0x44dc0000, 0x50e00000)
  eden space 106240K, 0% used [0x3b8c0000,0x3b8c0000,0x42080000)
  from space 10240K, 0% used [0x42bc0000,0x42bc0000,0x435c0000)
  to   space 11520K, 0% used [0x42080000,0x42080000,0x42bc0000)
 ParOldGen       total 41984K, used 18007K [0x10e00000, 0x13700000, 0x3b8c0000)
  object space 41984K, 42% used [0x10e00000,0x11f95f98,0x13700000)
 Metaspace       used 26738K, capacity 27302K, committed 27308K, reserved 28032K
}
Event: 15.086 GC heap before
{Heap before GC invocations=15 (full 2):
 PSYoungGen      total 116480K, used 106240K [0x3b8c0000, 0x44dc0000, 0x50e00000)
  eden space 106240K, 100% used [0x3b8c0000,0x42080000,0x42080000)
  from space 10240K, 0% used [0x42bc0000,0x42bc0000,0x435c0000)
  to   space 11520K, 0% used [0x42080000,0x42080000,0x42bc0000)
 ParOldGen       total 41984K, used 18007K [0x10e00000, 0x13700000, 0x3b8c0000)
  object space 41984K, 42% used [0x10e00000,0x11f95f98,0x13700000)
 Metaspace       used 33191K, capacity 33976K, committed 34048K, reserved 34176K
Event: 15.123 GC heap after
Heap after GC invocations=15 (full 2):
 PSYoungGen      total 117760K, used 11504K [0x3b8c0000, 0x45280000, 0x50e00000)
  eden space 106240K, 0% used [0x3b8c0000,0x3b8c0000,0x42080000)
  from space 11520K, 99% used [0x42080000,0x42bbc068,0x42bc0000)
  to   space 13824K, 0% used [0x44500000,0x44500000,0x45280000)
 ParOldGen       total 41984K, used 19616K [0x10e00000, 0x13700000, 0x3b8c0000)
  object space 41984K, 46% used [0x10e00000,0x121282e8,0x13700000)
 Metaspace       used 33191K, capacity 33976K, committed 34048K, reserved 34176K
}
Event: 18.490 GC heap before
{Heap before GC invocations=16 (full 2):
 PSYoungGen      total 117760K, used 117744K [0x3b8c0000, 0x45280000, 0x50e00000)
  eden space 106240K, 100% used [0x3b8c0000,0x42080000,0x42080000)
  from space 11520K, 99% used [0x42080000,0x42bbc068,0x42bc0000)
  to   space 13824K, 0% used [0x44500000,0x44500000,0x45280000)
 ParOldGen       total 41984K, used 19616K [0x10e00000, 0x13700000, 0x3b8c0000)
  object space 41984K, 46% used [0x10e00000,0x121282e8,0x13700000)
 Metaspace       used 38416K, capacity 39477K, committed 39552K, reserved 40320K
Event: 18.586 GC heap after
Heap after GC invocations=16 (full 2):
 PSYoungGen      total 141824K, used 12251K [0x3b8c0000, 0x458c0000, 0x50e00000)
  eden space 128000K, 0% used [0x3b8c0000,0x3b8c0000,0x435c0000)
  from space 13824K, 88% used [0x44500000,0x450f6c78,0x45280000)
  to   space 15616K, 0% used [0x435c0000,0x435c0000,0x44500000)
 ParOldGen       total 41984K, used 26517K [0x10e00000, 0x13700000, 0x3b8c0000)
  object space 41984K, 63% used [0x10e00000,0x127e54a8,0x13700000)
 Metaspace       used 38416K, capacity 39477K, committed 39552K, reserved 40320K
}
Event: 23.006 GC heap before
{Heap before GC invocations=17 (full 2):
 PSYoungGen      total 141824K, used 140251K [0x3b8c0000, 0x458c0000, 0x50e00000)
  eden space 128000K, 100% used [0x3b8c0000,0x435c0000,0x435c0000)
  from space 13824K, 88% used [0x44500000,0x450f6c78,0x45280000)
  to   space 15616K, 0% used [0x435c0000,0x435c0000,0x44500000)
 ParOldGen       total 41984K, used 26517K [0x10e00000, 0x13700000, 0x3b8c0000)
  object space 41984K, 63% used [0x10e00000,0x127e54a8,0x13700000)
 Metaspace       used 40145K, capacity 41212K, committed 41216K, reserved 41344K
Event: 23.078 GC heap after
Heap after GC invocations=17 (full 2):
 PSYoungGen      total 143616K, used 15605K [0x3b8c0000, 0x458c0000, 0x50e00000)
  eden space 128000K, 0% used [0x3b8c0000,0x3b8c0000,0x435c0000)
  from space 15616K, 99% used [0x435c0000,0x444fd708,0x44500000)
  to   space 13824K, 0% used [0x44500000,0x44500000,0x45280000)
 ParOldGen       total 41984K, used 29306K [0x10e00000, 0x13700000, 0x3b8c0000)
  object space 41984K, 69% used [0x10e00000,0x12a9e9f0,0x13700000)
 Metaspace       used 40145K, capacity 41212K, committed 41216K, reserved 41344K
}

Deoptimization events (10 events):
Event: 22.240 Thread 0x55405800 Uncommon trap: reason=unstable_if action=reinterpret pc=0x01ad60bc method=sun.nio.cs.UTF_8$Decoder.decode([BII[C)I @ 30
Event: 22.870 Thread 0x55405800 Uncommon trap: reason=unstable_if action=reinterpret pc=0x0293df00 method=sun.nio.cs.UTF_8$Decoder.decode([BII[C)I @ 90
Event: 23.561 Thread 0x55405800 Uncommon trap: reason=unstable_if action=reinterpret pc=0x02999c98 method=com.sun.org.apache.xerces.internal.impl.XMLEntityScanner.arrangeCapacity(IZ)Z @ 59
Event: 23.584 Thread 0x55405800 Uncommon trap: reason=unstable_if action=reinterpret pc=0x021bb138 method=com.sun.org.apache.xerces.internal.impl.XMLEntityScanner.scanLiteral(ILcom/sun/org/apache/xerces/internal/xni/XMLString;Z)I @ 44
Event: 23.616 Thread 0x55405800 Uncommon trap: reason=unstable_if action=reinterpret pc=0x0294b4a0 method=com.sun.org.apache.xerces.internal.impl.XMLEntityScanner.scanContent(Lcom/sun/org/apache/xerces/internal/xni/XMLString;)I @ 44
Event: 23.626 Thread 0x55405800 Uncommon trap: reason=unstable_if action=reinterpret pc=0x01cc8570 method=com.sun.org.apache.xerces.internal.utils.XMLLimitAnalyzer.addValue(ILjava/lang/String;I)V @ 78
Event: 23.635 Thread 0x55405800 Uncommon trap: reason=unstable_if action=reinterpret pc=0x0294c630 method=com.sun.org.apache.xerces.internal.impl.XMLEntityScanner.peekChar()I @ 14
Event: 23.673 Thread 0x55405800 Uncommon trap: reason=unstable_if action=reinterpret pc=0x02942ad4 method=com.sun.org.apache.xerces.internal.impl.XMLEntityScanner.skipSpaces()Z @ 303
Event: 23.886 Thread 0x55405800 Uncommon trap: reason=unstable_if action=reinterpret pc=0x02945d44 method=java.lang.Character.isSurrogate(C)Z @ 3
Event: 23.886 Thread 0x55405800 Uncommon trap: reason=unstable_if action=reinterpret pc=0x02192170 method=java.lang.Character.isSurrogate(C)Z @ 3

Classes redefined (0 events):
No events

Internal exceptions (10 events):
Event: 20.359 Thread 0x5540c400 Exception <a 'java/lang/NoSuchMethodError': <clinit>> (0x3b8d96d8) thrown at [D:\src\AOSP-openjdk-cygwin\jdk8u\hotspot\src\share\vm\prims\jni.cpp, line 1614]
Event: 20.359 Thread 0x5540c400 Exception <a 'java/lang/NoSuchMethodError': <clinit>> (0x3b8db788) thrown at [D:\src\AOSP-openjdk-cygwin\jdk8u\hotspot\src\share\vm\prims\jni.cpp, line 1614]
Event: 20.360 Thread 0x5540c400 Exception <a 'java/lang/NoSuchMethodError': <clinit>> (0x3b8e6cc8) thrown at [D:\src\AOSP-openjdk-cygwin\jdk8u\hotspot\src\share\vm\prims\jni.cpp, line 1614]
Event: 20.366 Thread 0x5540c400 Exception <a 'java/lang/NoSuchMethodError': <clinit>> (0x3e898868) thrown at [D:\src\AOSP-openjdk-cygwin\jdk8u\hotspot\src\share\vm\prims\jni.cpp, line 1614]
Event: 20.367 Thread 0x5540c400 Exception <a 'java/lang/NoSuchMethodError': <clinit>> (0x3e8a0b18) thrown at [D:\src\AOSP-openjdk-cygwin\jdk8u\hotspot\src\share\vm\prims\jni.cpp, line 1614]
Event: 20.427 Thread 0x5540c400 Exception <a 'java/lang/NoSuchMethodError': <clinit>> (0x3e9a4a08) thrown at [D:\src\AOSP-openjdk-cygwin\jdk8u\hotspot\src\share\vm\prims\jni.cpp, line 1614]
Event: 20.433 Thread 0x5540c400 Exception <a 'java/lang/NoSuchMethodError': <clinit>> (0x3e9ba9a0) thrown at [D:\src\AOSP-openjdk-cygwin\jdk8u\hotspot\src\share\vm\prims\jni.cpp, line 1614]
Event: 20.433 Thread 0x5540c400 Exception <a 'java/lang/NoSuchMethodError': <clinit>> (0x3e9bc210) thrown at [D:\src\AOSP-openjdk-cygwin\jdk8u\hotspot\src\share\vm\prims\jni.cpp, line 1614]
Event: 20.433 Thread 0x5540c400 Exception <a 'java/lang/NoSuchMethodError': <clinit>> (0x3e9bde18) thrown at [D:\src\AOSP-openjdk-cygwin\jdk8u\hotspot\src\share\vm\prims\jni.cpp, line 1614]
Event: 20.519 Thread 0x5540c400 Exception <a 'java/lang/NoSuchMethodError': <clinit>> (0x3e9ca620) thrown at [D:\src\AOSP-openjdk-cygwin\jdk8u\hotspot\src\share\vm\prims\jni.cpp, line 1614]

Events (10 events):
Event: 23.886 Thread 0x55405800 DEOPT UNPACKING pc=0x0192abbc sp=0x564db990 mode 2
Event: 24.055 Thread 0x55405800 DEOPT PACKING pc=0x029b7735 sp=0x564db8d0
Event: 24.055 Thread 0x55405800 DEOPT UNPACKING pc=0x0192c2f5 sp=0x564db858 mode 0
Event: 24.171 Thread 0x53ab7400 flushing nmethod 0x01a116c8
Event: 24.171 Thread 0x53ab7400 flushing nmethod 0x01a1e608
Event: 24.173 Thread 0x53ab7400 flushing nmethod 0x01a3c6c8
Event: 24.173 Thread 0x53ab7400 flushing nmethod 0x01a65188
Event: 24.173 Thread 0x53ab7400 flushing nmethod 0x01ac0988
Event: 24.173 Thread 0x53ab7400 flushing nmethod 0x01b07448
Event: 24.175 Thread 0x53ab7400 flushing nmethod 0x01c03d88


Dynamic libraries:
0x003c0000 - 0x003ed000 	C:\Program Files\android-studio\jre\bin\java.exe
0x77780000 - 0x77919000 	C:\WINDOWS\SYSTEM32\ntdll.dll
0x77080000 - 0x77118000 	C:\WINDOWS\System32\KERNEL32.DLL
0x75230000 - 0x7542d000 	C:\WINDOWS\System32\KERNELBASE.dll
0x72e20000 - 0x72ebf000 	C:\WINDOWS\SYSTEM32\apphelp.dll
0x766d0000 - 0x76749000 	C:\WINDOWS\System32\ADVAPI32.dll
0x76610000 - 0x766cf000 	C:\WINDOWS\System32\msvcrt.dll
0x767b0000 - 0x76826000 	C:\WINDOWS\System32\sechost.dll
0x77140000 - 0x77200000 	C:\WINDOWS\System32\RPCRT4.dll
0x76b10000 - 0x76c88000 	C:\WINDOWS\System32\USER32.dll
0x75180000 - 0x7519c000 	C:\WINDOWS\System32\win32u.dll
0x77270000 - 0x77291000 	C:\WINDOWS\System32\GDI32.dll
0x75020000 - 0x75180000 	C:\WINDOWS\System32\gdi32full.dll
0x75550000 - 0x755cc000 	C:\WINDOWS\System32\msvcp_win.dll
0x748b0000 - 0x749d0000 	C:\WINDOWS\System32\ucrtbase.dll
0x5c0c0000 - 0x5c2cf000 	C:\WINDOWS\WinSxS\x86_microsoft.windows.common-controls_6595b64144ccf1df_6.0.18362.1139_none_e62929aaf8dc83cc\COMCTL32.dll
0x76830000 - 0x76aa5000 	C:\WINDOWS\System32\combase.dll
0x749d0000 - 0x74a2f000 	C:\WINDOWS\System32\bcryptPrimitives.dll
0x772a0000 - 0x772c6000 	C:\WINDOWS\System32\IMM32.DLL
0x5d780000 - 0x5d83f000 	C:\Program Files\android-studio\jre\jre\bin\msvcr100.dll
0x7ba60000 - 0x7c049000 	C:\Program Files\android-studio\jre\jre\bin\server\jvm.dll
0x77260000 - 0x77266000 	C:\WINDOWS\System32\PSAPI.DLL
0x64050000 - 0x64058000 	C:\WINDOWS\SYSTEM32\WSOCK32.dll
0x76ab0000 - 0x76b0e000 	C:\WINDOWS\System32\WS2_32.dll
0x71cc0000 - 0x71ce4000 	C:\WINDOWS\SYSTEM32\WINMM.dll
0x6dfd0000 - 0x6dfd8000 	C:\WINDOWS\SYSTEM32\VERSION.dll
0x71c90000 - 0x71cb3000 	C:\WINDOWS\SYSTEM32\WINMMBASE.dll
0x74870000 - 0x748ab000 	C:\WINDOWS\System32\cfgmgr32.dll
0x781e0000 - 0x781ec000 	C:\Program Files\android-studio\jre\jre\bin\verify.dll
0x781f0000 - 0x78211000 	C:\Program Files\android-studio\jre\jre\bin\java.dll
0x78220000 - 0x78234000 	C:\Program Files\android-studio\jre\jre\bin\zip.dll
0x75ad0000 - 0x7604a000 	C:\WINDOWS\System32\SHELL32.dll
0x755d0000 - 0x75654000 	C:\WINDOWS\System32\shcore.dll
0x74a50000 - 0x75011000 	C:\WINDOWS\System32\windows.storage.dll
0x747f0000 - 0x7480b000 	C:\WINDOWS\System32\profapi.dll
0x747a0000 - 0x747e3000 	C:\WINDOWS\System32\powrprof.dll
0x74780000 - 0x7478d000 	C:\WINDOWS\System32\UMPDC.dll
0x77730000 - 0x77774000 	C:\WINDOWS\System32\shlwapi.dll
0x74790000 - 0x7479f000 	C:\WINDOWS\System32\kernel.appcore.dll
0x75530000 - 0x75543000 	C:\WINDOWS\System32\cryptsp.dll
0x78240000 - 0x78255000 	C:\Program Files\android-studio\jre\jre\bin\net.dll
0x76460000 - 0x7660a000 	C:\WINDOWS\System32\urlmon.dll
0x76e50000 - 0x7707a000 	C:\WINDOWS\System32\iertutil.dll
0x742b0000 - 0x742ba000 	C:\WINDOWS\SYSTEM32\CRYPTBASE.DLL
0x74130000 - 0x74187000 	C:\WINDOWS\system32\mswsock.dll
0x78260000 - 0x7826f000 	C:\Program Files\android-studio\jre\jre\bin\nio.dll
0x6f680000 - 0x6f6a1000 	C:\Users\TOSHIBA\.gradle\native\30\windows-i386\native-platform.dll
0x6cb00000 - 0x6cb0a000 	C:\Program Files\android-studio\jre\jre\bin\management.dll
0x73d60000 - 0x73d8f000 	C:\WINDOWS\system32\rsaenh.dll
0x74a30000 - 0x74a4b000 	C:\WINDOWS\System32\bcrypt.dll
0x746d0000 - 0x746ee000 	C:\WINDOWS\SYSTEM32\USERENV.dll
0x73ec0000 - 0x73ef2000 	C:\WINDOWS\SYSTEM32\IPHLPAPI.DLL
0x763a0000 - 0x763a7000 	C:\WINDOWS\System32\NSI.dll
0x6d150000 - 0x6d163000 	C:\WINDOWS\SYSTEM32\dhcpcsvc6.DLL
0x6d520000 - 0x6d535000 	C:\WINDOWS\SYSTEM32\dhcpcsvc.DLL
0x73f10000 - 0x73fa4000 	C:\WINDOWS\SYSTEM32\DNSAPI.dll

VM Arguments:
jvm_args: -Xmx1024m -Dfile.encoding=windows-1252 -Duser.country=US -Duser.language=en -Duser.variant 
java_command: org.gradle.launcher.daemon.bootstrap.GradleDaemon 5.6.4
java_class_path (initial): C:\Users\TOSHIBA\.gradle\wrapper\dists\gradle-5.6.4-all\ankdp27end7byghfw1q2sw75f\gradle-5.6.4\lib\gradle-launcher-5.6.4.jar
Launcher Type: SUN_STANDARD

Environment Variables:
JAVA_HOME=C:\Program Files\Java;C:\Program Files\Java\jdk1.8.0_211;C:\Program Files\Java\jdk1.8.0_211\bin
PATH=C:\WINDOWS\System32;C:\Users\TOSHIBA\AppData\Roaming\npm;%USERPROFILE%\AppData\Local\Microsoft\WindowsApps;
USERNAME=TOSHIBA
OS=Windows_NT
PROCESSOR_IDENTIFIER=x86 Family 6 Model 23 Stepping 10, GenuineIntel



---------------  S Y S T E M  ---------------

OS: Windows 10.0 Build 18362 (10.0.18362.1110)

CPU:total 2 (initial active 2) (2 cores per cpu, 1 threads per core) family 6 model 23 stepping 10, cmov, cx8, fxsr, mmx, sse, sse2, sse3, ssse3, sse4.1, tsc

Memory: 4k page, physical 2095092k(276528k free), swap 3119092k(2508k free)

vm_info: OpenJDK Server VM (25.212-b04) for windows-x86 JRE (1.8.0_212-release-1586-b04), built by "builder" with MS VC++ 10.0 (VS2010)

time: Mon Mar 15 23:57:50 2021
timezone: China Standard Time
elapsed time: 24 seconds (0d 0h 0m 24s)

