#
# There is insufficient memory for the Java Runtime Environment to continue.
# Native memory allocation (malloc) failed to allocate 658952 bytes for Chunk::new
# Possible reasons:
#   The system is out of physical RAM or swap space
#   In 32 bit mode, the process size limit was hit
# Possible solutions:
#   Reduce memory load on the system
#   Increase physical memory or swap space
#   Check if swap backing store is full
#   Use 64 bit Java on a 64 bit OS
#   Decrease Java heap size (-Xmx/-Xms)
#   Decrease number of Java threads
#   Decrease Java thread stack sizes (-Xss)
#   Set larger code cache with -XX:ReservedCodeCacheSize=
# This output file may be truncated or incomplete.
#
#  Out of Memory Error (allocation.cpp:389), pid=6764, tid=0x000014a0
#
# JRE version: OpenJDK Runtime Environment (8.0_212-b04) (build 1.8.0_212-release-1586-b04)
# Java VM: OpenJDK Server VM (25.212-b04 mixed mode windows-x86 )
# Failed to write core dump. Minidumps are not enabled by default on client versions of Windows
#

---------------  T H R E A D  ---------------

Current thread (0x51eb5800):  JavaThread "C2 CompilerThread0" daemon [_thread_in_native, id=5280, stack(0x520d0000,0x52120000)]

Stack: [0x520d0000,0x52120000],  sp=0x5211e2a8,  free space=312k
Native frames: (J=compiled Java code, j=interpreted, Vv=VM code, C=native code)
V  [jvm.dll+0x1a67db]
V  [jvm.dll+0x19ed58]
V  [jvm.dll+0x7d871]
V  [jvm.dll+0x7dd77]
V  [jvm.dll+0x95314]
V  [jvm.dll+0x309330]
V  [jvm.dll+0x340888]
V  [jvm.dll+0x2fac25]
V  [jvm.dll+0x2ffecd]
V  [jvm.dll+0x300875]
V  [jvm.dll+0x2ea216]
V  [jvm.dll+0x60e47]
V  [jvm.dll+0x615ef]
V  [jvm.dll+0x177ab0]
V  [jvm.dll+0x1782eb]
V  [jvm.dll+0x1b8e46]
C  [msvcr100.dll+0x5c556]
C  [msvcr100.dll+0x5c600]
C  [KERNEL32.DLL+0x223d9]
C  [ntdll.dll+0x5e6cb]
C  [ntdll.dll+0x5e69f]
C  0x00000000


Current CompileTask:
C2: 223590 13278 %     4       com.android.tools.r8.ir.regalloc.LinearScanRegisterAllocator::a @ 2048 (3993 bytes)


---------------  P R O C E S S  ---------------

Java Threads: ( => current thread )
  0x5a00a400 JavaThread "Cache worker for Java compile cache (C:\Users\TOSHIBA\AndroidStudioProjects\TaguigHealthConsult\.gradle\5.6.4\javaCompile)" [_thread_blocked, id=3632, stack(0x5dbd0000,0x5dc20000)]
  0x52c88000 JavaThread "Cache worker for Java compile cache (C:\Users\TOSHIBA\.gradle\caches\5.6.4\javaCompile)" [_thread_blocked, id=5800, stack(0x5db80000,0x5dbd0000)]
  0x52c87c00 JavaThread "WorkerExecutor Queue Thread 2" [_thread_blocked, id=172, stack(0x5ba90000,0x5bae0000)]
  0x52c89400 JavaThread "stdout" [_thread_in_native, id=2332, stack(0x5b840000,0x5b890000)]
  0x52c85c00 JavaThread "stderr" [_thread_in_native, id=7072, stack(0x5b7f0000,0x5b840000)]
  0x52c85400 JavaThread "pool-2-thread-1" [_thread_blocked, id=7756, stack(0x5b7a0000,0x5b7f0000)]
  0x52c86000 JavaThread "WorkerExecutor Queue" [_thread_blocked, id=8076, stack(0x5b750000,0x5b7a0000)]
  0x52c85000 JavaThread "Cache worker for execution history cache (C:\Users\TOSHIBA\AndroidStudioProjects\TaguigHealthConsult\.gradle\5.6.4\executionHistory)" [_thread_blocked, id=4932, stack(0x5b500000,0x5b550000)]
  0x52c89800 JavaThread "Execution worker for ':'" [_thread_blocked, id=7328, stack(0x56f50000,0x56fa0000)]
  0x52c84800 JavaThread "Cache worker for file content cache (C:\Users\TOSHIBA\AndroidStudioProjects\TaguigHealthConsult\.gradle\5.6.4\fileContent)" [_thread_blocked, id=7864, stack(0x5ae70000,0x5aec0000)]
  0x52c8b400 JavaThread "Cache worker for file content cache (C:\Users\TOSHIBA\.gradle\caches\5.6.4\fileContent)" [_thread_blocked, id=952, stack(0x5ae20000,0x5ae70000)]
  0x52c86c00 JavaThread "Memory manager" [_thread_blocked, id=5316, stack(0x52e10000,0x52e60000)]
  0x52c88c00 JavaThread "Cache worker for Build Output Cleanup Cache (C:\Users\TOSHIBA\AndroidStudioProjects\TaguigHealthConsult\.gradle\buildOutputCleanup)" [_thread_blocked, id=5720, stack(0x00740000,0x00790000)]
  0x52c8ac00 JavaThread "pool-1-thread-1" [_thread_blocked, id=3412, stack(0x006f0000,0x00740000)]
  0x52c8b800 JavaThread "Build operations Thread 2" [_thread_blocked, id=1176, stack(0x59200000,0x59250000)]
  0x52c84000 JavaThread "Build operations" [_thread_blocked, id=7452, stack(0x591b0000,0x59200000)]
  0x52c8a800 JavaThread "Cache worker for execution history cache (C:\Users\TOSHIBA\.gradle\caches\5.6.4\executionHistory)" [_thread_blocked, id=6840, stack(0x58f60000,0x58fb0000)]
  0x52c8a000 JavaThread "Cache worker for cache directory md-rule (C:\Users\TOSHIBA\.gradle\caches\5.6.4\md-rule)" [_thread_blocked, id=2900, stack(0x58f10000,0x58f60000)]
  0x52c86800 JavaThread "Cache worker for cache directory md-supplier (C:\Users\TOSHIBA\.gradle\caches\5.6.4\md-supplier)" [_thread_blocked, id=3916, stack(0x58ec0000,0x58f10000)]
  0x55f14400 JavaThread "Cache worker for file hash cache (C:\Users\TOSHIBA\AndroidStudioProjects\TaguigHealthConsult\.gradle\5.6.4\fileHashes)" [_thread_blocked, id=5252, stack(0x584b0000,0x58500000)]
  0x55f14000 JavaThread "Cache worker for journal cache (C:\Users\TOSHIBA\.gradle\caches\journal-1)" [_thread_blocked, id=6832, stack(0x57290000,0x572e0000)]
  0x55f14c00 JavaThread "File lock request listener" [_thread_in_native, id=7920, stack(0x57240000,0x57290000)]
  0x55f13800 JavaThread "Cache worker for file hash cache (C:\Users\TOSHIBA\.gradle\caches\5.6.4\fileHashes)" [_thread_blocked, id=8040, stack(0x570f0000,0x57140000)]
  0x51f94800 JavaThread "Thread-9" [_thread_blocked, id=6136, stack(0x56fa0000,0x56ff0000)]
  0x5642d400 JavaThread "Asynchronous log dispatcher for DefaultDaemonConnection: socket connection from /127.0.0.1:51088 to /127.0.0.1:51089" [_thread_blocked, id=7796, stack(0x56f00000,0x56f50000)]
  0x52239800 JavaThread "Daemon worker" [_thread_blocked, id=2832, stack(0x56eb0000,0x56f00000)]
  0x52238400 JavaThread "Cancel handler" [_thread_blocked, id=4524, stack(0x56e60000,0x56eb0000)]
  0x51fafc00 JavaThread "Handler for socket connection from /127.0.0.1:51088 to /127.0.0.1:51089" [_thread_in_native, id=2480, stack(0x56e10000,0x56e60000)]
  0x52782800 JavaThread "Daemon" [_thread_blocked, id=7924, stack(0x56dc0000,0x56e10000)]
  0x56422000 JavaThread "Daemon periodic checks" [_thread_blocked, id=6392, stack(0x53340000,0x53390000)]
  0x56401800 JavaThread "Incoming local TCP Connector on port 51088" [_thread_in_native, id=6668, stack(0x531b0000,0x53200000)]
  0x56351400 JavaThread "Daemon health stats" [_thread_blocked, id=1148, stack(0x53060000,0x530b0000)]
  0x51f12800 JavaThread "Service Thread" daemon [_thread_blocked, id=240, stack(0x52170000,0x521c0000)]
  0x51ea7400 JavaThread "C1 CompilerThread1" daemon [_thread_blocked, id=7648, stack(0x52120000,0x52170000)]
=>0x51eb5800 JavaThread "C2 CompilerThread0" daemon [_thread_in_native, id=5280, stack(0x520d0000,0x52120000)]
  0x51eb2000 JavaThread "Attach Listener" daemon [_thread_blocked, id=2380, stack(0x111a0000,0x111f0000)]
  0x51eb1000 JavaThread "Signal Dispatcher" daemon [_thread_blocked, id=3752, stack(0x11150000,0x111a0000)]
  0x51e95800 JavaThread "Finalizer" daemon [_thread_blocked, id=6800, stack(0x11100000,0x11150000)]
  0x51e8f000 JavaThread "Reference Handler" daemon [_thread_blocked, id=2612, stack(0x110b0000,0x11100000)]
  0x01cec400 JavaThread "main" [_thread_blocked, id=5068, stack(0x00ce0000,0x00d30000)]

Other Threads:
  0x51e79400 VMThread [stack: 0x01c70000,0x01cc0000] [id=7636]
  0x51ee3400 WatcherThread [stack: 0x521c0000,0x52210000] [id=5504]

VM state:at safepoint (normal execution)

VM Mutex/Monitor currently owned by a thread: None

Heap:
 PSYoungGen      total 262912K, used 9315K [0x3bcc0000, 0x4d380000, 0x51200000)
  eden space 240384K, 1% used [0x3bcc0000,0x3c0f9798,0x4a780000)
  from space 22528K, 22% used [0x4a780000,0x4ac5f5b8,0x4bd80000)
  to   space 18944K, 0% used [0x4c100000,0x4c100000,0x4d380000)
 ParOldGen       total 61952K, used 46575K [0x11200000, 0x14e80000, 0x3bcc0000)
  object space 61952K, 75% used [0x11200000,0x13f7bc58,0x14e80000)
 Metaspace       used 55689K, capacity 57268K, committed 57344K, reserved 57728K

Card table byte_map: [0x51200000,0x51410000] byte_map_base: 0x51177000

Marking Bits: (ParMarkBitMap*) 0x53a38620
 Begin Bits: [0x53ab0000, 0x54ab0000)
 End Bits:   [0x54ab0000, 0x55ab0000)

Polling page: 0x01a60000

CodeCache: size=245760Kb used=31446Kb max_used=31446Kb free=214313Kb
 bounds [0x01cf0000, 0x03bd8000, 0x10cf0000]
 total_blobs=12200 nmethods=11714 adapters=398
 compilation: enabled

Compilation events (10 events):
Event: 222.869 Thread 0x51ea7400 13332       2       com.android.tools.r8.B.a.a.u::a (19 bytes)
Event: 222.870 Thread 0x51ea7400 nmethod 13332 0x025615c8 code [0x025616e0, 0x025617ec]
Event: 222.873 Thread 0x51ea7400 13333       2       com.android.tools.r8.u.b.Q0::i0 (2 bytes)
Event: 222.873 Thread 0x51ea7400 nmethod 13333 0x03131508 code [0x03131600, 0x031316c0]
Event: 222.929 Thread 0x51ea7400 13334 %     3       com.android.tools.r8.B.a.a.f::a @ 1772 (3659 bytes)
Event: 222.985 Thread 0x51ea7400 nmethod 13334% 0x03b73708 code [0x03b75180, 0x03b87ad4]
Event: 222.985 Thread 0x51ea7400 13335       3       com.android.tools.r8.B.a.a.f::a (3659 bytes)
Event: 223.039 Thread 0x51ea7400 nmethod 13335 0x03ba4cc8 code [0x03ba6740, 0x03bb8af4]
Event: 223.043 Thread 0x51ea7400 13336       2       com.android.tools.r8.ir.analysis.type.j$$Lambda$564/9041114::accept (12 bytes)
Event: 223.044 Thread 0x51ea7400 nmethod 13336 0x03131148 code [0x03131260, 0x0313136c]

GC Heap History (10 events):
Event: 70.750 GC heap before
{Heap before GC invocations=15 (full 2):
 PSYoungGen      total 152064K, used 142336K [0x3bcc0000, 0x45f40000, 0x51200000)
  eden space 142336K, 100% used [0x3bcc0000,0x447c0000,0x447c0000)
  from space 9728K, 0% used [0x451c0000,0x451c0000,0x45b40000)
  to   space 10240K, 0% used [0x447c0000,0x447c0000,0x451c0000)
 ParOldGen       total 36096K, used 18161K [0x11200000, 0x13540000, 0x3bcc0000)
  object space 36096K, 50% used [0x11200000,0x123bc6e8,0x13540000)
 Metaspace       used 36341K, capacity 37233K, committed 37248K, reserved 37248K
Event: 70.916 GC heap after
Heap after GC invocations=15 (full 2):
 PSYoungGen      total 152576K, used 10226K [0x3bcc0000, 0x49940000, 0x51200000)
  eden space 142336K, 0% used [0x3bcc0000,0x3bcc0000,0x447c0000)
  from space 10240K, 99% used [0x447c0000,0x451bc860,0x451c0000)
  to   space 14592K, 0% used [0x48b00000,0x48b00000,0x49940000)
 ParOldGen       total 36096K, used 25652K [0x11200000, 0x13540000, 0x3bcc0000)
  object space 36096K, 71% used [0x11200000,0x12b0d3c0,0x13540000)
 Metaspace       used 36341K, capacity 37233K, committed 37248K, reserved 37248K
}
Event: 81.018 GC heap before
{Heap before GC invocations=16 (full 2):
 PSYoungGen      total 152576K, used 152558K [0x3bcc0000, 0x49940000, 0x51200000)
  eden space 142336K, 99% used [0x3bcc0000,0x447bf050,0x447c0000)
  from space 10240K, 99% used [0x447c0000,0x451bc860,0x451c0000)
  to   space 14592K, 0% used [0x48b00000,0x48b00000,0x49940000)
 ParOldGen       total 36096K, used 25652K [0x11200000, 0x13540000, 0x3bcc0000)
  object space 36096K, 71% used [0x11200000,0x12b0d3c0,0x13540000)
 Metaspace       used 41249K, capacity 42341K, committed 42368K, reserved 42368K
Event: 81.142 GC heap after
Heap after GC invocations=16 (full 2):
 PSYoungGen      total 209152K, used 13660K [0x3bcc0000, 0x49d80000, 0x51200000)
  eden space 194560K, 0% used [0x3bcc0000,0x3bcc0000,0x47ac0000)
  from space 14592K, 93% used [0x48b00000,0x498571f0,0x49940000)
  to   space 16640K, 0% used [0x47ac0000,0x47ac0000,0x48b00000)
 ParOldGen       total 36096K, used 33939K [0x11200000, 0x13540000, 0x3bcc0000)
  object space 36096K, 94% used [0x11200000,0x13324d80,0x13540000)
 Metaspace       used 41249K, capacity 42341K, committed 42368K, reserved 42368K
}
Event: 81.142 GC heap before
{Heap before GC invocations=17 (full 3):
 PSYoungGen      total 209152K, used 13660K [0x3bcc0000, 0x49d80000, 0x51200000)
  eden space 194560K, 0% used [0x3bcc0000,0x3bcc0000,0x47ac0000)
  from space 14592K, 93% used [0x48b00000,0x498571f0,0x49940000)
  to   space 16640K, 0% used [0x47ac0000,0x47ac0000,0x48b00000)
 ParOldGen       total 36096K, used 33939K [0x11200000, 0x13540000, 0x3bcc0000)
  object space 36096K, 94% used [0x11200000,0x13324d80,0x13540000)
 Metaspace       used 41249K, capacity 42341K, committed 42368K, reserved 42368K
Event: 81.550 GC heap after
Heap after GC invocations=17 (full 3):
 PSYoungGen      total 209152K, used 0K [0x3bcc0000, 0x49d80000, 0x51200000)
  eden space 194560K, 0% used [0x3bcc0000,0x3bcc0000,0x47ac0000)
  from space 14592K, 0% used [0x48b00000,0x48b00000,0x49940000)
  to   space 16640K, 0% used [0x47ac0000,0x47ac0000,0x48b00000)
 ParOldGen       total 61952K, used 35931K [0x11200000, 0x14e80000, 0x3bcc0000)
  object space 61952K, 57% used [0x11200000,0x13516f28,0x14e80000)
 Metaspace       used 41238K, capacity 42316K, committed 42368K, reserved 42368K
}
Event: 130.806 GC heap before
{Heap before GC invocations=18 (full 3):
 PSYoungGen      total 209152K, used 194560K [0x3bcc0000, 0x49d80000, 0x51200000)
  eden space 194560K, 100% used [0x3bcc0000,0x47ac0000,0x47ac0000)
  from space 14592K, 0% used [0x48b00000,0x48b00000,0x49940000)
  to   space 16640K, 0% used [0x47ac0000,0x47ac0000,0x48b00000)
 ParOldGen       total 61952K, used 35931K [0x11200000, 0x14e80000, 0x3bcc0000)
  object space 61952K, 57% used [0x11200000,0x13516f28,0x14e80000)
 Metaspace       used 45852K, capacity 46970K, committed 46976K, reserved 47488K
Event: 130.864 GC heap after
Heap after GC invocations=18 (full 3):
 PSYoungGen      total 211200K, used 15784K [0x3bcc0000, 0x4d380000, 0x51200000)
  eden space 194560K, 0% used [0x3bcc0000,0x3bcc0000,0x47ac0000)
  from space 16640K, 94% used [0x47ac0000,0x48a2a3a0,0x48b00000)
  to   space 18944K, 0% used [0x4c100000,0x4c100000,0x4d380000)
 ParOldGen       total 61952K, used 35935K [0x11200000, 0x14e80000, 0x3bcc0000)
  object space 61952K, 58% used [0x11200000,0x13517f28,0x14e80000)
 Metaspace       used 45852K, capacity 46970K, committed 46976K, reserved 47488K
}
Event: 218.110 GC heap before
{Heap before GC invocations=19 (full 3):
 PSYoungGen      total 211200K, used 210344K [0x3bcc0000, 0x4d380000, 0x51200000)
  eden space 194560K, 100% used [0x3bcc0000,0x47ac0000,0x47ac0000)
  from space 16640K, 94% used [0x47ac0000,0x48a2a3a0,0x48b00000)
  to   space 18944K, 0% used [0x4c100000,0x4c100000,0x4d380000)
 ParOldGen       total 61952K, used 35935K [0x11200000, 0x14e80000, 0x3bcc0000)
  object space 61952K, 58% used [0x11200000,0x13517f28,0x14e80000)
 Metaspace       used 55177K, capacity 56743K, committed 56832K, reserved 57728K
Event: 218.202 GC heap after
Heap after GC invocations=19 (full 3):
 PSYoungGen      total 259328K, used 18930K [0x3bcc0000, 0x4d380000, 0x51200000)
  eden space 240384K, 0% used [0x3bcc0000,0x3bcc0000,0x4a780000)
  from space 18944K, 99% used [0x4c100000,0x4d37c988,0x4d380000)
  to   space 22528K, 0% used [0x4a780000,0x4a780000,0x4bd80000)
 ParOldGen       total 61952K, used 36788K [0x11200000, 0x14e80000, 0x3bcc0000)
  object space 61952K, 59% used [0x11200000,0x135ed068,0x14e80000)
 Metaspace       used 55177K, capacity 56743K, committed 56832K, reserved 57728K
}

Deoptimization events (10 events):
Event: 217.737 Thread 0x52239800 Uncommon trap: reason=class_check action=maybe_recompile pc=0x03731a6c method=com.android.tools.r8.ir.optimize.I.a(Lcom/android/tools/r8/u/b/d0;)Z @ 93
Event: 217.967 Thread 0x52239800 Uncommon trap: reason=unstable_if action=reinterpret pc=0x0388f9ac method=com.android.tools.r8.v.a.a.a.f.x0$e.contains(Ljava/lang/Object;)Z @ 124
Event: 218.079 Thread 0x52239800 Uncommon trap: reason=unstable_if action=reinterpret pc=0x03974548 method=com.android.tools.r8.u.b.M0.a(Lcom/android/tools/r8/u/c/M;)V @ 111
Event: 218.623 Thread 0x52239800 Uncommon trap: reason=unstable_if action=reinterpret pc=0x039a8084 method=com.android.tools.r8.ir.optimize.I.a(Lcom/android/tools/r8/u/b/d0;)Z @ 164
Event: 219.523 Thread 0x52239800 Uncommon trap: reason=unstable_if action=reinterpret pc=0x039e4b48 method=com.android.tools.r8.v.a.a.a.f.C0.a(I)Z @ 6
Event: 220.911 Thread 0x52c89800 Uncommon trap: reason=unstable_if action=reinterpret pc=0x035671f0 method=java.util.HashMap.computeIfAbsent(Ljava/lang/Object;Ljava/util/function/Function;)Ljava/lang/Object; @ 271
Event: 221.091 Thread 0x52c89800 Uncommon trap: reason=unstable_if action=reinterpret pc=0x02d67f48 method=java.util.Collections$SetFromMap.add(Ljava/lang/Object;)Z @ 13
Event: 222.250 Thread 0x52c89800 Uncommon trap: reason=class_check action=maybe_recompile pc=0x03a651b8 method=com.android.tools.r8.u.c.o.a(Lcom/android/tools/r8/u/c/M;IZ)V @ 472
Event: 222.250 Thread 0x52c89800 Uncommon trap: reason=class_check action=maybe_recompile pc=0x03a651b8 method=com.android.tools.r8.u.c.o.a(Lcom/android/tools/r8/u/c/M;IZ)V @ 472
Event: 222.822 Thread 0x52c89800 Uncommon trap: reason=class_check action=maybe_recompile pc=0x03a651b8 method=com.android.tools.r8.u.c.o.a(Lcom/android/tools/r8/u/c/M;IZ)V @ 472

Classes redefined (0 events):
No events

Internal exceptions (10 events):
Event: 218.728 Thread 0x52239800 Exception <a 'sun/nio/fs/WindowsException'> (0x3c740dc0) thrown at [D:\src\AOSP-openjdk-cygwin\jdk8u\hotspot\src\share\vm\prims\jni.cpp, line 710]
Event: 218.816 Thread 0x52c89800 Exception <a 'sun/nio/fs/WindowsException'> (0x3cd390a8) thrown at [D:\src\AOSP-openjdk-cygwin\jdk8u\hotspot\src\share\vm\prims\jni.cpp, line 710]
Event: 219.132 Thread 0x52239800 Exception <a 'sun/nio/fs/WindowsException'> (0x3c7efdd8) thrown at [D:\src\AOSP-openjdk-cygwin\jdk8u\hotspot\src\share\vm\prims\jni.cpp, line 710]
Event: 219.494 Thread 0x52c89800 Exception <a 'sun/nio/fs/WindowsException'> (0x3d175b30) thrown at [D:\src\AOSP-openjdk-cygwin\jdk8u\hotspot\src\share\vm\prims\jni.cpp, line 710]
Event: 219.517 Thread 0x52c89800 Exception <a 'sun/nio/fs/WindowsException'> (0x3e2617d8) thrown at [D:\src\AOSP-openjdk-cygwin\jdk8u\hotspot\src\share\vm\prims\jni.cpp, line 710]
Event: 219.862 Thread 0x52239800 Exception <a 'sun/nio/fs/WindowsException'> (0x3f7eaa78) thrown at [D:\src\AOSP-openjdk-cygwin\jdk8u\hotspot\src\share\vm\prims\jni.cpp, line 710]
Event: 220.501 Thread 0x52239800 Exception <a 'sun/nio/fs/WindowsException'> (0x3f8bb5e8) thrown at [D:\src\AOSP-openjdk-cygwin\jdk8u\hotspot\src\share\vm\prims\jni.cpp, line 710]
Event: 220.629 Thread 0x52c89800 Exception <a 'sun/nio/fs/WindowsException'> (0x40386b60) thrown at [D:\src\AOSP-openjdk-cygwin\jdk8u\hotspot\src\share\vm\prims\jni.cpp, line 710]
Event: 220.680 Thread 0x52239800 Exception <a 'sun/nio/fs/WindowsException'> (0x4060aba8) thrown at [D:\src\AOSP-openjdk-cygwin\jdk8u\hotspot\src\share\vm\prims\jni.cpp, line 710]
Event: 221.980 Thread 0x52239800 Exception <a 'java/lang/NoSuchMethodError': <clinit>> (0x42e4a6e8) thrown at [D:\src\AOSP-openjdk-cygwin\jdk8u\hotspot\src\share\vm\prims\jni.cpp, line 1614]

Events (10 events):
Event: 222.822 Thread 0x52c89800 DEOPT PACKING pc=0x03a651b8 sp=0x56f9cd60
Event: 222.822 Thread 0x52c89800 DEOPT UNPACKING pc=0x01d2abbc sp=0x56f9cd6c mode 2
Event: 222.842 Thread 0x52c89800 DEOPT PACKING pc=0x0369ea71 sp=0x56f9cf80
Event: 222.842 Thread 0x52c89800 DEOPT UNPACKING pc=0x01d2c2f5 sp=0x56f9ceb8 mode 0
Event: 222.845 Thread 0x52c89800 DEOPT PACKING pc=0x03a18b40 sp=0x56f9cca0
Event: 222.845 Thread 0x52c89800 DEOPT UNPACKING pc=0x01d2c2f5 sp=0x56f9cb60 mode 0
Event: 222.928 Thread 0x52c89800 DEOPT PACKING pc=0x0369e7bd sp=0x56f9cf80
Event: 222.928 Thread 0x52c89800 DEOPT UNPACKING pc=0x01d2c2f5 sp=0x56f9ceb4 mode 0
Event: 223.040 Thread 0x52c89800 DEOPT PACKING pc=0x03a2742a sp=0x56f9cd00
Event: 223.041 Thread 0x52c89800 DEOPT UNPACKING pc=0x01d2c2f5 sp=0x56f9ced8 mode 0


Dynamic libraries:
0x007a0000 - 0x007cd000 	C:\Program Files\android-studio\jre\bin\java.exe
0x77b60000 - 0x77cf9000 	C:\WINDOWS\SYSTEM32\ntdll.dll
0x764e0000 - 0x76578000 	C:\WINDOWS\System32\KERNEL32.DLL
0x75670000 - 0x7586d000 	C:\WINDOWS\System32\KERNELBASE.dll
0x73200000 - 0x7329f000 	C:\WINDOWS\SYSTEM32\apphelp.dll
0x76760000 - 0x767d9000 	C:\WINDOWS\System32\ADVAPI32.dll
0x766a0000 - 0x7675f000 	C:\WINDOWS\System32\msvcrt.dll
0x76040000 - 0x760b6000 	C:\WINDOWS\System32\sechost.dll
0x76290000 - 0x76350000 	C:\WINDOWS\System32\RPCRT4.dll
0x759b0000 - 0x75b28000 	C:\WINDOWS\System32\USER32.dll
0x75870000 - 0x7588c000 	C:\WINDOWS\System32\win32u.dll
0x76b80000 - 0x76ba1000 	C:\WINDOWS\System32\GDI32.dll
0x75400000 - 0x75560000 	C:\WINDOWS\System32\gdi32full.dll
0x74c00000 - 0x74c7c000 	C:\WINDOWS\System32\msvcp_win.dll
0x75890000 - 0x759b0000 	C:\WINDOWS\System32\ucrtbase.dll
0x5dd60000 - 0x5df6f000 	C:\WINDOWS\WinSxS\x86_microsoft.windows.common-controls_6595b64144ccf1df_6.0.18362.1139_none_e62929aaf8dc83cc\COMCTL32.dll
0x768f0000 - 0x76b65000 	C:\WINDOWS\System32\combase.dll
0x755b0000 - 0x7560f000 	C:\WINDOWS\System32\bcryptPrimitives.dll
0x76c40000 - 0x76c66000 	C:\WINDOWS\System32\IMM32.DLL
0x6d110000 - 0x6d1cf000 	C:\Program Files\android-studio\jre\jre\bin\msvcr100.dll
0x534c0000 - 0x53aa9000 	C:\Program Files\android-studio\jre\jre\bin\server\jvm.dll
0x76c90000 - 0x76c96000 	C:\WINDOWS\System32\PSAPI.DLL
0x68690000 - 0x68698000 	C:\WINDOWS\SYSTEM32\WSOCK32.dll
0x75f90000 - 0x75fee000 	C:\WINDOWS\System32\WS2_32.dll
0x720a0000 - 0x720c4000 	C:\WINDOWS\SYSTEM32\WINMM.dll
0x6e410000 - 0x6e418000 	C:\WINDOWS\SYSTEM32\VERSION.dll
0x72070000 - 0x72093000 	C:\WINDOWS\SYSTEM32\winmmbase.dll
0x75630000 - 0x7566b000 	C:\WINDOWS\System32\cfgmgr32.dll
0x73190000 - 0x7319c000 	C:\Program Files\android-studio\jre\jre\bin\verify.dll
0x72f30000 - 0x72f51000 	C:\Program Files\android-studio\jre\jre\bin\java.dll
0x70bf0000 - 0x70c04000 	C:\Program Files\android-studio\jre\jre\bin\zip.dll
0x77350000 - 0x778ca000 	C:\WINDOWS\System32\SHELL32.dll
0x76bb0000 - 0x76c34000 	C:\WINDOWS\System32\shcore.dll
0x74c80000 - 0x75241000 	C:\WINDOWS\System32\windows.storage.dll
0x74be0000 - 0x74bfb000 	C:\WINDOWS\System32\profapi.dll
0x74b90000 - 0x74bd3000 	C:\WINDOWS\System32\powrprof.dll
0x74b60000 - 0x74b6d000 	C:\WINDOWS\System32\UMPDC.dll
0x75ff0000 - 0x76034000 	C:\WINDOWS\System32\shlwapi.dll
0x74b80000 - 0x74b8f000 	C:\WINDOWS\System32\kernel.appcore.dll
0x753e0000 - 0x753f3000 	C:\WINDOWS\System32\cryptsp.dll
0x70bd0000 - 0x70be5000 	C:\Program Files\android-studio\jre\jre\bin\net.dll
0x76ca0000 - 0x76e4a000 	C:\WINDOWS\System32\urlmon.dll
0x77930000 - 0x77b5a000 	C:\WINDOWS\System32\iertutil.dll
0x74690000 - 0x7469a000 	C:\WINDOWS\SYSTEM32\CRYPTBASE.DLL
0x74510000 - 0x74567000 	C:\WINDOWS\system32\mswsock.dll
0x73180000 - 0x7318f000 	C:\Program Files\android-studio\jre\jre\bin\nio.dll
0x708d0000 - 0x708f1000 	C:\Users\TOSHIBA\.gradle\native\30\windows-i386\native-platform.dll
0x72f20000 - 0x72f2a000 	C:\Program Files\android-studio\jre\jre\bin\management.dll
0x74140000 - 0x7416f000 	C:\WINDOWS\system32\rsaenh.dll
0x75610000 - 0x7562b000 	C:\WINDOWS\System32\bcrypt.dll
0x74ab0000 - 0x74ace000 	C:\WINDOWS\SYSTEM32\USERENV.dll
0x742a0000 - 0x742d2000 	C:\WINDOWS\SYSTEM32\IPHLPAPI.DLL
0x75f80000 - 0x75f87000 	C:\WINDOWS\System32\NSI.dll
0x6d310000 - 0x6d323000 	C:\WINDOWS\SYSTEM32\dhcpcsvc6.DLL
0x6d6e0000 - 0x6d6f5000 	C:\WINDOWS\SYSTEM32\dhcpcsvc.DLL
0x742f0000 - 0x74384000 	C:\WINDOWS\SYSTEM32\DNSAPI.dll
0x61b10000 - 0x61c9f000 	C:\WINDOWS\SYSTEM32\dbghelp.dll

VM Arguments:
jvm_args: -Xmx1024m -Dfile.encoding=windows-1252 -Duser.country=US -Duser.language=en -Duser.variant 
java_command: org.gradle.launcher.daemon.bootstrap.GradleDaemon 5.6.4
java_class_path (initial): C:\Users\TOSHIBA\.gradle\wrapper\dists\gradle-5.6.4-all\ankdp27end7byghfw1q2sw75f\gradle-5.6.4\lib\gradle-launcher-5.6.4.jar
Launcher Type: SUN_STANDARD

Environment Variables:
JAVA_HOME=C:\Program Files\Java;C:\Program Files\Java\jdk1.8.0_211;C:\Program Files\Java\jdk1.8.0_211\bin
PATH=C:\WINDOWS\System32;C:\Users\TOSHIBA\AppData\Roaming\npm;%USERPROFILE%\AppData\Local\Microsoft\WindowsApps;
USERNAME=TOSHIBA
OS=Windows_NT
PROCESSOR_IDENTIFIER=x86 Family 6 Model 23 Stepping 10, GenuineIntel



---------------  S Y S T E M  ---------------

OS: Windows 10.0 Build 18362 (10.0.18362.1110)

CPU:total 2 (initial active 2) (2 cores per cpu, 1 threads per core) family 6 model 23 stepping 10, cmov, cx8, fxsr, mmx, sse, sse2, sse3, ssse3, sse4.1, tsc

Memory: 4k page, physical 2095092k(105908k free), swap 3119092k(76k free)

vm_info: OpenJDK Server VM (25.212-b04) for windows-x86 JRE (1.8.0_212-release-1586-b04), built by "builder" with MS VC++ 10.0 (VS2010)

time: Sat Mar 13 14:24:00 2021
timezone: China Standard Time
elapsed time: 224 seconds (0d 0h 3m 44s)

