#
# There is insufficient memory for the Java Runtime Environment to continue.
# Native memory allocation (malloc) failed to allocate 32756 bytes for ChunkPool::allocate
# Possible reasons:
#   The system is out of physical RAM or swap space
#   In 32 bit mode, the process size limit was hit
# Possible solutions:
#   Reduce memory load on the system
#   Increase physical memory or swap space
#   Check if swap backing store is full
#   Use 64 bit Java on a 64 bit OS
#   Decrease Java heap size (-Xmx/-Xms)
#   Decrease number of Java threads
#   Decrease Java thread stack sizes (-Xss)
#   Set larger code cache with -XX:ReservedCodeCacheSize=
# This output file may be truncated or incomplete.
#
#  Out of Memory Error (allocation.cpp:272), pid=3248, tid=0x00001890
#
# JRE version: OpenJDK Runtime Environment (8.0_212-b04) (build 1.8.0_212-release-1586-b04)
# Java VM: OpenJDK Server VM (25.212-b04 mixed mode windows-x86 )
# Failed to write core dump. Minidumps are not enabled by default on client versions of Windows
#

---------------  T H R E A D  ---------------

Current thread (0x544b5800):  JavaThread "C2 CompilerThread0" daemon [_thread_in_native, id=6288, stack(0x54810000,0x54860000)]

Stack: [0x54810000,0x54860000],  sp=0x5485de84,  free space=311k
Native frames: (J=compiled Java code, j=interpreted, Vv=VM code, C=native code)
V  [jvm.dll+0x1a67db]
V  [jvm.dll+0x19ed58]
V  [jvm.dll+0x7d6b1]
V  [jvm.dll+0x7d88d]
V  [jvm.dll+0x7dd77]
V  [jvm.dll+0x36a3dd]
V  [jvm.dll+0x36ae32]
V  [jvm.dll+0x2f3dbd]
V  [jvm.dll+0x384976]
V  [jvm.dll+0x2f6a03]
V  [jvm.dll+0x2ff1a7]
V  [jvm.dll+0x3008eb]
V  [jvm.dll+0x2ea216]
V  [jvm.dll+0x60e47]
V  [jvm.dll+0x615ef]
V  [jvm.dll+0x177ab0]
V  [jvm.dll+0x1782eb]
V  [jvm.dll+0x1b8e46]
C  [msvcr100.dll+0x5c556]
C  [msvcr100.dll+0x5c600]
C  [KERNEL32.DLL+0x223d9]
C  [ntdll.dll+0x5e6cb]
C  [ntdll.dll+0x5e69f]
C  0x00000000


Current CompileTask:
C2:  43885 3696   !   4       java.util.jar.Attributes::read (380 bytes)


---------------  P R O C E S S  ---------------

Java Threads: ( => current thread )
  0x55eeb000 JavaThread "Cache worker for Build Output Cleanup Cache (C:\Users\TOSHIBA\AndroidStudioProjects\TaguigHealthConsult\.gradle\buildOutputCleanup)" [_thread_blocked, id=4060, stack(0x59860000,0x598b0000)]
  0x55ef0000 JavaThread "pool-1-thread-1" [_thread_blocked, id=6328, stack(0x59610000,0x59660000)]
  0x55ef0c00 JavaThread "Build operations Thread 2" [_thread_blocked, id=5212, stack(0x59220000,0x59270000)]
  0x5508fc00 JavaThread "Build operations" [_thread_blocked, id=6656, stack(0x591d0000,0x59220000)]
  0x55090000 JavaThread "Cache worker for execution history cache (C:\Users\TOSHIBA\.gradle\caches\5.6.4\executionHistory)" [_thread_blocked, id=7428, stack(0x58f80000,0x58fd0000)]
  0x5508ec00 JavaThread "Cache worker for cache directory md-rule (C:\Users\TOSHIBA\.gradle\caches\5.6.4\md-rule)" [_thread_blocked, id=5740, stack(0x58c30000,0x58c80000)]
  0x5508e000 JavaThread "Cache worker for cache directory md-supplier (C:\Users\TOSHIBA\.gradle\caches\5.6.4\md-supplier)" [_thread_blocked, id=5644, stack(0x58be0000,0x58c30000)]
  0x5508d400 JavaThread "Cache worker for file hash cache (C:\Users\TOSHIBA\AndroidStudioProjects\TaguigHealthConsult\.gradle\5.6.4\fileHashes)" [_thread_blocked, id=2472, stack(0x58590000,0x585e0000)]
  0x5508dc00 JavaThread "Cache worker for journal cache (C:\Users\TOSHIBA\.gradle\caches\journal-1)" [_thread_blocked, id=8052, stack(0x57370000,0x573c0000)]
  0x5508d000 JavaThread "File lock request listener" [_thread_in_native, id=4536, stack(0x57320000,0x57370000)]
  0x5508e800 JavaThread "Cache worker for file hash cache (C:\Users\TOSHIBA\.gradle\caches\5.6.4\fileHashes)" [_thread_blocked, id=6800, stack(0x572d0000,0x57320000)]
  0x5549c400 JavaThread "Thread-9" [_thread_blocked, id=1308, stack(0x57080000,0x570d0000)]
  0x55497800 JavaThread "Stdin handler" [_thread_blocked, id=2136, stack(0x57030000,0x57080000)]
  0x55497000 JavaThread "Asynchronous log dispatcher for DefaultDaemonConnection: socket connection from /127.0.0.1:51264 to /127.0.0.1:51265" [_thread_blocked, id=7312, stack(0x56fe0000,0x57030000)]
  0x55480800 JavaThread "Daemon worker" [_thread_in_native, id=3948, stack(0x56f90000,0x56fe0000)]
  0x54a0d400 JavaThread "Cancel handler" [_thread_blocked, id=492, stack(0x56f40000,0x56f90000)]
  0x549d1000 JavaThread "Handler for socket connection from /127.0.0.1:51264 to /127.0.0.1:51265" [_thread_in_native, id=2480, stack(0x56ee0000,0x56f30000)]
  0x549d0c00 JavaThread "Daemon" [_thread_blocked, id=4680, stack(0x56e90000,0x56ee0000)]
  0x54996000 JavaThread "Daemon periodic checks" [_thread_blocked, id=4296, stack(0x56d40000,0x56d90000)]
  0x54995800 JavaThread "Incoming local TCP Connector on port 51264" [_thread_in_native, id=2000, stack(0x56bb0000,0x56c00000)]
  0x55df0000 JavaThread "Daemon health stats" [_thread_blocked, id=2928, stack(0x56720000,0x56770000)]
  0x5450d800 JavaThread "Service Thread" daemon [_thread_blocked, id=3296, stack(0x548b0000,0x54900000)]
  0x544b7000 JavaThread "C1 CompilerThread1" daemon [_thread_blocked, id=6700, stack(0x54860000,0x548b0000)]
=>0x544b5800 JavaThread "C2 CompilerThread0" daemon [_thread_in_native, id=6288, stack(0x54810000,0x54860000)]
  0x544b2000 JavaThread "Attach Listener" daemon [_thread_blocked, id=8080, stack(0x547c0000,0x54810000)]
  0x544b1000 JavaThread "Signal Dispatcher" daemon [_thread_blocked, id=6476, stack(0x54770000,0x547c0000)]
  0x54495800 JavaThread "Finalizer" daemon [_thread_blocked, id=5916, stack(0x54620000,0x54670000)]
  0x5448f000 JavaThread "Reference Handler" daemon [_thread_blocked, id=4012, stack(0x545d0000,0x54620000)]
  0x0217c400 JavaThread "main" [_thread_blocked, id=816, stack(0x02190000,0x021e0000)]

Other Threads:
  0x54479400 VMThread [stack: 0x117a0000,0x117f0000] [id=5948]
  0x544f2c00 WatcherThread [stack: 0x54900000,0x54950000] [id=7624]

VM state:not at safepoint (normal execution)

VM Mutex/Monitor currently owned by a thread: None

Heap:
 PSYoungGen      total 165120K, used 40516K [0x3c2c0000, 0x4b9c0000, 0x51800000)
  eden space 154112K, 26% used [0x3c2c0000,0x3ea51268,0x45940000)
  from space 11008K, 0% used [0x45940000,0x45940000,0x46400000)
  to   space 11008K, 0% used [0x4af00000,0x4af00000,0x4b9c0000)
 ParOldGen       total 32256K, used 15906K [0x11800000, 0x13780000, 0x3c2c0000)
  object space 32256K, 49% used [0x11800000,0x127889f0,0x13780000)
 Metaspace       used 28972K, capacity 29575K, committed 29696K, reserved 30080K

Card table byte_map: [0x51800000,0x51a10000] byte_map_base: 0x51774000

Marking Bits: (ParMarkBitMap*) 0x7c488620
 Begin Bits: [0x51b70000, 0x52b70000)
 End Bits:   [0x52b70000, 0x53b70000)

Polling page: 0x021e0000

CodeCache: size=245760Kb used=9225Kb max_used=9317Kb free=236534Kb
 bounds [0x02320000, 0x02c40000, 0x11320000]
 total_blobs=3833 nmethods=3374 adapters=373
 compilation: enabled

Compilation events (10 events):
Event: 43.224 Thread 0x544b7000 3743       1       sun.security.provider.SHA2::lf_ch (10 bytes)
Event: 43.224 Thread 0x544b7000 nmethod 3743 0x02823b88 code [0x02823c80, 0x02823d00]
Event: 43.224 Thread 0x544b7000 3744       1       sun.security.provider.SHA2::lf_maj (12 bytes)
Event: 43.224 Thread 0x544b7000 nmethod 3744 0x02c31d08 code [0x02c31e00, 0x02c31e80]
Event: 43.226 Thread 0x544b7000 3745       2       sun.security.provider.SHA2::implCompress (331 bytes)
Event: 43.227 Thread 0x544b7000 nmethod 3745 0x02a8c648 code [0x02a8c7a0, 0x02a8cdac]
Event: 43.227 Thread 0x544b7000 3746 %     3       sun.security.provider.SHA2::implCompress @ 142 (331 bytes)
Event: 43.228 Thread 0x544b7000 nmethod 3746% 0x02a8a5c8 code [0x02a8a7e0, 0x02a8b54c]
Event: 43.228 Thread 0x544b7000 3747       3       sun.security.provider.SHA2::implCompress (331 bytes)
Event: 43.230 Thread 0x544b7000 nmethod 3747 0x02a88a08 code [0x02a88c00, 0x02a8976c]

GC Heap History (10 events):
Event: 16.200 GC heap before
{Heap before GC invocations=11 (full 1):
 PSYoungGen      total 110080K, used 3451K [0x3c2c0000, 0x43700000, 0x51800000)
  eden space 102144K, 0% used [0x3c2c0000,0x3c2c0000,0x42680000)
  from space 7936K, 43% used [0x42f40000,0x4329eea8,0x43700000)
  to   space 8448K, 0% used [0x42680000,0x42680000,0x42ec0000)
 ParOldGen       total 22016K, used 13822K [0x11800000, 0x12d80000, 0x3c2c0000)
  object space 22016K, 62% used [0x11800000,0x1257fa40,0x12d80000)
 Metaspace       used 16094K, capacity 16347K, committed 16384K, reserved 16768K
Event: 16.311 GC heap after
Heap after GC invocations=11 (full 1):
 PSYoungGen      total 110080K, used 0K [0x3c2c0000, 0x43700000, 0x51800000)
  eden space 102144K, 0% used [0x3c2c0000,0x3c2c0000,0x42680000)
  from space 7936K, 0% used [0x42f40000,0x42f40000,0x43700000)
  to   space 8448K, 0% used [0x42680000,0x42680000,0x42ec0000)
 ParOldGen       total 21248K, used 7990K [0x11800000, 0x12cc0000, 0x3c2c0000)
  object space 21248K, 37% used [0x11800000,0x11fcdaa0,0x12cc0000)
 Metaspace       used 16094K, capacity 16347K, committed 16384K, reserved 16768K
}
Event: 20.743 GC heap before
{Heap before GC invocations=12 (full 1):
 PSYoungGen      total 110080K, used 102144K [0x3c2c0000, 0x43700000, 0x51800000)
  eden space 102144K, 100% used [0x3c2c0000,0x42680000,0x42680000)
  from space 7936K, 0% used [0x42f40000,0x42f40000,0x43700000)
  to   space 8448K, 0% used [0x42680000,0x42680000,0x42ec0000)
 ParOldGen       total 21248K, used 7990K [0x11800000, 0x12cc0000, 0x3c2c0000)
  object space 21248K, 37% used [0x11800000,0x11fcdaa0,0x12cc0000)
 Metaspace       used 21187K, capacity 21501K, committed 21632K, reserved 21888K
Event: 20.794 GC heap after
Heap after GC invocations=12 (full 1):
 PSYoungGen      total 110592K, used 8432K [0x3c2c0000, 0x46e40000, 0x51800000)
  eden space 102144K, 0% used [0x3c2c0000,0x3c2c0000,0x42680000)
  from space 8448K, 99% used [0x42680000,0x42ebc0e0,0x42ec0000)
  to   space 9728K, 0% used [0x464c0000,0x464c0000,0x46e40000)
 ParOldGen       total 21248K, used 8029K [0x11800000, 0x12cc0000, 0x3c2c0000)
  object space 21248K, 37% used [0x11800000,0x11fd7608,0x12cc0000)
 Metaspace       used 21187K, capacity 21501K, committed 21632K, reserved 21888K
}
Event: 37.577 GC heap before
{Heap before GC invocations=13 (full 1):
 PSYoungGen      total 110592K, used 110576K [0x3c2c0000, 0x46e40000, 0x51800000)
  eden space 102144K, 100% used [0x3c2c0000,0x42680000,0x42680000)
  from space 8448K, 99% used [0x42680000,0x42ebc0e0,0x42ec0000)
  to   space 9728K, 0% used [0x464c0000,0x464c0000,0x46e40000)
 ParOldGen       total 21248K, used 8029K [0x11800000, 0x12cc0000, 0x3c2c0000)
  object space 21248K, 37% used [0x11800000,0x11fd7608,0x12cc0000)
 Metaspace       used 25665K, capacity 26208K, committed 26240K, reserved 27008K
Event: 37.626 GC heap after
Heap after GC invocations=13 (full 1):
 PSYoungGen      total 163840K, used 9150K [0x3c2c0000, 0x46ec0000, 0x51800000)
  eden space 154112K, 0% used [0x3c2c0000,0x3c2c0000,0x45940000)
  from space 9728K, 94% used [0x464c0000,0x46dafa08,0x46e40000)
  to   space 11008K, 0% used [0x45940000,0x45940000,0x46400000)
 ParOldGen       total 21248K, used 10923K [0x11800000, 0x12cc0000, 0x3c2c0000)
  object space 21248K, 51% used [0x11800000,0x122aac58,0x12cc0000)
 Metaspace       used 25665K, capacity 26208K, committed 26240K, reserved 27008K
}
Event: 38.794 GC heap before
{Heap before GC invocations=14 (full 1):
 PSYoungGen      total 163840K, used 23301K [0x3c2c0000, 0x46ec0000, 0x51800000)
  eden space 154112K, 9% used [0x3c2c0000,0x3d091c80,0x45940000)
  from space 9728K, 94% used [0x464c0000,0x46dafa08,0x46e40000)
  to   space 11008K, 0% used [0x45940000,0x45940000,0x46400000)
 ParOldGen       total 21248K, used 10923K [0x11800000, 0x12cc0000, 0x3c2c0000)
  object space 21248K, 51% used [0x11800000,0x122aac58,0x12cc0000)
 Metaspace       used 26721K, capacity 27282K, committed 27308K, reserved 28032K
Event: 38.815 GC heap after
Heap after GC invocations=14 (full 1):
 PSYoungGen      total 165120K, used 1600K [0x3c2c0000, 0x4b9c0000, 0x51800000)
  eden space 154112K, 0% used [0x3c2c0000,0x3c2c0000,0x45940000)
  from space 11008K, 14% used [0x45940000,0x45ad01a0,0x46400000)
  to   space 11008K, 0% used [0x4af00000,0x4af00000,0x4b9c0000)
 ParOldGen       total 21248K, used 15254K [0x11800000, 0x12cc0000, 0x3c2c0000)
  object space 21248K, 71% used [0x11800000,0x126e5b80,0x12cc0000)
 Metaspace       used 26721K, capacity 27282K, committed 27308K, reserved 28032K
}
Event: 38.816 GC heap before
{Heap before GC invocations=15 (full 2):
 PSYoungGen      total 165120K, used 1600K [0x3c2c0000, 0x4b9c0000, 0x51800000)
  eden space 154112K, 0% used [0x3c2c0000,0x3c2c0000,0x45940000)
  from space 11008K, 14% used [0x45940000,0x45ad01a0,0x46400000)
  to   space 11008K, 0% used [0x4af00000,0x4af00000,0x4b9c0000)
 ParOldGen       total 21248K, used 15254K [0x11800000, 0x12cc0000, 0x3c2c0000)
  object space 21248K, 71% used [0x11800000,0x126e5b80,0x12cc0000)
 Metaspace       used 26721K, capacity 27282K, committed 27308K, reserved 28032K
Event: 39.023 GC heap after
Heap after GC invocations=15 (full 2):
 PSYoungGen      total 165120K, used 0K [0x3c2c0000, 0x4b9c0000, 0x51800000)
  eden space 154112K, 0% used [0x3c2c0000,0x3c2c0000,0x45940000)
  from space 11008K, 0% used [0x45940000,0x45940000,0x46400000)
  to   space 11008K, 0% used [0x4af00000,0x4af00000,0x4b9c0000)
 ParOldGen       total 32256K, used 15906K [0x11800000, 0x13780000, 0x3c2c0000)
  object space 32256K, 49% used [0x11800000,0x127889f0,0x13780000)
 Metaspace       used 26718K, capacity 27274K, committed 27308K, reserved 28032K
}

Deoptimization events (10 events):
Event: 37.071 Thread 0x55480800 Uncommon trap: reason=unstable_if action=reinterpret pc=0x02c2c778 method=jdk.internal.org.objectweb.asm.Type.getArgumentsAndReturnSizes(Ljava/lang/String;)I @ 47
Event: 42.702 Thread 0x55480800 Uncommon trap: reason=unstable_if action=reinterpret pc=0x02718194 method=java.util.jar.JarFile.maybeInstantiateVerifier()V @ 75
Event: 42.705 Thread 0x55480800 Uncommon trap: reason=unstable_if action=reinterpret pc=0x02783568 method=java.util.jar.Manifest$FastInputStream.readLine([BII)I @ 87
Event: 42.706 Thread 0x55480800 Uncommon trap: reason=unstable_if action=reinterpret pc=0x0272b48c method=java.util.jar.Attributes$Name.isDigit(C)Z @ 3
Event: 42.800 Thread 0x55480800 Uncommon trap: reason=unstable_if action=reinterpret pc=0x028185dc method=java.lang.ThreadLocal.get()Ljava/lang/Object; @ 11
Event: 42.957 Thread 0x55480800 Uncommon trap: reason=speculate_class_check action=maybe_recompile pc=0x027765c8 method=java.util.HashMap.putVal(ILjava/lang/Object;Ljava/lang/Object;ZZ)Ljava/lang/Object; @ 56
Event: 42.957 Thread 0x55480800 Uncommon trap: reason=speculate_class_check action=maybe_recompile pc=0x027765c8 method=java.util.HashMap.putVal(ILjava/lang/Object;Ljava/lang/Object;ZZ)Ljava/lang/Object; @ 56
Event: 42.957 Thread 0x55480800 Uncommon trap: reason=speculate_class_check action=maybe_recompile pc=0x027765c8 method=java.util.HashMap.putVal(ILjava/lang/Object;Ljava/lang/Object;ZZ)Ljava/lang/Object; @ 56
Event: 42.958 Thread 0x55480800 Uncommon trap: reason=speculate_class_check action=maybe_recompile pc=0x027765c8 method=java.util.HashMap.putVal(ILjava/lang/Object;Ljava/lang/Object;ZZ)Ljava/lang/Object; @ 56
Event: 43.087 Thread 0x55480800 Uncommon trap: reason=unstable_if action=reinterpret pc=0x02716c60 method=java.lang.CharacterDataLatin1.isWhitespace(I)Z @ 14

Classes redefined (0 events):
No events

Internal exceptions (10 events):
Event: 34.118 Thread 0x55480800 Exception <a 'java/lang/ClassNotFoundException': org/gradle/api/tasks/DeleteCustomizer> (0x413fb300) thrown at [D:\src\AOSP-openjdk-cygwin\jdk8u\hotspot\src\share\vm\classfile\systemDictionary.cpp, line 210]
Event: 34.121 Thread 0x55480800 Exception <a 'java/lang/ClassNotFoundException': org/gradle/api/tasks/Delete_DecoratedCustomizer> (0x41444410) thrown at [D:\src\AOSP-openjdk-cygwin\jdk8u\hotspot\src\share\vm\classfile\systemDictionary.cpp, line 210]
Event: 34.399 Thread 0x55480800 Exception <a 'java/lang/ClassNotFoundException': build_b9cd2xnac55zu2f5hf32jjgofBeanInfo> (0x41537930) thrown at [D:\src\AOSP-openjdk-cygwin\jdk8u\hotspot\src\share\vm\classfile\systemDictionary.cpp, line 210]
Event: 34.400 Thread 0x55480800 Exception <a 'java/lang/ClassNotFoundException': build_b9cd2xnac55zu2f5hf32jjgofCustomizer> (0x41544110) thrown at [D:\src\AOSP-openjdk-cygwin\jdk8u\hotspot\src\share\vm\classfile\systemDictionary.cpp, line 210]
Event: 34.426 Thread 0x55480800 Exception <a 'java/lang/ClassNotFoundException': org/gradle/api/internal/plugins/DefaultObjectConfigurationActionBeanInfo> (0x415b5b98) thrown at [D:\src\AOSP-openjdk-cygwin\jdk8u\hotspot\src\share\vm\classfile\systemDictionary.cpp, line 210]
Event: 34.429 Thread 0x55480800 Exception <a 'java/lang/ClassNotFoundException': org/gradle/api/internal/plugins/DefaultObjectConfigurationActionCustomizer> (0x415f8430) thrown at [D:\src\AOSP-openjdk-cygwin\jdk8u\hotspot\src\share\vm\classfile\systemDictionary.cpp, line 210]
Event: 36.990 Thread 0x55480800 Implicit null exception at 0x02bd666a to 0x02bd8e95
Event: 36.991 Thread 0x55480800 Implicit null exception at 0x024e5f7a to 0x024e6181
Event: 37.774 Thread 0x55480800 Exception <a 'sun/nio/fs/WindowsException'> (0x3c40dee8) thrown at [D:\src\AOSP-openjdk-cygwin\jdk8u\hotspot\src\share\vm\prims\jni.cpp, line 710]
Event: 42.800 Thread 0x55480800 Implicit null exception at 0x028181a0 to 0x028185c9

Events (10 events):
Event: 43.188 loading class java/security/interfaces/DSAPrivateKey done
Event: 43.188 loading class sun/security/provider/DSA$SHA1withDSA
Event: 43.189 loading class sun/security/provider/DSA
Event: 43.190 loading class sun/security/provider/DSA done
Event: 43.190 loading class sun/security/provider/DSA$SHA1withDSA done
Event: 43.192 loading class java/math/SignedMutableBigInteger
Event: 43.192 loading class java/math/SignedMutableBigInteger done
Event: 43.230 Thread 0x55480800 DEOPT PACKING pc=0x02a8ccdc sp=0x56fdb260
Event: 43.230 Thread 0x55480800 DEOPT UNPACKING pc=0x0235c2f5 sp=0x56fdb138 mode 0
Event: 43.234 loading class java/util/Base64


Dynamic libraries:
0x00270000 - 0x0029d000 	C:\Program Files\android-studio\jre\bin\java.exe
0x77740000 - 0x778d9000 	C:\WINDOWS\SYSTEM32\ntdll.dll
0x755b0000 - 0x75648000 	C:\WINDOWS\System32\KERNEL32.DLL
0x74fd0000 - 0x751cd000 	C:\WINDOWS\System32\KERNELBASE.dll
0x72de0000 - 0x72e7f000 	C:\WINDOWS\SYSTEM32\apphelp.dll
0x76870000 - 0x768e9000 	C:\WINDOWS\System32\ADVAPI32.dll
0x772c0000 - 0x7737f000 	C:\WINDOWS\System32\msvcrt.dll
0x769f0000 - 0x76a66000 	C:\WINDOWS\System32\sechost.dll
0x76b80000 - 0x76c40000 	C:\WINDOWS\System32\RPCRT4.dll
0x76140000 - 0x762b8000 	C:\WINDOWS\System32\USER32.dll
0x75370000 - 0x7538c000 	C:\WINDOWS\System32\win32u.dll
0x762c0000 - 0x762e1000 	C:\WINDOWS\System32\GDI32.dll
0x751d0000 - 0x75330000 	C:\WINDOWS\System32\gdi32full.dll
0x754b0000 - 0x7552c000 	C:\WINDOWS\System32\msvcp_win.dll
0x75390000 - 0x754b0000 	C:\WINDOWS\System32\ucrtbase.dll
0x5d710000 - 0x5d91f000 	C:\WINDOWS\WinSxS\x86_microsoft.windows.common-controls_6595b64144ccf1df_6.0.18362.1139_none_e62929aaf8dc83cc\COMCTL32.dll
0x75700000 - 0x75975000 	C:\WINDOWS\System32\combase.dll
0x75530000 - 0x7558f000 	C:\WINDOWS\System32\bcryptPrimitives.dll
0x76110000 - 0x76136000 	C:\WINDOWS\System32\IMM32.DLL
0x6f330000 - 0x6f3ef000 	C:\Program Files\android-studio\jre\jre\bin\msvcr100.dll
0x7bf10000 - 0x7c4f9000 	C:\Program Files\android-studio\jre\jre\bin\server\jvm.dll
0x77380000 - 0x77386000 	C:\WINDOWS\System32\PSAPI.DLL
0x68b00000 - 0x68b08000 	C:\WINDOWS\SYSTEM32\WSOCK32.dll
0x76020000 - 0x7607e000 	C:\WINDOWS\System32\WS2_32.dll
0x71c80000 - 0x71ca4000 	C:\WINDOWS\SYSTEM32\WINMM.dll
0x6df90000 - 0x6df98000 	C:\WINDOWS\SYSTEM32\VERSION.dll
0x71c50000 - 0x71c73000 	C:\WINDOWS\SYSTEM32\WINMMBASE.dll
0x75330000 - 0x7536b000 	C:\WINDOWS\System32\cfgmgr32.dll
0x710f0000 - 0x710fc000 	C:\Program Files\android-studio\jre\jre\bin\verify.dll
0x61330000 - 0x61351000 	C:\Program Files\android-studio\jre\jre\bin\java.dll
0x61780000 - 0x61794000 	C:\Program Files\android-studio\jre\jre\bin\zip.dll
0x75980000 - 0x75efa000 	C:\WINDOWS\System32\SHELL32.dll
0x77390000 - 0x77414000 	C:\WINDOWS\System32\shcore.dll
0x748e0000 - 0x74ea1000 	C:\WINDOWS\System32\windows.storage.dll
0x747c0000 - 0x747db000 	C:\WINDOWS\System32\profapi.dll
0x74770000 - 0x747b3000 	C:\WINDOWS\System32\powrprof.dll
0x74740000 - 0x7474d000 	C:\WINDOWS\System32\UMPDC.dll
0x75650000 - 0x75694000 	C:\WINDOWS\System32\shlwapi.dll
0x74750000 - 0x7475f000 	C:\WINDOWS\System32\kernel.appcore.dll
0x74fb0000 - 0x74fc3000 	C:\WINDOWS\System32\cryptsp.dll
0x60c10000 - 0x60c25000 	C:\Program Files\android-studio\jre\jre\bin\net.dll
0x77590000 - 0x7773a000 	C:\WINDOWS\System32\urlmon.dll
0x77090000 - 0x772ba000 	C:\WINDOWS\System32\iertutil.dll
0x74270000 - 0x7427a000 	C:\WINDOWS\SYSTEM32\CRYPTBASE.DLL
0x740f0000 - 0x74147000 	C:\WINDOWS\system32\mswsock.dll
0x710e0000 - 0x710ef000 	C:\Program Files\android-studio\jre\jre\bin\nio.dll
0x6f2f0000 - 0x6f311000 	C:\Users\TOSHIBA\.gradle\native\30\windows-i386\native-platform.dll
0x710c0000 - 0x710ca000 	C:\Program Files\android-studio\jre\jre\bin\management.dll
0x73d20000 - 0x73d4f000 	C:\WINDOWS\system32\rsaenh.dll
0x74f40000 - 0x74f5b000 	C:\WINDOWS\System32\bcrypt.dll
0x74690000 - 0x746ae000 	C:\WINDOWS\SYSTEM32\USERENV.dll
0x73e80000 - 0x73eb2000 	C:\WINDOWS\SYSTEM32\IPHLPAPI.DLL
0x762f0000 - 0x762f7000 	C:\WINDOWS\System32\NSI.dll
0x6d010000 - 0x6d023000 	C:\WINDOWS\SYSTEM32\dhcpcsvc6.DLL
0x6d4e0000 - 0x6d4f5000 	C:\WINDOWS\SYSTEM32\dhcpcsvc.DLL
0x73ec0000 - 0x73f54000 	C:\WINDOWS\SYSTEM32\DNSAPI.dll
0x666e0000 - 0x6686f000 	C:\WINDOWS\SYSTEM32\dbghelp.dll

VM Arguments:
jvm_args: -Xmx1024m -Dfile.encoding=windows-1252 -Duser.country=US -Duser.language=en -Duser.variant 
java_command: org.gradle.launcher.daemon.bootstrap.GradleDaemon 5.6.4
java_class_path (initial): C:\Users\TOSHIBA\.gradle\wrapper\dists\gradle-5.6.4-all\ankdp27end7byghfw1q2sw75f\gradle-5.6.4\lib\gradle-launcher-5.6.4.jar
Launcher Type: SUN_STANDARD

Environment Variables:
JAVA_HOME=C:\Program Files\Java;C:\Program Files\Java\jdk1.8.0_211;C:\Program Files\Java\jdk1.8.0_211\bin
PATH=C:\WINDOWS\System32;C:\Users\TOSHIBA\AppData\Roaming\npm;%USERPROFILE%\AppData\Local\Microsoft\WindowsApps;
USERNAME=TOSHIBA
OS=Windows_NT
PROCESSOR_IDENTIFIER=x86 Family 6 Model 23 Stepping 10, GenuineIntel



---------------  S Y S T E M  ---------------

OS: Windows 10.0 Build 18362 (10.0.18362.1110)

CPU:total 2 (initial active 2) (2 cores per cpu, 1 threads per core) family 6 model 23 stepping 10, cmov, cx8, fxsr, mmx, sse, sse2, sse3, ssse3, sse4.1, tsc

Memory: 4k page, physical 2095092k(115864k free), swap 3119092k(1324k free)

vm_info: OpenJDK Server VM (25.212-b04) for windows-x86 JRE (1.8.0_212-release-1586-b04), built by "builder" with MS VC++ 10.0 (VS2010)

time: Wed Mar 31 21:53:14 2021
timezone: China Standard Time
elapsed time: 44 seconds (0d 0h 0m 44s)

