#
# There is insufficient memory for the Java Runtime Environment to continue.
# Native memory allocation (malloc) failed to allocate 980728 bytes for Chunk::new
# Possible reasons:
#   The system is out of physical RAM or swap space
#   In 32 bit mode, the process size limit was hit
# Possible solutions:
#   Reduce memory load on the system
#   Increase physical memory or swap space
#   Check if swap backing store is full
#   Use 64 bit Java on a 64 bit OS
#   Decrease Java heap size (-Xmx/-Xms)
#   Decrease number of Java threads
#   Decrease Java thread stack sizes (-Xss)
#   Set larger code cache with -XX:ReservedCodeCacheSize=
# This output file may be truncated or incomplete.
#
#  Out of Memory Error (allocation.cpp:389), pid=8172, tid=0x00001444
#
# JRE version: OpenJDK Runtime Environment (8.0_212-b04) (build 1.8.0_212-release-1586-b04)
# Java VM: OpenJDK Server VM (25.212-b04 mixed mode windows-x86 )
# Failed to write core dump. Minidumps are not enabled by default on client versions of Windows
#

---------------  T H R E A D  ---------------

Current thread (0x53ab6400):  JavaThread "C2 CompilerThread0" daemon [_thread_in_native, id=5188, stack(0x53d70000,0x53dc0000)]

Stack: [0x53d70000,0x53dc0000],  sp=0x53dbdd68,  free space=311k
Native frames: (J=compiled Java code, j=interpreted, Vv=VM code, C=native code)
V  [jvm.dll+0x1a67db]
V  [jvm.dll+0x19ed58]
V  [jvm.dll+0x7d871]
V  [jvm.dll+0x7dd77]
V  [jvm.dll+0x95314]
V  [jvm.dll+0x309330]
V  [jvm.dll+0x340888]
V  [jvm.dll+0x2fac25]
V  [jvm.dll+0x2ffecd]
V  [jvm.dll+0x300875]
V  [jvm.dll+0x2ea216]
V  [jvm.dll+0x60e47]
V  [jvm.dll+0x615ef]
V  [jvm.dll+0x177ab0]
V  [jvm.dll+0x1782eb]
V  [jvm.dll+0x1b8e46]
C  [msvcr100.dll+0x5c556]
C  [msvcr100.dll+0x5c600]
C  [KERNEL32.DLL+0x223d9]
C  [ntdll.dll+0x5e6cb]
C  [ntdll.dll+0x5e69f]
C  0x00000000


Current CompileTask:
C2:1845735 21467       4       com.android.tools.r8.ir.regalloc.LinearScanRegisterAllocator::a (3993 bytes)


---------------  P R O C E S S  ---------------

Java Threads: ( => current thread )
  0x59caf000 JavaThread "ForkJoinPool-3-worker-0" daemon [_thread_in_vm, id=5876, stack(0x5cf20000,0x5cf70000)]
  0x54bd2000 JavaThread "ForkJoinPool-3-worker-1" daemon [_thread_blocked, id=1976, stack(0x5caf0000,0x5cb40000)]
  0x57447000 JavaThread "Cache worker for Java compile cache (C:\Users\TOSHIBA\AndroidStudioProjects\Group4_SQlite\.gradle\5.6.4\javaCompile)" [_thread_blocked, id=5796, stack(0x5caa0000,0x5caf0000)]
  0x57446800 JavaThread "Cache worker for Java compile cache (C:\Users\TOSHIBA\.gradle\caches\5.6.4\javaCompile)" [_thread_blocked, id=5760, stack(0x5b480000,0x5b4d0000)]
  0x57445c00 JavaThread "WorkerExecutor Queue Thread 4" [_thread_blocked, id=228, stack(0x5b430000,0x5b480000)]
  0x57445400 JavaThread "MarlinRenderer Disposer" daemon [_thread_blocked, id=1448, stack(0x5d0c0000,0x5d110000)]
  0x57445000 JavaThread "Java2D Disposer" daemon [_thread_blocked, id=5524, stack(0x5cf70000,0x5cfc0000)]
  0x5744b800 JavaThread "WorkerExecutor Queue Thread 2" [_thread_blocked, id=4388, stack(0x5cc40000,0x5cc90000)]
  0x57446000 JavaThread "stdout" [_thread_in_native, id=4676, stack(0x5ca50000,0x5caa0000)]
  0x57444400 JavaThread "stderr" [_thread_in_native, id=6792, stack(0x5ca00000,0x5ca50000)]
  0x5744a000 JavaThread "pool-15-thread-1" [_thread_blocked, id=7632, stack(0x5c9b0000,0x5ca00000)]
  0x57449c00 JavaThread "Cache worker for execution history cache (C:\Users\TOSHIBA\AndroidStudioProjects\Group4_SQlite\.gradle\5.6.4\executionHistory)" [_thread_blocked, id=3244, stack(0x5b2e0000,0x5b330000)]
  0x57448c00 JavaThread "Execution worker for ':'" [_thread_blocked, id=8000, stack(0x58f70000,0x58fc0000)]
  0x57448800 JavaThread "Cache worker for file content cache (C:\Users\TOSHIBA\AndroidStudioProjects\Group4_SQlite\.gradle\5.6.4\fileContent)" [_thread_blocked, id=7032, stack(0x58f20000,0x58f70000)]
  0x5744a800 JavaThread "Cache worker for file content cache (C:\Users\TOSHIBA\.gradle\caches\5.6.4\fileContent)" [_thread_blocked, id=7236, stack(0x564e0000,0x56530000)]
  0x57448000 JavaThread "Cache worker for Build Output Cleanup Cache (C:\Users\TOSHIBA\AndroidStudioProjects\Group4_SQlite\.gradle\buildOutputCleanup)" [_thread_blocked, id=3748, stack(0x58cd0000,0x58d20000)]
  0x5744b400 JavaThread "pool-3-thread-1" [_thread_blocked, id=8120, stack(0x58c80000,0x58cd0000)]
  0x54872400 JavaThread "Build operations Thread 2" [_thread_blocked, id=6988, stack(0x588f0000,0x58940000)]
  0x54872000 JavaThread "Build operations" [_thread_blocked, id=404, stack(0x57c80000,0x57cd0000)]
  0x54bd4000 JavaThread "Cache worker for cache directory md-rule (C:\Users\TOSHIBA\.gradle\caches\5.6.4\md-rule)" [_thread_blocked, id=4648, stack(0x57c30000,0x57c80000)]
  0x54bd3800 JavaThread "Cache worker for cache directory md-supplier (C:\Users\TOSHIBA\.gradle\caches\5.6.4\md-supplier)" [_thread_blocked, id=1244, stack(0x57ae0000,0x57b30000)]
  0x54bd2c00 JavaThread "Cache worker for file hash cache (C:\Users\TOSHIBA\AndroidStudioProjects\Group4_SQlite\.gradle\5.6.4\fileHashes)" [_thread_blocked, id=7360, stack(0x565d0000,0x56620000)]
  0x54bd8400 JavaThread "Thread-26" [_thread_blocked, id=7312, stack(0x56530000,0x56580000)]
  0x54bd7c00 JavaThread "Asynchronous log dispatcher for DefaultDaemonConnection: socket connection from /127.0.0.1:52688 to /127.0.0.1:52781" [_thread_blocked, id=7688, stack(0x56490000,0x564e0000)]
  0x54bd7800 JavaThread "Daemon worker Thread 2" [_thread_blocked, id=4904, stack(0x56440000,0x56490000)]
  0x54bd5000 JavaThread "Cancel handler" [_thread_blocked, id=8132, stack(0x563f0000,0x56440000)]
  0x54bd1800 JavaThread "Handler for socket connection from /127.0.0.1:52688 to /127.0.0.1:52781" [_thread_in_native, id=2924, stack(0x00600000,0x00650000)]
  0x54bd7000 JavaThread "Daemon Thread 2" [_thread_blocked, id=4856, stack(0x00390000,0x003e0000)]
  0x54bd4c00 JavaThread "Memory manager" [_thread_blocked, id=7192, stack(0x5ac90000,0x5ace0000)]
  0x54871000 JavaThread "Cache worker for execution history cache (C:\Users\TOSHIBA\.gradle\caches\5.6.4\executionHistory)" [_thread_blocked, id=7972, stack(0x56580000,0x565d0000)]
  0x5486f800 JavaThread "Cache worker for journal cache (C:\Users\TOSHIBA\.gradle\caches\journal-1)" [_thread_blocked, id=7988, stack(0x568c0000,0x56910000)]
  0x54870400 JavaThread "File lock request listener" [_thread_in_native, id=5348, stack(0x56870000,0x568c0000)]
  0x54870c00 JavaThread "Cache worker for file hash cache (C:\Users\TOSHIBA\.gradle\caches\5.6.4\fileHashes)" [_thread_blocked, id=7408, stack(0x56820000,0x56870000)]
  0x53f2a000 JavaThread "Daemon periodic checks" [_thread_blocked, id=2312, stack(0x562a0000,0x562f0000)]
  0x53f29800 JavaThread "Incoming local TCP Connector on port 52688" [_thread_in_native, id=5428, stack(0x56110000,0x56160000)]
  0x55335800 JavaThread "Daemon health stats" [_thread_blocked, id=7468, stack(0x55c80000,0x55cd0000)]
  0x53b03c00 JavaThread "Service Thread" daemon [_thread_blocked, id=7436, stack(0x53e10000,0x53e60000)]
  0x53aa8800 JavaThread "C1 CompilerThread1" daemon [_thread_blocked, id=6316, stack(0x53dc0000,0x53e10000)]
=>0x53ab6400 JavaThread "C2 CompilerThread0" daemon [_thread_in_native, id=5188, stack(0x53d70000,0x53dc0000)]
  0x53ab2800 JavaThread "Attach Listener" daemon [_thread_blocked, id=6976, stack(0x53d20000,0x53d70000)]
  0x53ab1800 JavaThread "Signal Dispatcher" daemon [_thread_blocked, id=6464, stack(0x53cd0000,0x53d20000)]
  0x53a95000 JavaThread "Finalizer" daemon [_thread_blocked, id=4748, stack(0x10d90000,0x10de0000)]
  0x53a8f400 JavaThread "Reference Handler" daemon [_thread_blocked, id=6668, stack(0x10d40000,0x10d90000)]
  0x018bc800 JavaThread "main" [_thread_blocked, id=6684, stack(0x00890000,0x008e0000)]

Other Threads:
  0x53a7a000 VMThread [stack: 0x10cf0000,0x10d40000] [id=5648]
  0x53b05c00 WatcherThread [stack: 0x53e60000,0x53eb0000] [id=5332]

VM state:synchronizing (normal execution)

VM Mutex/Monitor currently owned by a thread:  ([mutex/lock_event])
[0x018bbe40] Threads_lock - owner thread: 0x53a7a000
[0x018bc1e8] Compile_lock - owner thread: 0x54bd2000

Heap:
 PSYoungGen      total 321024K, used 88189K [0x3b8c0000, 0x50240000, 0x50e00000)
  eden space 305152K, 28% used [0x3b8c0000,0x40c9b788,0x4e2c0000)
  from space 15872K, 14% used [0x4e2c0000,0x4e504010,0x4f240000)
  to   space 15872K, 0% used [0x4f240000,0x4f240000,0x501c0000)
 ParOldGen       total 78848K, used 58607K [0x10e00000, 0x15b00000, 0x3b8c0000)
  object space 78848K, 74% used [0x10e00000,0x1473bfc8,0x15b00000)
 Metaspace       used 69665K, capacity 71417K, committed 72192K, reserved 73088K

Card table byte_map: [0x50e00000,0x51010000] byte_map_base: 0x50d79000

Marking Bits: (ParMarkBitMap*) 0x7ab58620
 Begin Bits: [0x51170000, 0x52170000)
 End Bits:   [0x52170000, 0x53170000)

Polling page: 0x006b0000

CodeCache: size=245760Kb used=50828Kb max_used=50828Kb free=194931Kb
 bounds [0x01930000, 0x04bc0000, 0x10930000]
 total_blobs=17905 nmethods=17360 adapters=458
 compilation: enabled

Compilation events (10 events):
Event: 1844.357 Thread 0x53aa8800 21526       2       com.android.tools.r8.dex.BinaryReader::a (8 bytes)
Event: 1844.357 Thread 0x53aa8800 nmethod 21526 0x04270308 code [0x04270420, 0x0427050c]
Event: 1844.357 Thread 0x53aa8800 21527       2       com.android.tools.r8.utils.c0::b (75 bytes)
Event: 1844.358 Thread 0x53aa8800 nmethod 21527 0x0426ff48 code [0x04270060, 0x042701cc]
Event: 1844.358 Thread 0x53aa8800 21528       2       com.android.tools.r8.graph.F0::a (34 bytes)
Event: 1844.358 Thread 0x53aa8800 nmethod 21528 0x0426fbc8 code [0x0426fce0, 0x0426fe20]
Event: 1844.365 Thread 0x53aa8800 21529 %     3       com.android.tools.r8.dex.j::a @ 65 (2047 bytes)
Event: 1844.382 Thread 0x53aa8800 nmethod 21529% 0x04b9da48 code [0x04b9e520, 0x04ba4d14]
Event: 1844.382 Thread 0x53aa8800 21530       3       com.android.tools.r8.dex.j::a (2047 bytes)
Event: 1844.393 Thread 0x53aa8800 nmethod 21530 0x04bab708 code [0x04bac1c0, 0x04bb27b4]

GC Heap History (10 events):
Event: 1815.022 GC heap before
{Heap before GC invocations=47 (full 6):
 PSYoungGen      total 278272K, used 1872K [0x3b8c0000, 0x4dd40000, 0x50e00000)
  eden space 261632K, 0% used [0x3b8c0000,0x3b8c0000,0x4b840000)
  from space 16640K, 11% used [0x4b840000,0x4ba14388,0x4c880000)
  to   space 17152K, 0% used [0x4c880000,0x4c880000,0x4d940000)
 ParOldGen       total 85504K, used 80266K [0x10e00000, 0x16180000, 0x3b8c0000)
  object space 85504K, 93% used [0x10e00000,0x15c62880,0x16180000)
 Metaspace       used 69894K, capacity 71865K, committed 71936K, reserved 72064K
Event: 1823.993 GC heap after
Heap after GC invocations=47 (full 6):
 PSYoungGen      total 278272K, used 0K [0x3b8c0000, 0x4dd40000, 0x50e00000)
  eden space 261632K, 0% used [0x3b8c0000,0x3b8c0000,0x4b840000)
  from space 16640K, 0% used [0x4b840000,0x4b840000,0x4c880000)
  to   space 17152K, 0% used [0x4c880000,0x4c880000,0x4d940000)
 ParOldGen       total 78848K, used 50211K [0x10e00000, 0x15b00000, 0x3b8c0000)
  object space 78848K, 63% used [0x10e00000,0x13f08e08,0x15b00000)
 Metaspace       used 69326K, capacity 71034K, committed 71936K, reserved 72064K
}
Event: 1828.978 GC heap before
{Heap before GC invocations=48 (full 6):
 PSYoungGen      total 278272K, used 261632K [0x3b8c0000, 0x4dd40000, 0x50e00000)
  eden space 261632K, 100% used [0x3b8c0000,0x4b840000,0x4b840000)
  from space 16640K, 0% used [0x4b840000,0x4b840000,0x4c880000)
  to   space 17152K, 0% used [0x4c880000,0x4c880000,0x4d940000)
 ParOldGen       total 78848K, used 50211K [0x10e00000, 0x15b00000, 0x3b8c0000)
  object space 78848K, 63% used [0x10e00000,0x13f08e08,0x15b00000)
 Metaspace       used 69372K, capacity 71066K, committed 71936K, reserved 72064K
Event: 1829.016 GC heap after
Heap after GC invocations=48 (full 6):
 PSYoungGen      total 278784K, used 2079K [0x3b8c0000, 0x50280000, 0x50e00000)
  eden space 261632K, 0% used [0x3b8c0000,0x3b8c0000,0x4b840000)
  from space 17152K, 12% used [0x4c880000,0x4ca87db8,0x4d940000)
  to   space 16640K, 0% used [0x4b840000,0x4b840000,0x4c880000)
 ParOldGen       total 78848K, used 50211K [0x10e00000, 0x15b00000, 0x3b8c0000)
  object space 78848K, 63% used [0x10e00000,0x13f08e08,0x15b00000)
 Metaspace       used 69372K, capacity 71066K, committed 71936K, reserved 72064K
}
Event: 1832.227 GC heap before
{Heap before GC invocations=49 (full 6):
 PSYoungGen      total 278784K, used 263711K [0x3b8c0000, 0x50280000, 0x50e00000)
  eden space 261632K, 100% used [0x3b8c0000,0x4b840000,0x4b840000)
  from space 17152K, 12% used [0x4c880000,0x4ca87db8,0x4d940000)
  to   space 16640K, 0% used [0x4b840000,0x4b840000,0x4c880000)
 ParOldGen       total 78848K, used 50211K [0x10e00000, 0x15b00000, 0x3b8c0000)
  object space 78848K, 63% used [0x10e00000,0x13f08e08,0x15b00000)
 Metaspace       used 69382K, capacity 71066K, committed 71936K, reserved 72064K
Event: 1832.304 GC heap after
Heap after GC invocations=49 (full 6):
 PSYoungGen      total 278272K, used 4022K [0x3b8c0000, 0x501c0000, 0x50e00000)
  eden space 261632K, 0% used [0x3b8c0000,0x3b8c0000,0x4b840000)
  from space 16640K, 24% used [0x4b840000,0x4bc2db68,0x4c880000)
  to   space 15872K, 0% used [0x4f240000,0x4f240000,0x501c0000)
 ParOldGen       total 78848K, used 51674K [0x10e00000, 0x15b00000, 0x3b8c0000)
  object space 78848K, 65% used [0x10e00000,0x14076800,0x15b00000)
 Metaspace       used 69382K, capacity 71066K, committed 71936K, reserved 72064K
}
Event: 1834.937 GC heap before
{Heap before GC invocations=50 (full 6):
 PSYoungGen      total 278272K, used 265654K [0x3b8c0000, 0x501c0000, 0x50e00000)
  eden space 261632K, 100% used [0x3b8c0000,0x4b840000,0x4b840000)
  from space 16640K, 24% used [0x4b840000,0x4bc2db68,0x4c880000)
  to   space 15872K, 0% used [0x4f240000,0x4f240000,0x501c0000)
 ParOldGen       total 78848K, used 51674K [0x10e00000, 0x15b00000, 0x3b8c0000)
  object space 78848K, 65% used [0x10e00000,0x14076800,0x15b00000)
 Metaspace       used 69392K, capacity 71066K, committed 71936K, reserved 72064K
Event: 1835.004 GC heap after
Heap after GC invocations=50 (full 6):
 PSYoungGen      total 321024K, used 8472K [0x3b8c0000, 0x50240000, 0x50e00000)
  eden space 305152K, 0% used [0x3b8c0000,0x3b8c0000,0x4e2c0000)
  from space 15872K, 53% used [0x4f240000,0x4fa860e8,0x501c0000)
  to   space 15872K, 0% used [0x4e2c0000,0x4e2c0000,0x4f240000)
 ParOldGen       total 78848K, used 52142K [0x10e00000, 0x15b00000, 0x3b8c0000)
  object space 78848K, 66% used [0x10e00000,0x140ebb50,0x15b00000)
 Metaspace       used 69392K, capacity 71066K, committed 71936K, reserved 72064K
}
Event: 1839.768 GC heap before
{Heap before GC invocations=51 (full 6):
 PSYoungGen      total 321024K, used 313624K [0x3b8c0000, 0x50240000, 0x50e00000)
  eden space 305152K, 100% used [0x3b8c0000,0x4e2c0000,0x4e2c0000)
  from space 15872K, 53% used [0x4f240000,0x4fa860e8,0x501c0000)
  to   space 15872K, 0% used [0x4e2c0000,0x4e2c0000,0x4f240000)
 ParOldGen       total 78848K, used 52142K [0x10e00000, 0x15b00000, 0x3b8c0000)
  object space 78848K, 66% used [0x10e00000,0x140ebb50,0x15b00000)
 Metaspace       used 69420K, capacity 71106K, committed 71936K, reserved 72064K
Event: 1840.475 GC heap after
Heap after GC invocations=51 (full 6):
 PSYoungGen      total 321024K, used 2320K [0x3b8c0000, 0x50240000, 0x50e00000)
  eden space 305152K, 0% used [0x3b8c0000,0x3b8c0000,0x4e2c0000)
  from space 15872K, 14% used [0x4e2c0000,0x4e504010,0x4f240000)
  to   space 15872K, 0% used [0x4f240000,0x4f240000,0x501c0000)
 ParOldGen       total 78848K, used 58607K [0x10e00000, 0x15b00000, 0x3b8c0000)
  object space 78848K, 74% used [0x10e00000,0x1473bfc8,0x15b00000)
 Metaspace       used 69420K, capacity 71106K, committed 71936K, reserved 72064K
}

Deoptimization events (10 events):
Event: 1835.082 Thread 0x54bd7800 Uncommon trap: reason=class_check action=maybe_recompile pc=0x02145310 method=com.android.tools.r8.u.a.h.e.b(Lcom/android/tools/r8/u/b/d0;)V @ 379
Event: 1838.478 Thread 0x57448c00 Uncommon trap: reason=unstable_if action=reinterpret pc=0x01fb578c method=java.lang.ref.SoftReference.get()Ljava/lang/Object; @ 6
Event: 1838.478 Thread 0x57448c00 Uncommon trap: reason=unstable_if action=reinterpret pc=0x01aa8460 method=java.lang.ref.SoftReference.get()Ljava/lang/Object; @ 6
Event: 1838.485 Thread 0x57448c00 Uncommon trap: reason=bimorphic action=maybe_recompile pc=0x03b1ab14 method=com.google.common.collect.ImmutableCollection.toArray([Ljava/lang/Object;)[Ljava/lang/Object; @ 27
Event: 1838.819 Thread 0x57445c00 Uncommon trap: reason=unstable_if action=reinterpret pc=0x03e68418 method=sun.nio.fs.WindowsPath.getParent()Lsun/nio/fs/WindowsPath; @ 37
Event: 1839.484 Thread 0x57445c00 Uncommon trap: reason=unstable_if action=reinterpret pc=0x03e66c98 method=sun.nio.fs.WindowsPath.getParent()Lsun/nio/fs/WindowsPath; @ 37
Event: 1841.599 Thread 0x54bd7800 Uncommon trap: reason=class_check action=maybe_recompile pc=0x045edf90 method=com.android.tools.r8.u.b.g1.a(Lcom/android/tools/r8/u/b/j1;)Lcom/android/tools/r8/ir/analysis/type/k; @ 343
Event: 1841.599 Thread 0x54bd7800 Uncommon trap: reason=unstable_if action=reinterpret pc=0x04a470a8 method=com.android.tools.r8.u.b.M0.b(Lcom/android/tools/r8/u/b/j1;)V @ 5
Event: 1841.604 Thread 0x54bd7800 Uncommon trap: reason=class_check action=maybe_recompile pc=0x04812e44 method=com.android.tools.r8.u.c.m.a(ILjava/util/List;Lcom/android/tools/r8/v/a/a/a/h/Q0;)Lcom/android/tools/r8/u/c/m; @ 10
Event: 1842.305 Thread 0x54bd7800 Uncommon trap: reason=unstable_if action=reinterpret pc=0x03c8b0b8 method=com.google.common.base.Objects.equal(Ljava/lang/Object;Ljava/lang/Object;)Z @ 6

Classes redefined (0 events):
No events

Internal exceptions (10 events):
Event: 1830.816 Thread 0x57448c00 Exception <a 'sun/nio/fs/WindowsException'> (0x428bc238) thrown at [D:\src\AOSP-openjdk-cygwin\jdk8u\hotspot\src\share\vm\prims\jni.cpp, line 710]
Event: 1831.753 Thread 0x57448c00 Exception <a 'sun/nio/fs/WindowsException'> (0x42978860) thrown at [D:\src\AOSP-openjdk-cygwin\jdk8u\hotspot\src\share\vm\prims\jni.cpp, line 710]
Event: 1832.511 Thread 0x54bd7800 Exception <a 'sun/nio/fs/WindowsException'> (0x3cd744c0) thrown at [D:\src\AOSP-openjdk-cygwin\jdk8u\hotspot\src\share\vm\prims\jni.cpp, line 710]
Event: 1832.798 Thread 0x57448c00 Exception <a 'sun/nio/fs/WindowsException'> (0x3ec120a0) thrown at [D:\src\AOSP-openjdk-cygwin\jdk8u\hotspot\src\share\vm\prims\jni.cpp, line 710]
Event: 1833.022 Thread 0x54bd7800 Exception <a 'sun/nio/fs/WindowsException'> (0x3f6979e8) thrown at [D:\src\AOSP-openjdk-cygwin\jdk8u\hotspot\src\share\vm\prims\jni.cpp, line 710]
Event: 1838.478 Thread 0x57448c00 Implicit null exception at 0x01fb5567 to 0x01fb5769
Event: 1842.054 Thread 0x54bd7800 Exception <a 'sun/nio/fs/WindowsException'> (0x3f093670) thrown at [D:\src\AOSP-openjdk-cygwin\jdk8u\hotspot\src\share\vm\prims\jni.cpp, line 710]
Event: 1842.305 Thread 0x54bd7800 Implicit null exception at 0x03c8aaa4 to 0x03c8b0a5
Event: 1842.652 Thread 0x54bd7800 Exception <a 'java/lang/NoSuchMethodError': <clinit>> (0x3f16d8d8) thrown at [D:\src\AOSP-openjdk-cygwin\jdk8u\hotspot\src\share\vm\prims\jni.cpp, line 1614]
Event: 1844.085 Thread 0x5744b800 Exception <a 'sun/nio/fs/WindowsException'> (0x3f9f8508) thrown at [D:\src\AOSP-openjdk-cygwin\jdk8u\hotspot\src\share\vm\prims\jni.cpp, line 710]

Events (10 events):
Event: 1844.303 loading class com/android/tools/r8/graph/X$c
Event: 1844.303 loading class com/android/tools/r8/graph/X$c done
Event: 1844.304 loading class com/android/tools/r8/graph/DexValue$j
Event: 1844.304 loading class com/android/tools/r8/graph/DexValue$j done
Event: 1844.341 loading class com/android/tools/r8/graph/F0
Event: 1844.341 loading class com/android/tools/r8/graph/F0 done
Event: 1844.343 loading class com/android/tools/r8/dex/k
Event: 1844.343 loading class com/android/tools/r8/dex/k done
Event: 1844.395 loading class com/android/tools/r8/s/a/b/g
Event: 1844.395 loading class com/android/tools/r8/s/a/b/g done


Dynamic libraries:
0x00660000 - 0x0068d000 	C:\Program Files\android-studio-ide-192.6392135-windows32\android-studio\jre\bin\java.exe
0x77130000 - 0x772c9000 	C:\WINDOWS\SYSTEM32\ntdll.dll
0x74f80000 - 0x75018000 	C:\WINDOWS\System32\KERNEL32.DLL
0x74510000 - 0x7470d000 	C:\WINDOWS\System32\KERNELBASE.dll
0x727d0000 - 0x7286f000 	C:\WINDOWS\SYSTEM32\apphelp.dll
0x75e40000 - 0x75eb9000 	C:\WINDOWS\System32\ADVAPI32.dll
0x76a10000 - 0x76acf000 	C:\WINDOWS\System32\msvcrt.dll
0x756f0000 - 0x75766000 	C:\WINDOWS\System32\sechost.dll
0x75ec0000 - 0x75f80000 	C:\WINDOWS\System32\RPCRT4.dll
0x75f80000 - 0x760f8000 	C:\WINDOWS\System32\USER32.dll
0x74f60000 - 0x74f7c000 	C:\WINDOWS\System32\win32u.dll
0x75d80000 - 0x75da1000 	C:\WINDOWS\System32\GDI32.dll
0x741d0000 - 0x74330000 	C:\WINDOWS\System32\gdi32full.dll
0x74400000 - 0x7447c000 	C:\WINDOWS\System32\msvcp_win.dll
0x74810000 - 0x74930000 	C:\WINDOWS\System32\ucrtbase.dll
0x60490000 - 0x6069f000 	C:\WINDOWS\WinSxS\x86_microsoft.windows.common-controls_6595b64144ccf1df_6.0.18362.1139_none_e62929aaf8dc83cc\COMCTL32.dll
0x76eb0000 - 0x77125000 	C:\WINDOWS\System32\combase.dll
0x74380000 - 0x743df000 	C:\WINDOWS\System32\bcryptPrimitives.dll
0x76d10000 - 0x76d36000 	C:\WINDOWS\System32\IMM32.DLL
0x5e920000 - 0x5e9df000 	C:\Program Files\android-studio-ide-192.6392135-windows32\android-studio\jre\jre\bin\msvcr100.dll
0x7a5e0000 - 0x7abc9000 	C:\Program Files\android-studio-ide-192.6392135-windows32\android-studio\jre\jre\bin\server\jvm.dll
0x75d70000 - 0x75d76000 	C:\WINDOWS\System32\PSAPI.DLL
0x66830000 - 0x66838000 	C:\WINDOWS\SYSTEM32\WSOCK32.dll
0x726e0000 - 0x72704000 	C:\WINDOWS\SYSTEM32\WINMM.dll
0x75020000 - 0x7507e000 	C:\WINDOWS\System32\WS2_32.dll
0x6e7b0000 - 0x6e7b8000 	C:\WINDOWS\SYSTEM32\VERSION.dll
0x726b0000 - 0x726d3000 	C:\WINDOWS\SYSTEM32\WINMMBASE.dll
0x74950000 - 0x7498b000 	C:\WINDOWS\System32\cfgmgr32.dll
0x69140000 - 0x6914c000 	C:\Program Files\android-studio-ide-192.6392135-windows32\android-studio\jre\jre\bin\verify.dll
0x659a0000 - 0x659c1000 	C:\Program Files\android-studio-ide-192.6392135-windows32\android-studio\jre\jre\bin\java.dll
0x65980000 - 0x65994000 	C:\Program Files\android-studio-ide-192.6392135-windows32\android-studio\jre\jre\bin\zip.dll
0x75770000 - 0x75cea000 	C:\WINDOWS\System32\SHELL32.dll
0x76bd0000 - 0x76c54000 	C:\WINDOWS\System32\shcore.dll
0x74990000 - 0x74f51000 	C:\WINDOWS\System32\windows.storage.dll
0x74140000 - 0x7415b000 	C:\WINDOWS\System32\profapi.dll
0x74180000 - 0x741c3000 	C:\WINDOWS\System32\powrprof.dll
0x74130000 - 0x7413d000 	C:\WINDOWS\System32\UMPDC.dll
0x75460000 - 0x754a4000 	C:\WINDOWS\System32\shlwapi.dll
0x74170000 - 0x7417f000 	C:\WINDOWS\System32\kernel.appcore.dll
0x74930000 - 0x74943000 	C:\WINDOWS\System32\cryptsp.dll
0x68db0000 - 0x68dc5000 	C:\Program Files\android-studio-ide-192.6392135-windows32\android-studio\jre\jre\bin\net.dll
0x752b0000 - 0x7545a000 	C:\WINDOWS\System32\urlmon.dll
0x75080000 - 0x752aa000 	C:\WINDOWS\System32\iertutil.dll
0x73c60000 - 0x73c6a000 	C:\WINDOWS\SYSTEM32\CRYPTBASE.DLL
0x73ae0000 - 0x73b37000 	C:\WINDOWS\system32\mswsock.dll
0x68da0000 - 0x68daf000 	C:\Program Files\android-studio-ide-192.6392135-windows32\android-studio\jre\jre\bin\nio.dll
0x68e70000 - 0x68e91000 	C:\Users\TOSHIBA\.gradle\native\30\windows-i386\native-platform.dll
0x6cb90000 - 0x6cb9a000 	C:\Program Files\android-studio-ide-192.6392135-windows32\android-studio\jre\jre\bin\management.dll
0x73710000 - 0x7373f000 	C:\WINDOWS\system32\rsaenh.dll
0x743e0000 - 0x743fb000 	C:\WINDOWS\System32\bcrypt.dll
0x74080000 - 0x7409e000 	C:\WINDOWS\SYSTEM32\USERENV.dll
0x73870000 - 0x738a2000 	C:\WINDOWS\SYSTEM32\IPHLPAPI.DLL
0x756e0000 - 0x756e7000 	C:\WINDOWS\System32\NSI.dll
0x6bba0000 - 0x6bbb3000 	C:\WINDOWS\SYSTEM32\dhcpcsvc6.DLL
0x6cb20000 - 0x6cb35000 	C:\WINDOWS\SYSTEM32\dhcpcsvc.DLL
0x738c0000 - 0x73954000 	C:\WINDOWS\SYSTEM32\DNSAPI.dll
0x6a0e0000 - 0x6a100000 	C:\Program Files\android-studio-ide-192.6392135-windows32\android-studio\jre\jre\bin\sunec.dll
0x68af0000 - 0x68af8000 	C:\Windows\System32\rasadhlp.dll
0x6ca00000 - 0x6ca51000 	C:\WINDOWS\System32\fwpuclnt.dll
0x69060000 - 0x69069000 	C:\Program Files\android-studio-ide-192.6392135-windows32\android-studio\jre\jre\bin\sunmscapi.dll
0x74710000 - 0x7480b000 	C:\WINDOWS\System32\CRYPT32.dll
0x74160000 - 0x7416e000 	C:\WINDOWS\System32\MSASN1.dll
0x73410000 - 0x73439000 	C:\WINDOWS\SYSTEM32\ntmarta.dll
0x5cc90000 - 0x5cdd7000 	C:\Program Files\android-studio-ide-192.6392135-windows32\android-studio\jre\jre\bin\awt.dll
0x76b30000 - 0x76bc2000 	C:\WINDOWS\System32\OLEAUT32.dll
0x72e30000 - 0x72e55000 	C:\WINDOWS\SYSTEM32\dwmapi.dll
0x715d0000 - 0x71abc000 	C:\WINDOWS\SYSTEM32\d2d1.dll
0x72950000 - 0x729cd000 	C:\WINDOWS\system32\uxtheme.dll
0x62b30000 - 0x62cbf000 	C:\WINDOWS\SYSTEM32\dbghelp.dll

VM Arguments:
jvm_args: -Xmx1024m -Dfile.encoding=windows-1252 -Duser.country=US -Duser.language=en -Duser.variant 
java_command: org.gradle.launcher.daemon.bootstrap.GradleDaemon 5.6.4
java_class_path (initial): C:\Users\TOSHIBA\.gradle\wrapper\dists\gradle-5.6.4-all\ankdp27end7byghfw1q2sw75f\gradle-5.6.4\lib\gradle-launcher-5.6.4.jar
Launcher Type: SUN_STANDARD

Environment Variables:
PATH=C:\Program Files\Common Files\Oracle\Java\javapath;C:\ProgramData\Oracle\Java\javapath;C:\WINDOWS\system32;C:\WINDOWS;C:\WINDOWS\System32\Wbem;C:\WINDOWS\System32\WindowsPowerShell\v1.0\;C:\Program Files\MySQL\MySQL Utilities 1.6\;C:\Program Files\nodejs\;C:\Program Files\Windows Kits\10\Windows Performance Toolkit\;C:\WINDOWS\System32\OpenSSH\;C:\Program Files\Git\cmd;C:\Users\TOSHIBA\AppData\Roaming\npm;C:\Users\TOSHIBA\AppData\Local\Microsoft\WindowsApps
USERNAME=TOSHIBA
OS=Windows_NT
PROCESSOR_IDENTIFIER=x86 Family 6 Model 23 Stepping 10, GenuineIntel



---------------  S Y S T E M  ---------------

OS: Windows 10.0 Build 18362 (10.0.18362.1110)

CPU:total 2 (initial active 2) (2 cores per cpu, 1 threads per core) family 6 model 23 stepping 10, cmov, cx8, fxsr, mmx, sse, sse2, sse3, ssse3, sse4.1, tsc

Memory: 4k page, physical 2095092k(128644k free), swap 3119092k(972k free)

vm_info: OpenJDK Server VM (25.212-b04) for windows-x86 JRE (1.8.0_212-release-1586-b04), built by "builder" with MS VC++ 10.0 (VS2010)

time: Fri Mar 05 00:22:15 2021
timezone: China Standard Time
elapsed time: 1845 seconds (0d 0h 30m 45s)

